C:\Program Files\dotnet\sdk\8.0.415\Microsoft.Common.CurrentVersion.targets(2412,5): warning MSB3277: Found conflicts between different versions of "Microsoft.Extensions.Logging.Abstractions" that could not be resolved. [C:\Users\tmdru\Downloads\files\tests\Tests.fsproj]
C:\Program Files\dotnet\sdk\8.0.415\Microsoft.Common.CurrentVersion.targets(2412,5): warning MSB3277: There was a conflict between "Microsoft.Extensions.Logging.Abstractions, Version=6.0.0.0, Culture=neutral, PublicKeyToken=adb9793829ddae60" and "Microsoft.Extensions.Logging.Abstractions, Version=8.0.0.0, Culture=neutral, PublicKeyToken=adb9793829ddae60". [C:\Users\tmdru\Downloads\files\tests\Tests.fsproj]
C:\Program Files\dotnet\sdk\8.0.415\Microsoft.Common.CurrentVersion.targets(2412,5): warning MSB3277:     "Microsoft.Extensions.Logging.Abstractions, Version=6.0.0.0, Culture=neutral, PublicKeyToken=adb9793829ddae60" was chosen because it was primary and "Microsoft.Extensions.Logging.Abstractions, Version=8.0.0.0, Culture=neutral, PublicKeyToken=adb9793829ddae60" was not. [C:\Users\tmdru\Downloads\files\tests\Tests.fsproj]
C:\Program Files\dotnet\sdk\8.0.415\Microsoft.Common.CurrentVersion.targets(2412,5): warning MSB3277:     References which depend on "Microsoft.Extensions.Logging.Abstractions, Version=6.0.0.0, Culture=neutral, PublicKeyToken=adb9793829ddae60" [C:\Users\tmdru\.nuget\packages\microsoft.extensions.logging.abstractions\6.0.0\lib\net6.0\Microsoft.Extensions.Logging.Abstractions.dll]. [C:\Users\tmdru\Downloads\files\tests\Tests.fsproj]
C:\Program Files\dotnet\sdk\8.0.415\Microsoft.Common.CurrentVersion.targets(2412,5): warning MSB3277:         C:\Users\tmdru\.nuget\packages\microsoft.extensions.logging.abstractions\6.0.0\lib\net6.0\Microsoft.Extensions.Logging.Abstractions.dll [C:\Users\tmdru\Downloads\files\tests\Tests.fsproj]
C:\Program Files\dotnet\sdk\8.0.415\Microsoft.Common.CurrentVersion.targets(2412,5): warning MSB3277:           Project file item includes which caused reference "C:\Users\tmdru\.nuget\packages\microsoft.extensions.logging.abstractions\6.0.0\lib\net6.0\Microsoft.Extensions.Logging.Abstractions.dll". [C:\Users\tmdru\Downloads\files\tests\Tests.fsproj]
C:\Program Files\dotnet\sdk\8.0.415\Microsoft.Common.CurrentVersion.targets(2412,5): warning MSB3277:             C:\Users\tmdru\.nuget\packages\microsoft.extensions.logging.abstractions\6.0.0\lib\net6.0\Microsoft.Extensions.Logging.Abstractions.dll [C:\Users\tmdru\Downloads\files\tests\Tests.fsproj]
C:\Program Files\dotnet\sdk\8.0.415\Microsoft.Common.CurrentVersion.targets(2412,5): warning MSB3277:     References which depend on or have been unified to "Microsoft.Extensions.Logging.Abstractions, Version=8.0.0.0, Culture=neutral, PublicKeyToken=adb9793829ddae60" []. [C:\Users\tmdru\Downloads\files\tests\Tests.fsproj]
C:\Program Files\dotnet\sdk\8.0.415\Microsoft.Common.CurrentVersion.targets(2412,5): warning MSB3277:         C:\Users\tmdru\Downloads\files\src\bin\Debug\net8.0\Server.dll [C:\Users\tmdru\Downloads\files\tests\Tests.fsproj]
C:\Program Files\dotnet\sdk\8.0.415\Microsoft.Common.CurrentVersion.targets(2412,5): warning MSB3277:           Project file item includes which caused reference "C:\Users\tmdru\Downloads\files\src\bin\Debug\net8.0\Server.dll". [C:\Users\tmdru\Downloads\files\tests\Tests.fsproj]
C:\Program Files\dotnet\sdk\8.0.415\Microsoft.Common.CurrentVersion.targets(2412,5): warning MSB3277:             Server [C:\Users\tmdru\Downloads\files\tests\Tests.fsproj]
C:\Program Files\dotnet\sdk\8.0.415\Microsoft.Common.CurrentVersion.targets(2412,5): warning MSB3277:         C:\Users\tmdru\Downloads\files\src\bin\Debug\net8.0\Giraffe.dll [C:\Users\tmdru\Downloads\files\tests\Tests.fsproj]
C:\Program Files\dotnet\sdk\8.0.415\Microsoft.Common.CurrentVersion.targets(2412,5): warning MSB3277:           Project file item includes which caused reference "C:\Users\tmdru\Downloads\files\src\bin\Debug\net8.0\Giraffe.dll". [C:\Users\tmdru\Downloads\files\tests\Tests.fsproj]
C:\Program Files\dotnet\sdk\8.0.415\Microsoft.Common.CurrentVersion.targets(2412,5): warning MSB3277:             Server [C:\Users\tmdru\Downloads\files\tests\Tests.fsproj]
C:\Program Files\dotnet\sdk\8.0.415\Microsoft.Common.CurrentVersion.targets(2412,5): warning MSB3277: Found conflicts between different versions of "Microsoft.Extensions.DependencyInjection.Abstractions" that could not be resolved. [C:\Users\tmdru\Downloads\files\tests\Tests.fsproj]
C:\Program Files\dotnet\sdk\8.0.415\Microsoft.Common.CurrentVersion.targets(2412,5): warning MSB3277: There was a conflict between "Microsoft.Extensions.DependencyInjection.Abstractions, Version=6.0.0.0, Culture=neutral, PublicKeyToken=adb9793829ddae60" and "Microsoft.Extensions.DependencyInjection.Abstractions, Version=8.0.0.0, Culture=neutral, PublicKeyToken=adb9793829ddae60". [C:\Users\tmdru\Downloads\files\tests\Tests.fsproj]
C:\Program Files\dotnet\sdk\8.0.415\Microsoft.Common.CurrentVersion.targets(2412,5): warning MSB3277:     "Microsoft.Extensions.DependencyInjection.Abstractions, Version=6.0.0.0, Culture=neutral, PublicKeyToken=adb9793829ddae60" was chosen because it was primary and "Microsoft.Extensions.DependencyInjection.Abstractions, Version=8.0.0.0, Culture=neutral, PublicKeyToken=adb9793829ddae60" was not. [C:\Users\tmdru\Downloads\files\tests\Tests.fsproj]
C:\Program Files\dotnet\sdk\8.0.415\Microsoft.Common.CurrentVersion.targets(2412,5): warning MSB3277:     References which depend on "Microsoft.Extensions.DependencyInjection.Abstractions, Version=6.0.0.0, Culture=neutral, PublicKeyToken=adb9793829ddae60" [C:\Users\tmdru\.nuget\packages\microsoft.extensions.dependencyinjection.abstractions\6.0.0\lib\net6.0\Microsoft.Extensions.DependencyInjection.Abstractions.dll]. [C:\Users\tmdru\Downloads\files\tests\Tests.fsproj]
C:\Program Files\dotnet\sdk\8.0.415\Microsoft.Common.CurrentVersion.targets(2412,5): warning MSB3277:         C:\Users\tmdru\.nuget\packages\microsoft.extensions.dependencyinjection.abstractions\6.0.0\lib\net6.0\Microsoft.Extensions.DependencyInjection.Abstractions.dll [C:\Users\tmdru\Downloads\files\tests\Tests.fsproj]
C:\Program Files\dotnet\sdk\8.0.415\Microsoft.Common.CurrentVersion.targets(2412,5): warning MSB3277:           Project file item includes which caused reference "C:\Users\tmdru\.nuget\packages\microsoft.extensions.dependencyinjection.abstractions\6.0.0\lib\net6.0\Microsoft.Extensions.DependencyInjection.Abstractions.dll". [C:\Users\tmdru\Downloads\files\tests\Tests.fsproj]
C:\Program Files\dotnet\sdk\8.0.415\Microsoft.Common.CurrentVersion.targets(2412,5): warning MSB3277:             C:\Users\tmdru\.nuget\packages\microsoft.extensions.dependencyinjection.abstractions\6.0.0\lib\net6.0\Microsoft.Extensions.DependencyInjection.Abstractions.dll [C:\Users\tmdru\Downloads\files\tests\Tests.fsproj]
C:\Program Files\dotnet\sdk\8.0.415\Microsoft.Common.CurrentVersion.targets(2412,5): warning MSB3277:     References which depend on or have been unified to "Microsoft.Extensions.DependencyInjection.Abstractions, Version=8.0.0.0, Culture=neutral, PublicKeyToken=adb9793829ddae60" []. [C:\Users\tmdru\Downloads\files\tests\Tests.fsproj]
C:\Program Files\dotnet\sdk\8.0.415\Microsoft.Common.CurrentVersion.targets(2412,5): warning MSB3277:         C:\Users\tmdru\Downloads\files\src\bin\Debug\net8.0\Server.dll [C:\Users\tmdru\Downloads\files\tests\Tests.fsproj]
C:\Program Files\dotnet\sdk\8.0.415\Microsoft.Common.CurrentVersion.targets(2412,5): warning MSB3277:           Project file item includes which caused reference "C:\Users\tmdru\Downloads\files\src\bin\Debug\net8.0\Server.dll". [C:\Users\tmdru\Downloads\files\tests\Tests.fsproj]
C:\Program Files\dotnet\sdk\8.0.415\Microsoft.Common.CurrentVersion.targets(2412,5): warning MSB3277:             Server [C:\Users\tmdru\Downloads\files\tests\Tests.fsproj]
C:\Program Files\dotnet\sdk\8.0.415\Microsoft.Common.CurrentVersion.targets(2412,5): warning MSB3277:         C:\Users\tmdru\Downloads\files\src\bin\Debug\net8.0\Giraffe.dll [C:\Users\tmdru\Downloads\files\tests\Tests.fsproj]
C:\Program Files\dotnet\sdk\8.0.415\Microsoft.Common.CurrentVersion.targets(2412,5): warning MSB3277:           Project file item includes which caused reference "C:\Users\tmdru\Downloads\files\src\bin\Debug\net8.0\Giraffe.dll". [C:\Users\tmdru\Downloads\files\tests\Tests.fsproj]
C:\Program Files\dotnet\sdk\8.0.415\Microsoft.Common.CurrentVersion.targets(2412,5): warning MSB3277:             Server [C:\Users\tmdru\Downloads\files\tests\Tests.fsproj]
C:\Program Files\dotnet\sdk\8.0.415\Microsoft.Common.CurrentVersion.targets(2412,5): warning MSB3277: Found conflicts between different versions of "Microsoft.Extensions.Primitives" that could not be resolved. [C:\Users\tmdru\Downloads\files\tests\Tests.fsproj]
C:\Program Files\dotnet\sdk\8.0.415\Microsoft.Common.CurrentVersion.targets(2412,5): warning MSB3277: There was a conflict between "Microsoft.Extensions.Primitives, Version=6.0.0.0, Culture=neutral, PublicKeyToken=adb9793829ddae60" and "Microsoft.Extensions.Primitives, Version=8.0.0.0, Culture=neutral, PublicKeyToken=adb9793829ddae60". [C:\Users\tmdru\Downloads\files\tests\Tests.fsproj]
C:\Program Files\dotnet\sdk\8.0.415\Microsoft.Common.CurrentVersion.targets(2412,5): warning MSB3277:     "Microsoft.Extensions.Primitives, Version=6.0.0.0, Culture=neutral, PublicKeyToken=adb9793829ddae60" was chosen because it was primary and "Microsoft.Extensions.Primitives, Version=8.0.0.0, Culture=neutral, PublicKeyToken=adb9793829ddae60" was not. [C:\Users\tmdru\Downloads\files\tests\Tests.fsproj]
C:\Program Files\dotnet\sdk\8.0.415\Microsoft.Common.CurrentVersion.targets(2412,5): warning MSB3277:     References which depend on "Microsoft.Extensions.Primitives, Version=6.0.0.0, Culture=neutral, PublicKeyToken=adb9793829ddae60" [C:\Users\tmdru\.nuget\packages\microsoft.extensions.primitives\6.0.0\lib\net6.0\Microsoft.Extensions.Primitives.dll]. [C:\Users\tmdru\Downloads\files\tests\Tests.fsproj]
C:\Program Files\dotnet\sdk\8.0.415\Microsoft.Common.CurrentVersion.targets(2412,5): warning MSB3277:         C:\Users\tmdru\.nuget\packages\microsoft.extensions.primitives\6.0.0\lib\net6.0\Microsoft.Extensions.Primitives.dll [C:\Users\tmdru\Downloads\files\tests\Tests.fsproj]
C:\Program Files\dotnet\sdk\8.0.415\Microsoft.Common.CurrentVersion.targets(2412,5): warning MSB3277:           Project file item includes which caused reference "C:\Users\tmdru\.nuget\packages\microsoft.extensions.primitives\6.0.0\lib\net6.0\Microsoft.Extensions.Primitives.dll". [C:\Users\tmdru\Downloads\files\tests\Tests.fsproj]
C:\Program Files\dotnet\sdk\8.0.415\Microsoft.Common.CurrentVersion.targets(2412,5): warning MSB3277:             C:\Users\tmdru\.nuget\packages\microsoft.extensions.primitives\6.0.0\lib\net6.0\Microsoft.Extensions.Primitives.dll [C:\Users\tmdru\Downloads\files\tests\Tests.fsproj]
C:\Program Files\dotnet\sdk\8.0.415\Microsoft.Common.CurrentVersion.targets(2412,5): warning MSB3277:     References which depend on or have been unified to "Microsoft.Extensions.Primitives, Version=8.0.0.0, Culture=neutral, PublicKeyToken=adb9793829ddae60" []. [C:\Users\tmdru\Downloads\files\tests\Tests.fsproj]
C:\Program Files\dotnet\sdk\8.0.415\Microsoft.Common.CurrentVersion.targets(2412,5): warning MSB3277:         C:\Users\tmdru\Downloads\files\src\bin\Debug\net8.0\Giraffe.dll [C:\Users\tmdru\Downloads\files\tests\Tests.fsproj]
C:\Program Files\dotnet\sdk\8.0.415\Microsoft.Common.CurrentVersion.targets(2412,5): warning MSB3277:           Project file item includes which caused reference "C:\Users\tmdru\Downloads\files\src\bin\Debug\net8.0\Giraffe.dll". [C:\Users\tmdru\Downloads\files\tests\Tests.fsproj]
C:\Program Files\dotnet\sdk\8.0.415\Microsoft.Common.CurrentVersion.targets(2412,5): warning MSB3277:             Server [C:\Users\tmdru\Downloads\files\tests\Tests.fsproj]
C:\Users\tmdru\Downloads\files\tests\AlgebraicLaws.fs(55,40): warning FS0064: This construct causes code to be less generic than indicated by the type annotations. The type variable 'B has been constrained to be type ''A'. [C:\Users\tmdru\Downloads\files\tests\Tests.fsproj]
C:\Users\tmdru\Downloads\files\tests\AlgebraicLaws.fs(55,62): warning FS0064: This construct causes code to be less generic than indicated by the type annotations. The type variable 'C has been constrained to be type ''A'. [C:\Users\tmdru\Downloads\files\tests\Tests.fsproj]
C:\Users\tmdru\Downloads\files\tests\AlgebraicLaws.fs(68,41): warning FS0064: This construct causes code to be less generic than indicated by the type annotations. The type variable 'B has been constrained to be type ''A'. [C:\Users\tmdru\Downloads\files\tests\Tests.fsproj]
C:\Users\tmdru\Downloads\files\tests\Assertions.fs(128,40): warning FS0064: This construct causes code to be less generic than indicated by the type annotations. The type variable 'T has been constrained to be type 'unit'. [C:\Users\tmdru\Downloads\files\tests\Tests.fsproj]
C:\Users\tmdru\Downloads\files\tests\AcceptanceTests.fs(75,13): error FS0001: None of the types 'bool, Lazy<'a>' support the operator '==>' [C:\Users\tmdru\Downloads\files\tests\Tests.fsproj]
C:\Users\tmdru\Downloads\files\tests\AdaptiveConfigTests.fs(57,41): error FS0039: The value, constructor, namespace or type 'Arb' is not defined. Maybe you want one of the following:   ArbMap [C:\Users\tmdru\Downloads\files\tests\Tests.fsproj]
C:\Users\tmdru\Downloads\files\tests\AdaptiveConfigTests.fs(70,43): error FS0039: The value, constructor, namespace or type 'Arb' is not defined. Maybe you want one of the following:   ArbMap [C:\Users\tmdru\Downloads\files\tests\Tests.fsproj]
C:\Users\tmdru\Downloads\files\tests\AdaptiveConfigTests.fs(77,38): error FS0039: The value, constructor, namespace or type 'Arb' is not defined. Maybe you want one of the following:   ArbMap [C:\Users\tmdru\Downloads\files\tests\Tests.fsproj]
C:\Users\tmdru\Downloads\files\tests\CacheTests.fs(91,46): error FS0039: The value, constructor, namespace or type 'Default' is not defined. [C:\Users\tmdru\Downloads\files\tests\Tests.fsproj]
C:\Users\tmdru\Downloads\files\tests\CExportTests.fs(118,40): error FS0002: This function takes too many arguments, or is used in a context where a function is not expected [C:\Users\tmdru\Downloads\files\tests\Tests.fsproj]
C:\Users\tmdru\Downloads\files\tests\ConstraintsTests.fs(64,39): error FS0039: The value, constructor, namespace or type 'boundary' is not defined. [C:\Users\tmdru\Downloads\files\tests\Tests.fsproj]
C:\Users\tmdru\Downloads\files\tests\ConstraintsTests.fs(65,33): error FS0039: The value, constructor, namespace or type 'boundary' is not defined. [C:\Users\tmdru\Downloads\files\tests\Tests.fsproj]
C:\Users\tmdru\Downloads\files\tests\ConstraintsTests.fs(73,25): error FS0039: The value, constructor, namespace or type 'boundary' is not defined. [C:\Users\tmdru\Downloads\files\tests\Tests.fsproj]
C:\Users\tmdru\Downloads\files\tests\ConstraintsTests.fs(86,13): error FS0039: The value or constructor 'shouldBeDeterministic' is not defined. Maybe you want one of the following:   shouldBeSymmetric   shouldBeMonotonicWith   shouldBeWithinDistance   shouldBeStrictlyMonotonic   shouldBeMonotonic [C:\Users\tmdru\Downloads\files\tests\Tests.fsproj]
C:\Users\tmdru\Downloads\files\tests\ConstraintsTests.fs(97,88): error FS0001: Type mismatch. Expecting a    'SpatialGraph<NodeType>'    but given a    'SpatialGraph<int>'    The type 'NodeType' does not match the type 'int' [C:\Users\tmdru\Downloads\files\tests\Tests.fsproj]
C:\Users\tmdru\Downloads\files\tests\ConstraintsTests.fs(98,88): error FS0001: Type mismatch. Expecting a    'SpatialGraph<NodeType>'    but given a    'SpatialGraph<int>'    The type 'NodeType' does not match the type 'int' [C:\Users\tmdru\Downloads\files\tests\Tests.fsproj]
C:\Users\tmdru\Downloads\files\tests\ConstraintsTests.fs(106,50): error FS0001: Type mismatch. Expecting a    'SpatialGraph<NodeType>'    but given a    'SpatialGraph<int>'    The type 'NodeType' does not match the type 'int' [C:\Users\tmdru\Downloads\files\tests\Tests.fsproj]
C:\Users\tmdru\Downloads\files\tests\ConstraintsTests.fs(106,90): error FS0001: Type mismatch. Expecting a    'SpatialGraph<NodeType>'    but given a    'SpatialGraph<int>'    The type 'NodeType' does not match the type 'int' [C:\Users\tmdru\Downloads\files\tests\Tests.fsproj]
C:\Users\tmdru\Downloads\files\tests\ConstraintsTests.fs(112,64): error FS0001: This expression was expected to have type    'SpatialGraph<NodeType>'    but here has type    'Graph' [C:\Users\tmdru\Downloads\files\tests\Tests.fsproj]
C:\Users\tmdru\Downloads\files\tests\SpatialHashTests.fs(15,10): error FS0039: The namespace or module 'SpatialHash' is not defined. [C:\Users\tmdru\Downloads\files\tests\Tests.fsproj]
C:\Users\tmdru\Downloads\files\tests\SpatialHashTests.fs(19,38): error FS0001: This expression was expected to have type    'int'    but here has type    'unit' [C:\Users\tmdru\Downloads\files\tests\Tests.fsproj]
C:\Users\tmdru\Downloads\files\tests\SpatialHashTests.fs(19,41): error FS0039: The type '[]<_>' does not define the field, constructor or member 'WithCount'. [C:\Users\tmdru\Downloads\files\tests\Tests.fsproj]
C:\Users\tmdru\Downloads\files\tests\SpatialHashTests.fs(32,41): error FS0001: This expression was expected to have type    'int'    but here has type    'unit' [C:\Users\tmdru\Downloads\files\tests\Tests.fsproj]
C:\Users\tmdru\Downloads\files\tests\SpatialHashTests.fs(32,44): error FS0039: The type '[]<_>' does not define the field, constructor or member 'WithCount'. [C:\Users\tmdru\Downloads\files\tests\Tests.fsproj]
C:\Users\tmdru\Downloads\files\tests\SpatialHashTests.fs(33,41): error FS0001: This expression was expected to have type    'int'    but here has type    'unit' [C:\Users\tmdru\Downloads\files\tests\Tests.fsproj]
C:\Users\tmdru\Downloads\files\tests\SpatialHashTests.fs(33,44): error FS0039: The type '[]<_>' does not define the field, constructor or member 'WithCount'. [C:\Users\tmdru\Downloads\files\tests\Tests.fsproj]
C:\Users\tmdru\Downloads\files\tests\SpatialHashTests.fs(41,38): error FS0001: This expression was expected to have type    'int'    but here has type    'unit' [C:\Users\tmdru\Downloads\files\tests\Tests.fsproj]
C:\Users\tmdru\Downloads\files\tests\SpatialHashTests.fs(41,41): error FS0039: The type '[]<_>' does not define the field, constructor or member 'WithCount'. [C:\Users\tmdru\Downloads\files\tests\Tests.fsproj]
C:\Users\tmdru\Downloads\files\tests\SpatialHashTests.fs(48,38): error FS0001: This expression was expected to have type    'int'    but here has type    'unit' [C:\Users\tmdru\Downloads\files\tests\Tests.fsproj]
C:\Users\tmdru\Downloads\files\tests\SpatialHashTests.fs(48,41): error FS0039: The type '[]<_>' does not define the field, constructor or member 'WithCount'. [C:\Users\tmdru\Downloads\files\tests\Tests.fsproj]
C:\Users\tmdru\Downloads\files\tests\SpatialHashTests.fs(54,38): error FS0001: This expression was expected to have type    'int'    but here has type    'unit' [C:\Users\tmdru\Downloads\files\tests\Tests.fsproj]
C:\Users\tmdru\Downloads\files\tests\SpatialHashTests.fs(54,41): error FS0039: The type '[]<_>' does not define the field, constructor or member 'WithCount'. [C:\Users\tmdru\Downloads\files\tests\Tests.fsproj]
C:\Users\tmdru\Downloads\files\tests\SpatialHashTests.fs(60,38): error FS0001: This expression was expected to have type    'int'    but here has type    'unit' [C:\Users\tmdru\Downloads\files\tests\Tests.fsproj]
C:\Users\tmdru\Downloads\files\tests\SpatialHashTests.fs(60,41): error FS0039: The type '[]<_>' does not define the field, constructor or member 'WithCount'. [C:\Users\tmdru\Downloads\files\tests\Tests.fsproj]
C:\Users\tmdru\Downloads\files\tests\SpatialHashTests.fs(63,26): error FS0039: The value, constructor, namespace or type 'intersect' is not defined. Maybe you want one of the following:   insertAt [C:\Users\tmdru\Downloads\files\tests\Tests.fsproj]
C:\Users\tmdru\Downloads\files\tests\SpatialHashTests.fs(67,38): error FS0001: This expression was expected to have type    'int'    but here has type    'unit' [C:\Users\tmdru\Downloads\files\tests\Tests.fsproj]
C:\Users\tmdru\Downloads\files\tests\SpatialHashTests.fs(67,41): error FS0039: The type '[]<_>' does not define the field, constructor or member 'WithCount'. [C:\Users\tmdru\Downloads\files\tests\Tests.fsproj]
C:\Users\tmdru\Downloads\files\tests\SpatialHashTests.fs(68,23): error FS0039: The value or constructor 'collisionPenalty' is not defined. Maybe you want one of the following:   Collections   CollectionAttribute [C:\Users\tmdru\Downloads\files\tests\Tests.fsproj]
C:\Users\tmdru\Downloads\files\tests\SpatialHashTests.fs(75,25): error FS0039: The value or constructor 'collisionPenalty' is not defined. Maybe you want one of the following:   Collections   CollectionAttribute [C:\Users\tmdru\Downloads\files\tests\Tests.fsproj]
C:\Users\tmdru\Downloads\files\tests\SpatialHashTests.fs(75,61): error FS0039: The value or constructor 'collisionPenalty' is not defined. Maybe you want one of the following:   Collections   CollectionAttribute [C:\Users\tmdru\Downloads\files\tests\Tests.fsproj]
C:\Users\tmdru\Downloads\files\tests\SpatialHashTests.fs(79,9): error FS0039: The value or constructor 'forAllPointClouds' is not defined. Maybe you want one of the following:   forAllProbabilistic   forAllWith   forAll   forAllPhysicsStates [C:\Users\tmdru\Downloads\files\tests\Tests.fsproj]
C:\Users\tmdru\Downloads\files\tests\SpatialHashTests.fs(88,42): error FS0001: This expression was expected to have type    'int'    but here has type    'unit' [C:\Users\tmdru\Downloads\files\tests\Tests.fsproj]
C:\Users\tmdru\Downloads\files\tests\SpatialHashTests.fs(88,45): error FS0039: The type '[]<_>' does not define the field, constructor or member 'WithCount'. [C:\Users\tmdru\Downloads\files\tests\Tests.fsproj]
C:\Users\tmdru\Downloads\files\tests\SpatialHashTests.fs(95,9): error FS0039: The value or constructor 'shouldBeDeterministic' is not defined. Maybe you want one of the following:   shouldBeSymmetric   shouldBeMonotonicWith   shouldBeWithinDistance   shouldBeStrictlyMonotonic   shouldBeMonotonic [C:\Users\tmdru\Downloads\files\tests\Tests.fsproj]
C:\Users\tmdru\Downloads\files\tests\PhysicsQueriesTests.fs(15,34): error FS0001: This expression was expected to have type    'int'    but here has type    'unit' [C:\Users\tmdru\Downloads\files\tests\Tests.fsproj]
C:\Users\tmdru\Downloads\files\tests\PhysicsQueriesTests.fs(15,38): error FS0039: The type 'PhysicsState' does not define the field, constructor or member 'WithBody'. [C:\Users\tmdru\Downloads\files\tests\Tests.fsproj]
C:\Users\tmdru\Downloads\files\tests\PhysicsQueriesTests.fs(16,20): error FS0039: The value or constructor 'rayBuilder' is not defined. Maybe you want one of the following:   AsyncBuilder   GraphBuilder   AsyncBuilder   GraphBuilder   TaskBuilder [C:\Users\tmdru\Downloads\files\tests\Tests.fsproj]
C:\Users\tmdru\Downloads\files\tests\PhysicsQueriesTests.fs(16,19): error FS0003: This value is not a function and cannot be applied. [C:\Users\tmdru\Downloads\files\tests\Tests.fsproj]
C:\Users\tmdru\Downloads\files\tests\PhysicsQueriesTests.fs(17,56): error FS0001: This expression was expected to have type    'float'    but here has type    'float32' [C:\Users\tmdru\Downloads\files\tests\Tests.fsproj]
C:\Users\tmdru\Downloads\files\tests\PhysicsQueriesTests.fs(21,33): error FS0001: This expression was expected to have type    'int'    but here has type    'unit' [C:\Users\tmdru\Downloads\files\tests\Tests.fsproj]
C:\Users\tmdru\Downloads\files\tests\PhysicsQueriesTests.fs(21,36): error FS0039: The type 'PhysicsState' does not define the field, constructor or member 'WithBody'. [C:\Users\tmdru\Downloads\files\tests\Tests.fsproj]
C:\Users\tmdru\Downloads\files\tests\PhysicsQueriesTests.fs(22,19): error FS0039: The value or constructor 'rayBuilder' is not defined. Maybe you want one of the following:   AsyncBuilder   GraphBuilder   AsyncBuilder   GraphBuilder   TaskBuilder [C:\Users\tmdru\Downloads\files\tests\Tests.fsproj]
C:\Users\tmdru\Downloads\files\tests\PhysicsQueriesTests.fs(27,33): error FS0001: This expression was expected to have type    'int'    but here has type    'unit' [C:\Users\tmdru\Downloads\files\tests\Tests.fsproj]
C:\Users\tmdru\Downloads\files\tests\PhysicsQueriesTests.fs(27,36): error FS0039: The type 'PhysicsState' does not define the field, constructor or member 'WithBody'. [C:\Users\tmdru\Downloads\files\tests\Tests.fsproj]
C:\Users\tmdru\Downloads\files\tests\PhysicsQueriesTests.fs(28,19): error FS0039: The value or constructor 'rayBuilder' is not defined. Maybe you want one of the following:   AsyncBuilder   GraphBuilder   AsyncBuilder   GraphBuilder   TaskBuilder [C:\Users\tmdru\Downloads\files\tests\Tests.fsproj]
C:\Users\tmdru\Downloads\files\tests\PhysicsQueriesTests.fs(30,11): error FS0001: This expression was expected to have type    'QueryFilter -> RaycastHit option'    but here has type    ''a option' [C:\Users\tmdru\Downloads\files\tests\Tests.fsproj]
C:\Users\tmdru\Downloads\files\tests\PhysicsQueriesTests.fs(31,41): error FS0001: This expression was expected to have type    'float32'    but here has type    'float' [C:\Users\tmdru\Downloads\files\tests\Tests.fsproj]
C:\Users\tmdru\Downloads\files\tests\PhysicsQueriesTests.fs(32,32): error FS0001: This expression was expected to have type    'TestInfrastructure.Core.Vector3'    but here has type    'System.Numerics.Vector3' [C:\Users\tmdru\Downloads\files\tests\Tests.fsproj]
C:\Users\tmdru\Downloads\files\tests\PhysicsQueriesTests.fs(34,11): error FS0001: This expression was expected to have type    'QueryFilter -> RaycastHit option'    but here has type    ''a option' [C:\Users\tmdru\Downloads\files\tests\Tests.fsproj]
C:\Users\tmdru\Downloads\files\tests\PhysicsQueriesTests.fs(29,15): warning FS0025: Incomplete pattern matches on this expression. [C:\Users\tmdru\Downloads\files\tests\Tests.fsproj]
C:\Users\tmdru\Downloads\files\tests\PhysicsQueriesTests.fs(38,34): error FS0001: This expression was expected to have type    'int'    but here has type    'unit' [C:\Users\tmdru\Downloads\files\tests\Tests.fsproj]
C:\Users\tmdru\Downloads\files\tests\PhysicsQueriesTests.fs(38,38): error FS0039: The type 'PhysicsState' does not define the field, constructor or member 'WithBody'. [C:\Users\tmdru\Downloads\files\tests\Tests.fsproj]
C:\Users\tmdru\Downloads\files\tests\PhysicsQueriesTests.fs(39,22): error FS0039: The value or constructor 'sphereQuery' is not defined. Maybe you want one of the following:   Sphere   sphereCast [C:\Users\tmdru\Downloads\files\tests\Tests.fsproj]
C:\Users\tmdru\Downloads\files\tests\PhysicsQueriesTests.fs(39,21): error FS0072: Lookup on object of indeterminate type based on information prior to this program point. A type annotation may be needed prior to this program point to constrain the type of the object. This may allow the lookup to be resolved. [C:\Users\tmdru\Downloads\files\tests\Tests.fsproj]
C:\Users\tmdru\Downloads\files\tests\PhysicsQueriesTests.fs(44,34): error FS0001: This expression was expected to have type    'int'    but here has type    'unit' [C:\Users\tmdru\Downloads\files\tests\Tests.fsproj]
C:\Users\tmdru\Downloads\files\tests\PhysicsQueriesTests.fs(44,38): error FS0039: The type 'PhysicsState' does not define the field, constructor or member 'WithBody'. [C:\Users\tmdru\Downloads\files\tests\Tests.fsproj]
C:\Users\tmdru\Downloads\files\tests\PhysicsQueriesTests.fs(45,22): error FS0039: The value or constructor 'boxQuery' is not defined. Maybe you want one of the following:   query   box   Box [C:\Users\tmdru\Downloads\files\tests\Tests.fsproj]
C:\Users\tmdru\Downloads\files\tests\PhysicsQueriesTests.fs(45,21): error FS0072: Lookup on object of indeterminate type based on information prior to this program point. A type annotation may be needed prior to this program point to constrain the type of the object. This may allow the lookup to be resolved. [C:\Users\tmdru\Downloads\files\tests\Tests.fsproj]
C:\Users\tmdru\Downloads\files\tests\PhysicsQueriesTests.fs(50,34): error FS0001: This expression was expected to have type    'int'    but here has type    'unit' [C:\Users\tmdru\Downloads\files\tests\Tests.fsproj]
C:\Users\tmdru\Downloads\files\tests\PhysicsQueriesTests.fs(50,38): error FS0039: The type 'PhysicsState' does not define the field, constructor or member 'WithBody'. [C:\Users\tmdru\Downloads\files\tests\Tests.fsproj]
C:\Users\tmdru\Downloads\files\tests\PhysicsQueriesTests.fs(51,22): error FS0039: The value or constructor 'sphereQuery' is not defined. Maybe you want one of the following:   Sphere   sphereCast [C:\Users\tmdru\Downloads\files\tests\Tests.fsproj]
C:\Users\tmdru\Downloads\files\tests\PhysicsQueriesTests.fs(51,21): error FS0072: Lookup on object of indeterminate type based on information prior to this program point. A type annotation may be needed prior to this program point to constrain the type of the object. This may allow the lookup to be resolved. [C:\Users\tmdru\Downloads\files\tests\Tests.fsproj]
C:\Users\tmdru\Downloads\files\tests\PhysicsQueriesTests.fs(56,33): error FS0001: This expression was expected to have type    'int'    but here has type    'unit' [C:\Users\tmdru\Downloads\files\tests\Tests.fsproj]
C:\Users\tmdru\Downloads\files\tests\PhysicsQueriesTests.fs(56,36): error FS0039: The type 'PhysicsState' does not define the field, constructor or member 'WithBody'. [C:\Users\tmdru\Downloads\files\tests\Tests.fsproj]
C:\Users\tmdru\Downloads\files\tests\PhysicsQueriesTests.fs(57,19): error FS0039: The value or constructor 'rayBuilder' is not defined. Maybe you want one of the following:   AsyncBuilder   GraphBuilder   AsyncBuilder   GraphBuilder   TaskBuilder [C:\Users\tmdru\Downloads\files\tests\Tests.fsproj]
C:\Users\tmdru\Downloads\files\tests\PhysicsQueriesTests.fs(59,11): error FS0001: This expression was expected to have type    'QueryFilter -> RaycastHit option'    but here has type    ''a option' [C:\Users\tmdru\Downloads\files\tests\Tests.fsproj]
C:\Users\tmdru\Downloads\files\tests\PhysicsQueriesTests.fs(59,51): error FS0001: This expression was expected to have type    'float'    but here has type    'float32' [C:\Users\tmdru\Downloads\files\tests\Tests.fsproj]
C:\Users\tmdru\Downloads\files\tests\PhysicsQueriesTests.fs(59,75): error FS0001: This expression was expected to have type    'float'    but here has type    'float32' [C:\Users\tmdru\Downloads\files\tests\Tests.fsproj]
C:\Users\tmdru\Downloads\files\tests\PhysicsQueriesTests.fs(60,11): error FS0001: This expression was expected to have type    'QueryFilter -> RaycastHit option'    but here has type    ''a option' [C:\Users\tmdru\Downloads\files\tests\Tests.fsproj]
C:\Users\tmdru\Downloads\files\tests\PhysicsQueriesTests.fs(58,15): warning FS0025: Incomplete pattern matches on this expression. [C:\Users\tmdru\Downloads\files\tests\Tests.fsproj]
C:\Users\tmdru\Downloads\files\tests\PhysicsQueriesTests.fs(64,33): error FS0001: This expression was expected to have type    'int'    but here has type    'unit' [C:\Users\tmdru\Downloads\files\tests\Tests.fsproj]
C:\Users\tmdru\Downloads\files\tests\PhysicsQueriesTests.fs(64,36): error FS0039: The type 'PhysicsState' does not define the field, constructor or member 'Build'. [C:\Users\tmdru\Downloads\files\tests\Tests.fsproj]
C:\Users\tmdru\Downloads\files\tests\PhysicsQueriesTests.fs(65,27): error FS0039: The value or constructor 'rayBuilder' is not defined. Maybe you want one of the following:   AsyncBuilder   GraphBuilder   AsyncBuilder   GraphBuilder   TaskBuilder [C:\Users\tmdru\Downloads\files\tests\Tests.fsproj]
C:\Users\tmdru\Downloads\files\tests\PhysicsQueriesTests.fs(66,29): error FS0039: The value or constructor 'sphereQuery' is not defined. Maybe you want one of the following:   Sphere   sphereCast [C:\Users\tmdru\Downloads\files\tests\Tests.fsproj]
C:\Users\tmdru\Downloads\files\tests\PhysicsQueriesTests.fs(70,9): error FS3214: Method or object constructor 'Length' is not static [C:\Users\tmdru\Downloads\files\tests\Tests.fsproj]
C:\Users\tmdru\Downloads\files\tests\PhysicsQueriesTests.fs(71,13): error FS0001: None of the types 'bool, Lazy<'a>' support the operator '==>' [C:\Users\tmdru\Downloads\files\tests\Tests.fsproj]
C:\Users\tmdru\Downloads\files\tests\PhysicsQueriesTests.fs(70,43): error FS0043: None of the types 'bool, Lazy<'a>' support the operator '==>' [C:\Users\tmdru\Downloads\files\tests\Tests.fsproj]
C:\Users\tmdru\Downloads\files\tests\PhysicsServiceTests.fs(17,24): error FS0039: The value or constructor 'rigidBodyBuilder' is not defined. Maybe you want one of the following:   RigidBody   RigidBodyData   BodyBuilder [C:\Users\tmdru\Downloads\files\tests\Tests.fsproj]
C:\Users\tmdru\Downloads\files\tests\PhysicsServiceTests.fs(21,13): warning FS0020: The result of this expression has type 'bool' and is implicitly ignored. Consider using 'ignore' to discard this value explicitly, e.g. 'expr |> ignore', or 'let' to bind the result to a name, e.g. 'let result = expr'. [C:\Users\tmdru\Downloads\files\tests\Tests.fsproj]
C:\Users\tmdru\Downloads\files\tests\PhysicsServiceTests.fs(27,45): error FS0039: The value or constructor 'rigidBodyBuilder' is not defined. Maybe you want one of the following:   RigidBody   RigidBodyData   BodyBuilder [C:\Users\tmdru\Downloads\files\tests\Tests.fsproj]
C:\Users\tmdru\Downloads\files\tests\PhysicsServiceTests.fs(33,51): error FS0039: The value or constructor 'rigidBodyBuilder' is not defined. Maybe you want one of the following:   RigidBody   RigidBodyData   BodyBuilder [C:\Users\tmdru\Downloads\files\tests\Tests.fsproj]
C:\Users\tmdru\Downloads\files\tests\PhysicsServiceTests.fs(34,52): error FS0039: The value or constructor 'rigidBodyBuilder' is not defined. Maybe you want one of the following:   RigidBody   RigidBodyData   BodyBuilder [C:\Users\tmdru\Downloads\files\tests\Tests.fsproj]
C:\Users\tmdru\Downloads\files\tests\PhysicsServiceTests.fs(35,13): error FS0039: The value or constructor 'stepN' is not defined. Maybe you want one of the following:   stdin [C:\Users\tmdru\Downloads\files\tests\Tests.fsproj]
C:\Users\tmdru\Downloads\files\tests\PhysicsServiceTests.fs(42,45): error FS0039: The value or constructor 'rigidBodyBuilder' is not defined. Maybe you want one of the following:   RigidBody   RigidBodyData   BodyBuilder [C:\Users\tmdru\Downloads\files\tests\Tests.fsproj]
C:\Users\tmdru\Downloads\files\tests\PhysicsServiceTests.fs(43,13): error FS0039: The value or constructor 'stepN' is not defined. Maybe you want one of the following:   stdin [C:\Users\tmdru\Downloads\files\tests\Tests.fsproj]
C:\Users\tmdru\Downloads\files\tests\PhysicsServiceTests.fs(52,45): error FS0039: The value or constructor 'rigidBodyBuilder' is not defined. Maybe you want one of the following:   RigidBody   RigidBodyData   BodyBuilder [C:\Users\tmdru\Downloads\files\tests\Tests.fsproj]
C:\Users\tmdru\Downloads\files\tests\PhysicsServiceTests.fs(54,13): error FS0039: The value or constructor 'stepN' is not defined. Maybe you want one of the following:   stdin [C:\Users\tmdru\Downloads\files\tests\Tests.fsproj]
C:\Users\tmdru\Downloads\files\tests\PhysicsServiceTests.fs(63,24): error FS0039: The value or constructor 'rigidBodyBuilder' is not defined. Maybe you want one of the following:   RigidBody   RigidBodyData   BodyBuilder [C:\Users\tmdru\Downloads\files\tests\Tests.fsproj]
C:\Users\tmdru\Downloads\files\tests\PhysicsServiceTests.fs(75,32): error FS0039: The value or constructor 'rigidBodyBuilder' is not defined. Maybe you want one of the following:   RigidBody   RigidBodyData   BodyBuilder [C:\Users\tmdru\Downloads\files\tests\Tests.fsproj]
C:\Users\tmdru\Downloads\files\tests\PhysicsServiceTests.fs(76,32): error FS0039: The value or constructor 'rigidBodyBuilder' is not defined. Maybe you want one of the following:   RigidBody   RigidBodyData   BodyBuilder [C:\Users\tmdru\Downloads\files\tests\Tests.fsproj]
C:\Users\tmdru\Downloads\files\tests\PhysicsServiceTests.fs(77,13): error FS0039: The value or constructor 'stepN' is not defined. Maybe you want one of the following:   stdin [C:\Users\tmdru\Downloads\files\tests\Tests.fsproj]
C:\Users\tmdru\Downloads\files\tests\PhysicsServiceTests.fs(83,45): error FS0039: The value or constructor 'rigidBodyBuilder' is not defined. Maybe you want one of the following:   RigidBody   RigidBodyData   BodyBuilder [C:\Users\tmdru\Downloads\files\tests\Tests.fsproj]
C:\Users\tmdru\Downloads\files\tests\PhysicsServiceTests.fs(84,13): error FS0039: The value or constructor 'stepN' is not defined. Maybe you want one of the following:   stdin [C:\Users\tmdru\Downloads\files\tests\Tests.fsproj]
C:\Users\tmdru\Downloads\files\tests\PhysicsServiceTests.fs(90,32): error FS0039: The value or constructor 'rigidBodyBuilder' is not defined. Maybe you want one of the following:   RigidBody   RigidBodyData   BodyBuilder [C:\Users\tmdru\Downloads\files\tests\Tests.fsproj]
C:\Users\tmdru\Downloads\files\tests\PhysicsServiceTests.fs(91,32): error FS0039: The value or constructor 'rigidBodyBuilder' is not defined. Maybe you want one of the following:   RigidBody   RigidBodyData   BodyBuilder [C:\Users\tmdru\Downloads\files\tests\Tests.fsproj]
C:\Users\tmdru\Downloads\files\tests\PhysicsServiceTests.fs(92,13): error FS0039: The value or constructor 'stepN' is not defined. Maybe you want one of the following:   stdin [C:\Users\tmdru\Downloads\files\tests\Tests.fsproj]
C:\Users\tmdru\Downloads\files\tests\PhysicsServiceTests.fs(94,17): error FS0072: Lookup on object of indeterminate type based on information prior to this program point. A type annotation may be needed prior to this program point to constrain the type of the object. This may allow the lookup to be resolved. [C:\Users\tmdru\Downloads\files\tests\Tests.fsproj]
C:\Users\tmdru\Downloads\files\tests\PhysicsServiceTests.fs(94,42): error FS0072: Lookup on object of indeterminate type based on information prior to this program point. A type annotation may be needed prior to this program point to constrain the type of the object. This may allow the lookup to be resolved. [C:\Users\tmdru\Downloads\files\tests\Tests.fsproj]
C:\Users\tmdru\Downloads\files\tests\PhysicsServiceTests.fs(99,32): error FS0039: The value or constructor 'rigidBodyBuilder' is not defined. Maybe you want one of the following:   RigidBody   RigidBodyData   BodyBuilder [C:\Users\tmdru\Downloads\files\tests\Tests.fsproj]
C:\Users\tmdru\Downloads\files\tests\PhysicsServiceTests.fs(100,13): error FS0039: The value or constructor 'stepN' is not defined. Maybe you want one of the following:   stdin [C:\Users\tmdru\Downloads\files\tests\Tests.fsproj]
C:\Users\tmdru\Downloads\files\tests\PhysicsServiceTests.fs(102,45): error FS0072: Lookup on object of indeterminate type based on information prior to this program point. A type annotation may be needed prior to this program point to constrain the type of the object. This may allow the lookup to be resolved. [C:\Users\tmdru\Downloads\files\tests\Tests.fsproj]
C:\Users\tmdru\Downloads\files\tests\PhysicsServiceTests.fs(102,68): error FS0072: Lookup on object of indeterminate type based on information prior to this program point. A type annotation may be needed prior to this program point to constrain the type of the object. This may allow the lookup to be resolved. [C:\Users\tmdru\Downloads\files\tests\Tests.fsproj]
C:\Users\tmdru\Downloads\files\tests\PhysicsServiceTests.fs(105,51): error FS0039: The type 'PositiveInt' is not defined. [C:\Users\tmdru\Downloads\files\tests\Tests.fsproj]
C:\Users\tmdru\Downloads\files\tests\PhysicsServiceTests.fs(108,13): error FS0039: The value or constructor 'stepN' is not defined. Maybe you want one of the following:   steps   stdin [C:\Users\tmdru\Downloads\files\tests\Tests.fsproj]
C:\Users\tmdru\Downloads\files\tests\PhysicsServiceTests.fs(109,45): error FS0072: Lookup on object of indeterminate type based on information prior to this program point. A type annotation may be needed prior to this program point to constrain the type of the object. This may allow the lookup to be resolved. [C:\Users\tmdru\Downloads\files\tests\Tests.fsproj]
C:\Users\tmdru\Downloads\files\tests\SyncThreadSafetyTests.fs(25,13): error FS0039: The record label 'ValidateInvariant' is not defined. [C:\Users\tmdru\Downloads\files\tests\Tests.fsproj]
C:\Users\tmdru\Downloads\files\tests\SyncThreadSafetyTests.fs(18,28): error FS0764: No assignment given for field 'Duration' of type 'TestInfrastructure.Concurrency.StressTest<_>' [C:\Users\tmdru\Downloads\files\tests\Tests.fsproj]
C:\Users\tmdru\Downloads\files\tests\SyncThreadSafetyTests.fs(31,9): error FS0039: The value or constructor 'withAsync' is not defined. [C:\Users\tmdru\Downloads\files\tests\Tests.fsproj]
C:\Users\tmdru\Downloads\files\tests\SyncThreadSafetyTests.fs(39,27): error FS0039: The type 'PhysicsCommandQueue' does not define the field, constructor or member 'CreateFence'. [C:\Users\tmdru\Downloads\files\tests\Tests.fsproj]
C:\Users\tmdru\Downloads\files\tests\SyncThreadSafetyTests.fs(41,35): error FS0039: The value or constructor 'rigidBodyBuilder' is not defined. Maybe you want one of the following:   RigidBody [C:\Users\tmdru\Downloads\files\tests\Tests.fsproj]
C:\Users\tmdru\Downloads\files\tests\SyncThreadSafetyTests.fs(42,24): error FS0001: The type 'unit' is not compatible with the type 'Physics.Service.PhysicsWorld' [C:\Users\tmdru\Downloads\files\tests\Tests.fsproj]
C:\Users\tmdru\Downloads\files\tests\SyncThreadSafetyTests.fs(42,24): error FS0193: Type constraint mismatch. The type     'unit'    is not compatible with type    'Physics.Service.PhysicsWorld' [C:\Users\tmdru\Downloads\files\tests\Tests.fsproj]
C:\Users\tmdru\Downloads\files\tests\SyncThreadSafetyTests.fs(42,13): warning FS0020: The result of this expression has type 'int' and is implicitly ignored. Consider using 'ignore' to discard this value explicitly, e.g. 'expr |> ignore', or 'let' to bind the result to a name, e.g. 'let result = expr'. [C:\Users\tmdru\Downloads\files\tests\Tests.fsproj]
C:\Users\tmdru\Downloads\files\tests\SyncThreadSafetyTests.fs(43,13): error FS0072: Lookup on object of indeterminate type based on information prior to this program point. A type annotation may be needed prior to this program point to constrain the type of the object. This may allow the lookup to be resolved. [C:\Users\tmdru\Downloads\files\tests\Tests.fsproj]
C:\Users\tmdru\Downloads\files\tests\SyncThreadSafetyTests.fs(48,27): error FS0039: The type 'PhysicsCommandQueue' does not define the field, constructor or member 'CreateFence'. [C:\Users\tmdru\Downloads\files\tests\Tests.fsproj]
C:\Users\tmdru\Downloads\files\tests\SyncThreadSafetyTests.fs(50,18): error FS0072: Lookup on object of indeterminate type based on information prior to this program point. A type annotation may be needed prior to this program point to constrain the type of the object. This may allow the lookup to be resolved. [C:\Users\tmdru\Downloads\files\tests\Tests.fsproj]
C:\Users\tmdru\Downloads\files\tests\SyncThreadSafetyTests.fs(70,20): error FS0039: The value or constructor 'rigidBodyBuilder' is not defined. Maybe you want one of the following:   RigidBody [C:\Users\tmdru\Downloads\files\tests\Tests.fsproj]
C:\Users\tmdru\Downloads\files\tests\SyncThreadSafetyTests.fs(77,23): warning FS0760: It is recommended that objects supporting the IDisposable interface are created using the syntax 'new Type(args)', rather than 'Type(args)' or 'Type' as a function value representing the constructor, to indicate that resources may be owned by the generated value [C:\Users\tmdru\Downloads\files\tests\Tests.fsproj]
C:\Users\tmdru\Downloads\files\tests\SyncThreadSafetyTests.fs(77,23): error FS0501: The object constructor 'ThreadSafePhysicsManager' takes 2 argument(s) but is here given 0. The required signature is 'new: config: Physics.Service.WorldConfig * targetHz: float -> ThreadSafePhysicsManager'. [C:\Users\tmdru\Downloads\files\tests\Tests.fsproj]
C:\Users\tmdru\Downloads\files\tests\SyncThreadSafetyTests.fs(78,22): error FS0072: Lookup on object of indeterminate type based on information prior to this program point. A type annotation may be needed prior to this program point to constrain the type of the object. This may allow the lookup to be resolved. [C:\Users\tmdru\Downloads\files\tests\Tests.fsproj]
C:\Users\tmdru\Downloads\files\tests\SyncThreadSafetyTests.fs(83,23): warning FS0760: It is recommended that objects supporting the IDisposable interface are created using the syntax 'new Type(args)', rather than 'Type(args)' or 'Type' as a function value representing the constructor, to indicate that resources may be owned by the generated value [C:\Users\tmdru\Downloads\files\tests\Tests.fsproj]
C:\Users\tmdru\Downloads\files\tests\SyncThreadSafetyTests.fs(83,23): error FS0501: The object constructor 'ThreadSafePhysicsManager' takes 2 argument(s) but is here given 0. The required signature is 'new: config: Physics.Service.WorldConfig * targetHz: float -> ThreadSafePhysicsManager'. [C:\Users\tmdru\Downloads\files\tests\Tests.fsproj]
C:\Users\tmdru\Downloads\files\tests\SyncThreadSafetyTests.fs(84,9): error FS0072: Lookup on object of indeterminate type based on information prior to this program point. A type annotation may be needed prior to this program point to constrain the type of the object. This may allow the lookup to be resolved. [C:\Users\tmdru\Downloads\files\tests\Tests.fsproj]
C:\Users\tmdru\Downloads\files\tests\SyncThreadSafetyTests.fs(85,9): error FS0072: Lookup on object of indeterminate type based on information prior to this program point. A type annotation may be needed prior to this program point to constrain the type of the object. This may allow the lookup to be resolved. [C:\Users\tmdru\Downloads\files\tests\Tests.fsproj]
C:\Users\tmdru\Downloads\files\tests\SyncThreadSafetyTests.fs(86,48): error FS0072: Lookup on object of indeterminate type based on information prior to this program point. A type annotation may be needed prior to this program point to constrain the type of the object. This may allow the lookup to be resolved. [C:\Users\tmdru\Downloads\files\tests\Tests.fsproj]
C:\Users\tmdru\Downloads\files\tests\SyncThreadSafetyTests.fs(87,9): error FS0072: Lookup on object of indeterminate type based on information prior to this program point. A type annotation may be needed prior to this program point to constrain the type of the object. This may allow the lookup to be resolved. [C:\Users\tmdru\Downloads\files\tests\Tests.fsproj]
C:\Users\tmdru\Downloads\files\tests\SyncThreadSafetyTests.fs(98,13): error FS0039: The record label 'Validate' is not defined. [C:\Users\tmdru\Downloads\files\tests\Tests.fsproj]
C:\Users\tmdru\Downloads\files\tests\SyncThreadSafetyTests.fs(91,28): error FS0764: No assignment given for field 'Cleanup' of type 'TestInfrastructure.Concurrency.StressTest<_>' [C:\Users\tmdru\Downloads\files\tests\Tests.fsproj]
C:\Users\tmdru\Downloads\files\tests\SyncThreadSafetyTests.fs(103,23): warning FS0760: It is recommended that objects supporting the IDisposable interface are created using the syntax 'new Type(args)', rather than 'Type(args)' or 'Type' as a function value representing the constructor, to indicate that resources may be owned by the generated value [C:\Users\tmdru\Downloads\files\tests\Tests.fsproj]
C:\Users\tmdru\Downloads\files\tests\SyncThreadSafetyTests.fs(103,23): error FS0501: The object constructor 'ThreadSafePhysicsManager' takes 2 argument(s) but is here given 0. The required signature is 'new: config: Physics.Service.WorldConfig * targetHz: float -> ThreadSafePhysicsManager'. [C:\Users\tmdru\Downloads\files\tests\Tests.fsproj]
C:\Users\tmdru\Downloads\files\tests\SyncThreadSafetyTests.fs(104,9): error FS0072: Lookup on object of indeterminate type based on information prior to this program point. A type annotation may be needed prior to this program point to constrain the type of the object. This may allow the lookup to be resolved. [C:\Users\tmdru\Downloads\files\tests\Tests.fsproj]
C:\Users\tmdru\Downloads\files\tests\SyncThreadSafetyTests.fs(105,9): error FS0072: Lookup on object of indeterminate type based on information prior to this program point. A type annotation may be needed prior to this program point to constrain the type of the object. This may allow the lookup to be resolved. [C:\Users\tmdru\Downloads\files\tests\Tests.fsproj]
C:\Users\tmdru\Downloads\files\tests\SyncThreadSafetyTests.fs(110,62): error FS0039: The type 'PositiveInt' is not defined. [C:\Users\tmdru\Downloads\files\tests\Tests.fsproj]
C:\Users\tmdru\Downloads\files\tests\ThreadSafeRandomTests.fs(16,10): error FS0039: The namespace or module 'Random' is not defined. [C:\Users\tmdru\Downloads\files\tests\Tests.fsproj]
C:\Users\tmdru\Downloads\files\tests\ThreadSafeRandomTests.fs(20,19): error FS0039: The value or constructor 'randomBuilder' is not defined. Maybe you want one of the following:   Random [C:\Users\tmdru\Downloads\files\tests\Tests.fsproj]
C:\Users\tmdru\Downloads\files\tests\ThreadSafeRandomTests.fs(21,9): error FS0039: The value or constructor 'withAsync' is not defined. [C:\Users\tmdru\Downloads\files\tests\Tests.fsproj]
C:\Users\tmdru\Downloads\files\tests\ThreadSafeRandomTests.fs(30,19): error FS0039: The value or constructor 'randomBuilder' is not defined. Maybe you want one of the following:   Random [C:\Users\tmdru\Downloads\files\tests\Tests.fsproj]
C:\Users\tmdru\Downloads\files\tests\ThreadSafeRandomTests.fs(31,45): error FS0072: Lookup on object of indeterminate type based on information prior to this program point. A type annotation may be needed prior to this program point to constrain the type of the object. This may allow the lookup to be resolved. [C:\Users\tmdru\Downloads\files\tests\Tests.fsproj]
C:\Users\tmdru\Downloads\files\tests\ThreadSafeRandomTests.fs(32,9): error FS0039: The value or constructor 'shouldBeUniform' is not defined. Maybe you want one of the following:   shouldBeNone   shouldBeUnique   shouldBeUnitVector   shouldBeFinite   shouldBeError [C:\Users\tmdru\Downloads\files\tests\Tests.fsproj]
C:\Users\tmdru\Downloads\files\tests\ThreadSafeRandomTests.fs(36,19): error FS0039: The value or constructor 'randomBuilder' is not defined. Maybe you want one of the following:   Random [C:\Users\tmdru\Downloads\files\tests\Tests.fsproj]
C:\Users\tmdru\Downloads\files\tests\ThreadSafeRandomTests.fs(37,45): error FS0072: Lookup on object of indeterminate type based on information prior to this program point. A type annotation may be needed prior to this program point to constrain the type of the object. This may allow the lookup to be resolved. [C:\Users\tmdru\Downloads\files\tests\Tests.fsproj]
C:\Users\tmdru\Downloads\files\tests\ThreadSafeRandomTests.fs(42,19): error FS0039: The value or constructor 'randomBuilder' is not defined. Maybe you want one of the following:   Random [C:\Users\tmdru\Downloads\files\tests\Tests.fsproj]
C:\Users\tmdru\Downloads\files\tests\ThreadSafeRandomTests.fs(43,45): error FS0072: Lookup on object of indeterminate type based on information prior to this program point. A type annotation may be needed prior to this program point to constrain the type of the object. This may allow the lookup to be resolved. [C:\Users\tmdru\Downloads\files\tests\Tests.fsproj]
C:\Users\tmdru\Downloads\files\tests\ThreadSafeRandomTests.fs(44,9): error FS0039: The value or constructor 'shouldBeNormal' is not defined. Maybe you want one of the following:   shouldBeNormalized   shouldBeOk   shouldBeNone   shouldBeSome   shouldBeInRange [C:\Users\tmdru\Downloads\files\tests\Tests.fsproj]
C:\Users\tmdru\Downloads\files\tests\ThreadSafeRandomTests.fs(45,9): error FS0039: The value or constructor 'shouldHaveMean' is not defined. Maybe you want one of the following:   shouldHaveCount   shouldHaveComplexity   shouldScaleWell   shouldSleep   shouldEqual [C:\Users\tmdru\Downloads\files\tests\Tests.fsproj]
C:\Users\tmdru\Downloads\files\tests\ThreadSafeRandomTests.fs(46,9): error FS0039: The value or constructor 'shouldHaveStdDev' is not defined. Maybe you want one of the following:   shouldSetOutParam   shouldSleep   shouldBeThreadSafe   shouldHaveCount   shouldDetect [C:\Users\tmdru\Downloads\files\tests\Tests.fsproj]
C:\Users\tmdru\Downloads\files\tests\ThreadSafeRandomTests.fs(50,9): error FS0039: The value or constructor 'shouldBeDeterministic' is not defined. Maybe you want one of the following:   shouldBeSymmetric   shouldBeMonotonicWith   shouldBeWithinDistance   shouldBeStrictlyMonotonic   shouldBeMonotonic [C:\Users\tmdru\Downloads\files\tests\Tests.fsproj]
C:\Users\tmdru\Downloads\files\tests\ThreadSafeRandomTests.fs(57,13): error FS0001: None of the types 'bool, Lazy<'a>' support the operator '==>' [C:\Users\tmdru\Downloads\files\tests\Tests.fsproj]
C:\Users\tmdru\Downloads\files\tests\ThreadSafeRandomTests.fs(63,19): error FS0039: The value or constructor 'randomBuilder' is not defined. Maybe you want one of the following:   Random [C:\Users\tmdru\Downloads\files\tests\Tests.fsproj]
C:\Users\tmdru\Downloads\files\tests\ThreadSafeRandomTests.fs(64,45): error FS0072: Lookup on object of indeterminate type based on information prior to this program point. A type annotation may be needed prior to this program point to constrain the type of the object. This may allow the lookup to be resolved. [C:\Users\tmdru\Downloads\files\tests\Tests.fsproj]
C:\Users\tmdru\Downloads\files\tests\ThreadSafeRandomTests.fs(65,9): error FS0039: The value or constructor 'shouldBeUniform' is not defined. Maybe you want one of the following:   shouldBeNone   shouldBeUnique   shouldBeUnitVector   shouldBeFinite   shouldBeError [C:\Users\tmdru\Downloads\files\tests\Tests.fsproj]
C:\Users\tmdru\Downloads\files\tests\ThreadSafeRandomTests.fs(69,9): error FS0039: The value or constructor 'shouldBeIndependent' is not defined. Maybe you want one of the following:   shouldBeIdempotent   shouldBeFinite   shouldBeBounded   shouldBeWithinDistance   shouldBeInvalidHandle [C:\Users\tmdru\Downloads\files\tests\Tests.fsproj]
C:\Users\tmdru\Downloads\files\tests\ThreadSafeRandomTests.fs(76,9): error FS0039: The value or constructor 'shouldNotCollide' is not defined. Maybe you want one of the following:   shouldNotContain   shouldNotDetect   shouldNotOscillate   shouldBeMonotonic   shouldCollide [C:\Users\tmdru\Downloads\files\tests\Tests.fsproj]
C:\Users\tmdru\Downloads\files\tests\ThreadSafeRandomTests.fs(82,9): error FS0039: The value or constructor 'shouldGenerateQuickly' is not defined. Maybe you want one of the following:   shouldBeNormalized   shouldNotEqual   shouldRejectInvalid   shouldBeUnique   shouldScaleSublinearly [C:\Users\tmdru\Downloads\files\tests\Tests.fsproj]
C:\Users\tmdru\Downloads\files\tests\ThreadSafeRandomTests.fs(91,23): error FS0039: The value or constructor 'randomBuilder' is not defined. Maybe you want one of the following:   Random [C:\Users\tmdru\Downloads\files\tests\Tests.fsproj]
C:\Users\tmdru\Downloads\files\tests\ThreadSafeRandomTests.fs(94,17): error FS0072: Lookup on object of indeterminate type based on information prior to this program point. A type annotation may be needed prior to this program point to constrain the type of the object. This may allow the lookup to be resolved. [C:\Users\tmdru\Downloads\files\tests\Tests.fsproj]
C:\Users\tmdru\Downloads\files\tests\ThreadSafeRandomTests.fs(98,9): error FS0039: The value or constructor 'forAllSeeds' is not defined. Maybe you want one of the following:   forAll   forAllGraphs   forAllWith [C:\Users\tmdru\Downloads\files\tests\Tests.fsproj]
C:\Users\tmdru\Downloads\files\tests\UnitsOfMeasureTests.fs(28,19): error FS0033: The non-generic type 'TestInfrastructure.Core.Vector3' does not expect any type arguments, but here is given 1 type argument(s) [C:\Users\tmdru\Downloads\files\tests\Tests.fsproj]
C:\Users\tmdru\Downloads\files\tests\UnitsOfMeasureTests.fs(29,19): error FS0033: The non-generic type 'TestInfrastructure.Core.Vector3' does not expect any type arguments, but here is given 1 type argument(s) [C:\Users\tmdru\Downloads\files\tests\Tests.fsproj]
C:\Users\tmdru\Downloads\files\tests\UnitsOfMeasureTests.fs(28,19): error FS0033: The non-generic type 'TestInfrastructure.Core.Vector3' does not expect any type arguments, but here is given 1 type argument(s) [C:\Users\tmdru\Downloads\files\tests\Tests.fsproj]
C:\Users\tmdru\Downloads\files\tests\UnitsOfMeasureTests.fs(29,19): error FS0033: The non-generic type 'TestInfrastructure.Core.Vector3' does not expect any type arguments, but here is given 1 type argument(s) [C:\Users\tmdru\Downloads\files\tests\Tests.fsproj]
C:\Users\tmdru\Downloads\files\tests\UnitsOfMeasureTests.fs(95,24): error FS0800: Invalid use of a type name [C:\Users\tmdru\Downloads\files\tests\Tests.fsproj]
C:\Users\tmdru\Downloads\files\tests\UnitsOfMeasureTests.fs(96,24): error FS0800: Invalid use of a type name [C:\Users\tmdru\Downloads\files\tests\Tests.fsproj]
C:\Users\tmdru\Downloads\files\tests\UnitsOfMeasureTests.fs(99,56): error FS0001: The type 'obj' does not match the type 'float<'u>' [C:\Users\tmdru\Downloads\files\tests\Tests.fsproj]
C:\Users\tmdru\Downloads\files\tests\UnitsOfMeasureTests.fs(99,54): error FS0043: The type 'obj' does not match the type 'float<'u>' [C:\Users\tmdru\Downloads\files\tests\Tests.fsproj]
C:\Users\tmdru\Downloads\files\tests\UnitsOfMeasureTests.fs(106,19): error FS0800: Invalid use of a type name [C:\Users\tmdru\Downloads\files\tests\Tests.fsproj]
C:\Users\tmdru\Downloads\files\tests\UnitsOfMeasureTests.fs(107,19): error FS0800: Invalid use of a type name [C:\Users\tmdru\Downloads\files\tests\Tests.fsproj]
C:\Users\tmdru\Downloads\files\tests\UnitsOfMeasureTests.fs(108,19): error FS0800: Invalid use of a type name [C:\Users\tmdru\Downloads\files\tests\Tests.fsproj]
C:\Users\tmdru\Downloads\files\tests\UnitsOfMeasureTests.fs(110,21): error FS0033: The non-generic type 'TestInfrastructure.Core.Vector3' does not expect any type arguments, but here is given 1 type argument(s) [C:\Users\tmdru\Downloads\files\tests\Tests.fsproj]
C:\Users\tmdru\Downloads\files\tests\UnitsOfMeasureTests.fs(111,21): error FS0033: The non-generic type 'TestInfrastructure.Core.Vector3' does not expect any type arguments, but here is given 1 type argument(s) [C:\Users\tmdru\Downloads\files\tests\Tests.fsproj]
C:\Users\tmdru\Downloads\files\tests\UnitsOfMeasureTests.fs(113,49): error FS0039: The type 'Double' does not define the field, constructor or member 'X'. [C:\Users\tmdru\Downloads\files\tests\Tests.fsproj]
C:\Users\tmdru\Downloads\files\tests\UnitsOfMeasureTests.fs(114,53): error FS0039: The type 'Double' does not define the field, constructor or member 'Y'. [C:\Users\tmdru\Downloads\files\tests\Tests.fsproj]
C:\Users\tmdru\Downloads\files\tests\UnitsOfMeasureTests.fs(160,13): error FS0001: None of the types 'bool, Lazy<'a>' support the operator '==>' [C:\Users\tmdru\Downloads\files\tests\Tests.fsproj]
C:\Users\tmdru\Downloads\files\tests\UnitsOfMeasureTests.fs(159,17): error FS0043: None of the types 'bool, Lazy<'a>' support the operator '==>' [C:\Users\tmdru\Downloads\files\tests\Tests.fsproj]
C:\Users\tmdru\Downloads\files\tests\UnitsOfMeasureTests.fs(168,30): error FS0001: The type 'PositiveInt' does not support a conversion to the type 'float' [C:\Users\tmdru\Downloads\files\tests\Tests.fsproj]
C:\Users\tmdru\Downloads\files\tests\UnitsOfMeasureTests.fs(169,26): error FS0001: The type 'PositiveInt' does not support a conversion to the type 'float' [C:\Users\tmdru\Downloads\files\tests\Tests.fsproj]
C:\Users\tmdru\Downloads\files\tests\UnitsOfMeasureTests.fs(171,33): error FS0001: The type 'PositiveInt' does not support a conversion to the type 'float' [C:\Users\tmdru\Downloads\files\tests\Tests.fsproj]
C:\Users\tmdru\Downloads\files\tests\UnitsOfMeasureTests.fs(171,43): error FS0001: The type 'PositiveInt' does not support a conversion to the type 'float' [C:\Users\tmdru\Downloads\files\tests\Tests.fsproj]
C:\Users\tmdru\Downloads\files\tests\UnitsOfMeasureTests.fs(175,27): error FS0001: The type 'PositiveInt' does not support a conversion to the type 'float' [C:\Users\tmdru\Downloads\files\tests\Tests.fsproj]
C:\Users\tmdru\Downloads\files\tests\UnitsOfMeasureTests.fs(176,30): error FS0001: The type 'PositiveInt' does not support a conversion to the type 'float' [C:\Users\tmdru\Downloads\files\tests\Tests.fsproj]
C:\Users\tmdru\Downloads\files\tests\UnitsOfMeasureTests.fs(178,31): error FS0001: The type 'PositiveInt' does not support a conversion to the type 'float' [C:\Users\tmdru\Downloads\files\tests\Tests.fsproj]
C:\Users\tmdru\Downloads\files\tests\UnitsOfMeasureTests.fs(178,41): error FS0001: The type 'PositiveInt' does not support a conversion to the type 'float' [C:\Users\tmdru\Downloads\files\tests\Tests.fsproj]

Build FAILED.

C:\Program Files\dotnet\sdk\8.0.415\Microsoft.Common.CurrentVersion.targets(2412,5): warning MSB3277: Found conflicts between different versions of "Microsoft.Extensions.Logging.Abstractions" that could not be resolved. [C:\Users\tmdru\Downloads\files\tests\Tests.fsproj]
C:\Program Files\dotnet\sdk\8.0.415\Microsoft.Common.CurrentVersion.targets(2412,5): warning MSB3277: There was a conflict between "Microsoft.Extensions.Logging.Abstractions, Version=6.0.0.0, Culture=neutral, PublicKeyToken=adb9793829ddae60" and "Microsoft.Extensions.Logging.Abstractions, Version=8.0.0.0, Culture=neutral, PublicKeyToken=adb9793829ddae60". [C:\Users\tmdru\Downloads\files\tests\Tests.fsproj]
C:\Program Files\dotnet\sdk\8.0.415\Microsoft.Common.CurrentVersion.targets(2412,5): warning MSB3277:     "Microsoft.Extensions.Logging.Abstractions, Version=6.0.0.0, Culture=neutral, PublicKeyToken=adb9793829ddae60" was chosen because it was primary and "Microsoft.Extensions.Logging.Abstractions, Version=8.0.0.0, Culture=neutral, PublicKeyToken=adb9793829ddae60" was not. [C:\Users\tmdru\Downloads\files\tests\Tests.fsproj]
C:\Program Files\dotnet\sdk\8.0.415\Microsoft.Common.CurrentVersion.targets(2412,5): warning MSB3277:     References which depend on "Microsoft.Extensions.Logging.Abstractions, Version=6.0.0.0, Culture=neutral, PublicKeyToken=adb9793829ddae60" [C:\Users\tmdru\.nuget\packages\microsoft.extensions.logging.abstractions\6.0.0\lib\net6.0\Microsoft.Extensions.Logging.Abstractions.dll]. [C:\Users\tmdru\Downloads\files\tests\Tests.fsproj]
C:\Program Files\dotnet\sdk\8.0.415\Microsoft.Common.CurrentVersion.targets(2412,5): warning MSB3277:         C:\Users\tmdru\.nuget\packages\microsoft.extensions.logging.abstractions\6.0.0\lib\net6.0\Microsoft.Extensions.Logging.Abstractions.dll [C:\Users\tmdru\Downloads\files\tests\Tests.fsproj]
C:\Program Files\dotnet\sdk\8.0.415\Microsoft.Common.CurrentVersion.targets(2412,5): warning MSB3277:           Project file item includes which caused reference "C:\Users\tmdru\.nuget\packages\microsoft.extensions.logging.abstractions\6.0.0\lib\net6.0\Microsoft.Extensions.Logging.Abstractions.dll". [C:\Users\tmdru\Downloads\files\tests\Tests.fsproj]
C:\Program Files\dotnet\sdk\8.0.415\Microsoft.Common.CurrentVersion.targets(2412,5): warning MSB3277:             C:\Users\tmdru\.nuget\packages\microsoft.extensions.logging.abstractions\6.0.0\lib\net6.0\Microsoft.Extensions.Logging.Abstractions.dll [C:\Users\tmdru\Downloads\files\tests\Tests.fsproj]
C:\Program Files\dotnet\sdk\8.0.415\Microsoft.Common.CurrentVersion.targets(2412,5): warning MSB3277:     References which depend on or have been unified to "Microsoft.Extensions.Logging.Abstractions, Version=8.0.0.0, Culture=neutral, PublicKeyToken=adb9793829ddae60" []. [C:\Users\tmdru\Downloads\files\tests\Tests.fsproj]
C:\Program Files\dotnet\sdk\8.0.415\Microsoft.Common.CurrentVersion.targets(2412,5): warning MSB3277:         C:\Users\tmdru\Downloads\files\src\bin\Debug\net8.0\Server.dll [C:\Users\tmdru\Downloads\files\tests\Tests.fsproj]
C:\Program Files\dotnet\sdk\8.0.415\Microsoft.Common.CurrentVersion.targets(2412,5): warning MSB3277:           Project file item includes which caused reference "C:\Users\tmdru\Downloads\files\src\bin\Debug\net8.0\Server.dll". [C:\Users\tmdru\Downloads\files\tests\Tests.fsproj]
C:\Program Files\dotnet\sdk\8.0.415\Microsoft.Common.CurrentVersion.targets(2412,5): warning MSB3277:             Server [C:\Users\tmdru\Downloads\files\tests\Tests.fsproj]
C:\Program Files\dotnet\sdk\8.0.415\Microsoft.Common.CurrentVersion.targets(2412,5): warning MSB3277:         C:\Users\tmdru\Downloads\files\src\bin\Debug\net8.0\Giraffe.dll [C:\Users\tmdru\Downloads\files\tests\Tests.fsproj]
C:\Program Files\dotnet\sdk\8.0.415\Microsoft.Common.CurrentVersion.targets(2412,5): warning MSB3277:           Project file item includes which caused reference "C:\Users\tmdru\Downloads\files\src\bin\Debug\net8.0\Giraffe.dll". [C:\Users\tmdru\Downloads\files\tests\Tests.fsproj]
C:\Program Files\dotnet\sdk\8.0.415\Microsoft.Common.CurrentVersion.targets(2412,5): warning MSB3277:             Server [C:\Users\tmdru\Downloads\files\tests\Tests.fsproj]
C:\Program Files\dotnet\sdk\8.0.415\Microsoft.Common.CurrentVersion.targets(2412,5): warning MSB3277: Found conflicts between different versions of "Microsoft.Extensions.DependencyInjection.Abstractions" that could not be resolved. [C:\Users\tmdru\Downloads\files\tests\Tests.fsproj]
C:\Program Files\dotnet\sdk\8.0.415\Microsoft.Common.CurrentVersion.targets(2412,5): warning MSB3277: There was a conflict between "Microsoft.Extensions.DependencyInjection.Abstractions, Version=6.0.0.0, Culture=neutral, PublicKeyToken=adb9793829ddae60" and "Microsoft.Extensions.DependencyInjection.Abstractions, Version=8.0.0.0, Culture=neutral, PublicKeyToken=adb9793829ddae60". [C:\Users\tmdru\Downloads\files\tests\Tests.fsproj]
C:\Program Files\dotnet\sdk\8.0.415\Microsoft.Common.CurrentVersion.targets(2412,5): warning MSB3277:     "Microsoft.Extensions.DependencyInjection.Abstractions, Version=6.0.0.0, Culture=neutral, PublicKeyToken=adb9793829ddae60" was chosen because it was primary and "Microsoft.Extensions.DependencyInjection.Abstractions, Version=8.0.0.0, Culture=neutral, PublicKeyToken=adb9793829ddae60" was not. [C:\Users\tmdru\Downloads\files\tests\Tests.fsproj]
C:\Program Files\dotnet\sdk\8.0.415\Microsoft.Common.CurrentVersion.targets(2412,5): warning MSB3277:     References which depend on "Microsoft.Extensions.DependencyInjection.Abstractions, Version=6.0.0.0, Culture=neutral, PublicKeyToken=adb9793829ddae60" [C:\Users\tmdru\.nuget\packages\microsoft.extensions.dependencyinjection.abstractions\6.0.0\lib\net6.0\Microsoft.Extensions.DependencyInjection.Abstractions.dll]. [C:\Users\tmdru\Downloads\files\tests\Tests.fsproj]
C:\Program Files\dotnet\sdk\8.0.415\Microsoft.Common.CurrentVersion.targets(2412,5): warning MSB3277:         C:\Users\tmdru\.nuget\packages\microsoft.extensions.dependencyinjection.abstractions\6.0.0\lib\net6.0\Microsoft.Extensions.DependencyInjection.Abstractions.dll [C:\Users\tmdru\Downloads\files\tests\Tests.fsproj]
C:\Program Files\dotnet\sdk\8.0.415\Microsoft.Common.CurrentVersion.targets(2412,5): warning MSB3277:           Project file item includes which caused reference "C:\Users\tmdru\.nuget\packages\microsoft.extensions.dependencyinjection.abstractions\6.0.0\lib\net6.0\Microsoft.Extensions.DependencyInjection.Abstractions.dll". [C:\Users\tmdru\Downloads\files\tests\Tests.fsproj]
C:\Program Files\dotnet\sdk\8.0.415\Microsoft.Common.CurrentVersion.targets(2412,5): warning MSB3277:             C:\Users\tmdru\.nuget\packages\microsoft.extensions.dependencyinjection.abstractions\6.0.0\lib\net6.0\Microsoft.Extensions.DependencyInjection.Abstractions.dll [C:\Users\tmdru\Downloads\files\tests\Tests.fsproj]
C:\Program Files\dotnet\sdk\8.0.415\Microsoft.Common.CurrentVersion.targets(2412,5): warning MSB3277:     References which depend on or have been unified to "Microsoft.Extensions.DependencyInjection.Abstractions, Version=8.0.0.0, Culture=neutral, PublicKeyToken=adb9793829ddae60" []. [C:\Users\tmdru\Downloads\files\tests\Tests.fsproj]
C:\Program Files\dotnet\sdk\8.0.415\Microsoft.Common.CurrentVersion.targets(2412,5): warning MSB3277:         C:\Users\tmdru\Downloads\files\src\bin\Debug\net8.0\Server.dll [C:\Users\tmdru\Downloads\files\tests\Tests.fsproj]
C:\Program Files\dotnet\sdk\8.0.415\Microsoft.Common.CurrentVersion.targets(2412,5): warning MSB3277:           Project file item includes which caused reference "C:\Users\tmdru\Downloads\files\src\bin\Debug\net8.0\Server.dll". [C:\Users\tmdru\Downloads\files\tests\Tests.fsproj]
C:\Program Files\dotnet\sdk\8.0.415\Microsoft.Common.CurrentVersion.targets(2412,5): warning MSB3277:             Server [C:\Users\tmdru\Downloads\files\tests\Tests.fsproj]
C:\Program Files\dotnet\sdk\8.0.415\Microsoft.Common.CurrentVersion.targets(2412,5): warning MSB3277:         C:\Users\tmdru\Downloads\files\src\bin\Debug\net8.0\Giraffe.dll [C:\Users\tmdru\Downloads\files\tests\Tests.fsproj]
C:\Program Files\dotnet\sdk\8.0.415\Microsoft.Common.CurrentVersion.targets(2412,5): warning MSB3277:           Project file item includes which caused reference "C:\Users\tmdru\Downloads\files\src\bin\Debug\net8.0\Giraffe.dll". [C:\Users\tmdru\Downloads\files\tests\Tests.fsproj]
C:\Program Files\dotnet\sdk\8.0.415\Microsoft.Common.CurrentVersion.targets(2412,5): warning MSB3277:             Server [C:\Users\tmdru\Downloads\files\tests\Tests.fsproj]
C:\Program Files\dotnet\sdk\8.0.415\Microsoft.Common.CurrentVersion.targets(2412,5): warning MSB3277: Found conflicts between different versions of "Microsoft.Extensions.Primitives" that could not be resolved. [C:\Users\tmdru\Downloads\files\tests\Tests.fsproj]
C:\Program Files\dotnet\sdk\8.0.415\Microsoft.Common.CurrentVersion.targets(2412,5): warning MSB3277: There was a conflict between "Microsoft.Extensions.Primitives, Version=6.0.0.0, Culture=neutral, PublicKeyToken=adb9793829ddae60" and "Microsoft.Extensions.Primitives, Version=8.0.0.0, Culture=neutral, PublicKeyToken=adb9793829ddae60". [C:\Users\tmdru\Downloads\files\tests\Tests.fsproj]
C:\Program Files\dotnet\sdk\8.0.415\Microsoft.Common.CurrentVersion.targets(2412,5): warning MSB3277:     "Microsoft.Extensions.Primitives, Version=6.0.0.0, Culture=neutral, PublicKeyToken=adb9793829ddae60" was chosen because it was primary and "Microsoft.Extensions.Primitives, Version=8.0.0.0, Culture=neutral, PublicKeyToken=adb9793829ddae60" was not. [C:\Users\tmdru\Downloads\files\tests\Tests.fsproj]
C:\Program Files\dotnet\sdk\8.0.415\Microsoft.Common.CurrentVersion.targets(2412,5): warning MSB3277:     References which depend on "Microsoft.Extensions.Primitives, Version=6.0.0.0, Culture=neutral, PublicKeyToken=adb9793829ddae60" [C:\Users\tmdru\.nuget\packages\microsoft.extensions.primitives\6.0.0\lib\net6.0\Microsoft.Extensions.Primitives.dll]. [C:\Users\tmdru\Downloads\files\tests\Tests.fsproj]
C:\Program Files\dotnet\sdk\8.0.415\Microsoft.Common.CurrentVersion.targets(2412,5): warning MSB3277:         C:\Users\tmdru\.nuget\packages\microsoft.extensions.primitives\6.0.0\lib\net6.0\Microsoft.Extensions.Primitives.dll [C:\Users\tmdru\Downloads\files\tests\Tests.fsproj]
C:\Program Files\dotnet\sdk\8.0.415\Microsoft.Common.CurrentVersion.targets(2412,5): warning MSB3277:           Project file item includes which caused reference "C:\Users\tmdru\.nuget\packages\microsoft.extensions.primitives\6.0.0\lib\net6.0\Microsoft.Extensions.Primitives.dll". [C:\Users\tmdru\Downloads\files\tests\Tests.fsproj]
C:\Program Files\dotnet\sdk\8.0.415\Microsoft.Common.CurrentVersion.targets(2412,5): warning MSB3277:             C:\Users\tmdru\.nuget\packages\microsoft.extensions.primitives\6.0.0\lib\net6.0\Microsoft.Extensions.Primitives.dll [C:\Users\tmdru\Downloads\files\tests\Tests.fsproj]
C:\Program Files\dotnet\sdk\8.0.415\Microsoft.Common.CurrentVersion.targets(2412,5): warning MSB3277:     References which depend on or have been unified to "Microsoft.Extensions.Primitives, Version=8.0.0.0, Culture=neutral, PublicKeyToken=adb9793829ddae60" []. [C:\Users\tmdru\Downloads\files\tests\Tests.fsproj]
C:\Program Files\dotnet\sdk\8.0.415\Microsoft.Common.CurrentVersion.targets(2412,5): warning MSB3277:         C:\Users\tmdru\Downloads\files\src\bin\Debug\net8.0\Giraffe.dll [C:\Users\tmdru\Downloads\files\tests\Tests.fsproj]
C:\Program Files\dotnet\sdk\8.0.415\Microsoft.Common.CurrentVersion.targets(2412,5): warning MSB3277:           Project file item includes which caused reference "C:\Users\tmdru\Downloads\files\src\bin\Debug\net8.0\Giraffe.dll". [C:\Users\tmdru\Downloads\files\tests\Tests.fsproj]
C:\Program Files\dotnet\sdk\8.0.415\Microsoft.Common.CurrentVersion.targets(2412,5): warning MSB3277:             Server [C:\Users\tmdru\Downloads\files\tests\Tests.fsproj]
C:\Users\tmdru\Downloads\files\tests\AlgebraicLaws.fs(55,40): warning FS0064: This construct causes code to be less generic than indicated by the type annotations. The type variable 'B has been constrained to be type ''A'. [C:\Users\tmdru\Downloads\files\tests\Tests.fsproj]
C:\Users\tmdru\Downloads\files\tests\AlgebraicLaws.fs(55,62): warning FS0064: This construct causes code to be less generic than indicated by the type annotations. The type variable 'C has been constrained to be type ''A'. [C:\Users\tmdru\Downloads\files\tests\Tests.fsproj]
C:\Users\tmdru\Downloads\files\tests\AlgebraicLaws.fs(68,41): warning FS0064: This construct causes code to be less generic than indicated by the type annotations. The type variable 'B has been constrained to be type ''A'. [C:\Users\tmdru\Downloads\files\tests\Tests.fsproj]
C:\Users\tmdru\Downloads\files\tests\Assertions.fs(128,40): warning FS0064: This construct causes code to be less generic than indicated by the type annotations. The type variable 'T has been constrained to be type 'unit'. [C:\Users\tmdru\Downloads\files\tests\Tests.fsproj]
C:\Users\tmdru\Downloads\files\tests\PhysicsQueriesTests.fs(29,15): warning FS0025: Incomplete pattern matches on this expression. [C:\Users\tmdru\Downloads\files\tests\Tests.fsproj]
C:\Users\tmdru\Downloads\files\tests\PhysicsQueriesTests.fs(58,15): warning FS0025: Incomplete pattern matches on this expression. [C:\Users\tmdru\Downloads\files\tests\Tests.fsproj]
C:\Users\tmdru\Downloads\files\tests\PhysicsServiceTests.fs(21,13): warning FS0020: The result of this expression has type 'bool' and is implicitly ignored. Consider using 'ignore' to discard this value explicitly, e.g. 'expr |> ignore', or 'let' to bind the result to a name, e.g. 'let result = expr'. [C:\Users\tmdru\Downloads\files\tests\Tests.fsproj]
C:\Users\tmdru\Downloads\files\tests\SyncThreadSafetyTests.fs(42,13): warning FS0020: The result of this expression has type 'int' and is implicitly ignored. Consider using 'ignore' to discard this value explicitly, e.g. 'expr |> ignore', or 'let' to bind the result to a name, e.g. 'let result = expr'. [C:\Users\tmdru\Downloads\files\tests\Tests.fsproj]
C:\Users\tmdru\Downloads\files\tests\SyncThreadSafetyTests.fs(77,23): warning FS0760: It is recommended that objects supporting the IDisposable interface are created using the syntax 'new Type(args)', rather than 'Type(args)' or 'Type' as a function value representing the constructor, to indicate that resources may be owned by the generated value [C:\Users\tmdru\Downloads\files\tests\Tests.fsproj]
C:\Users\tmdru\Downloads\files\tests\SyncThreadSafetyTests.fs(83,23): warning FS0760: It is recommended that objects supporting the IDisposable interface are created using the syntax 'new Type(args)', rather than 'Type(args)' or 'Type' as a function value representing the constructor, to indicate that resources may be owned by the generated value [C:\Users\tmdru\Downloads\files\tests\Tests.fsproj]
C:\Users\tmdru\Downloads\files\tests\SyncThreadSafetyTests.fs(103,23): warning FS0760: It is recommended that objects supporting the IDisposable interface are created using the syntax 'new Type(args)', rather than 'Type(args)' or 'Type' as a function value representing the constructor, to indicate that resources may be owned by the generated value [C:\Users\tmdru\Downloads\files\tests\Tests.fsproj]
C:\Users\tmdru\Downloads\files\tests\AcceptanceTests.fs(75,13): error FS0001: None of the types 'bool, Lazy<'a>' support the operator '==>' [C:\Users\tmdru\Downloads\files\tests\Tests.fsproj]
C:\Users\tmdru\Downloads\files\tests\AdaptiveConfigTests.fs(57,41): error FS0039: The value, constructor, namespace or type 'Arb' is not defined. Maybe you want one of the following:   ArbMap [C:\Users\tmdru\Downloads\files\tests\Tests.fsproj]
C:\Users\tmdru\Downloads\files\tests\AdaptiveConfigTests.fs(70,43): error FS0039: The value, constructor, namespace or type 'Arb' is not defined. Maybe you want one of the following:   ArbMap [C:\Users\tmdru\Downloads\files\tests\Tests.fsproj]
C:\Users\tmdru\Downloads\files\tests\AdaptiveConfigTests.fs(77,38): error FS0039: The value, constructor, namespace or type 'Arb' is not defined. Maybe you want one of the following:   ArbMap [C:\Users\tmdru\Downloads\files\tests\Tests.fsproj]
C:\Users\tmdru\Downloads\files\tests\CacheTests.fs(91,46): error FS0039: The value, constructor, namespace or type 'Default' is not defined. [C:\Users\tmdru\Downloads\files\tests\Tests.fsproj]
C:\Users\tmdru\Downloads\files\tests\CExportTests.fs(118,40): error FS0002: This function takes too many arguments, or is used in a context where a function is not expected [C:\Users\tmdru\Downloads\files\tests\Tests.fsproj]
C:\Users\tmdru\Downloads\files\tests\ConstraintsTests.fs(64,39): error FS0039: The value, constructor, namespace or type 'boundary' is not defined. [C:\Users\tmdru\Downloads\files\tests\Tests.fsproj]
C:\Users\tmdru\Downloads\files\tests\ConstraintsTests.fs(65,33): error FS0039: The value, constructor, namespace or type 'boundary' is not defined. [C:\Users\tmdru\Downloads\files\tests\Tests.fsproj]
C:\Users\tmdru\Downloads\files\tests\ConstraintsTests.fs(73,25): error FS0039: The value, constructor, namespace or type 'boundary' is not defined. [C:\Users\tmdru\Downloads\files\tests\Tests.fsproj]
C:\Users\tmdru\Downloads\files\tests\ConstraintsTests.fs(86,13): error FS0039: The value or constructor 'shouldBeDeterministic' is not defined. Maybe you want one of the following:   shouldBeSymmetric   shouldBeMonotonicWith   shouldBeWithinDistance   shouldBeStrictlyMonotonic   shouldBeMonotonic [C:\Users\tmdru\Downloads\files\tests\Tests.fsproj]
C:\Users\tmdru\Downloads\files\tests\ConstraintsTests.fs(97,88): error FS0001: Type mismatch. Expecting a    'SpatialGraph<NodeType>'    but given a    'SpatialGraph<int>'    The type 'NodeType' does not match the type 'int' [C:\Users\tmdru\Downloads\files\tests\Tests.fsproj]
C:\Users\tmdru\Downloads\files\tests\ConstraintsTests.fs(98,88): error FS0001: Type mismatch. Expecting a    'SpatialGraph<NodeType>'    but given a    'SpatialGraph<int>'    The type 'NodeType' does not match the type 'int' [C:\Users\tmdru\Downloads\files\tests\Tests.fsproj]
C:\Users\tmdru\Downloads\files\tests\ConstraintsTests.fs(106,50): error FS0001: Type mismatch. Expecting a    'SpatialGraph<NodeType>'    but given a    'SpatialGraph<int>'    The type 'NodeType' does not match the type 'int' [C:\Users\tmdru\Downloads\files\tests\Tests.fsproj]
C:\Users\tmdru\Downloads\files\tests\ConstraintsTests.fs(106,90): error FS0001: Type mismatch. Expecting a    'SpatialGraph<NodeType>'    but given a    'SpatialGraph<int>'    The type 'NodeType' does not match the type 'int' [C:\Users\tmdru\Downloads\files\tests\Tests.fsproj]
C:\Users\tmdru\Downloads\files\tests\ConstraintsTests.fs(112,64): error FS0001: This expression was expected to have type    'SpatialGraph<NodeType>'    but here has type    'Graph' [C:\Users\tmdru\Downloads\files\tests\Tests.fsproj]
C:\Users\tmdru\Downloads\files\tests\SpatialHashTests.fs(15,10): error FS0039: The namespace or module 'SpatialHash' is not defined. [C:\Users\tmdru\Downloads\files\tests\Tests.fsproj]
C:\Users\tmdru\Downloads\files\tests\SpatialHashTests.fs(19,38): error FS0001: This expression was expected to have type    'int'    but here has type    'unit' [C:\Users\tmdru\Downloads\files\tests\Tests.fsproj]
C:\Users\tmdru\Downloads\files\tests\SpatialHashTests.fs(19,41): error FS0039: The type '[]<_>' does not define the field, constructor or member 'WithCount'. [C:\Users\tmdru\Downloads\files\tests\Tests.fsproj]
C:\Users\tmdru\Downloads\files\tests\SpatialHashTests.fs(32,41): error FS0001: This expression was expected to have type    'int'    but here has type    'unit' [C:\Users\tmdru\Downloads\files\tests\Tests.fsproj]
C:\Users\tmdru\Downloads\files\tests\SpatialHashTests.fs(32,44): error FS0039: The type '[]<_>' does not define the field, constructor or member 'WithCount'. [C:\Users\tmdru\Downloads\files\tests\Tests.fsproj]
C:\Users\tmdru\Downloads\files\tests\SpatialHashTests.fs(33,41): error FS0001: This expression was expected to have type    'int'    but here has type    'unit' [C:\Users\tmdru\Downloads\files\tests\Tests.fsproj]
C:\Users\tmdru\Downloads\files\tests\SpatialHashTests.fs(33,44): error FS0039: The type '[]<_>' does not define the field, constructor or member 'WithCount'. [C:\Users\tmdru\Downloads\files\tests\Tests.fsproj]
C:\Users\tmdru\Downloads\files\tests\SpatialHashTests.fs(41,38): error FS0001: This expression was expected to have type    'int'    but here has type    'unit' [C:\Users\tmdru\Downloads\files\tests\Tests.fsproj]
C:\Users\tmdru\Downloads\files\tests\SpatialHashTests.fs(41,41): error FS0039: The type '[]<_>' does not define the field, constructor or member 'WithCount'. [C:\Users\tmdru\Downloads\files\tests\Tests.fsproj]
C:\Users\tmdru\Downloads\files\tests\SpatialHashTests.fs(48,38): error FS0001: This expression was expected to have type    'int'    but here has type    'unit' [C:\Users\tmdru\Downloads\files\tests\Tests.fsproj]
C:\Users\tmdru\Downloads\files\tests\SpatialHashTests.fs(48,41): error FS0039: The type '[]<_>' does not define the field, constructor or member 'WithCount'. [C:\Users\tmdru\Downloads\files\tests\Tests.fsproj]
C:\Users\tmdru\Downloads\files\tests\SpatialHashTests.fs(54,38): error FS0001: This expression was expected to have type    'int'    but here has type    'unit' [C:\Users\tmdru\Downloads\files\tests\Tests.fsproj]
C:\Users\tmdru\Downloads\files\tests\SpatialHashTests.fs(54,41): error FS0039: The type '[]<_>' does not define the field, constructor or member 'WithCount'. [C:\Users\tmdru\Downloads\files\tests\Tests.fsproj]
C:\Users\tmdru\Downloads\files\tests\SpatialHashTests.fs(60,38): error FS0001: This expression was expected to have type    'int'    but here has type    'unit' [C:\Users\tmdru\Downloads\files\tests\Tests.fsproj]
C:\Users\tmdru\Downloads\files\tests\SpatialHashTests.fs(60,41): error FS0039: The type '[]<_>' does not define the field, constructor or member 'WithCount'. [C:\Users\tmdru\Downloads\files\tests\Tests.fsproj]
C:\Users\tmdru\Downloads\files\tests\SpatialHashTests.fs(63,26): error FS0039: The value, constructor, namespace or type 'intersect' is not defined. Maybe you want one of the following:   insertAt [C:\Users\tmdru\Downloads\files\tests\Tests.fsproj]
C:\Users\tmdru\Downloads\files\tests\SpatialHashTests.fs(67,38): error FS0001: This expression was expected to have type    'int'    but here has type    'unit' [C:\Users\tmdru\Downloads\files\tests\Tests.fsproj]
C:\Users\tmdru\Downloads\files\tests\SpatialHashTests.fs(67,41): error FS0039: The type '[]<_>' does not define the field, constructor or member 'WithCount'. [C:\Users\tmdru\Downloads\files\tests\Tests.fsproj]
C:\Users\tmdru\Downloads\files\tests\SpatialHashTests.fs(68,23): error FS0039: The value or constructor 'collisionPenalty' is not defined. Maybe you want one of the following:   Collections   CollectionAttribute [C:\Users\tmdru\Downloads\files\tests\Tests.fsproj]
C:\Users\tmdru\Downloads\files\tests\SpatialHashTests.fs(75,25): error FS0039: The value or constructor 'collisionPenalty' is not defined. Maybe you want one of the following:   Collections   CollectionAttribute [C:\Users\tmdru\Downloads\files\tests\Tests.fsproj]
C:\Users\tmdru\Downloads\files\tests\SpatialHashTests.fs(75,61): error FS0039: The value or constructor 'collisionPenalty' is not defined. Maybe you want one of the following:   Collections   CollectionAttribute [C:\Users\tmdru\Downloads\files\tests\Tests.fsproj]
C:\Users\tmdru\Downloads\files\tests\SpatialHashTests.fs(79,9): error FS0039: The value or constructor 'forAllPointClouds' is not defined. Maybe you want one of the following:   forAllProbabilistic   forAllWith   forAll   forAllPhysicsStates [C:\Users\tmdru\Downloads\files\tests\Tests.fsproj]
C:\Users\tmdru\Downloads\files\tests\SpatialHashTests.fs(88,42): error FS0001: This expression was expected to have type    'int'    but here has type    'unit' [C:\Users\tmdru\Downloads\files\tests\Tests.fsproj]
C:\Users\tmdru\Downloads\files\tests\SpatialHashTests.fs(88,45): error FS0039: The type '[]<_>' does not define the field, constructor or member 'WithCount'. [C:\Users\tmdru\Downloads\files\tests\Tests.fsproj]
C:\Users\tmdru\Downloads\files\tests\SpatialHashTests.fs(95,9): error FS0039: The value or constructor 'shouldBeDeterministic' is not defined. Maybe you want one of the following:   shouldBeSymmetric   shouldBeMonotonicWith   shouldBeWithinDistance   shouldBeStrictlyMonotonic   shouldBeMonotonic [C:\Users\tmdru\Downloads\files\tests\Tests.fsproj]
C:\Users\tmdru\Downloads\files\tests\PhysicsQueriesTests.fs(15,34): error FS0001: This expression was expected to have type    'int'    but here has type    'unit' [C:\Users\tmdru\Downloads\files\tests\Tests.fsproj]
C:\Users\tmdru\Downloads\files\tests\PhysicsQueriesTests.fs(15,38): error FS0039: The type 'PhysicsState' does not define the field, constructor or member 'WithBody'. [C:\Users\tmdru\Downloads\files\tests\Tests.fsproj]
C:\Users\tmdru\Downloads\files\tests\PhysicsQueriesTests.fs(16,20): error FS0039: The value or constructor 'rayBuilder' is not defined. Maybe you want one of the following:   AsyncBuilder   GraphBuilder   AsyncBuilder   GraphBuilder   TaskBuilder [C:\Users\tmdru\Downloads\files\tests\Tests.fsproj]
C:\Users\tmdru\Downloads\files\tests\PhysicsQueriesTests.fs(16,19): error FS0003: This value is not a function and cannot be applied. [C:\Users\tmdru\Downloads\files\tests\Tests.fsproj]
C:\Users\tmdru\Downloads\files\tests\PhysicsQueriesTests.fs(17,56): error FS0001: This expression was expected to have type    'float'    but here has type    'float32' [C:\Users\tmdru\Downloads\files\tests\Tests.fsproj]
C:\Users\tmdru\Downloads\files\tests\PhysicsQueriesTests.fs(21,33): error FS0001: This expression was expected to have type    'int'    but here has type    'unit' [C:\Users\tmdru\Downloads\files\tests\Tests.fsproj]
C:\Users\tmdru\Downloads\files\tests\PhysicsQueriesTests.fs(21,36): error FS0039: The type 'PhysicsState' does not define the field, constructor or member 'WithBody'. [C:\Users\tmdru\Downloads\files\tests\Tests.fsproj]
C:\Users\tmdru\Downloads\files\tests\PhysicsQueriesTests.fs(22,19): error FS0039: The value or constructor 'rayBuilder' is not defined. Maybe you want one of the following:   AsyncBuilder   GraphBuilder   AsyncBuilder   GraphBuilder   TaskBuilder [C:\Users\tmdru\Downloads\files\tests\Tests.fsproj]
C:\Users\tmdru\Downloads\files\tests\PhysicsQueriesTests.fs(27,33): error FS0001: This expression was expected to have type    'int'    but here has type    'unit' [C:\Users\tmdru\Downloads\files\tests\Tests.fsproj]
C:\Users\tmdru\Downloads\files\tests\PhysicsQueriesTests.fs(27,36): error FS0039: The type 'PhysicsState' does not define the field, constructor or member 'WithBody'. [C:\Users\tmdru\Downloads\files\tests\Tests.fsproj]
C:\Users\tmdru\Downloads\files\tests\PhysicsQueriesTests.fs(28,19): error FS0039: The value or constructor 'rayBuilder' is not defined. Maybe you want one of the following:   AsyncBuilder   GraphBuilder   AsyncBuilder   GraphBuilder   TaskBuilder [C:\Users\tmdru\Downloads\files\tests\Tests.fsproj]
C:\Users\tmdru\Downloads\files\tests\PhysicsQueriesTests.fs(30,11): error FS0001: This expression was expected to have type    'QueryFilter -> RaycastHit option'    but here has type    ''a option' [C:\Users\tmdru\Downloads\files\tests\Tests.fsproj]
C:\Users\tmdru\Downloads\files\tests\PhysicsQueriesTests.fs(31,41): error FS0001: This expression was expected to have type    'float32'    but here has type    'float' [C:\Users\tmdru\Downloads\files\tests\Tests.fsproj]
C:\Users\tmdru\Downloads\files\tests\PhysicsQueriesTests.fs(32,32): error FS0001: This expression was expected to have type    'TestInfrastructure.Core.Vector3'    but here has type    'System.Numerics.Vector3' [C:\Users\tmdru\Downloads\files\tests\Tests.fsproj]
C:\Users\tmdru\Downloads\files\tests\PhysicsQueriesTests.fs(34,11): error FS0001: This expression was expected to have type    'QueryFilter -> RaycastHit option'    but here has type    ''a option' [C:\Users\tmdru\Downloads\files\tests\Tests.fsproj]
C:\Users\tmdru\Downloads\files\tests\PhysicsQueriesTests.fs(38,34): error FS0001: This expression was expected to have type    'int'    but here has type    'unit' [C:\Users\tmdru\Downloads\files\tests\Tests.fsproj]
C:\Users\tmdru\Downloads\files\tests\PhysicsQueriesTests.fs(38,38): error FS0039: The type 'PhysicsState' does not define the field, constructor or member 'WithBody'. [C:\Users\tmdru\Downloads\files\tests\Tests.fsproj]
C:\Users\tmdru\Downloads\files\tests\PhysicsQueriesTests.fs(39,22): error FS0039: The value or constructor 'sphereQuery' is not defined. Maybe you want one of the following:   Sphere   sphereCast [C:\Users\tmdru\Downloads\files\tests\Tests.fsproj]
C:\Users\tmdru\Downloads\files\tests\PhysicsQueriesTests.fs(39,21): error FS0072: Lookup on object of indeterminate type based on information prior to this program point. A type annotation may be needed prior to this program point to constrain the type of the object. This may allow the lookup to be resolved. [C:\Users\tmdru\Downloads\files\tests\Tests.fsproj]
C:\Users\tmdru\Downloads\files\tests\PhysicsQueriesTests.fs(44,34): error FS0001: This expression was expected to have type    'int'    but here has type    'unit' [C:\Users\tmdru\Downloads\files\tests\Tests.fsproj]
C:\Users\tmdru\Downloads\files\tests\PhysicsQueriesTests.fs(44,38): error FS0039: The type 'PhysicsState' does not define the field, constructor or member 'WithBody'. [C:\Users\tmdru\Downloads\files\tests\Tests.fsproj]
C:\Users\tmdru\Downloads\files\tests\PhysicsQueriesTests.fs(45,22): error FS0039: The value or constructor 'boxQuery' is not defined. Maybe you want one of the following:   query   box   Box [C:\Users\tmdru\Downloads\files\tests\Tests.fsproj]
C:\Users\tmdru\Downloads\files\tests\PhysicsQueriesTests.fs(45,21): error FS0072: Lookup on object of indeterminate type based on information prior to this program point. A type annotation may be needed prior to this program point to constrain the type of the object. This may allow the lookup to be resolved. [C:\Users\tmdru\Downloads\files\tests\Tests.fsproj]
C:\Users\tmdru\Downloads\files\tests\PhysicsQueriesTests.fs(50,34): error FS0001: This expression was expected to have type    'int'    but here has type    'unit' [C:\Users\tmdru\Downloads\files\tests\Tests.fsproj]
C:\Users\tmdru\Downloads\files\tests\PhysicsQueriesTests.fs(50,38): error FS0039: The type 'PhysicsState' does not define the field, constructor or member 'WithBody'. [C:\Users\tmdru\Downloads\files\tests\Tests.fsproj]
C:\Users\tmdru\Downloads\files\tests\PhysicsQueriesTests.fs(51,22): error FS0039: The value or constructor 'sphereQuery' is not defined. Maybe you want one of the following:   Sphere   sphereCast [C:\Users\tmdru\Downloads\files\tests\Tests.fsproj]
C:\Users\tmdru\Downloads\files\tests\PhysicsQueriesTests.fs(51,21): error FS0072: Lookup on object of indeterminate type based on information prior to this program point. A type annotation may be needed prior to this program point to constrain the type of the object. This may allow the lookup to be resolved. [C:\Users\tmdru\Downloads\files\tests\Tests.fsproj]
C:\Users\tmdru\Downloads\files\tests\PhysicsQueriesTests.fs(56,33): error FS0001: This expression was expected to have type    'int'    but here has type    'unit' [C:\Users\tmdru\Downloads\files\tests\Tests.fsproj]
C:\Users\tmdru\Downloads\files\tests\PhysicsQueriesTests.fs(56,36): error FS0039: The type 'PhysicsState' does not define the field, constructor or member 'WithBody'. [C:\Users\tmdru\Downloads\files\tests\Tests.fsproj]
C:\Users\tmdru\Downloads\files\tests\PhysicsQueriesTests.fs(57,19): error FS0039: The value or constructor 'rayBuilder' is not defined. Maybe you want one of the following:   AsyncBuilder   GraphBuilder   AsyncBuilder   GraphBuilder   TaskBuilder [C:\Users\tmdru\Downloads\files\tests\Tests.fsproj]
C:\Users\tmdru\Downloads\files\tests\PhysicsQueriesTests.fs(59,11): error FS0001: This expression was expected to have type    'QueryFilter -> RaycastHit option'    but here has type    ''a option' [C:\Users\tmdru\Downloads\files\tests\Tests.fsproj]
C:\Users\tmdru\Downloads\files\tests\PhysicsQueriesTests.fs(59,51): error FS0001: This expression was expected to have type    'float'    but here has type    'float32' [C:\Users\tmdru\Downloads\files\tests\Tests.fsproj]
C:\Users\tmdru\Downloads\files\tests\PhysicsQueriesTests.fs(59,75): error FS0001: This expression was expected to have type    'float'    but here has type    'float32' [C:\Users\tmdru\Downloads\files\tests\Tests.fsproj]
C:\Users\tmdru\Downloads\files\tests\PhysicsQueriesTests.fs(60,11): error FS0001: This expression was expected to have type    'QueryFilter -> RaycastHit option'    but here has type    ''a option' [C:\Users\tmdru\Downloads\files\tests\Tests.fsproj]
C:\Users\tmdru\Downloads\files\tests\PhysicsQueriesTests.fs(64,33): error FS0001: This expression was expected to have type    'int'    but here has type    'unit' [C:\Users\tmdru\Downloads\files\tests\Tests.fsproj]
C:\Users\tmdru\Downloads\files\tests\PhysicsQueriesTests.fs(64,36): error FS0039: The type 'PhysicsState' does not define the field, constructor or member 'Build'. [C:\Users\tmdru\Downloads\files\tests\Tests.fsproj]
C:\Users\tmdru\Downloads\files\tests\PhysicsQueriesTests.fs(65,27): error FS0039: The value or constructor 'rayBuilder' is not defined. Maybe you want one of the following:   AsyncBuilder   GraphBuilder   AsyncBuilder   GraphBuilder   TaskBuilder [C:\Users\tmdru\Downloads\files\tests\Tests.fsproj]
C:\Users\tmdru\Downloads\files\tests\PhysicsQueriesTests.fs(66,29): error FS0039: The value or constructor 'sphereQuery' is not defined. Maybe you want one of the following:   Sphere   sphereCast [C:\Users\tmdru\Downloads\files\tests\Tests.fsproj]
C:\Users\tmdru\Downloads\files\tests\PhysicsQueriesTests.fs(70,9): error FS3214: Method or object constructor 'Length' is not static [C:\Users\tmdru\Downloads\files\tests\Tests.fsproj]
C:\Users\tmdru\Downloads\files\tests\PhysicsQueriesTests.fs(71,13): error FS0001: None of the types 'bool, Lazy<'a>' support the operator '==>' [C:\Users\tmdru\Downloads\files\tests\Tests.fsproj]
C:\Users\tmdru\Downloads\files\tests\PhysicsQueriesTests.fs(70,43): error FS0043: None of the types 'bool, Lazy<'a>' support the operator '==>' [C:\Users\tmdru\Downloads\files\tests\Tests.fsproj]
C:\Users\tmdru\Downloads\files\tests\PhysicsServiceTests.fs(17,24): error FS0039: The value or constructor 'rigidBodyBuilder' is not defined. Maybe you want one of the following:   RigidBody   RigidBodyData   BodyBuilder [C:\Users\tmdru\Downloads\files\tests\Tests.fsproj]
C:\Users\tmdru\Downloads\files\tests\PhysicsServiceTests.fs(27,45): error FS0039: The value or constructor 'rigidBodyBuilder' is not defined. Maybe you want one of the following:   RigidBody   RigidBodyData   BodyBuilder [C:\Users\tmdru\Downloads\files\tests\Tests.fsproj]
C:\Users\tmdru\Downloads\files\tests\PhysicsServiceTests.fs(33,51): error FS0039: The value or constructor 'rigidBodyBuilder' is not defined. Maybe you want one of the following:   RigidBody   RigidBodyData   BodyBuilder [C:\Users\tmdru\Downloads\files\tests\Tests.fsproj]
C:\Users\tmdru\Downloads\files\tests\PhysicsServiceTests.fs(34,52): error FS0039: The value or constructor 'rigidBodyBuilder' is not defined. Maybe you want one of the following:   RigidBody   RigidBodyData   BodyBuilder [C:\Users\tmdru\Downloads\files\tests\Tests.fsproj]
C:\Users\tmdru\Downloads\files\tests\PhysicsServiceTests.fs(35,13): error FS0039: The value or constructor 'stepN' is not defined. Maybe you want one of the following:   stdin [C:\Users\tmdru\Downloads\files\tests\Tests.fsproj]
C:\Users\tmdru\Downloads\files\tests\PhysicsServiceTests.fs(42,45): error FS0039: The value or constructor 'rigidBodyBuilder' is not defined. Maybe you want one of the following:   RigidBody   RigidBodyData   BodyBuilder [C:\Users\tmdru\Downloads\files\tests\Tests.fsproj]
C:\Users\tmdru\Downloads\files\tests\PhysicsServiceTests.fs(43,13): error FS0039: The value or constructor 'stepN' is not defined. Maybe you want one of the following:   stdin [C:\Users\tmdru\Downloads\files\tests\Tests.fsproj]
C:\Users\tmdru\Downloads\files\tests\PhysicsServiceTests.fs(52,45): error FS0039: The value or constructor 'rigidBodyBuilder' is not defined. Maybe you want one of the following:   RigidBody   RigidBodyData   BodyBuilder [C:\Users\tmdru\Downloads\files\tests\Tests.fsproj]
C:\Users\tmdru\Downloads\files\tests\PhysicsServiceTests.fs(54,13): error FS0039: The value or constructor 'stepN' is not defined. Maybe you want one of the following:   stdin [C:\Users\tmdru\Downloads\files\tests\Tests.fsproj]
C:\Users\tmdru\Downloads\files\tests\PhysicsServiceTests.fs(63,24): error FS0039: The value or constructor 'rigidBodyBuilder' is not defined. Maybe you want one of the following:   RigidBody   RigidBodyData   BodyBuilder [C:\Users\tmdru\Downloads\files\tests\Tests.fsproj]
C:\Users\tmdru\Downloads\files\tests\PhysicsServiceTests.fs(75,32): error FS0039: The value or constructor 'rigidBodyBuilder' is not defined. Maybe you want one of the following:   RigidBody   RigidBodyData   BodyBuilder [C:\Users\tmdru\Downloads\files\tests\Tests.fsproj]
C:\Users\tmdru\Downloads\files\tests\PhysicsServiceTests.fs(76,32): error FS0039: The value or constructor 'rigidBodyBuilder' is not defined. Maybe you want one of the following:   RigidBody   RigidBodyData   BodyBuilder [C:\Users\tmdru\Downloads\files\tests\Tests.fsproj]
C:\Users\tmdru\Downloads\files\tests\PhysicsServiceTests.fs(77,13): error FS0039: The value or constructor 'stepN' is not defined. Maybe you want one of the following:   stdin [C:\Users\tmdru\Downloads\files\tests\Tests.fsproj]
C:\Users\tmdru\Downloads\files\tests\PhysicsServiceTests.fs(83,45): error FS0039: The value or constructor 'rigidBodyBuilder' is not defined. Maybe you want one of the following:   RigidBody   RigidBodyData   BodyBuilder [C:\Users\tmdru\Downloads\files\tests\Tests.fsproj]
C:\Users\tmdru\Downloads\files\tests\PhysicsServiceTests.fs(84,13): error FS0039: The value or constructor 'stepN' is not defined. Maybe you want one of the following:   stdin [C:\Users\tmdru\Downloads\files\tests\Tests.fsproj]
C:\Users\tmdru\Downloads\files\tests\PhysicsServiceTests.fs(90,32): error FS0039: The value or constructor 'rigidBodyBuilder' is not defined. Maybe you want one of the following:   RigidBody   RigidBodyData   BodyBuilder [C:\Users\tmdru\Downloads\files\tests\Tests.fsproj]
C:\Users\tmdru\Downloads\files\tests\PhysicsServiceTests.fs(91,32): error FS0039: The value or constructor 'rigidBodyBuilder' is not defined. Maybe you want one of the following:   RigidBody   RigidBodyData   BodyBuilder [C:\Users\tmdru\Downloads\files\tests\Tests.fsproj]
C:\Users\tmdru\Downloads\files\tests\PhysicsServiceTests.fs(92,13): error FS0039: The value or constructor 'stepN' is not defined. Maybe you want one of the following:   stdin [C:\Users\tmdru\Downloads\files\tests\Tests.fsproj]
C:\Users\tmdru\Downloads\files\tests\PhysicsServiceTests.fs(94,17): error FS0072: Lookup on object of indeterminate type based on information prior to this program point. A type annotation may be needed prior to this program point to constrain the type of the object. This may allow the lookup to be resolved. [C:\Users\tmdru\Downloads\files\tests\Tests.fsproj]
C:\Users\tmdru\Downloads\files\tests\PhysicsServiceTests.fs(94,42): error FS0072: Lookup on object of indeterminate type based on information prior to this program point. A type annotation may be needed prior to this program point to constrain the type of the object. This may allow the lookup to be resolved. [C:\Users\tmdru\Downloads\files\tests\Tests.fsproj]
C:\Users\tmdru\Downloads\files\tests\PhysicsServiceTests.fs(99,32): error FS0039: The value or constructor 'rigidBodyBuilder' is not defined. Maybe you want one of the following:   RigidBody   RigidBodyData   BodyBuilder [C:\Users\tmdru\Downloads\files\tests\Tests.fsproj]
C:\Users\tmdru\Downloads\files\tests\PhysicsServiceTests.fs(100,13): error FS0039: The value or constructor 'stepN' is not defined. Maybe you want one of the following:   stdin [C:\Users\tmdru\Downloads\files\tests\Tests.fsproj]
C:\Users\tmdru\Downloads\files\tests\PhysicsServiceTests.fs(102,45): error FS0072: Lookup on object of indeterminate type based on information prior to this program point. A type annotation may be needed prior to this program point to constrain the type of the object. This may allow the lookup to be resolved. [C:\Users\tmdru\Downloads\files\tests\Tests.fsproj]
C:\Users\tmdru\Downloads\files\tests\PhysicsServiceTests.fs(102,68): error FS0072: Lookup on object of indeterminate type based on information prior to this program point. A type annotation may be needed prior to this program point to constrain the type of the object. This may allow the lookup to be resolved. [C:\Users\tmdru\Downloads\files\tests\Tests.fsproj]
C:\Users\tmdru\Downloads\files\tests\PhysicsServiceTests.fs(105,51): error FS0039: The type 'PositiveInt' is not defined. [C:\Users\tmdru\Downloads\files\tests\Tests.fsproj]
C:\Users\tmdru\Downloads\files\tests\PhysicsServiceTests.fs(108,13): error FS0039: The value or constructor 'stepN' is not defined. Maybe you want one of the following:   steps   stdin [C:\Users\tmdru\Downloads\files\tests\Tests.fsproj]
C:\Users\tmdru\Downloads\files\tests\PhysicsServiceTests.fs(109,45): error FS0072: Lookup on object of indeterminate type based on information prior to this program point. A type annotation may be needed prior to this program point to constrain the type of the object. This may allow the lookup to be resolved. [C:\Users\tmdru\Downloads\files\tests\Tests.fsproj]
C:\Users\tmdru\Downloads\files\tests\SyncThreadSafetyTests.fs(25,13): error FS0039: The record label 'ValidateInvariant' is not defined. [C:\Users\tmdru\Downloads\files\tests\Tests.fsproj]
C:\Users\tmdru\Downloads\files\tests\SyncThreadSafetyTests.fs(18,28): error FS0764: No assignment given for field 'Duration' of type 'TestInfrastructure.Concurrency.StressTest<_>' [C:\Users\tmdru\Downloads\files\tests\Tests.fsproj]
C:\Users\tmdru\Downloads\files\tests\SyncThreadSafetyTests.fs(31,9): error FS0039: The value or constructor 'withAsync' is not defined. [C:\Users\tmdru\Downloads\files\tests\Tests.fsproj]
C:\Users\tmdru\Downloads\files\tests\SyncThreadSafetyTests.fs(39,27): error FS0039: The type 'PhysicsCommandQueue' does not define the field, constructor or member 'CreateFence'. [C:\Users\tmdru\Downloads\files\tests\Tests.fsproj]
C:\Users\tmdru\Downloads\files\tests\SyncThreadSafetyTests.fs(41,35): error FS0039: The value or constructor 'rigidBodyBuilder' is not defined. Maybe you want one of the following:   RigidBody [C:\Users\tmdru\Downloads\files\tests\Tests.fsproj]
C:\Users\tmdru\Downloads\files\tests\SyncThreadSafetyTests.fs(42,24): error FS0001: The type 'unit' is not compatible with the type 'Physics.Service.PhysicsWorld' [C:\Users\tmdru\Downloads\files\tests\Tests.fsproj]
C:\Users\tmdru\Downloads\files\tests\SyncThreadSafetyTests.fs(42,24): error FS0193: Type constraint mismatch. The type     'unit'    is not compatible with type    'Physics.Service.PhysicsWorld' [C:\Users\tmdru\Downloads\files\tests\Tests.fsproj]
C:\Users\tmdru\Downloads\files\tests\SyncThreadSafetyTests.fs(43,13): error FS0072: Lookup on object of indeterminate type based on information prior to this program point. A type annotation may be needed prior to this program point to constrain the type of the object. This may allow the lookup to be resolved. [C:\Users\tmdru\Downloads\files\tests\Tests.fsproj]
C:\Users\tmdru\Downloads\files\tests\SyncThreadSafetyTests.fs(48,27): error FS0039: The type 'PhysicsCommandQueue' does not define the field, constructor or member 'CreateFence'. [C:\Users\tmdru\Downloads\files\tests\Tests.fsproj]
C:\Users\tmdru\Downloads\files\tests\SyncThreadSafetyTests.fs(50,18): error FS0072: Lookup on object of indeterminate type based on information prior to this program point. A type annotation may be needed prior to this program point to constrain the type of the object. This may allow the lookup to be resolved. [C:\Users\tmdru\Downloads\files\tests\Tests.fsproj]
C:\Users\tmdru\Downloads\files\tests\SyncThreadSafetyTests.fs(70,20): error FS0039: The value or constructor 'rigidBodyBuilder' is not defined. Maybe you want one of the following:   RigidBody [C:\Users\tmdru\Downloads\files\tests\Tests.fsproj]
C:\Users\tmdru\Downloads\files\tests\SyncThreadSafetyTests.fs(77,23): error FS0501: The object constructor 'ThreadSafePhysicsManager' takes 2 argument(s) but is here given 0. The required signature is 'new: config: Physics.Service.WorldConfig * targetHz: float -> ThreadSafePhysicsManager'. [C:\Users\tmdru\Downloads\files\tests\Tests.fsproj]
C:\Users\tmdru\Downloads\files\tests\SyncThreadSafetyTests.fs(78,22): error FS0072: Lookup on object of indeterminate type based on information prior to this program point. A type annotation may be needed prior to this program point to constrain the type of the object. This may allow the lookup to be resolved. [C:\Users\tmdru\Downloads\files\tests\Tests.fsproj]
C:\Users\tmdru\Downloads\files\tests\SyncThreadSafetyTests.fs(83,23): error FS0501: The object constructor 'ThreadSafePhysicsManager' takes 2 argument(s) but is here given 0. The required signature is 'new: config: Physics.Service.WorldConfig * targetHz: float -> ThreadSafePhysicsManager'. [C:\Users\tmdru\Downloads\files\tests\Tests.fsproj]
C:\Users\tmdru\Downloads\files\tests\SyncThreadSafetyTests.fs(84,9): error FS0072: Lookup on object of indeterminate type based on information prior to this program point. A type annotation may be needed prior to this program point to constrain the type of the object. This may allow the lookup to be resolved. [C:\Users\tmdru\Downloads\files\tests\Tests.fsproj]
C:\Users\tmdru\Downloads\files\tests\SyncThreadSafetyTests.fs(85,9): error FS0072: Lookup on object of indeterminate type based on information prior to this program point. A type annotation may be needed prior to this program point to constrain the type of the object. This may allow the lookup to be resolved. [C:\Users\tmdru\Downloads\files\tests\Tests.fsproj]
C:\Users\tmdru\Downloads\files\tests\SyncThreadSafetyTests.fs(86,48): error FS0072: Lookup on object of indeterminate type based on information prior to this program point. A type annotation may be needed prior to this program point to constrain the type of the object. This may allow the lookup to be resolved. [C:\Users\tmdru\Downloads\files\tests\Tests.fsproj]
C:\Users\tmdru\Downloads\files\tests\SyncThreadSafetyTests.fs(87,9): error FS0072: Lookup on object of indeterminate type based on information prior to this program point. A type annotation may be needed prior to this program point to constrain the type of the object. This may allow the lookup to be resolved. [C:\Users\tmdru\Downloads\files\tests\Tests.fsproj]
C:\Users\tmdru\Downloads\files\tests\SyncThreadSafetyTests.fs(98,13): error FS0039: The record label 'Validate' is not defined. [C:\Users\tmdru\Downloads\files\tests\Tests.fsproj]
C:\Users\tmdru\Downloads\files\tests\SyncThreadSafetyTests.fs(91,28): error FS0764: No assignment given for field 'Cleanup' of type 'TestInfrastructure.Concurrency.StressTest<_>' [C:\Users\tmdru\Downloads\files\tests\Tests.fsproj]
C:\Users\tmdru\Downloads\files\tests\SyncThreadSafetyTests.fs(103,23): error FS0501: The object constructor 'ThreadSafePhysicsManager' takes 2 argument(s) but is here given 0. The required signature is 'new: config: Physics.Service.WorldConfig * targetHz: float -> ThreadSafePhysicsManager'. [C:\Users\tmdru\Downloads\files\tests\Tests.fsproj]
C:\Users\tmdru\Downloads\files\tests\SyncThreadSafetyTests.fs(104,9): error FS0072: Lookup on object of indeterminate type based on information prior to this program point. A type annotation may be needed prior to this program point to constrain the type of the object. This may allow the lookup to be resolved. [C:\Users\tmdru\Downloads\files\tests\Tests.fsproj]
C:\Users\tmdru\Downloads\files\tests\SyncThreadSafetyTests.fs(105,9): error FS0072: Lookup on object of indeterminate type based on information prior to this program point. A type annotation may be needed prior to this program point to constrain the type of the object. This may allow the lookup to be resolved. [C:\Users\tmdru\Downloads\files\tests\Tests.fsproj]
C:\Users\tmdru\Downloads\files\tests\SyncThreadSafetyTests.fs(110,62): error FS0039: The type 'PositiveInt' is not defined. [C:\Users\tmdru\Downloads\files\tests\Tests.fsproj]
C:\Users\tmdru\Downloads\files\tests\ThreadSafeRandomTests.fs(16,10): error FS0039: The namespace or module 'Random' is not defined. [C:\Users\tmdru\Downloads\files\tests\Tests.fsproj]
C:\Users\tmdru\Downloads\files\tests\ThreadSafeRandomTests.fs(20,19): error FS0039: The value or constructor 'randomBuilder' is not defined. Maybe you want one of the following:   Random [C:\Users\tmdru\Downloads\files\tests\Tests.fsproj]
C:\Users\tmdru\Downloads\files\tests\ThreadSafeRandomTests.fs(21,9): error FS0039: The value or constructor 'withAsync' is not defined. [C:\Users\tmdru\Downloads\files\tests\Tests.fsproj]
C:\Users\tmdru\Downloads\files\tests\ThreadSafeRandomTests.fs(30,19): error FS0039: The value or constructor 'randomBuilder' is not defined. Maybe you want one of the following:   Random [C:\Users\tmdru\Downloads\files\tests\Tests.fsproj]
C:\Users\tmdru\Downloads\files\tests\ThreadSafeRandomTests.fs(31,45): error FS0072: Lookup on object of indeterminate type based on information prior to this program point. A type annotation may be needed prior to this program point to constrain the type of the object. This may allow the lookup to be resolved. [C:\Users\tmdru\Downloads\files\tests\Tests.fsproj]
C:\Users\tmdru\Downloads\files\tests\ThreadSafeRandomTests.fs(32,9): error FS0039: The value or constructor 'shouldBeUniform' is not defined. Maybe you want one of the following:   shouldBeNone   shouldBeUnique   shouldBeUnitVector   shouldBeFinite   shouldBeError [C:\Users\tmdru\Downloads\files\tests\Tests.fsproj]
C:\Users\tmdru\Downloads\files\tests\ThreadSafeRandomTests.fs(36,19): error FS0039: The value or constructor 'randomBuilder' is not defined. Maybe you want one of the following:   Random [C:\Users\tmdru\Downloads\files\tests\Tests.fsproj]
C:\Users\tmdru\Downloads\files\tests\ThreadSafeRandomTests.fs(37,45): error FS0072: Lookup on object of indeterminate type based on information prior to this program point. A type annotation may be needed prior to this program point to constrain the type of the object. This may allow the lookup to be resolved. [C:\Users\tmdru\Downloads\files\tests\Tests.fsproj]
C:\Users\tmdru\Downloads\files\tests\ThreadSafeRandomTests.fs(42,19): error FS0039: The value or constructor 'randomBuilder' is not defined. Maybe you want one of the following:   Random [C:\Users\tmdru\Downloads\files\tests\Tests.fsproj]
C:\Users\tmdru\Downloads\files\tests\ThreadSafeRandomTests.fs(43,45): error FS0072: Lookup on object of indeterminate type based on information prior to this program point. A type annotation may be needed prior to this program point to constrain the type of the object. This may allow the lookup to be resolved. [C:\Users\tmdru\Downloads\files\tests\Tests.fsproj]
C:\Users\tmdru\Downloads\files\tests\ThreadSafeRandomTests.fs(44,9): error FS0039: The value or constructor 'shouldBeNormal' is not defined. Maybe you want one of the following:   shouldBeNormalized   shouldBeOk   shouldBeNone   shouldBeSome   shouldBeInRange [C:\Users\tmdru\Downloads\files\tests\Tests.fsproj]
C:\Users\tmdru\Downloads\files\tests\ThreadSafeRandomTests.fs(45,9): error FS0039: The value or constructor 'shouldHaveMean' is not defined. Maybe you want one of the following:   shouldHaveCount   shouldHaveComplexity   shouldScaleWell   shouldSleep   shouldEqual [C:\Users\tmdru\Downloads\files\tests\Tests.fsproj]
C:\Users\tmdru\Downloads\files\tests\ThreadSafeRandomTests.fs(46,9): error FS0039: The value or constructor 'shouldHaveStdDev' is not defined. Maybe you want one of the following:   shouldSetOutParam   shouldSleep   shouldBeThreadSafe   shouldHaveCount   shouldDetect [C:\Users\tmdru\Downloads\files\tests\Tests.fsproj]
C:\Users\tmdru\Downloads\files\tests\ThreadSafeRandomTests.fs(50,9): error FS0039: The value or constructor 'shouldBeDeterministic' is not defined. Maybe you want one of the following:   shouldBeSymmetric   shouldBeMonotonicWith   shouldBeWithinDistance   shouldBeStrictlyMonotonic   shouldBeMonotonic [C:\Users\tmdru\Downloads\files\tests\Tests.fsproj]
C:\Users\tmdru\Downloads\files\tests\ThreadSafeRandomTests.fs(57,13): error FS0001: None of the types 'bool, Lazy<'a>' support the operator '==>' [C:\Users\tmdru\Downloads\files\tests\Tests.fsproj]
C:\Users\tmdru\Downloads\files\tests\ThreadSafeRandomTests.fs(63,19): error FS0039: The value or constructor 'randomBuilder' is not defined. Maybe you want one of the following:   Random [C:\Users\tmdru\Downloads\files\tests\Tests.fsproj]
C:\Users\tmdru\Downloads\files\tests\ThreadSafeRandomTests.fs(64,45): error FS0072: Lookup on object of indeterminate type based on information prior to this program point. A type annotation may be needed prior to this program point to constrain the type of the object. This may allow the lookup to be resolved. [C:\Users\tmdru\Downloads\files\tests\Tests.fsproj]
C:\Users\tmdru\Downloads\files\tests\ThreadSafeRandomTests.fs(65,9): error FS0039: The value or constructor 'shouldBeUniform' is not defined. Maybe you want one of the following:   shouldBeNone   shouldBeUnique   shouldBeUnitVector   shouldBeFinite   shouldBeError [C:\Users\tmdru\Downloads\files\tests\Tests.fsproj]
C:\Users\tmdru\Downloads\files\tests\ThreadSafeRandomTests.fs(69,9): error FS0039: The value or constructor 'shouldBeIndependent' is not defined. Maybe you want one of the following:   shouldBeIdempotent   shouldBeFinite   shouldBeBounded   shouldBeWithinDistance   shouldBeInvalidHandle [C:\Users\tmdru\Downloads\files\tests\Tests.fsproj]
C:\Users\tmdru\Downloads\files\tests\ThreadSafeRandomTests.fs(76,9): error FS0039: The value or constructor 'shouldNotCollide' is not defined. Maybe you want one of the following:   shouldNotContain   shouldNotDetect   shouldNotOscillate   shouldBeMonotonic   shouldCollide [C:\Users\tmdru\Downloads\files\tests\Tests.fsproj]
C:\Users\tmdru\Downloads\files\tests\ThreadSafeRandomTests.fs(82,9): error FS0039: The value or constructor 'shouldGenerateQuickly' is not defined. Maybe you want one of the following:   shouldBeNormalized   shouldNotEqual   shouldRejectInvalid   shouldBeUnique   shouldScaleSublinearly [C:\Users\tmdru\Downloads\files\tests\Tests.fsproj]
C:\Users\tmdru\Downloads\files\tests\ThreadSafeRandomTests.fs(91,23): error FS0039: The value or constructor 'randomBuilder' is not defined. Maybe you want one of the following:   Random [C:\Users\tmdru\Downloads\files\tests\Tests.fsproj]
C:\Users\tmdru\Downloads\files\tests\ThreadSafeRandomTests.fs(94,17): error FS0072: Lookup on object of indeterminate type based on information prior to this program point. A type annotation may be needed prior to this program point to constrain the type of the object. This may allow the lookup to be resolved. [C:\Users\tmdru\Downloads\files\tests\Tests.fsproj]
C:\Users\tmdru\Downloads\files\tests\ThreadSafeRandomTests.fs(98,9): error FS0039: The value or constructor 'forAllSeeds' is not defined. Maybe you want one of the following:   forAll   forAllGraphs   forAllWith [C:\Users\tmdru\Downloads\files\tests\Tests.fsproj]
C:\Users\tmdru\Downloads\files\tests\UnitsOfMeasureTests.fs(28,19): error FS0033: The non-generic type 'TestInfrastructure.Core.Vector3' does not expect any type arguments, but here is given 1 type argument(s) [C:\Users\tmdru\Downloads\files\tests\Tests.fsproj]
C:\Users\tmdru\Downloads\files\tests\UnitsOfMeasureTests.fs(29,19): error FS0033: The non-generic type 'TestInfrastructure.Core.Vector3' does not expect any type arguments, but here is given 1 type argument(s) [C:\Users\tmdru\Downloads\files\tests\Tests.fsproj]
C:\Users\tmdru\Downloads\files\tests\UnitsOfMeasureTests.fs(28,19): error FS0033: The non-generic type 'TestInfrastructure.Core.Vector3' does not expect any type arguments, but here is given 1 type argument(s) [C:\Users\tmdru\Downloads\files\tests\Tests.fsproj]
C:\Users\tmdru\Downloads\files\tests\UnitsOfMeasureTests.fs(29,19): error FS0033: The non-generic type 'TestInfrastructure.Core.Vector3' does not expect any type arguments, but here is given 1 type argument(s) [C:\Users\tmdru\Downloads\files\tests\Tests.fsproj]
C:\Users\tmdru\Downloads\files\tests\UnitsOfMeasureTests.fs(95,24): error FS0800: Invalid use of a type name [C:\Users\tmdru\Downloads\files\tests\Tests.fsproj]
C:\Users\tmdru\Downloads\files\tests\UnitsOfMeasureTests.fs(96,24): error FS0800: Invalid use of a type name [C:\Users\tmdru\Downloads\files\tests\Tests.fsproj]
C:\Users\tmdru\Downloads\files\tests\UnitsOfMeasureTests.fs(99,56): error FS0001: The type 'obj' does not match the type 'float<'u>' [C:\Users\tmdru\Downloads\files\tests\Tests.fsproj]
C:\Users\tmdru\Downloads\files\tests\UnitsOfMeasureTests.fs(99,54): error FS0043: The type 'obj' does not match the type 'float<'u>' [C:\Users\tmdru\Downloads\files\tests\Tests.fsproj]
C:\Users\tmdru\Downloads\files\tests\UnitsOfMeasureTests.fs(106,19): error FS0800: Invalid use of a type name [C:\Users\tmdru\Downloads\files\tests\Tests.fsproj]
C:\Users\tmdru\Downloads\files\tests\UnitsOfMeasureTests.fs(107,19): error FS0800: Invalid use of a type name [C:\Users\tmdru\Downloads\files\tests\Tests.fsproj]
C:\Users\tmdru\Downloads\files\tests\UnitsOfMeasureTests.fs(108,19): error FS0800: Invalid use of a type name [C:\Users\tmdru\Downloads\files\tests\Tests.fsproj]
C:\Users\tmdru\Downloads\files\tests\UnitsOfMeasureTests.fs(110,21): error FS0033: The non-generic type 'TestInfrastructure.Core.Vector3' does not expect any type arguments, but here is given 1 type argument(s) [C:\Users\tmdru\Downloads\files\tests\Tests.fsproj]
C:\Users\tmdru\Downloads\files\tests\UnitsOfMeasureTests.fs(111,21): error FS0033: The non-generic type 'TestInfrastructure.Core.Vector3' does not expect any type arguments, but here is given 1 type argument(s) [C:\Users\tmdru\Downloads\files\tests\Tests.fsproj]
C:\Users\tmdru\Downloads\files\tests\UnitsOfMeasureTests.fs(113,49): error FS0039: The type 'Double' does not define the field, constructor or member 'X'. [C:\Users\tmdru\Downloads\files\tests\Tests.fsproj]
C:\Users\tmdru\Downloads\files\tests\UnitsOfMeasureTests.fs(114,53): error FS0039: The type 'Double' does not define the field, constructor or member 'Y'. [C:\Users\tmdru\Downloads\files\tests\Tests.fsproj]
C:\Users\tmdru\Downloads\files\tests\UnitsOfMeasureTests.fs(160,13): error FS0001: None of the types 'bool, Lazy<'a>' support the operator '==>' [C:\Users\tmdru\Downloads\files\tests\Tests.fsproj]
C:\Users\tmdru\Downloads\files\tests\UnitsOfMeasureTests.fs(159,17): error FS0043: None of the types 'bool, Lazy<'a>' support the operator '==>' [C:\Users\tmdru\Downloads\files\tests\Tests.fsproj]
C:\Users\tmdru\Downloads\files\tests\UnitsOfMeasureTests.fs(168,30): error FS0001: The type 'PositiveInt' does not support a conversion to the type 'float' [C:\Users\tmdru\Downloads\files\tests\Tests.fsproj]
C:\Users\tmdru\Downloads\files\tests\UnitsOfMeasureTests.fs(169,26): error FS0001: The type 'PositiveInt' does not support a conversion to the type 'float' [C:\Users\tmdru\Downloads\files\tests\Tests.fsproj]
C:\Users\tmdru\Downloads\files\tests\UnitsOfMeasureTests.fs(171,33): error FS0001: The type 'PositiveInt' does not support a conversion to the type 'float' [C:\Users\tmdru\Downloads\files\tests\Tests.fsproj]
C:\Users\tmdru\Downloads\files\tests\UnitsOfMeasureTests.fs(171,43): error FS0001: The type 'PositiveInt' does not support a conversion to the type 'float' [C:\Users\tmdru\Downloads\files\tests\Tests.fsproj]
C:\Users\tmdru\Downloads\files\tests\UnitsOfMeasureTests.fs(175,27): error FS0001: The type 'PositiveInt' does not support a conversion to the type 'float' [C:\Users\tmdru\Downloads\files\tests\Tests.fsproj]
C:\Users\tmdru\Downloads\files\tests\UnitsOfMeasureTests.fs(176,30): error FS0001: The type 'PositiveInt' does not support a conversion to the type 'float' [C:\Users\tmdru\Downloads\files\tests\Tests.fsproj]
C:\Users\tmdru\Downloads\files\tests\UnitsOfMeasureTests.fs(178,31): error FS0001: The type 'PositiveInt' does not support a conversion to the type 'float' [C:\Users\tmdru\Downloads\files\tests\Tests.fsproj]
C:\Users\tmdru\Downloads\files\tests\UnitsOfMeasureTests.fs(178,41): error FS0001: The type 'PositiveInt' does not support a conversion to the type 'float' [C:\Users\tmdru\Downloads\files\tests\Tests.fsproj]
    14 Warning(s)
    181 Error(s)

Time Elapsed 00:00:08.05
