C:\Program Files\dotnet\sdk\8.0.415\Microsoft.Common.CurrentVersion.targets(2412,5): warning MSB3277: Found conflicts between different versions of "Microsoft.Extensions.Logging.Abstractions" that could not be resolved. [c:\Users\tmdru\Downloads\files\tests\Tests.fsproj]
C:\Program Files\dotnet\sdk\8.0.415\Microsoft.Common.CurrentVersion.targets(2412,5): warning MSB3277: There was a conflict between "Microsoft.Extensions.Logging.Abstractions, Version=6.0.0.0, Culture=neutral, PublicKeyToken=adb9793829ddae60" and "Microsoft.Extensions.Logging.Abstractions, Version=8.0.0.0, Culture=neutral, PublicKeyToken=adb9793829ddae60". [c:\Users\tmdru\Downloads\files\tests\Tests.fsproj]
C:\Program Files\dotnet\sdk\8.0.415\Microsoft.Common.CurrentVersion.targets(2412,5): warning MSB3277:     "Microsoft.Extensions.Logging.Abstractions, Version=6.0.0.0, Culture=neutral, PublicKeyToken=adb9793829ddae60" was chosen because it was primary and "Microsoft.Extensions.Logging.Abstractions, Version=8.0.0.0, Culture=neutral, PublicKeyToken=adb9793829ddae60" was not. [c:\Users\tmdru\Downloads\files\tests\Tests.fsproj]
C:\Program Files\dotnet\sdk\8.0.415\Microsoft.Common.CurrentVersion.targets(2412,5): warning MSB3277:     References which depend on "Microsoft.Extensions.Logging.Abstractions, Version=6.0.0.0, Culture=neutral, PublicKeyToken=adb9793829ddae60" [C:\Users\tmdru\.nuget\packages\microsoft.extensions.logging.abstractions\6.0.0\lib\net6.0\Microsoft.Extensions.Logging.Abstractions.dll]. [c:\Users\tmdru\Downloads\files\tests\Tests.fsproj]
C:\Program Files\dotnet\sdk\8.0.415\Microsoft.Common.CurrentVersion.targets(2412,5): warning MSB3277:         C:\Users\tmdru\.nuget\packages\microsoft.extensions.logging.abstractions\6.0.0\lib\net6.0\Microsoft.Extensions.Logging.Abstractions.dll [c:\Users\tmdru\Downloads\files\tests\Tests.fsproj]
C:\Program Files\dotnet\sdk\8.0.415\Microsoft.Common.CurrentVersion.targets(2412,5): warning MSB3277:           Project file item includes which caused reference "C:\Users\tmdru\.nuget\packages\microsoft.extensions.logging.abstractions\6.0.0\lib\net6.0\Microsoft.Extensions.Logging.Abstractions.dll". [c:\Users\tmdru\Downloads\files\tests\Tests.fsproj]
C:\Program Files\dotnet\sdk\8.0.415\Microsoft.Common.CurrentVersion.targets(2412,5): warning MSB3277:             C:\Users\tmdru\.nuget\packages\microsoft.extensions.logging.abstractions\6.0.0\lib\net6.0\Microsoft.Extensions.Logging.Abstractions.dll [c:\Users\tmdru\Downloads\files\tests\Tests.fsproj]
C:\Program Files\dotnet\sdk\8.0.415\Microsoft.Common.CurrentVersion.targets(2412,5): warning MSB3277:     References which depend on or have been unified to "Microsoft.Extensions.Logging.Abstractions, Version=8.0.0.0, Culture=neutral, PublicKeyToken=adb9793829ddae60" []. [c:\Users\tmdru\Downloads\files\tests\Tests.fsproj]
C:\Program Files\dotnet\sdk\8.0.415\Microsoft.Common.CurrentVersion.targets(2412,5): warning MSB3277:         c:\Users\tmdru\Downloads\files\src\bin\Debug\net8.0\Server.dll [c:\Users\tmdru\Downloads\files\tests\Tests.fsproj]
C:\Program Files\dotnet\sdk\8.0.415\Microsoft.Common.CurrentVersion.targets(2412,5): warning MSB3277:           Project file item includes which caused reference "c:\Users\tmdru\Downloads\files\src\bin\Debug\net8.0\Server.dll". [c:\Users\tmdru\Downloads\files\tests\Tests.fsproj]
C:\Program Files\dotnet\sdk\8.0.415\Microsoft.Common.CurrentVersion.targets(2412,5): warning MSB3277:             Server [c:\Users\tmdru\Downloads\files\tests\Tests.fsproj]
C:\Program Files\dotnet\sdk\8.0.415\Microsoft.Common.CurrentVersion.targets(2412,5): warning MSB3277:         c:\Users\tmdru\Downloads\files\src\bin\Debug\net8.0\Giraffe.dll [c:\Users\tmdru\Downloads\files\tests\Tests.fsproj]
C:\Program Files\dotnet\sdk\8.0.415\Microsoft.Common.CurrentVersion.targets(2412,5): warning MSB3277:           Project file item includes which caused reference "c:\Users\tmdru\Downloads\files\src\bin\Debug\net8.0\Giraffe.dll". [c:\Users\tmdru\Downloads\files\tests\Tests.fsproj]
C:\Program Files\dotnet\sdk\8.0.415\Microsoft.Common.CurrentVersion.targets(2412,5): warning MSB3277:             Server [c:\Users\tmdru\Downloads\files\tests\Tests.fsproj]
C:\Program Files\dotnet\sdk\8.0.415\Microsoft.Common.CurrentVersion.targets(2412,5): warning MSB3277: Found conflicts between different versions of "Microsoft.Extensions.DependencyInjection.Abstractions" that could not be resolved. [c:\Users\tmdru\Downloads\files\tests\Tests.fsproj]
C:\Program Files\dotnet\sdk\8.0.415\Microsoft.Common.CurrentVersion.targets(2412,5): warning MSB3277: There was a conflict between "Microsoft.Extensions.DependencyInjection.Abstractions, Version=6.0.0.0, Culture=neutral, PublicKeyToken=adb9793829ddae60" and "Microsoft.Extensions.DependencyInjection.Abstractions, Version=8.0.0.0, Culture=neutral, PublicKeyToken=adb9793829ddae60". [c:\Users\tmdru\Downloads\files\tests\Tests.fsproj]
C:\Program Files\dotnet\sdk\8.0.415\Microsoft.Common.CurrentVersion.targets(2412,5): warning MSB3277:     "Microsoft.Extensions.DependencyInjection.Abstractions, Version=6.0.0.0, Culture=neutral, PublicKeyToken=adb9793829ddae60" was chosen because it was primary and "Microsoft.Extensions.DependencyInjection.Abstractions, Version=8.0.0.0, Culture=neutral, PublicKeyToken=adb9793829ddae60" was not. [c:\Users\tmdru\Downloads\files\tests\Tests.fsproj]
C:\Program Files\dotnet\sdk\8.0.415\Microsoft.Common.CurrentVersion.targets(2412,5): warning MSB3277:     References which depend on "Microsoft.Extensions.DependencyInjection.Abstractions, Version=6.0.0.0, Culture=neutral, PublicKeyToken=adb9793829ddae60" [C:\Users\tmdru\.nuget\packages\microsoft.extensions.dependencyinjection.abstractions\6.0.0\lib\net6.0\Microsoft.Extensions.DependencyInjection.Abstractions.dll]. [c:\Users\tmdru\Downloads\files\tests\Tests.fsproj]
C:\Program Files\dotnet\sdk\8.0.415\Microsoft.Common.CurrentVersion.targets(2412,5): warning MSB3277:         C:\Users\tmdru\.nuget\packages\microsoft.extensions.dependencyinjection.abstractions\6.0.0\lib\net6.0\Microsoft.Extensions.DependencyInjection.Abstractions.dll [c:\Users\tmdru\Downloads\files\tests\Tests.fsproj]
C:\Program Files\dotnet\sdk\8.0.415\Microsoft.Common.CurrentVersion.targets(2412,5): warning MSB3277:           Project file item includes which caused reference "C:\Users\tmdru\.nuget\packages\microsoft.extensions.dependencyinjection.abstractions\6.0.0\lib\net6.0\Microsoft.Extensions.DependencyInjection.Abstractions.dll". [c:\Users\tmdru\Downloads\files\tests\Tests.fsproj]
C:\Program Files\dotnet\sdk\8.0.415\Microsoft.Common.CurrentVersion.targets(2412,5): warning MSB3277:             C:\Users\tmdru\.nuget\packages\microsoft.extensions.dependencyinjection.abstractions\6.0.0\lib\net6.0\Microsoft.Extensions.DependencyInjection.Abstractions.dll [c:\Users\tmdru\Downloads\files\tests\Tests.fsproj]
C:\Program Files\dotnet\sdk\8.0.415\Microsoft.Common.CurrentVersion.targets(2412,5): warning MSB3277:     References which depend on or have been unified to "Microsoft.Extensions.DependencyInjection.Abstractions, Version=8.0.0.0, Culture=neutral, PublicKeyToken=adb9793829ddae60" []. [c:\Users\tmdru\Downloads\files\tests\Tests.fsproj]
C:\Program Files\dotnet\sdk\8.0.415\Microsoft.Common.CurrentVersion.targets(2412,5): warning MSB3277:         c:\Users\tmdru\Downloads\files\src\bin\Debug\net8.0\Server.dll [c:\Users\tmdru\Downloads\files\tests\Tests.fsproj]
C:\Program Files\dotnet\sdk\8.0.415\Microsoft.Common.CurrentVersion.targets(2412,5): warning MSB3277:           Project file item includes which caused reference "c:\Users\tmdru\Downloads\files\src\bin\Debug\net8.0\Server.dll". [c:\Users\tmdru\Downloads\files\tests\Tests.fsproj]
C:\Program Files\dotnet\sdk\8.0.415\Microsoft.Common.CurrentVersion.targets(2412,5): warning MSB3277:             Server [c:\Users\tmdru\Downloads\files\tests\Tests.fsproj]
C:\Program Files\dotnet\sdk\8.0.415\Microsoft.Common.CurrentVersion.targets(2412,5): warning MSB3277:         c:\Users\tmdru\Downloads\files\src\bin\Debug\net8.0\Giraffe.dll [c:\Users\tmdru\Downloads\files\tests\Tests.fsproj]
C:\Program Files\dotnet\sdk\8.0.415\Microsoft.Common.CurrentVersion.targets(2412,5): warning MSB3277:           Project file item includes which caused reference "c:\Users\tmdru\Downloads\files\src\bin\Debug\net8.0\Giraffe.dll". [c:\Users\tmdru\Downloads\files\tests\Tests.fsproj]
C:\Program Files\dotnet\sdk\8.0.415\Microsoft.Common.CurrentVersion.targets(2412,5): warning MSB3277:             Server [c:\Users\tmdru\Downloads\files\tests\Tests.fsproj]
C:\Program Files\dotnet\sdk\8.0.415\Microsoft.Common.CurrentVersion.targets(2412,5): warning MSB3277: Found conflicts between different versions of "Microsoft.Extensions.Primitives" that could not be resolved. [c:\Users\tmdru\Downloads\files\tests\Tests.fsproj]
C:\Program Files\dotnet\sdk\8.0.415\Microsoft.Common.CurrentVersion.targets(2412,5): warning MSB3277: There was a conflict between "Microsoft.Extensions.Primitives, Version=6.0.0.0, Culture=neutral, PublicKeyToken=adb9793829ddae60" and "Microsoft.Extensions.Primitives, Version=8.0.0.0, Culture=neutral, PublicKeyToken=adb9793829ddae60". [c:\Users\tmdru\Downloads\files\tests\Tests.fsproj]
C:\Program Files\dotnet\sdk\8.0.415\Microsoft.Common.CurrentVersion.targets(2412,5): warning MSB3277:     "Microsoft.Extensions.Primitives, Version=6.0.0.0, Culture=neutral, PublicKeyToken=adb9793829ddae60" was chosen because it was primary and "Microsoft.Extensions.Primitives, Version=8.0.0.0, Culture=neutral, PublicKeyToken=adb9793829ddae60" was not. [c:\Users\tmdru\Downloads\files\tests\Tests.fsproj]
C:\Program Files\dotnet\sdk\8.0.415\Microsoft.Common.CurrentVersion.targets(2412,5): warning MSB3277:     References which depend on "Microsoft.Extensions.Primitives, Version=6.0.0.0, Culture=neutral, PublicKeyToken=adb9793829ddae60" [C:\Users\tmdru\.nuget\packages\microsoft.extensions.primitives\6.0.0\lib\net6.0\Microsoft.Extensions.Primitives.dll]. [c:\Users\tmdru\Downloads\files\tests\Tests.fsproj]
C:\Program Files\dotnet\sdk\8.0.415\Microsoft.Common.CurrentVersion.targets(2412,5): warning MSB3277:         C:\Users\tmdru\.nuget\packages\microsoft.extensions.primitives\6.0.0\lib\net6.0\Microsoft.Extensions.Primitives.dll [c:\Users\tmdru\Downloads\files\tests\Tests.fsproj]
C:\Program Files\dotnet\sdk\8.0.415\Microsoft.Common.CurrentVersion.targets(2412,5): warning MSB3277:           Project file item includes which caused reference "C:\Users\tmdru\.nuget\packages\microsoft.extensions.primitives\6.0.0\lib\net6.0\Microsoft.Extensions.Primitives.dll". [c:\Users\tmdru\Downloads\files\tests\Tests.fsproj]
C:\Program Files\dotnet\sdk\8.0.415\Microsoft.Common.CurrentVersion.targets(2412,5): warning MSB3277:             C:\Users\tmdru\.nuget\packages\microsoft.extensions.primitives\6.0.0\lib\net6.0\Microsoft.Extensions.Primitives.dll [c:\Users\tmdru\Downloads\files\tests\Tests.fsproj]
C:\Program Files\dotnet\sdk\8.0.415\Microsoft.Common.CurrentVersion.targets(2412,5): warning MSB3277:     References which depend on or have been unified to "Microsoft.Extensions.Primitives, Version=8.0.0.0, Culture=neutral, PublicKeyToken=adb9793829ddae60" []. [c:\Users\tmdru\Downloads\files\tests\Tests.fsproj]
C:\Program Files\dotnet\sdk\8.0.415\Microsoft.Common.CurrentVersion.targets(2412,5): warning MSB3277:         c:\Users\tmdru\Downloads\files\src\bin\Debug\net8.0\Giraffe.dll [c:\Users\tmdru\Downloads\files\tests\Tests.fsproj]
C:\Program Files\dotnet\sdk\8.0.415\Microsoft.Common.CurrentVersion.targets(2412,5): warning MSB3277:           Project file item includes which caused reference "c:\Users\tmdru\Downloads\files\src\bin\Debug\net8.0\Giraffe.dll". [c:\Users\tmdru\Downloads\files\tests\Tests.fsproj]
C:\Program Files\dotnet\sdk\8.0.415\Microsoft.Common.CurrentVersion.targets(2412,5): warning MSB3277:             Server [c:\Users\tmdru\Downloads\files\tests\Tests.fsproj]
c:\Users\tmdru\Downloads\files\tests\AlgebraicLaws.fs(55,40): warning FS0064: This construct causes code to be less generic than indicated by the type annotations. The type variable 'B has been constrained to be type ''A'. [c:\Users\tmdru\Downloads\files\tests\Tests.fsproj]
c:\Users\tmdru\Downloads\files\tests\AlgebraicLaws.fs(55,62): warning FS0064: This construct causes code to be less generic than indicated by the type annotations. The type variable 'C has been constrained to be type ''A'. [c:\Users\tmdru\Downloads\files\tests\Tests.fsproj]
c:\Users\tmdru\Downloads\files\tests\AlgebraicLaws.fs(68,41): warning FS0064: This construct causes code to be less generic than indicated by the type annotations. The type variable 'B has been constrained to be type ''A'. [c:\Users\tmdru\Downloads\files\tests\Tests.fsproj]
c:\Users\tmdru\Downloads\files\tests\Assertions.fs(128,40): warning FS0064: This construct causes code to be less generic than indicated by the type annotations. The type variable 'T has been constrained to be type 'unit'. [c:\Users\tmdru\Downloads\files\tests\Tests.fsproj]
c:\Users\tmdru\Downloads\files\tests\AcceptanceTests.fs(74,80): error FS0001: None of the types 'bool, Lazy<'a>' support the operator '==>' [c:\Users\tmdru\Downloads\files\tests\Tests.fsproj]
c:\Users\tmdru\Downloads\files\tests\AcceptanceTests.fs(74,76): error FS0043: None of the types 'bool, Lazy<'a>' support the operator '==>' [c:\Users\tmdru\Downloads\files\tests\Tests.fsproj]
c:\Users\tmdru\Downloads\files\tests\AdaptiveConfigTests.fs(57,37): error FS0039: The value, constructor, namespace or type 'Default' is not defined. [c:\Users\tmdru\Downloads\files\tests\Tests.fsproj]
c:\Users\tmdru\Downloads\files\tests\AdaptiveConfigTests.fs(70,39): error FS0039: The value, constructor, namespace or type 'Default' is not defined. [c:\Users\tmdru\Downloads\files\tests\Tests.fsproj]
c:\Users\tmdru\Downloads\files\tests\AdaptiveConfigTests.fs(77,34): error FS0039: The value, constructor, namespace or type 'Default' is not defined. [c:\Users\tmdru\Downloads\files\tests\Tests.fsproj]
c:\Users\tmdru\Downloads\files\tests\CacheTests.fs(33,29): error FS0002: This function takes too many arguments, or is used in a context where a function is not expected [c:\Users\tmdru\Downloads\files\tests\Tests.fsproj]
c:\Users\tmdru\Downloads\files\tests\CacheTests.fs(91,46): error FS0039: The value, constructor, namespace or type 'Default' is not defined. [c:\Users\tmdru\Downloads\files\tests\Tests.fsproj]
c:\Users\tmdru\Downloads\files\tests\ConstraintsTests.fs(64,62): error FS0039: The value, constructor, namespace or type 'boundary' is not defined. [c:\Users\tmdru\Downloads\files\tests\Tests.fsproj]
c:\Users\tmdru\Downloads\files\tests\ConstraintsTests.fs(65,56): error FS0039: The value, constructor, namespace or type 'boundary' is not defined. [c:\Users\tmdru\Downloads\files\tests\Tests.fsproj]
c:\Users\tmdru\Downloads\files\tests\ConstraintsTests.fs(73,48): error FS0039: The value, constructor, namespace or type 'boundary' is not defined. [c:\Users\tmdru\Downloads\files\tests\Tests.fsproj]
c:\Users\tmdru\Downloads\files\tests\ConstraintsTests.fs(99,88): error FS0001: Type mismatch. Expecting a    'SpatialGraph<NodeType>'    but given a    'SpatialGraph<int>'    The type 'NodeType' does not match the type 'int' [c:\Users\tmdru\Downloads\files\tests\Tests.fsproj]
c:\Users\tmdru\Downloads\files\tests\ConstraintsTests.fs(100,88): error FS0001: Type mismatch. Expecting a    'SpatialGraph<NodeType>'    but given a    'SpatialGraph<int>'    The type 'NodeType' does not match the type 'int' [c:\Users\tmdru\Downloads\files\tests\Tests.fsproj]
c:\Users\tmdru\Downloads\files\tests\ConstraintsTests.fs(108,50): error FS0001: Type mismatch. Expecting a    'SpatialGraph<NodeType>'    but given a    'SpatialGraph<int>'    The type 'NodeType' does not match the type 'int' [c:\Users\tmdru\Downloads\files\tests\Tests.fsproj]
c:\Users\tmdru\Downloads\files\tests\ConstraintsTests.fs(108,90): error FS0001: Type mismatch. Expecting a    'SpatialGraph<NodeType>'    but given a    'SpatialGraph<int>'    The type 'NodeType' does not match the type 'int' [c:\Users\tmdru\Downloads\files\tests\Tests.fsproj]
c:\Users\tmdru\Downloads\files\tests\ConstraintsTests.fs(114,64): error FS0001: This expression was expected to have type    'SpatialGraph<NodeType>'    but here has type    'Graph' [c:\Users\tmdru\Downloads\files\tests\Tests.fsproj]
c:\Users\tmdru\Downloads\files\tests\SpatialHashTests.fs(22,30): error FS0001: This expression was expected to have type    'System.Numerics.Vector3'    but here has type    'TestInfrastructure.Core.Vector3' [c:\Users\tmdru\Downloads\files\tests\Tests.fsproj]
c:\Users\tmdru\Downloads\files\tests\SpatialHashTests.fs(22,30): error FS0001: This expression was expected to have type    'System.Numerics.Vector3'    but here has type    'TestInfrastructure.Core.Vector3' [c:\Users\tmdru\Downloads\files\tests\Tests.fsproj]
c:\Users\tmdru\Downloads\files\tests\SpatialHashTests.fs(22,45): error FS0001: This expression was expected to have type    'System.Numerics.Vector3'    but here has type    'TestInfrastructure.Core.Vector3' [c:\Users\tmdru\Downloads\files\tests\Tests.fsproj]
c:\Users\tmdru\Downloads\files\tests\SpatialHashTests.fs(22,45): error FS0001: This expression was expected to have type    'System.Numerics.Vector3'    but here has type    'TestInfrastructure.Core.Vector3' [c:\Users\tmdru\Downloads\files\tests\Tests.fsproj]
c:\Users\tmdru\Downloads\files\tests\SpatialHashTests.fs(27,48): error FS0001: Type mismatch. Expecting a    'TestInfrastructure.Core.Vector3 Microsoft.FSharp.Core.array'    but given a    'System.Numerics.Vector3 Microsoft.FSharp.Core.array'    The type 'TestInfrastructure.Core.Vector3' does not match the type 'System.Numerics.Vector3' [c:\Users\tmdru\Downloads\files\tests\Tests.fsproj]
c:\Users\tmdru\Downloads\files\tests\SpatialHashTests.fs(63,26): error FS0039: The value, constructor, namespace or type 'intersect' is not defined. Maybe you want one of the following:   insertAt [c:\Users\tmdru\Downloads\files\tests\Tests.fsproj]
c:\Users\tmdru\Downloads\files\tests\SpatialHashTests.fs(75,47): error FS0001: Type mismatch. Expecting a    'TestInfrastructure.Core.Vector3 Microsoft.FSharp.Core.array'    but given a    'System.Numerics.Vector3 Microsoft.FSharp.Core.array'    The type 'TestInfrastructure.Core.Vector3' does not match the type 'System.Numerics.Vector3' [c:\Users\tmdru\Downloads\files\tests\Tests.fsproj]
c:\Users\tmdru\Downloads\files\tests\SpatialHashTests.fs(75,83): error FS0001: Type mismatch. Expecting a    'TestInfrastructure.Core.Vector3 Microsoft.FSharp.Core.array'    but given a    'System.Numerics.Vector3 Microsoft.FSharp.Core.array'    The type 'TestInfrastructure.Core.Vector3' does not match the type 'System.Numerics.Vector3' [c:\Users\tmdru\Downloads\files\tests\Tests.fsproj]
c:\Users\tmdru\Downloads\files\tests\SpatialHashTests.fs(80,52): error FS0001: Type mismatch. Expecting a    'TestInfrastructure.Core.Vector3 Microsoft.FSharp.Core.array'    but given a    'System.Numerics.Vector3 Microsoft.FSharp.Core.array'    The type 'TestInfrastructure.Core.Vector3' does not match the type 'System.Numerics.Vector3' [c:\Users\tmdru\Downloads\files\tests\Tests.fsproj]
c:\Users\tmdru\Downloads\files\tests\PhysicsQueriesTests.fs(17,56): error FS0001: This expression was expected to have type    'float'    but here has type    'float32' [c:\Users\tmdru\Downloads\files\tests\Tests.fsproj]
c:\Users\tmdru\Downloads\files\tests\PhysicsQueriesTests.fs(29,23): error FS0001: The type 'PhysicsWorld' is not compatible with the type 'Physics.Service.PhysicsWorld' [c:\Users\tmdru\Downloads\files\tests\Tests.fsproj]
c:\Users\tmdru\Downloads\files\tests\PhysicsQueriesTests.fs(29,29): error FS0001: This expression was expected to have type    'Physics.Queries.Ray'    but here has type    'TestInfrastructure.Builders.Ray' [c:\Users\tmdru\Downloads\files\tests\Tests.fsproj]
c:\Users\tmdru\Downloads\files\tests\PhysicsQueriesTests.fs(30,11): error FS0001: This expression was expected to have type    'QueryFilter -> RaycastHit option'    but here has type    ''a option' [c:\Users\tmdru\Downloads\files\tests\Tests.fsproj]
c:\Users\tmdru\Downloads\files\tests\PhysicsQueriesTests.fs(31,41): error FS0001: This expression was expected to have type    'float32'    but here has type    'float' [c:\Users\tmdru\Downloads\files\tests\Tests.fsproj]
c:\Users\tmdru\Downloads\files\tests\PhysicsQueriesTests.fs(32,32): error FS0001: This expression was expected to have type    'TestInfrastructure.Core.Vector3'    but here has type    'System.Numerics.Vector3' [c:\Users\tmdru\Downloads\files\tests\Tests.fsproj]
c:\Users\tmdru\Downloads\files\tests\PhysicsQueriesTests.fs(34,11): error FS0001: This expression was expected to have type    'QueryFilter -> RaycastHit option'    but here has type    ''a option' [c:\Users\tmdru\Downloads\files\tests\Tests.fsproj]
c:\Users\tmdru\Downloads\files\tests\PhysicsQueriesTests.fs(29,15): warning FS0025: Incomplete pattern matches on this expression. [c:\Users\tmdru\Downloads\files\tests\Tests.fsproj]
c:\Users\tmdru\Downloads\files\tests\PhysicsQueriesTests.fs(58,23): error FS0001: The type 'PhysicsWorld' is not compatible with the type 'Physics.Service.PhysicsWorld' [c:\Users\tmdru\Downloads\files\tests\Tests.fsproj]
c:\Users\tmdru\Downloads\files\tests\PhysicsQueriesTests.fs(58,29): error FS0001: This expression was expected to have type    'Physics.Queries.Ray'    but here has type    'TestInfrastructure.Builders.Ray' [c:\Users\tmdru\Downloads\files\tests\Tests.fsproj]
c:\Users\tmdru\Downloads\files\tests\PhysicsQueriesTests.fs(59,11): error FS0001: This expression was expected to have type    'QueryFilter -> RaycastHit option'    but here has type    ''a option' [c:\Users\tmdru\Downloads\files\tests\Tests.fsproj]
c:\Users\tmdru\Downloads\files\tests\PhysicsQueriesTests.fs(59,51): error FS0001: This expression was expected to have type    'float'    but here has type    'float32' [c:\Users\tmdru\Downloads\files\tests\Tests.fsproj]
c:\Users\tmdru\Downloads\files\tests\PhysicsQueriesTests.fs(59,75): error FS0001: This expression was expected to have type    'float'    but here has type    'float32' [c:\Users\tmdru\Downloads\files\tests\Tests.fsproj]
c:\Users\tmdru\Downloads\files\tests\PhysicsQueriesTests.fs(60,11): error FS0001: This expression was expected to have type    'QueryFilter -> RaycastHit option'    but here has type    ''a option' [c:\Users\tmdru\Downloads\files\tests\Tests.fsproj]
c:\Users\tmdru\Downloads\files\tests\PhysicsQueriesTests.fs(58,15): warning FS0025: Incomplete pattern matches on this expression. [c:\Users\tmdru\Downloads\files\tests\Tests.fsproj]
c:\Users\tmdru\Downloads\files\tests\PhysicsQueriesTests.fs(70,9): error FS3214: Method or object constructor 'Length' is not static [c:\Users\tmdru\Downloads\files\tests\Tests.fsproj]
c:\Users\tmdru\Downloads\files\tests\PhysicsQueriesTests.fs(71,13): error FS0001: None of the types 'bool, Lazy<'a>' support the operator '==>' [c:\Users\tmdru\Downloads\files\tests\Tests.fsproj]
c:\Users\tmdru\Downloads\files\tests\PhysicsQueriesTests.fs(70,43): error FS0043: None of the types 'bool, Lazy<'a>' support the operator '==>' [c:\Users\tmdru\Downloads\files\tests\Tests.fsproj]
c:\Users\tmdru\Downloads\files\tests\PhysicsServiceTests.fs(18,45): error FS0001: This expression was expected to have type    'RigidBodyData'    but here has type    'RigidBody' [c:\Users\tmdru\Downloads\files\tests\Tests.fsproj]
c:\Users\tmdru\Downloads\files\tests\PhysicsServiceTests.fs(21,13): warning FS0020: The result of this expression has type 'bool' and is implicitly ignored. Consider using 'ignore' to discard this value explicitly, e.g. 'expr |> ignore', or 'let' to bind the result to a name, e.g. 'let result = expr'. [c:\Users\tmdru\Downloads\files\tests\Tests.fsproj]
c:\Users\tmdru\Downloads\files\tests\PhysicsServiceTests.fs(27,45): error FS0193: Type constraint mismatch. The type     'RigidBody'    is not compatible with type    'RigidBodyData' [c:\Users\tmdru\Downloads\files\tests\Tests.fsproj]
c:\Users\tmdru\Downloads\files\tests\PhysicsServiceTests.fs(33,51): error FS0193: Type constraint mismatch. The type     'RigidBody'    is not compatible with type    'RigidBodyData' [c:\Users\tmdru\Downloads\files\tests\Tests.fsproj]
c:\Users\tmdru\Downloads\files\tests\PhysicsServiceTests.fs(34,52): error FS0193: Type constraint mismatch. The type     'RigidBody'    is not compatible with type    'RigidBodyData' [c:\Users\tmdru\Downloads\files\tests\Tests.fsproj]
c:\Users\tmdru\Downloads\files\tests\PhysicsServiceTests.fs(42,45): error FS0193: Type constraint mismatch. The type     'RigidBody'    is not compatible with type    'RigidBodyData' [c:\Users\tmdru\Downloads\files\tests\Tests.fsproj]
c:\Users\tmdru\Downloads\files\tests\PhysicsServiceTests.fs(52,45): error FS0193: Type constraint mismatch. The type     'RigidBody'    is not compatible with type    'RigidBodyData' [c:\Users\tmdru\Downloads\files\tests\Tests.fsproj]
c:\Users\tmdru\Downloads\files\tests\PhysicsServiceTests.fs(64,45): error FS0001: This expression was expected to have type    'RigidBodyData'    but here has type    'RigidBody' [c:\Users\tmdru\Downloads\files\tests\Tests.fsproj]
c:\Users\tmdru\Downloads\files\tests\PhysicsServiceTests.fs(75,32): error FS0193: Type constraint mismatch. The type     'RigidBody'    is not compatible with type    'RigidBodyData' [c:\Users\tmdru\Downloads\files\tests\Tests.fsproj]
c:\Users\tmdru\Downloads\files\tests\PhysicsServiceTests.fs(76,32): error FS0193: Type constraint mismatch. The type     'RigidBody'    is not compatible with type    'RigidBodyData' [c:\Users\tmdru\Downloads\files\tests\Tests.fsproj]
c:\Users\tmdru\Downloads\files\tests\PhysicsServiceTests.fs(83,45): error FS0193: Type constraint mismatch. The type     'RigidBody'    is not compatible with type    'RigidBodyData' [c:\Users\tmdru\Downloads\files\tests\Tests.fsproj]
c:\Users\tmdru\Downloads\files\tests\PhysicsServiceTests.fs(90,32): error FS0193: Type constraint mismatch. The type     'RigidBody'    is not compatible with type    'RigidBodyData' [c:\Users\tmdru\Downloads\files\tests\Tests.fsproj]
c:\Users\tmdru\Downloads\files\tests\PhysicsServiceTests.fs(91,32): error FS0193: Type constraint mismatch. The type     'RigidBody'    is not compatible with type    'RigidBodyData' [c:\Users\tmdru\Downloads\files\tests\Tests.fsproj]
c:\Users\tmdru\Downloads\files\tests\PhysicsServiceTests.fs(94,17): error FS0072: Lookup on object of indeterminate type based on information prior to this program point. A type annotation may be needed prior to this program point to constrain the type of the object. This may allow the lookup to be resolved. [c:\Users\tmdru\Downloads\files\tests\Tests.fsproj]
c:\Users\tmdru\Downloads\files\tests\PhysicsServiceTests.fs(94,42): error FS0072: Lookup on object of indeterminate type based on information prior to this program point. A type annotation may be needed prior to this program point to constrain the type of the object. This may allow the lookup to be resolved. [c:\Users\tmdru\Downloads\files\tests\Tests.fsproj]
c:\Users\tmdru\Downloads\files\tests\PhysicsServiceTests.fs(99,32): error FS0193: Type constraint mismatch. The type     'RigidBody'    is not compatible with type    'RigidBodyData' [c:\Users\tmdru\Downloads\files\tests\Tests.fsproj]
c:\Users\tmdru\Downloads\files\tests\PhysicsServiceTests.fs(102,45): error FS0072: Lookup on object of indeterminate type based on information prior to this program point. A type annotation may be needed prior to this program point to constrain the type of the object. This may allow the lookup to be resolved. [c:\Users\tmdru\Downloads\files\tests\Tests.fsproj]
c:\Users\tmdru\Downloads\files\tests\PhysicsServiceTests.fs(102,68): error FS0072: Lookup on object of indeterminate type based on information prior to this program point. A type annotation may be needed prior to this program point to constrain the type of the object. This may allow the lookup to be resolved. [c:\Users\tmdru\Downloads\files\tests\Tests.fsproj]
c:\Users\tmdru\Downloads\files\tests\PhysicsServiceTests.fs(105,51): error FS0039: The type 'PositiveInt' is not defined. [c:\Users\tmdru\Downloads\files\tests\Tests.fsproj]
c:\Users\tmdru\Downloads\files\tests\PhysicsServiceTests.fs(109,45): error FS0072: Lookup on object of indeterminate type based on information prior to this program point. A type annotation may be needed prior to this program point to constrain the type of the object. This may allow the lookup to be resolved. [c:\Users\tmdru\Downloads\files\tests\Tests.fsproj]
c:\Users\tmdru\Downloads\files\tests\SyncThreadSafetyTests.fs(18,28): error FS0764: No assignment given for field 'Duration' of type 'TestInfrastructure.Concurrency.ThreadSafetySpec<_>' [c:\Users\tmdru\Downloads\files\tests\Tests.fsproj]
c:\Users\tmdru\Downloads\files\tests\SyncThreadSafetyTests.fs(32,82): error FS0039: The value or constructor 'rigidBodyBuilder' is not defined. Maybe you want one of the following:   RigidBody [c:\Users\tmdru\Downloads\files\tests\Tests.fsproj]
c:\Users\tmdru\Downloads\files\tests\SyncThreadSafetyTests.fs(34,31): error FS0039: The type 'PhysicsCommandQueue' does not define the field, constructor or member 'Count'. [c:\Users\tmdru\Downloads\files\tests\Tests.fsproj]
c:\Users\tmdru\Downloads\files\tests\SyncThreadSafetyTests.fs(39,27): error FS0039: The type 'PhysicsCommandQueue' does not define the field, constructor or member 'CreateFence'. [c:\Users\tmdru\Downloads\files\tests\Tests.fsproj]
c:\Users\tmdru\Downloads\files\tests\SyncThreadSafetyTests.fs(41,35): error FS0039: The value or constructor 'rigidBodyBuilder' is not defined. Maybe you want one of the following:   RigidBody [c:\Users\tmdru\Downloads\files\tests\Tests.fsproj]
c:\Users\tmdru\Downloads\files\tests\SyncThreadSafetyTests.fs(42,24): error FS0001: The type 'unit' is not compatible with the type 'Physics.Service.PhysicsWorld' [c:\Users\tmdru\Downloads\files\tests\Tests.fsproj]
c:\Users\tmdru\Downloads\files\tests\SyncThreadSafetyTests.fs(42,24): error FS0193: Type constraint mismatch. The type     'unit'    is not compatible with type    'Physics.Service.PhysicsWorld' [c:\Users\tmdru\Downloads\files\tests\Tests.fsproj]
c:\Users\tmdru\Downloads\files\tests\SyncThreadSafetyTests.fs(42,13): warning FS0020: The result of this expression has type 'int' and is implicitly ignored. Consider using 'ignore' to discard this value explicitly, e.g. 'expr |> ignore', or 'let' to bind the result to a name, e.g. 'let result = expr'. [c:\Users\tmdru\Downloads\files\tests\Tests.fsproj]
c:\Users\tmdru\Downloads\files\tests\SyncThreadSafetyTests.fs(43,13): error FS0072: Lookup on object of indeterminate type based on information prior to this program point. A type annotation may be needed prior to this program point to constrain the type of the object. This may allow the lookup to be resolved. [c:\Users\tmdru\Downloads\files\tests\Tests.fsproj]
c:\Users\tmdru\Downloads\files\tests\SyncThreadSafetyTests.fs(48,27): error FS0039: The type 'PhysicsCommandQueue' does not define the field, constructor or member 'CreateFence'. [c:\Users\tmdru\Downloads\files\tests\Tests.fsproj]
c:\Users\tmdru\Downloads\files\tests\SyncThreadSafetyTests.fs(50,18): error FS0072: Lookup on object of indeterminate type based on information prior to this program point. A type annotation may be needed prior to this program point to constrain the type of the object. This may allow the lookup to be resolved. [c:\Users\tmdru\Downloads\files\tests\Tests.fsproj]
c:\Users\tmdru\Downloads\files\tests\SyncThreadSafetyTests.fs(70,20): error FS0039: The value or constructor 'rigidBodyBuilder' is not defined. Maybe you want one of the following:   RigidBody [c:\Users\tmdru\Downloads\files\tests\Tests.fsproj]
c:\Users\tmdru\Downloads\files\tests\SyncThreadSafetyTests.fs(77,23): warning FS0760: It is recommended that objects supporting the IDisposable interface are created using the syntax 'new Type(args)', rather than 'Type(args)' or 'Type' as a function value representing the constructor, to indicate that resources may be owned by the generated value [c:\Users\tmdru\Downloads\files\tests\Tests.fsproj]
c:\Users\tmdru\Downloads\files\tests\SyncThreadSafetyTests.fs(77,23): error FS0501: The object constructor 'ThreadSafePhysicsManager' takes 2 argument(s) but is here given 0. The required signature is 'new: config: Physics.Service.WorldConfig * targetHz: float -> ThreadSafePhysicsManager'. [c:\Users\tmdru\Downloads\files\tests\Tests.fsproj]
c:\Users\tmdru\Downloads\files\tests\SyncThreadSafetyTests.fs(78,22): error FS0072: Lookup on object of indeterminate type based on information prior to this program point. A type annotation may be needed prior to this program point to constrain the type of the object. This may allow the lookup to be resolved. [c:\Users\tmdru\Downloads\files\tests\Tests.fsproj]
c:\Users\tmdru\Downloads\files\tests\SyncThreadSafetyTests.fs(83,23): warning FS0760: It is recommended that objects supporting the IDisposable interface are created using the syntax 'new Type(args)', rather than 'Type(args)' or 'Type' as a function value representing the constructor, to indicate that resources may be owned by the generated value [c:\Users\tmdru\Downloads\files\tests\Tests.fsproj]
c:\Users\tmdru\Downloads\files\tests\SyncThreadSafetyTests.fs(83,23): error FS0501: The object constructor 'ThreadSafePhysicsManager' takes 2 argument(s) but is here given 0. The required signature is 'new: config: Physics.Service.WorldConfig * targetHz: float -> ThreadSafePhysicsManager'. [c:\Users\tmdru\Downloads\files\tests\Tests.fsproj]
c:\Users\tmdru\Downloads\files\tests\SyncThreadSafetyTests.fs(84,9): error FS0072: Lookup on object of indeterminate type based on information prior to this program point. A type annotation may be needed prior to this program point to constrain the type of the object. This may allow the lookup to be resolved. [c:\Users\tmdru\Downloads\files\tests\Tests.fsproj]
c:\Users\tmdru\Downloads\files\tests\SyncThreadSafetyTests.fs(85,9): error FS0072: Lookup on object of indeterminate type based on information prior to this program point. A type annotation may be needed prior to this program point to constrain the type of the object. This may allow the lookup to be resolved. [c:\Users\tmdru\Downloads\files\tests\Tests.fsproj]
c:\Users\tmdru\Downloads\files\tests\SyncThreadSafetyTests.fs(86,48): error FS0072: Lookup on object of indeterminate type based on information prior to this program point. A type annotation may be needed prior to this program point to constrain the type of the object. This may allow the lookup to be resolved. [c:\Users\tmdru\Downloads\files\tests\Tests.fsproj]
c:\Users\tmdru\Downloads\files\tests\SyncThreadSafetyTests.fs(87,9): error FS0072: Lookup on object of indeterminate type based on information prior to this program point. A type annotation may be needed prior to this program point to constrain the type of the object. This may allow the lookup to be resolved. [c:\Users\tmdru\Downloads\files\tests\Tests.fsproj]
c:\Users\tmdru\Downloads\files\tests\SyncThreadSafetyTests.fs(103,23): warning FS0760: It is recommended that objects supporting the IDisposable interface are created using the syntax 'new Type(args)', rather than 'Type(args)' or 'Type' as a function value representing the constructor, to indicate that resources may be owned by the generated value [c:\Users\tmdru\Downloads\files\tests\Tests.fsproj]
c:\Users\tmdru\Downloads\files\tests\SyncThreadSafetyTests.fs(103,23): error FS0501: The object constructor 'ThreadSafePhysicsManager' takes 2 argument(s) but is here given 0. The required signature is 'new: config: Physics.Service.WorldConfig * targetHz: float -> ThreadSafePhysicsManager'. [c:\Users\tmdru\Downloads\files\tests\Tests.fsproj]
c:\Users\tmdru\Downloads\files\tests\SyncThreadSafetyTests.fs(104,9): error FS0072: Lookup on object of indeterminate type based on information prior to this program point. A type annotation may be needed prior to this program point to constrain the type of the object. This may allow the lookup to be resolved. [c:\Users\tmdru\Downloads\files\tests\Tests.fsproj]
c:\Users\tmdru\Downloads\files\tests\SyncThreadSafetyTests.fs(105,9): error FS0072: Lookup on object of indeterminate type based on information prior to this program point. A type annotation may be needed prior to this program point to constrain the type of the object. This may allow the lookup to be resolved. [c:\Users\tmdru\Downloads\files\tests\Tests.fsproj]
c:\Users\tmdru\Downloads\files\tests\SyncThreadSafetyTests.fs(110,62): error FS0039: The type 'PositiveInt' is not defined. [c:\Users\tmdru\Downloads\files\tests\Tests.fsproj]
c:\Users\tmdru\Downloads\files\tests\ThreadSafeRandomTests.fs(16,10): error FS0039: The namespace or module 'Random' is not defined. [c:\Users\tmdru\Downloads\files\tests\Tests.fsproj]
c:\Users\tmdru\Downloads\files\tests\ThreadSafeRandomTests.fs(20,19): error FS0039: The value or constructor 'randomBuilder' is not defined. Maybe you want one of the following:   Random [c:\Users\tmdru\Downloads\files\tests\Tests.fsproj]
c:\Users\tmdru\Downloads\files\tests\ThreadSafeRandomTests.fs(22,44): error FS0072: Lookup on object of indeterminate type based on information prior to this program point. A type annotation may be needed prior to this program point to constrain the type of the object. This may allow the lookup to be resolved. [c:\Users\tmdru\Downloads\files\tests\Tests.fsproj]
c:\Users\tmdru\Downloads\files\tests\ThreadSafeRandomTests.fs(30,19): error FS0039: The value or constructor 'randomBuilder' is not defined. Maybe you want one of the following:   Random [c:\Users\tmdru\Downloads\files\tests\Tests.fsproj]
c:\Users\tmdru\Downloads\files\tests\ThreadSafeRandomTests.fs(31,45): error FS0072: Lookup on object of indeterminate type based on information prior to this program point. A type annotation may be needed prior to this program point to constrain the type of the object. This may allow the lookup to be resolved. [c:\Users\tmdru\Downloads\files\tests\Tests.fsproj]
c:\Users\tmdru\Downloads\files\tests\ThreadSafeRandomTests.fs(36,19): error FS0039: The value or constructor 'randomBuilder' is not defined. Maybe you want one of the following:   Random [c:\Users\tmdru\Downloads\files\tests\Tests.fsproj]
c:\Users\tmdru\Downloads\files\tests\ThreadSafeRandomTests.fs(37,45): error FS0072: Lookup on object of indeterminate type based on information prior to this program point. A type annotation may be needed prior to this program point to constrain the type of the object. This may allow the lookup to be resolved. [c:\Users\tmdru\Downloads\files\tests\Tests.fsproj]
c:\Users\tmdru\Downloads\files\tests\ThreadSafeRandomTests.fs(42,19): error FS0039: The value or constructor 'randomBuilder' is not defined. Maybe you want one of the following:   Random [c:\Users\tmdru\Downloads\files\tests\Tests.fsproj]
c:\Users\tmdru\Downloads\files\tests\ThreadSafeRandomTests.fs(43,45): error FS0072: Lookup on object of indeterminate type based on information prior to this program point. A type annotation may be needed prior to this program point to constrain the type of the object. This may allow the lookup to be resolved. [c:\Users\tmdru\Downloads\files\tests\Tests.fsproj]
c:\Users\tmdru\Downloads\files\tests\ThreadSafeRandomTests.fs(51,23): error FS0039: The value or constructor 'randomBuilder' is not defined. Maybe you want one of the following:   Random [c:\Users\tmdru\Downloads\files\tests\Tests.fsproj]
c:\Users\tmdru\Downloads\files\tests\ThreadSafeRandomTests.fs(52,33): error FS0072: Lookup on object of indeterminate type based on information prior to this program point. A type annotation may be needed prior to this program point to constrain the type of the object. This may allow the lookup to be resolved. [c:\Users\tmdru\Downloads\files\tests\Tests.fsproj]
c:\Users\tmdru\Downloads\files\tests\ThreadSafeRandomTests.fs(57,13): error FS0001: None of the types 'bool, Lazy<'a>' support the operator '==>' [c:\Users\tmdru\Downloads\files\tests\Tests.fsproj]
c:\Users\tmdru\Downloads\files\tests\ThreadSafeRandomTests.fs(63,19): error FS0039: The value or constructor 'randomBuilder' is not defined. Maybe you want one of the following:   Random [c:\Users\tmdru\Downloads\files\tests\Tests.fsproj]
c:\Users\tmdru\Downloads\files\tests\ThreadSafeRandomTests.fs(64,45): error FS0072: Lookup on object of indeterminate type based on information prior to this program point. A type annotation may be needed prior to this program point to constrain the type of the object. This may allow the lookup to be resolved. [c:\Users\tmdru\Downloads\files\tests\Tests.fsproj]
c:\Users\tmdru\Downloads\files\tests\ThreadSafeRandomTests.fs(70,24): error FS0039: The value or constructor 'randomBuilder' is not defined. Maybe you want one of the following:   Random [c:\Users\tmdru\Downloads\files\tests\Tests.fsproj]
c:\Users\tmdru\Downloads\files\tests\ThreadSafeRandomTests.fs(71,24): error FS0039: The value or constructor 'randomBuilder' is not defined. Maybe you want one of the following:   Random [c:\Users\tmdru\Downloads\files\tests\Tests.fsproj]
c:\Users\tmdru\Downloads\files\tests\ThreadSafeRandomTests.fs(72,46): error FS0072: Lookup on object of indeterminate type based on information prior to this program point. A type annotation may be needed prior to this program point to constrain the type of the object. This may allow the lookup to be resolved. [c:\Users\tmdru\Downloads\files\tests\Tests.fsproj]
c:\Users\tmdru\Downloads\files\tests\ThreadSafeRandomTests.fs(77,23): error FS0039: The value or constructor 'randomBuilder' is not defined. Maybe you want one of the following:   Random [c:\Users\tmdru\Downloads\files\tests\Tests.fsproj]
c:\Users\tmdru\Downloads\files\tests\ThreadSafeRandomTests.fs(78,33): error FS0072: Lookup on object of indeterminate type based on information prior to this program point. A type annotation may be needed prior to this program point to constrain the type of the object. This may allow the lookup to be resolved. [c:\Users\tmdru\Downloads\files\tests\Tests.fsproj]
c:\Users\tmdru\Downloads\files\tests\ThreadSafeRandomTests.fs(83,23): error FS0039: The value or constructor 'randomBuilder' is not defined. Maybe you want one of the following:   Random [c:\Users\tmdru\Downloads\files\tests\Tests.fsproj]
c:\Users\tmdru\Downloads\files\tests\ThreadSafeRandomTests.fs(84,36): error FS0072: Lookup on object of indeterminate type based on information prior to this program point. A type annotation may be needed prior to this program point to constrain the type of the object. This may allow the lookup to be resolved. [c:\Users\tmdru\Downloads\files\tests\Tests.fsproj]
c:\Users\tmdru\Downloads\files\tests\ThreadSafeRandomTests.fs(91,23): error FS0039: The value or constructor 'randomBuilder' is not defined. Maybe you want one of the following:   Random [c:\Users\tmdru\Downloads\files\tests\Tests.fsproj]
c:\Users\tmdru\Downloads\files\tests\ThreadSafeRandomTests.fs(94,17): error FS0072: Lookup on object of indeterminate type based on information prior to this program point. A type annotation may be needed prior to this program point to constrain the type of the object. This may allow the lookup to be resolved. [c:\Users\tmdru\Downloads\files\tests\Tests.fsproj]
c:\Users\tmdru\Downloads\files\tests\ThreadSafeRandomTests.fs(98,9): error FS0039: The value or constructor 'forAllSeeds' is not defined. Maybe you want one of the following:   forAll   forAllGraphs   forAllWith [c:\Users\tmdru\Downloads\files\tests\Tests.fsproj]
c:\Users\tmdru\Downloads\files\tests\UnitsOfMeasureTests.fs(28,19): error FS0033: The non-generic type 'TestInfrastructure.Core.Vector3' does not expect any type arguments, but here is given 1 type argument(s) [c:\Users\tmdru\Downloads\files\tests\Tests.fsproj]
c:\Users\tmdru\Downloads\files\tests\UnitsOfMeasureTests.fs(29,19): error FS0033: The non-generic type 'TestInfrastructure.Core.Vector3' does not expect any type arguments, but here is given 1 type argument(s) [c:\Users\tmdru\Downloads\files\tests\Tests.fsproj]
c:\Users\tmdru\Downloads\files\tests\UnitsOfMeasureTests.fs(28,19): error FS0033: The non-generic type 'TestInfrastructure.Core.Vector3' does not expect any type arguments, but here is given 1 type argument(s) [c:\Users\tmdru\Downloads\files\tests\Tests.fsproj]
c:\Users\tmdru\Downloads\files\tests\UnitsOfMeasureTests.fs(29,19): error FS0033: The non-generic type 'TestInfrastructure.Core.Vector3' does not expect any type arguments, but here is given 1 type argument(s) [c:\Users\tmdru\Downloads\files\tests\Tests.fsproj]
c:\Users\tmdru\Downloads\files\tests\UnitsOfMeasureTests.fs(95,24): error FS0800: Invalid use of a type name [c:\Users\tmdru\Downloads\files\tests\Tests.fsproj]
c:\Users\tmdru\Downloads\files\tests\UnitsOfMeasureTests.fs(96,24): error FS0800: Invalid use of a type name [c:\Users\tmdru\Downloads\files\tests\Tests.fsproj]
c:\Users\tmdru\Downloads\files\tests\UnitsOfMeasureTests.fs(99,56): error FS0001: The type 'obj' does not match the type 'float<'u>' [c:\Users\tmdru\Downloads\files\tests\Tests.fsproj]
c:\Users\tmdru\Downloads\files\tests\UnitsOfMeasureTests.fs(99,54): error FS0043: The type 'obj' does not match the type 'float<'u>' [c:\Users\tmdru\Downloads\files\tests\Tests.fsproj]
c:\Users\tmdru\Downloads\files\tests\UnitsOfMeasureTests.fs(106,19): error FS0800: Invalid use of a type name [c:\Users\tmdru\Downloads\files\tests\Tests.fsproj]
c:\Users\tmdru\Downloads\files\tests\UnitsOfMeasureTests.fs(107,19): error FS0800: Invalid use of a type name [c:\Users\tmdru\Downloads\files\tests\Tests.fsproj]
c:\Users\tmdru\Downloads\files\tests\UnitsOfMeasureTests.fs(108,19): error FS0800: Invalid use of a type name [c:\Users\tmdru\Downloads\files\tests\Tests.fsproj]
c:\Users\tmdru\Downloads\files\tests\UnitsOfMeasureTests.fs(110,21): error FS0033: The non-generic type 'TestInfrastructure.Core.Vector3' does not expect any type arguments, but here is given 1 type argument(s) [c:\Users\tmdru\Downloads\files\tests\Tests.fsproj]
c:\Users\tmdru\Downloads\files\tests\UnitsOfMeasureTests.fs(111,21): error FS0033: The non-generic type 'TestInfrastructure.Core.Vector3' does not expect any type arguments, but here is given 1 type argument(s) [c:\Users\tmdru\Downloads\files\tests\Tests.fsproj]
c:\Users\tmdru\Downloads\files\tests\UnitsOfMeasureTests.fs(113,49): error FS0039: The type 'Double' does not define the field, constructor or member 'X'. [c:\Users\tmdru\Downloads\files\tests\Tests.fsproj]
c:\Users\tmdru\Downloads\files\tests\UnitsOfMeasureTests.fs(114,53): error FS0039: The type 'Double' does not define the field, constructor or member 'Y'. [c:\Users\tmdru\Downloads\files\tests\Tests.fsproj]
c:\Users\tmdru\Downloads\files\tests\UnitsOfMeasureTests.fs(160,13): error FS0001: None of the types 'bool, Lazy<'a>' support the operator '==>' [c:\Users\tmdru\Downloads\files\tests\Tests.fsproj]
c:\Users\tmdru\Downloads\files\tests\UnitsOfMeasureTests.fs(159,17): error FS0043: None of the types 'bool, Lazy<'a>' support the operator '==>' [c:\Users\tmdru\Downloads\files\tests\Tests.fsproj]
c:\Users\tmdru\Downloads\files\tests\UnitsOfMeasureTests.fs(168,30): error FS0001: The type 'PositiveInt' does not support a conversion to the type 'float' [c:\Users\tmdru\Downloads\files\tests\Tests.fsproj]
c:\Users\tmdru\Downloads\files\tests\UnitsOfMeasureTests.fs(169,26): error FS0001: The type 'PositiveInt' does not support a conversion to the type 'float' [c:\Users\tmdru\Downloads\files\tests\Tests.fsproj]
c:\Users\tmdru\Downloads\files\tests\UnitsOfMeasureTests.fs(171,33): error FS0001: The type 'PositiveInt' does not support a conversion to the type 'float' [c:\Users\tmdru\Downloads\files\tests\Tests.fsproj]
c:\Users\tmdru\Downloads\files\tests\UnitsOfMeasureTests.fs(171,43): error FS0001: The type 'PositiveInt' does not support a conversion to the type 'float' [c:\Users\tmdru\Downloads\files\tests\Tests.fsproj]
c:\Users\tmdru\Downloads\files\tests\UnitsOfMeasureTests.fs(175,27): error FS0001: The type 'PositiveInt' does not support a conversion to the type 'float' [c:\Users\tmdru\Downloads\files\tests\Tests.fsproj]
c:\Users\tmdru\Downloads\files\tests\UnitsOfMeasureTests.fs(176,30): error FS0001: The type 'PositiveInt' does not support a conversion to the type 'float' [c:\Users\tmdru\Downloads\files\tests\Tests.fsproj]
c:\Users\tmdru\Downloads\files\tests\UnitsOfMeasureTests.fs(178,31): error FS0001: The type 'PositiveInt' does not support a conversion to the type 'float' [c:\Users\tmdru\Downloads\files\tests\Tests.fsproj]
c:\Users\tmdru\Downloads\files\tests\UnitsOfMeasureTests.fs(178,41): error FS0001: The type 'PositiveInt' does not support a conversion to the type 'float' [c:\Users\tmdru\Downloads\files\tests\Tests.fsproj]

Build FAILED.

C:\Program Files\dotnet\sdk\8.0.415\Microsoft.Common.CurrentVersion.targets(2412,5): warning MSB3277: Found conflicts between different versions of "Microsoft.Extensions.Logging.Abstractions" that could not be resolved. [c:\Users\tmdru\Downloads\files\tests\Tests.fsproj]
C:\Program Files\dotnet\sdk\8.0.415\Microsoft.Common.CurrentVersion.targets(2412,5): warning MSB3277: There was a conflict between "Microsoft.Extensions.Logging.Abstractions, Version=6.0.0.0, Culture=neutral, PublicKeyToken=adb9793829ddae60" and "Microsoft.Extensions.Logging.Abstractions, Version=8.0.0.0, Culture=neutral, PublicKeyToken=adb9793829ddae60". [c:\Users\tmdru\Downloads\files\tests\Tests.fsproj]
C:\Program Files\dotnet\sdk\8.0.415\Microsoft.Common.CurrentVersion.targets(2412,5): warning MSB3277:     "Microsoft.Extensions.Logging.Abstractions, Version=6.0.0.0, Culture=neutral, PublicKeyToken=adb9793829ddae60" was chosen because it was primary and "Microsoft.Extensions.Logging.Abstractions, Version=8.0.0.0, Culture=neutral, PublicKeyToken=adb9793829ddae60" was not. [c:\Users\tmdru\Downloads\files\tests\Tests.fsproj]
C:\Program Files\dotnet\sdk\8.0.415\Microsoft.Common.CurrentVersion.targets(2412,5): warning MSB3277:     References which depend on "Microsoft.Extensions.Logging.Abstractions, Version=6.0.0.0, Culture=neutral, PublicKeyToken=adb9793829ddae60" [C:\Users\tmdru\.nuget\packages\microsoft.extensions.logging.abstractions\6.0.0\lib\net6.0\Microsoft.Extensions.Logging.Abstractions.dll]. [c:\Users\tmdru\Downloads\files\tests\Tests.fsproj]
C:\Program Files\dotnet\sdk\8.0.415\Microsoft.Common.CurrentVersion.targets(2412,5): warning MSB3277:         C:\Users\tmdru\.nuget\packages\microsoft.extensions.logging.abstractions\6.0.0\lib\net6.0\Microsoft.Extensions.Logging.Abstractions.dll [c:\Users\tmdru\Downloads\files\tests\Tests.fsproj]
C:\Program Files\dotnet\sdk\8.0.415\Microsoft.Common.CurrentVersion.targets(2412,5): warning MSB3277:           Project file item includes which caused reference "C:\Users\tmdru\.nuget\packages\microsoft.extensions.logging.abstractions\6.0.0\lib\net6.0\Microsoft.Extensions.Logging.Abstractions.dll". [c:\Users\tmdru\Downloads\files\tests\Tests.fsproj]
C:\Program Files\dotnet\sdk\8.0.415\Microsoft.Common.CurrentVersion.targets(2412,5): warning MSB3277:             C:\Users\tmdru\.nuget\packages\microsoft.extensions.logging.abstractions\6.0.0\lib\net6.0\Microsoft.Extensions.Logging.Abstractions.dll [c:\Users\tmdru\Downloads\files\tests\Tests.fsproj]
C:\Program Files\dotnet\sdk\8.0.415\Microsoft.Common.CurrentVersion.targets(2412,5): warning MSB3277:     References which depend on or have been unified to "Microsoft.Extensions.Logging.Abstractions, Version=8.0.0.0, Culture=neutral, PublicKeyToken=adb9793829ddae60" []. [c:\Users\tmdru\Downloads\files\tests\Tests.fsproj]
C:\Program Files\dotnet\sdk\8.0.415\Microsoft.Common.CurrentVersion.targets(2412,5): warning MSB3277:         c:\Users\tmdru\Downloads\files\src\bin\Debug\net8.0\Server.dll [c:\Users\tmdru\Downloads\files\tests\Tests.fsproj]
C:\Program Files\dotnet\sdk\8.0.415\Microsoft.Common.CurrentVersion.targets(2412,5): warning MSB3277:           Project file item includes which caused reference "c:\Users\tmdru\Downloads\files\src\bin\Debug\net8.0\Server.dll". [c:\Users\tmdru\Downloads\files\tests\Tests.fsproj]
C:\Program Files\dotnet\sdk\8.0.415\Microsoft.Common.CurrentVersion.targets(2412,5): warning MSB3277:             Server [c:\Users\tmdru\Downloads\files\tests\Tests.fsproj]
C:\Program Files\dotnet\sdk\8.0.415\Microsoft.Common.CurrentVersion.targets(2412,5): warning MSB3277:         c:\Users\tmdru\Downloads\files\src\bin\Debug\net8.0\Giraffe.dll [c:\Users\tmdru\Downloads\files\tests\Tests.fsproj]
C:\Program Files\dotnet\sdk\8.0.415\Microsoft.Common.CurrentVersion.targets(2412,5): warning MSB3277:           Project file item includes which caused reference "c:\Users\tmdru\Downloads\files\src\bin\Debug\net8.0\Giraffe.dll". [c:\Users\tmdru\Downloads\files\tests\Tests.fsproj]
C:\Program Files\dotnet\sdk\8.0.415\Microsoft.Common.CurrentVersion.targets(2412,5): warning MSB3277:             Server [c:\Users\tmdru\Downloads\files\tests\Tests.fsproj]
C:\Program Files\dotnet\sdk\8.0.415\Microsoft.Common.CurrentVersion.targets(2412,5): warning MSB3277: Found conflicts between different versions of "Microsoft.Extensions.DependencyInjection.Abstractions" that could not be resolved. [c:\Users\tmdru\Downloads\files\tests\Tests.fsproj]
C:\Program Files\dotnet\sdk\8.0.415\Microsoft.Common.CurrentVersion.targets(2412,5): warning MSB3277: There was a conflict between "Microsoft.Extensions.DependencyInjection.Abstractions, Version=6.0.0.0, Culture=neutral, PublicKeyToken=adb9793829ddae60" and "Microsoft.Extensions.DependencyInjection.Abstractions, Version=8.0.0.0, Culture=neutral, PublicKeyToken=adb9793829ddae60". [c:\Users\tmdru\Downloads\files\tests\Tests.fsproj]
C:\Program Files\dotnet\sdk\8.0.415\Microsoft.Common.CurrentVersion.targets(2412,5): warning MSB3277:     "Microsoft.Extensions.DependencyInjection.Abstractions, Version=6.0.0.0, Culture=neutral, PublicKeyToken=adb9793829ddae60" was chosen because it was primary and "Microsoft.Extensions.DependencyInjection.Abstractions, Version=8.0.0.0, Culture=neutral, PublicKeyToken=adb9793829ddae60" was not. [c:\Users\tmdru\Downloads\files\tests\Tests.fsproj]
C:\Program Files\dotnet\sdk\8.0.415\Microsoft.Common.CurrentVersion.targets(2412,5): warning MSB3277:     References which depend on "Microsoft.Extensions.DependencyInjection.Abstractions, Version=6.0.0.0, Culture=neutral, PublicKeyToken=adb9793829ddae60" [C:\Users\tmdru\.nuget\packages\microsoft.extensions.dependencyinjection.abstractions\6.0.0\lib\net6.0\Microsoft.Extensions.DependencyInjection.Abstractions.dll]. [c:\Users\tmdru\Downloads\files\tests\Tests.fsproj]
C:\Program Files\dotnet\sdk\8.0.415\Microsoft.Common.CurrentVersion.targets(2412,5): warning MSB3277:         C:\Users\tmdru\.nuget\packages\microsoft.extensions.dependencyinjection.abstractions\6.0.0\lib\net6.0\Microsoft.Extensions.DependencyInjection.Abstractions.dll [c:\Users\tmdru\Downloads\files\tests\Tests.fsproj]
C:\Program Files\dotnet\sdk\8.0.415\Microsoft.Common.CurrentVersion.targets(2412,5): warning MSB3277:           Project file item includes which caused reference "C:\Users\tmdru\.nuget\packages\microsoft.extensions.dependencyinjection.abstractions\6.0.0\lib\net6.0\Microsoft.Extensions.DependencyInjection.Abstractions.dll". [c:\Users\tmdru\Downloads\files\tests\Tests.fsproj]
C:\Program Files\dotnet\sdk\8.0.415\Microsoft.Common.CurrentVersion.targets(2412,5): warning MSB3277:             C:\Users\tmdru\.nuget\packages\microsoft.extensions.dependencyinjection.abstractions\6.0.0\lib\net6.0\Microsoft.Extensions.DependencyInjection.Abstractions.dll [c:\Users\tmdru\Downloads\files\tests\Tests.fsproj]
C:\Program Files\dotnet\sdk\8.0.415\Microsoft.Common.CurrentVersion.targets(2412,5): warning MSB3277:     References which depend on or have been unified to "Microsoft.Extensions.DependencyInjection.Abstractions, Version=8.0.0.0, Culture=neutral, PublicKeyToken=adb9793829ddae60" []. [c:\Users\tmdru\Downloads\files\tests\Tests.fsproj]
C:\Program Files\dotnet\sdk\8.0.415\Microsoft.Common.CurrentVersion.targets(2412,5): warning MSB3277:         c:\Users\tmdru\Downloads\files\src\bin\Debug\net8.0\Server.dll [c:\Users\tmdru\Downloads\files\tests\Tests.fsproj]
C:\Program Files\dotnet\sdk\8.0.415\Microsoft.Common.CurrentVersion.targets(2412,5): warning MSB3277:           Project file item includes which caused reference "c:\Users\tmdru\Downloads\files\src\bin\Debug\net8.0\Server.dll". [c:\Users\tmdru\Downloads\files\tests\Tests.fsproj]
C:\Program Files\dotnet\sdk\8.0.415\Microsoft.Common.CurrentVersion.targets(2412,5): warning MSB3277:             Server [c:\Users\tmdru\Downloads\files\tests\Tests.fsproj]
C:\Program Files\dotnet\sdk\8.0.415\Microsoft.Common.CurrentVersion.targets(2412,5): warning MSB3277:         c:\Users\tmdru\Downloads\files\src\bin\Debug\net8.0\Giraffe.dll [c:\Users\tmdru\Downloads\files\tests\Tests.fsproj]
C:\Program Files\dotnet\sdk\8.0.415\Microsoft.Common.CurrentVersion.targets(2412,5): warning MSB3277:           Project file item includes which caused reference "c:\Users\tmdru\Downloads\files\src\bin\Debug\net8.0\Giraffe.dll". [c:\Users\tmdru\Downloads\files\tests\Tests.fsproj]
C:\Program Files\dotnet\sdk\8.0.415\Microsoft.Common.CurrentVersion.targets(2412,5): warning MSB3277:             Server [c:\Users\tmdru\Downloads\files\tests\Tests.fsproj]
C:\Program Files\dotnet\sdk\8.0.415\Microsoft.Common.CurrentVersion.targets(2412,5): warning MSB3277: Found conflicts between different versions of "Microsoft.Extensions.Primitives" that could not be resolved. [c:\Users\tmdru\Downloads\files\tests\Tests.fsproj]
C:\Program Files\dotnet\sdk\8.0.415\Microsoft.Common.CurrentVersion.targets(2412,5): warning MSB3277: There was a conflict between "Microsoft.Extensions.Primitives, Version=6.0.0.0, Culture=neutral, PublicKeyToken=adb9793829ddae60" and "Microsoft.Extensions.Primitives, Version=8.0.0.0, Culture=neutral, PublicKeyToken=adb9793829ddae60". [c:\Users\tmdru\Downloads\files\tests\Tests.fsproj]
C:\Program Files\dotnet\sdk\8.0.415\Microsoft.Common.CurrentVersion.targets(2412,5): warning MSB3277:     "Microsoft.Extensions.Primitives, Version=6.0.0.0, Culture=neutral, PublicKeyToken=adb9793829ddae60" was chosen because it was primary and "Microsoft.Extensions.Primitives, Version=8.0.0.0, Culture=neutral, PublicKeyToken=adb9793829ddae60" was not. [c:\Users\tmdru\Downloads\files\tests\Tests.fsproj]
C:\Program Files\dotnet\sdk\8.0.415\Microsoft.Common.CurrentVersion.targets(2412,5): warning MSB3277:     References which depend on "Microsoft.Extensions.Primitives, Version=6.0.0.0, Culture=neutral, PublicKeyToken=adb9793829ddae60" [C:\Users\tmdru\.nuget\packages\microsoft.extensions.primitives\6.0.0\lib\net6.0\Microsoft.Extensions.Primitives.dll]. [c:\Users\tmdru\Downloads\files\tests\Tests.fsproj]
C:\Program Files\dotnet\sdk\8.0.415\Microsoft.Common.CurrentVersion.targets(2412,5): warning MSB3277:         C:\Users\tmdru\.nuget\packages\microsoft.extensions.primitives\6.0.0\lib\net6.0\Microsoft.Extensions.Primitives.dll [c:\Users\tmdru\Downloads\files\tests\Tests.fsproj]
C:\Program Files\dotnet\sdk\8.0.415\Microsoft.Common.CurrentVersion.targets(2412,5): warning MSB3277:           Project file item includes which caused reference "C:\Users\tmdru\.nuget\packages\microsoft.extensions.primitives\6.0.0\lib\net6.0\Microsoft.Extensions.Primitives.dll". [c:\Users\tmdru\Downloads\files\tests\Tests.fsproj]
C:\Program Files\dotnet\sdk\8.0.415\Microsoft.Common.CurrentVersion.targets(2412,5): warning MSB3277:             C:\Users\tmdru\.nuget\packages\microsoft.extensions.primitives\6.0.0\lib\net6.0\Microsoft.Extensions.Primitives.dll [c:\Users\tmdru\Downloads\files\tests\Tests.fsproj]
C:\Program Files\dotnet\sdk\8.0.415\Microsoft.Common.CurrentVersion.targets(2412,5): warning MSB3277:     References which depend on or have been unified to "Microsoft.Extensions.Primitives, Version=8.0.0.0, Culture=neutral, PublicKeyToken=adb9793829ddae60" []. [c:\Users\tmdru\Downloads\files\tests\Tests.fsproj]
C:\Program Files\dotnet\sdk\8.0.415\Microsoft.Common.CurrentVersion.targets(2412,5): warning MSB3277:         c:\Users\tmdru\Downloads\files\src\bin\Debug\net8.0\Giraffe.dll [c:\Users\tmdru\Downloads\files\tests\Tests.fsproj]
C:\Program Files\dotnet\sdk\8.0.415\Microsoft.Common.CurrentVersion.targets(2412,5): warning MSB3277:           Project file item includes which caused reference "c:\Users\tmdru\Downloads\files\src\bin\Debug\net8.0\Giraffe.dll". [c:\Users\tmdru\Downloads\files\tests\Tests.fsproj]
C:\Program Files\dotnet\sdk\8.0.415\Microsoft.Common.CurrentVersion.targets(2412,5): warning MSB3277:             Server [c:\Users\tmdru\Downloads\files\tests\Tests.fsproj]
c:\Users\tmdru\Downloads\files\tests\AlgebraicLaws.fs(55,40): warning FS0064: This construct causes code to be less generic than indicated by the type annotations. The type variable 'B has been constrained to be type ''A'. [c:\Users\tmdru\Downloads\files\tests\Tests.fsproj]
c:\Users\tmdru\Downloads\files\tests\AlgebraicLaws.fs(55,62): warning FS0064: This construct causes code to be less generic than indicated by the type annotations. The type variable 'C has been constrained to be type ''A'. [c:\Users\tmdru\Downloads\files\tests\Tests.fsproj]
c:\Users\tmdru\Downloads\files\tests\AlgebraicLaws.fs(68,41): warning FS0064: This construct causes code to be less generic than indicated by the type annotations. The type variable 'B has been constrained to be type ''A'. [c:\Users\tmdru\Downloads\files\tests\Tests.fsproj]
c:\Users\tmdru\Downloads\files\tests\Assertions.fs(128,40): warning FS0064: This construct causes code to be less generic than indicated by the type annotations. The type variable 'T has been constrained to be type 'unit'. [c:\Users\tmdru\Downloads\files\tests\Tests.fsproj]
c:\Users\tmdru\Downloads\files\tests\PhysicsQueriesTests.fs(29,15): warning FS0025: Incomplete pattern matches on this expression. [c:\Users\tmdru\Downloads\files\tests\Tests.fsproj]
c:\Users\tmdru\Downloads\files\tests\PhysicsQueriesTests.fs(58,15): warning FS0025: Incomplete pattern matches on this expression. [c:\Users\tmdru\Downloads\files\tests\Tests.fsproj]
c:\Users\tmdru\Downloads\files\tests\PhysicsServiceTests.fs(21,13): warning FS0020: The result of this expression has type 'bool' and is implicitly ignored. Consider using 'ignore' to discard this value explicitly, e.g. 'expr |> ignore', or 'let' to bind the result to a name, e.g. 'let result = expr'. [c:\Users\tmdru\Downloads\files\tests\Tests.fsproj]
c:\Users\tmdru\Downloads\files\tests\SyncThreadSafetyTests.fs(42,13): warning FS0020: The result of this expression has type 'int' and is implicitly ignored. Consider using 'ignore' to discard this value explicitly, e.g. 'expr |> ignore', or 'let' to bind the result to a name, e.g. 'let result = expr'. [c:\Users\tmdru\Downloads\files\tests\Tests.fsproj]
c:\Users\tmdru\Downloads\files\tests\SyncThreadSafetyTests.fs(77,23): warning FS0760: It is recommended that objects supporting the IDisposable interface are created using the syntax 'new Type(args)', rather than 'Type(args)' or 'Type' as a function value representing the constructor, to indicate that resources may be owned by the generated value [c:\Users\tmdru\Downloads\files\tests\Tests.fsproj]
c:\Users\tmdru\Downloads\files\tests\SyncThreadSafetyTests.fs(83,23): warning FS0760: It is recommended that objects supporting the IDisposable interface are created using the syntax 'new Type(args)', rather than 'Type(args)' or 'Type' as a function value representing the constructor, to indicate that resources may be owned by the generated value [c:\Users\tmdru\Downloads\files\tests\Tests.fsproj]
c:\Users\tmdru\Downloads\files\tests\SyncThreadSafetyTests.fs(103,23): warning FS0760: It is recommended that objects supporting the IDisposable interface are created using the syntax 'new Type(args)', rather than 'Type(args)' or 'Type' as a function value representing the constructor, to indicate that resources may be owned by the generated value [c:\Users\tmdru\Downloads\files\tests\Tests.fsproj]
c:\Users\tmdru\Downloads\files\tests\AcceptanceTests.fs(74,80): error FS0001: None of the types 'bool, Lazy<'a>' support the operator '==>' [c:\Users\tmdru\Downloads\files\tests\Tests.fsproj]
c:\Users\tmdru\Downloads\files\tests\AcceptanceTests.fs(74,76): error FS0043: None of the types 'bool, Lazy<'a>' support the operator '==>' [c:\Users\tmdru\Downloads\files\tests\Tests.fsproj]
c:\Users\tmdru\Downloads\files\tests\AdaptiveConfigTests.fs(57,37): error FS0039: The value, constructor, namespace or type 'Default' is not defined. [c:\Users\tmdru\Downloads\files\tests\Tests.fsproj]
c:\Users\tmdru\Downloads\files\tests\AdaptiveConfigTests.fs(70,39): error FS0039: The value, constructor, namespace or type 'Default' is not defined. [c:\Users\tmdru\Downloads\files\tests\Tests.fsproj]
c:\Users\tmdru\Downloads\files\tests\AdaptiveConfigTests.fs(77,34): error FS0039: The value, constructor, namespace or type 'Default' is not defined. [c:\Users\tmdru\Downloads\files\tests\Tests.fsproj]
c:\Users\tmdru\Downloads\files\tests\CacheTests.fs(33,29): error FS0002: This function takes too many arguments, or is used in a context where a function is not expected [c:\Users\tmdru\Downloads\files\tests\Tests.fsproj]
c:\Users\tmdru\Downloads\files\tests\CacheTests.fs(91,46): error FS0039: The value, constructor, namespace or type 'Default' is not defined. [c:\Users\tmdru\Downloads\files\tests\Tests.fsproj]
c:\Users\tmdru\Downloads\files\tests\ConstraintsTests.fs(64,62): error FS0039: The value, constructor, namespace or type 'boundary' is not defined. [c:\Users\tmdru\Downloads\files\tests\Tests.fsproj]
c:\Users\tmdru\Downloads\files\tests\ConstraintsTests.fs(65,56): error FS0039: The value, constructor, namespace or type 'boundary' is not defined. [c:\Users\tmdru\Downloads\files\tests\Tests.fsproj]
c:\Users\tmdru\Downloads\files\tests\ConstraintsTests.fs(73,48): error FS0039: The value, constructor, namespace or type 'boundary' is not defined. [c:\Users\tmdru\Downloads\files\tests\Tests.fsproj]
c:\Users\tmdru\Downloads\files\tests\ConstraintsTests.fs(99,88): error FS0001: Type mismatch. Expecting a    'SpatialGraph<NodeType>'    but given a    'SpatialGraph<int>'    The type 'NodeType' does not match the type 'int' [c:\Users\tmdru\Downloads\files\tests\Tests.fsproj]
c:\Users\tmdru\Downloads\files\tests\ConstraintsTests.fs(100,88): error FS0001: Type mismatch. Expecting a    'SpatialGraph<NodeType>'    but given a    'SpatialGraph<int>'    The type 'NodeType' does not match the type 'int' [c:\Users\tmdru\Downloads\files\tests\Tests.fsproj]
c:\Users\tmdru\Downloads\files\tests\ConstraintsTests.fs(108,50): error FS0001: Type mismatch. Expecting a    'SpatialGraph<NodeType>'    but given a    'SpatialGraph<int>'    The type 'NodeType' does not match the type 'int' [c:\Users\tmdru\Downloads\files\tests\Tests.fsproj]
c:\Users\tmdru\Downloads\files\tests\ConstraintsTests.fs(108,90): error FS0001: Type mismatch. Expecting a    'SpatialGraph<NodeType>'    but given a    'SpatialGraph<int>'    The type 'NodeType' does not match the type 'int' [c:\Users\tmdru\Downloads\files\tests\Tests.fsproj]
c:\Users\tmdru\Downloads\files\tests\ConstraintsTests.fs(114,64): error FS0001: This expression was expected to have type    'SpatialGraph<NodeType>'    but here has type    'Graph' [c:\Users\tmdru\Downloads\files\tests\Tests.fsproj]
c:\Users\tmdru\Downloads\files\tests\SpatialHashTests.fs(22,30): error FS0001: This expression was expected to have type    'System.Numerics.Vector3'    but here has type    'TestInfrastructure.Core.Vector3' [c:\Users\tmdru\Downloads\files\tests\Tests.fsproj]
c:\Users\tmdru\Downloads\files\tests\SpatialHashTests.fs(22,30): error FS0001: This expression was expected to have type    'System.Numerics.Vector3'    but here has type    'TestInfrastructure.Core.Vector3' [c:\Users\tmdru\Downloads\files\tests\Tests.fsproj]
c:\Users\tmdru\Downloads\files\tests\SpatialHashTests.fs(22,45): error FS0001: This expression was expected to have type    'System.Numerics.Vector3'    but here has type    'TestInfrastructure.Core.Vector3' [c:\Users\tmdru\Downloads\files\tests\Tests.fsproj]
c:\Users\tmdru\Downloads\files\tests\SpatialHashTests.fs(22,45): error FS0001: This expression was expected to have type    'System.Numerics.Vector3'    but here has type    'TestInfrastructure.Core.Vector3' [c:\Users\tmdru\Downloads\files\tests\Tests.fsproj]
c:\Users\tmdru\Downloads\files\tests\SpatialHashTests.fs(27,48): error FS0001: Type mismatch. Expecting a    'TestInfrastructure.Core.Vector3 Microsoft.FSharp.Core.array'    but given a    'System.Numerics.Vector3 Microsoft.FSharp.Core.array'    The type 'TestInfrastructure.Core.Vector3' does not match the type 'System.Numerics.Vector3' [c:\Users\tmdru\Downloads\files\tests\Tests.fsproj]
c:\Users\tmdru\Downloads\files\tests\SpatialHashTests.fs(63,26): error FS0039: The value, constructor, namespace or type 'intersect' is not defined. Maybe you want one of the following:   insertAt [c:\Users\tmdru\Downloads\files\tests\Tests.fsproj]
c:\Users\tmdru\Downloads\files\tests\SpatialHashTests.fs(75,47): error FS0001: Type mismatch. Expecting a    'TestInfrastructure.Core.Vector3 Microsoft.FSharp.Core.array'    but given a    'System.Numerics.Vector3 Microsoft.FSharp.Core.array'    The type 'TestInfrastructure.Core.Vector3' does not match the type 'System.Numerics.Vector3' [c:\Users\tmdru\Downloads\files\tests\Tests.fsproj]
c:\Users\tmdru\Downloads\files\tests\SpatialHashTests.fs(75,83): error FS0001: Type mismatch. Expecting a    'TestInfrastructure.Core.Vector3 Microsoft.FSharp.Core.array'    but given a    'System.Numerics.Vector3 Microsoft.FSharp.Core.array'    The type 'TestInfrastructure.Core.Vector3' does not match the type 'System.Numerics.Vector3' [c:\Users\tmdru\Downloads\files\tests\Tests.fsproj]
c:\Users\tmdru\Downloads\files\tests\SpatialHashTests.fs(80,52): error FS0001: Type mismatch. Expecting a    'TestInfrastructure.Core.Vector3 Microsoft.FSharp.Core.array'    but given a    'System.Numerics.Vector3 Microsoft.FSharp.Core.array'    The type 'TestInfrastructure.Core.Vector3' does not match the type 'System.Numerics.Vector3' [c:\Users\tmdru\Downloads\files\tests\Tests.fsproj]
c:\Users\tmdru\Downloads\files\tests\PhysicsQueriesTests.fs(17,56): error FS0001: This expression was expected to have type    'float'    but here has type    'float32' [c:\Users\tmdru\Downloads\files\tests\Tests.fsproj]
c:\Users\tmdru\Downloads\files\tests\PhysicsQueriesTests.fs(29,23): error FS0001: The type 'PhysicsWorld' is not compatible with the type 'Physics.Service.PhysicsWorld' [c:\Users\tmdru\Downloads\files\tests\Tests.fsproj]
c:\Users\tmdru\Downloads\files\tests\PhysicsQueriesTests.fs(29,29): error FS0001: This expression was expected to have type    'Physics.Queries.Ray'    but here has type    'TestInfrastructure.Builders.Ray' [c:\Users\tmdru\Downloads\files\tests\Tests.fsproj]
c:\Users\tmdru\Downloads\files\tests\PhysicsQueriesTests.fs(30,11): error FS0001: This expression was expected to have type    'QueryFilter -> RaycastHit option'    but here has type    ''a option' [c:\Users\tmdru\Downloads\files\tests\Tests.fsproj]
c:\Users\tmdru\Downloads\files\tests\PhysicsQueriesTests.fs(31,41): error FS0001: This expression was expected to have type    'float32'    but here has type    'float' [c:\Users\tmdru\Downloads\files\tests\Tests.fsproj]
c:\Users\tmdru\Downloads\files\tests\PhysicsQueriesTests.fs(32,32): error FS0001: This expression was expected to have type    'TestInfrastructure.Core.Vector3'    but here has type    'System.Numerics.Vector3' [c:\Users\tmdru\Downloads\files\tests\Tests.fsproj]
c:\Users\tmdru\Downloads\files\tests\PhysicsQueriesTests.fs(34,11): error FS0001: This expression was expected to have type    'QueryFilter -> RaycastHit option'    but here has type    ''a option' [c:\Users\tmdru\Downloads\files\tests\Tests.fsproj]
c:\Users\tmdru\Downloads\files\tests\PhysicsQueriesTests.fs(58,23): error FS0001: The type 'PhysicsWorld' is not compatible with the type 'Physics.Service.PhysicsWorld' [c:\Users\tmdru\Downloads\files\tests\Tests.fsproj]
c:\Users\tmdru\Downloads\files\tests\PhysicsQueriesTests.fs(58,29): error FS0001: This expression was expected to have type    'Physics.Queries.Ray'    but here has type    'TestInfrastructure.Builders.Ray' [c:\Users\tmdru\Downloads\files\tests\Tests.fsproj]
c:\Users\tmdru\Downloads\files\tests\PhysicsQueriesTests.fs(59,11): error FS0001: This expression was expected to have type    'QueryFilter -> RaycastHit option'    but here has type    ''a option' [c:\Users\tmdru\Downloads\files\tests\Tests.fsproj]
c:\Users\tmdru\Downloads\files\tests\PhysicsQueriesTests.fs(59,51): error FS0001: This expression was expected to have type    'float'    but here has type    'float32' [c:\Users\tmdru\Downloads\files\tests\Tests.fsproj]
c:\Users\tmdru\Downloads\files\tests\PhysicsQueriesTests.fs(59,75): error FS0001: This expression was expected to have type    'float'    but here has type    'float32' [c:\Users\tmdru\Downloads\files\tests\Tests.fsproj]
c:\Users\tmdru\Downloads\files\tests\PhysicsQueriesTests.fs(60,11): error FS0001: This expression was expected to have type    'QueryFilter -> RaycastHit option'    but here has type    ''a option' [c:\Users\tmdru\Downloads\files\tests\Tests.fsproj]
c:\Users\tmdru\Downloads\files\tests\PhysicsQueriesTests.fs(70,9): error FS3214: Method or object constructor 'Length' is not static [c:\Users\tmdru\Downloads\files\tests\Tests.fsproj]
c:\Users\tmdru\Downloads\files\tests\PhysicsQueriesTests.fs(71,13): error FS0001: None of the types 'bool, Lazy<'a>' support the operator '==>' [c:\Users\tmdru\Downloads\files\tests\Tests.fsproj]
c:\Users\tmdru\Downloads\files\tests\PhysicsQueriesTests.fs(70,43): error FS0043: None of the types 'bool, Lazy<'a>' support the operator '==>' [c:\Users\tmdru\Downloads\files\tests\Tests.fsproj]
c:\Users\tmdru\Downloads\files\tests\PhysicsServiceTests.fs(18,45): error FS0001: This expression was expected to have type    'RigidBodyData'    but here has type    'RigidBody' [c:\Users\tmdru\Downloads\files\tests\Tests.fsproj]
c:\Users\tmdru\Downloads\files\tests\PhysicsServiceTests.fs(27,45): error FS0193: Type constraint mismatch. The type     'RigidBody'    is not compatible with type    'RigidBodyData' [c:\Users\tmdru\Downloads\files\tests\Tests.fsproj]
c:\Users\tmdru\Downloads\files\tests\PhysicsServiceTests.fs(33,51): error FS0193: Type constraint mismatch. The type     'RigidBody'    is not compatible with type    'RigidBodyData' [c:\Users\tmdru\Downloads\files\tests\Tests.fsproj]
c:\Users\tmdru\Downloads\files\tests\PhysicsServiceTests.fs(34,52): error FS0193: Type constraint mismatch. The type     'RigidBody'    is not compatible with type    'RigidBodyData' [c:\Users\tmdru\Downloads\files\tests\Tests.fsproj]
c:\Users\tmdru\Downloads\files\tests\PhysicsServiceTests.fs(42,45): error FS0193: Type constraint mismatch. The type     'RigidBody'    is not compatible with type    'RigidBodyData' [c:\Users\tmdru\Downloads\files\tests\Tests.fsproj]
c:\Users\tmdru\Downloads\files\tests\PhysicsServiceTests.fs(52,45): error FS0193: Type constraint mismatch. The type     'RigidBody'    is not compatible with type    'RigidBodyData' [c:\Users\tmdru\Downloads\files\tests\Tests.fsproj]
c:\Users\tmdru\Downloads\files\tests\PhysicsServiceTests.fs(64,45): error FS0001: This expression was expected to have type    'RigidBodyData'    but here has type    'RigidBody' [c:\Users\tmdru\Downloads\files\tests\Tests.fsproj]
c:\Users\tmdru\Downloads\files\tests\PhysicsServiceTests.fs(75,32): error FS0193: Type constraint mismatch. The type     'RigidBody'    is not compatible with type    'RigidBodyData' [c:\Users\tmdru\Downloads\files\tests\Tests.fsproj]
c:\Users\tmdru\Downloads\files\tests\PhysicsServiceTests.fs(76,32): error FS0193: Type constraint mismatch. The type     'RigidBody'    is not compatible with type    'RigidBodyData' [c:\Users\tmdru\Downloads\files\tests\Tests.fsproj]
c:\Users\tmdru\Downloads\files\tests\PhysicsServiceTests.fs(83,45): error FS0193: Type constraint mismatch. The type     'RigidBody'    is not compatible with type    'RigidBodyData' [c:\Users\tmdru\Downloads\files\tests\Tests.fsproj]
c:\Users\tmdru\Downloads\files\tests\PhysicsServiceTests.fs(90,32): error FS0193: Type constraint mismatch. The type     'RigidBody'    is not compatible with type    'RigidBodyData' [c:\Users\tmdru\Downloads\files\tests\Tests.fsproj]
c:\Users\tmdru\Downloads\files\tests\PhysicsServiceTests.fs(91,32): error FS0193: Type constraint mismatch. The type     'RigidBody'    is not compatible with type    'RigidBodyData' [c:\Users\tmdru\Downloads\files\tests\Tests.fsproj]
c:\Users\tmdru\Downloads\files\tests\PhysicsServiceTests.fs(94,17): error FS0072: Lookup on object of indeterminate type based on information prior to this program point. A type annotation may be needed prior to this program point to constrain the type of the object. This may allow the lookup to be resolved. [c:\Users\tmdru\Downloads\files\tests\Tests.fsproj]
c:\Users\tmdru\Downloads\files\tests\PhysicsServiceTests.fs(94,42): error FS0072: Lookup on object of indeterminate type based on information prior to this program point. A type annotation may be needed prior to this program point to constrain the type of the object. This may allow the lookup to be resolved. [c:\Users\tmdru\Downloads\files\tests\Tests.fsproj]
c:\Users\tmdru\Downloads\files\tests\PhysicsServiceTests.fs(99,32): error FS0193: Type constraint mismatch. The type     'RigidBody'    is not compatible with type    'RigidBodyData' [c:\Users\tmdru\Downloads\files\tests\Tests.fsproj]
c:\Users\tmdru\Downloads\files\tests\PhysicsServiceTests.fs(102,45): error FS0072: Lookup on object of indeterminate type based on information prior to this program point. A type annotation may be needed prior to this program point to constrain the type of the object. This may allow the lookup to be resolved. [c:\Users\tmdru\Downloads\files\tests\Tests.fsproj]
c:\Users\tmdru\Downloads\files\tests\PhysicsServiceTests.fs(102,68): error FS0072: Lookup on object of indeterminate type based on information prior to this program point. A type annotation may be needed prior to this program point to constrain the type of the object. This may allow the lookup to be resolved. [c:\Users\tmdru\Downloads\files\tests\Tests.fsproj]
c:\Users\tmdru\Downloads\files\tests\PhysicsServiceTests.fs(105,51): error FS0039: The type 'PositiveInt' is not defined. [c:\Users\tmdru\Downloads\files\tests\Tests.fsproj]
c:\Users\tmdru\Downloads\files\tests\PhysicsServiceTests.fs(109,45): error FS0072: Lookup on object of indeterminate type based on information prior to this program point. A type annotation may be needed prior to this program point to constrain the type of the object. This may allow the lookup to be resolved. [c:\Users\tmdru\Downloads\files\tests\Tests.fsproj]
c:\Users\tmdru\Downloads\files\tests\SyncThreadSafetyTests.fs(18,28): error FS0764: No assignment given for field 'Duration' of type 'TestInfrastructure.Concurrency.ThreadSafetySpec<_>' [c:\Users\tmdru\Downloads\files\tests\Tests.fsproj]
c:\Users\tmdru\Downloads\files\tests\SyncThreadSafetyTests.fs(32,82): error FS0039: The value or constructor 'rigidBodyBuilder' is not defined. Maybe you want one of the following:   RigidBody [c:\Users\tmdru\Downloads\files\tests\Tests.fsproj]
c:\Users\tmdru\Downloads\files\tests\SyncThreadSafetyTests.fs(34,31): error FS0039: The type 'PhysicsCommandQueue' does not define the field, constructor or member 'Count'. [c:\Users\tmdru\Downloads\files\tests\Tests.fsproj]
c:\Users\tmdru\Downloads\files\tests\SyncThreadSafetyTests.fs(39,27): error FS0039: The type 'PhysicsCommandQueue' does not define the field, constructor or member 'CreateFence'. [c:\Users\tmdru\Downloads\files\tests\Tests.fsproj]
c:\Users\tmdru\Downloads\files\tests\SyncThreadSafetyTests.fs(41,35): error FS0039: The value or constructor 'rigidBodyBuilder' is not defined. Maybe you want one of the following:   RigidBody [c:\Users\tmdru\Downloads\files\tests\Tests.fsproj]
c:\Users\tmdru\Downloads\files\tests\SyncThreadSafetyTests.fs(42,24): error FS0001: The type 'unit' is not compatible with the type 'Physics.Service.PhysicsWorld' [c:\Users\tmdru\Downloads\files\tests\Tests.fsproj]
c:\Users\tmdru\Downloads\files\tests\SyncThreadSafetyTests.fs(42,24): error FS0193: Type constraint mismatch. The type     'unit'    is not compatible with type    'Physics.Service.PhysicsWorld' [c:\Users\tmdru\Downloads\files\tests\Tests.fsproj]
c:\Users\tmdru\Downloads\files\tests\SyncThreadSafetyTests.fs(43,13): error FS0072: Lookup on object of indeterminate type based on information prior to this program point. A type annotation may be needed prior to this program point to constrain the type of the object. This may allow the lookup to be resolved. [c:\Users\tmdru\Downloads\files\tests\Tests.fsproj]
c:\Users\tmdru\Downloads\files\tests\SyncThreadSafetyTests.fs(48,27): error FS0039: The type 'PhysicsCommandQueue' does not define the field, constructor or member 'CreateFence'. [c:\Users\tmdru\Downloads\files\tests\Tests.fsproj]
c:\Users\tmdru\Downloads\files\tests\SyncThreadSafetyTests.fs(50,18): error FS0072: Lookup on object of indeterminate type based on information prior to this program point. A type annotation may be needed prior to this program point to constrain the type of the object. This may allow the lookup to be resolved. [c:\Users\tmdru\Downloads\files\tests\Tests.fsproj]
c:\Users\tmdru\Downloads\files\tests\SyncThreadSafetyTests.fs(70,20): error FS0039: The value or constructor 'rigidBodyBuilder' is not defined. Maybe you want one of the following:   RigidBody [c:\Users\tmdru\Downloads\files\tests\Tests.fsproj]
c:\Users\tmdru\Downloads\files\tests\SyncThreadSafetyTests.fs(77,23): error FS0501: The object constructor 'ThreadSafePhysicsManager' takes 2 argument(s) but is here given 0. The required signature is 'new: config: Physics.Service.WorldConfig * targetHz: float -> ThreadSafePhysicsManager'. [c:\Users\tmdru\Downloads\files\tests\Tests.fsproj]
c:\Users\tmdru\Downloads\files\tests\SyncThreadSafetyTests.fs(78,22): error FS0072: Lookup on object of indeterminate type based on information prior to this program point. A type annotation may be needed prior to this program point to constrain the type of the object. This may allow the lookup to be resolved. [c:\Users\tmdru\Downloads\files\tests\Tests.fsproj]
c:\Users\tmdru\Downloads\files\tests\SyncThreadSafetyTests.fs(83,23): error FS0501: The object constructor 'ThreadSafePhysicsManager' takes 2 argument(s) but is here given 0. The required signature is 'new: config: Physics.Service.WorldConfig * targetHz: float -> ThreadSafePhysicsManager'. [c:\Users\tmdru\Downloads\files\tests\Tests.fsproj]
c:\Users\tmdru\Downloads\files\tests\SyncThreadSafetyTests.fs(84,9): error FS0072: Lookup on object of indeterminate type based on information prior to this program point. A type annotation may be needed prior to this program point to constrain the type of the object. This may allow the lookup to be resolved. [c:\Users\tmdru\Downloads\files\tests\Tests.fsproj]
c:\Users\tmdru\Downloads\files\tests\SyncThreadSafetyTests.fs(85,9): error FS0072: Lookup on object of indeterminate type based on information prior to this program point. A type annotation may be needed prior to this program point to constrain the type of the object. This may allow the lookup to be resolved. [c:\Users\tmdru\Downloads\files\tests\Tests.fsproj]
c:\Users\tmdru\Downloads\files\tests\SyncThreadSafetyTests.fs(86,48): error FS0072: Lookup on object of indeterminate type based on information prior to this program point. A type annotation may be needed prior to this program point to constrain the type of the object. This may allow the lookup to be resolved. [c:\Users\tmdru\Downloads\files\tests\Tests.fsproj]
c:\Users\tmdru\Downloads\files\tests\SyncThreadSafetyTests.fs(87,9): error FS0072: Lookup on object of indeterminate type based on information prior to this program point. A type annotation may be needed prior to this program point to constrain the type of the object. This may allow the lookup to be resolved. [c:\Users\tmdru\Downloads\files\tests\Tests.fsproj]
c:\Users\tmdru\Downloads\files\tests\SyncThreadSafetyTests.fs(103,23): error FS0501: The object constructor 'ThreadSafePhysicsManager' takes 2 argument(s) but is here given 0. The required signature is 'new: config: Physics.Service.WorldConfig * targetHz: float -> ThreadSafePhysicsManager'. [c:\Users\tmdru\Downloads\files\tests\Tests.fsproj]
c:\Users\tmdru\Downloads\files\tests\SyncThreadSafetyTests.fs(104,9): error FS0072: Lookup on object of indeterminate type based on information prior to this program point. A type annotation may be needed prior to this program point to constrain the type of the object. This may allow the lookup to be resolved. [c:\Users\tmdru\Downloads\files\tests\Tests.fsproj]
c:\Users\tmdru\Downloads\files\tests\SyncThreadSafetyTests.fs(105,9): error FS0072: Lookup on object of indeterminate type based on information prior to this program point. A type annotation may be needed prior to this program point to constrain the type of the object. This may allow the lookup to be resolved. [c:\Users\tmdru\Downloads\files\tests\Tests.fsproj]
c:\Users\tmdru\Downloads\files\tests\SyncThreadSafetyTests.fs(110,62): error FS0039: The type 'PositiveInt' is not defined. [c:\Users\tmdru\Downloads\files\tests\Tests.fsproj]
c:\Users\tmdru\Downloads\files\tests\ThreadSafeRandomTests.fs(16,10): error FS0039: The namespace or module 'Random' is not defined. [c:\Users\tmdru\Downloads\files\tests\Tests.fsproj]
c:\Users\tmdru\Downloads\files\tests\ThreadSafeRandomTests.fs(20,19): error FS0039: The value or constructor 'randomBuilder' is not defined. Maybe you want one of the following:   Random [c:\Users\tmdru\Downloads\files\tests\Tests.fsproj]
c:\Users\tmdru\Downloads\files\tests\ThreadSafeRandomTests.fs(22,44): error FS0072: Lookup on object of indeterminate type based on information prior to this program point. A type annotation may be needed prior to this program point to constrain the type of the object. This may allow the lookup to be resolved. [c:\Users\tmdru\Downloads\files\tests\Tests.fsproj]
c:\Users\tmdru\Downloads\files\tests\ThreadSafeRandomTests.fs(30,19): error FS0039: The value or constructor 'randomBuilder' is not defined. Maybe you want one of the following:   Random [c:\Users\tmdru\Downloads\files\tests\Tests.fsproj]
c:\Users\tmdru\Downloads\files\tests\ThreadSafeRandomTests.fs(31,45): error FS0072: Lookup on object of indeterminate type based on information prior to this program point. A type annotation may be needed prior to this program point to constrain the type of the object. This may allow the lookup to be resolved. [c:\Users\tmdru\Downloads\files\tests\Tests.fsproj]
c:\Users\tmdru\Downloads\files\tests\ThreadSafeRandomTests.fs(36,19): error FS0039: The value or constructor 'randomBuilder' is not defined. Maybe you want one of the following:   Random [c:\Users\tmdru\Downloads\files\tests\Tests.fsproj]
c:\Users\tmdru\Downloads\files\tests\ThreadSafeRandomTests.fs(37,45): error FS0072: Lookup on object of indeterminate type based on information prior to this program point. A type annotation may be needed prior to this program point to constrain the type of the object. This may allow the lookup to be resolved. [c:\Users\tmdru\Downloads\files\tests\Tests.fsproj]
c:\Users\tmdru\Downloads\files\tests\ThreadSafeRandomTests.fs(42,19): error FS0039: The value or constructor 'randomBuilder' is not defined. Maybe you want one of the following:   Random [c:\Users\tmdru\Downloads\files\tests\Tests.fsproj]
c:\Users\tmdru\Downloads\files\tests\ThreadSafeRandomTests.fs(43,45): error FS0072: Lookup on object of indeterminate type based on information prior to this program point. A type annotation may be needed prior to this program point to constrain the type of the object. This may allow the lookup to be resolved. [c:\Users\tmdru\Downloads\files\tests\Tests.fsproj]
c:\Users\tmdru\Downloads\files\tests\ThreadSafeRandomTests.fs(51,23): error FS0039: The value or constructor 'randomBuilder' is not defined. Maybe you want one of the following:   Random [c:\Users\tmdru\Downloads\files\tests\Tests.fsproj]
c:\Users\tmdru\Downloads\files\tests\ThreadSafeRandomTests.fs(52,33): error FS0072: Lookup on object of indeterminate type based on information prior to this program point. A type annotation may be needed prior to this program point to constrain the type of the object. This may allow the lookup to be resolved. [c:\Users\tmdru\Downloads\files\tests\Tests.fsproj]
c:\Users\tmdru\Downloads\files\tests\ThreadSafeRandomTests.fs(57,13): error FS0001: None of the types 'bool, Lazy<'a>' support the operator '==>' [c:\Users\tmdru\Downloads\files\tests\Tests.fsproj]
c:\Users\tmdru\Downloads\files\tests\ThreadSafeRandomTests.fs(63,19): error FS0039: The value or constructor 'randomBuilder' is not defined. Maybe you want one of the following:   Random [c:\Users\tmdru\Downloads\files\tests\Tests.fsproj]
c:\Users\tmdru\Downloads\files\tests\ThreadSafeRandomTests.fs(64,45): error FS0072: Lookup on object of indeterminate type based on information prior to this program point. A type annotation may be needed prior to this program point to constrain the type of the object. This may allow the lookup to be resolved. [c:\Users\tmdru\Downloads\files\tests\Tests.fsproj]
c:\Users\tmdru\Downloads\files\tests\ThreadSafeRandomTests.fs(70,24): error FS0039: The value or constructor 'randomBuilder' is not defined. Maybe you want one of the following:   Random [c:\Users\tmdru\Downloads\files\tests\Tests.fsproj]
c:\Users\tmdru\Downloads\files\tests\ThreadSafeRandomTests.fs(71,24): error FS0039: The value or constructor 'randomBuilder' is not defined. Maybe you want one of the following:   Random [c:\Users\tmdru\Downloads\files\tests\Tests.fsproj]
c:\Users\tmdru\Downloads\files\tests\ThreadSafeRandomTests.fs(72,46): error FS0072: Lookup on object of indeterminate type based on information prior to this program point. A type annotation may be needed prior to this program point to constrain the type of the object. This may allow the lookup to be resolved. [c:\Users\tmdru\Downloads\files\tests\Tests.fsproj]
c:\Users\tmdru\Downloads\files\tests\ThreadSafeRandomTests.fs(77,23): error FS0039: The value or constructor 'randomBuilder' is not defined. Maybe you want one of the following:   Random [c:\Users\tmdru\Downloads\files\tests\Tests.fsproj]
c:\Users\tmdru\Downloads\files\tests\ThreadSafeRandomTests.fs(78,33): error FS0072: Lookup on object of indeterminate type based on information prior to this program point. A type annotation may be needed prior to this program point to constrain the type of the object. This may allow the lookup to be resolved. [c:\Users\tmdru\Downloads\files\tests\Tests.fsproj]
c:\Users\tmdru\Downloads\files\tests\ThreadSafeRandomTests.fs(83,23): error FS0039: The value or constructor 'randomBuilder' is not defined. Maybe you want one of the following:   Random [c:\Users\tmdru\Downloads\files\tests\Tests.fsproj]
c:\Users\tmdru\Downloads\files\tests\ThreadSafeRandomTests.fs(84,36): error FS0072: Lookup on object of indeterminate type based on information prior to this program point. A type annotation may be needed prior to this program point to constrain the type of the object. This may allow the lookup to be resolved. [c:\Users\tmdru\Downloads\files\tests\Tests.fsproj]
c:\Users\tmdru\Downloads\files\tests\ThreadSafeRandomTests.fs(91,23): error FS0039: The value or constructor 'randomBuilder' is not defined. Maybe you want one of the following:   Random [c:\Users\tmdru\Downloads\files\tests\Tests.fsproj]
c:\Users\tmdru\Downloads\files\tests\ThreadSafeRandomTests.fs(94,17): error FS0072: Lookup on object of indeterminate type based on information prior to this program point. A type annotation may be needed prior to this program point to constrain the type of the object. This may allow the lookup to be resolved. [c:\Users\tmdru\Downloads\files\tests\Tests.fsproj]
c:\Users\tmdru\Downloads\files\tests\ThreadSafeRandomTests.fs(98,9): error FS0039: The value or constructor 'forAllSeeds' is not defined. Maybe you want one of the following:   forAll   forAllGraphs   forAllWith [c:\Users\tmdru\Downloads\files\tests\Tests.fsproj]
c:\Users\tmdru\Downloads\files\tests\UnitsOfMeasureTests.fs(28,19): error FS0033: The non-generic type 'TestInfrastructure.Core.Vector3' does not expect any type arguments, but here is given 1 type argument(s) [c:\Users\tmdru\Downloads\files\tests\Tests.fsproj]
c:\Users\tmdru\Downloads\files\tests\UnitsOfMeasureTests.fs(29,19): error FS0033: The non-generic type 'TestInfrastructure.Core.Vector3' does not expect any type arguments, but here is given 1 type argument(s) [c:\Users\tmdru\Downloads\files\tests\Tests.fsproj]
c:\Users\tmdru\Downloads\files\tests\UnitsOfMeasureTests.fs(28,19): error FS0033: The non-generic type 'TestInfrastructure.Core.Vector3' does not expect any type arguments, but here is given 1 type argument(s) [c:\Users\tmdru\Downloads\files\tests\Tests.fsproj]
c:\Users\tmdru\Downloads\files\tests\UnitsOfMeasureTests.fs(29,19): error FS0033: The non-generic type 'TestInfrastructure.Core.Vector3' does not expect any type arguments, but here is given 1 type argument(s) [c:\Users\tmdru\Downloads\files\tests\Tests.fsproj]
c:\Users\tmdru\Downloads\files\tests\UnitsOfMeasureTests.fs(95,24): error FS0800: Invalid use of a type name [c:\Users\tmdru\Downloads\files\tests\Tests.fsproj]
c:\Users\tmdru\Downloads\files\tests\UnitsOfMeasureTests.fs(96,24): error FS0800: Invalid use of a type name [c:\Users\tmdru\Downloads\files\tests\Tests.fsproj]
c:\Users\tmdru\Downloads\files\tests\UnitsOfMeasureTests.fs(99,56): error FS0001: The type 'obj' does not match the type 'float<'u>' [c:\Users\tmdru\Downloads\files\tests\Tests.fsproj]
c:\Users\tmdru\Downloads\files\tests\UnitsOfMeasureTests.fs(99,54): error FS0043: The type 'obj' does not match the type 'float<'u>' [c:\Users\tmdru\Downloads\files\tests\Tests.fsproj]
c:\Users\tmdru\Downloads\files\tests\UnitsOfMeasureTests.fs(106,19): error FS0800: Invalid use of a type name [c:\Users\tmdru\Downloads\files\tests\Tests.fsproj]
c:\Users\tmdru\Downloads\files\tests\UnitsOfMeasureTests.fs(107,19): error FS0800: Invalid use of a type name [c:\Users\tmdru\Downloads\files\tests\Tests.fsproj]
c:\Users\tmdru\Downloads\files\tests\UnitsOfMeasureTests.fs(108,19): error FS0800: Invalid use of a type name [c:\Users\tmdru\Downloads\files\tests\Tests.fsproj]
c:\Users\tmdru\Downloads\files\tests\UnitsOfMeasureTests.fs(110,21): error FS0033: The non-generic type 'TestInfrastructure.Core.Vector3' does not expect any type arguments, but here is given 1 type argument(s) [c:\Users\tmdru\Downloads\files\tests\Tests.fsproj]
c:\Users\tmdru\Downloads\files\tests\UnitsOfMeasureTests.fs(111,21): error FS0033: The non-generic type 'TestInfrastructure.Core.Vector3' does not expect any type arguments, but here is given 1 type argument(s) [c:\Users\tmdru\Downloads\files\tests\Tests.fsproj]
c:\Users\tmdru\Downloads\files\tests\UnitsOfMeasureTests.fs(113,49): error FS0039: The type 'Double' does not define the field, constructor or member 'X'. [c:\Users\tmdru\Downloads\files\tests\Tests.fsproj]
c:\Users\tmdru\Downloads\files\tests\UnitsOfMeasureTests.fs(114,53): error FS0039: The type 'Double' does not define the field, constructor or member 'Y'. [c:\Users\tmdru\Downloads\files\tests\Tests.fsproj]
c:\Users\tmdru\Downloads\files\tests\UnitsOfMeasureTests.fs(160,13): error FS0001: None of the types 'bool, Lazy<'a>' support the operator '==>' [c:\Users\tmdru\Downloads\files\tests\Tests.fsproj]
c:\Users\tmdru\Downloads\files\tests\UnitsOfMeasureTests.fs(159,17): error FS0043: None of the types 'bool, Lazy<'a>' support the operator '==>' [c:\Users\tmdru\Downloads\files\tests\Tests.fsproj]
c:\Users\tmdru\Downloads\files\tests\UnitsOfMeasureTests.fs(168,30): error FS0001: The type 'PositiveInt' does not support a conversion to the type 'float' [c:\Users\tmdru\Downloads\files\tests\Tests.fsproj]
c:\Users\tmdru\Downloads\files\tests\UnitsOfMeasureTests.fs(169,26): error FS0001: The type 'PositiveInt' does not support a conversion to the type 'float' [c:\Users\tmdru\Downloads\files\tests\Tests.fsproj]
c:\Users\tmdru\Downloads\files\tests\UnitsOfMeasureTests.fs(171,33): error FS0001: The type 'PositiveInt' does not support a conversion to the type 'float' [c:\Users\tmdru\Downloads\files\tests\Tests.fsproj]
c:\Users\tmdru\Downloads\files\tests\UnitsOfMeasureTests.fs(171,43): error FS0001: The type 'PositiveInt' does not support a conversion to the type 'float' [c:\Users\tmdru\Downloads\files\tests\Tests.fsproj]
c:\Users\tmdru\Downloads\files\tests\UnitsOfMeasureTests.fs(175,27): error FS0001: The type 'PositiveInt' does not support a conversion to the type 'float' [c:\Users\tmdru\Downloads\files\tests\Tests.fsproj]
c:\Users\tmdru\Downloads\files\tests\UnitsOfMeasureTests.fs(176,30): error FS0001: The type 'PositiveInt' does not support a conversion to the type 'float' [c:\Users\tmdru\Downloads\files\tests\Tests.fsproj]
c:\Users\tmdru\Downloads\files\tests\UnitsOfMeasureTests.fs(178,31): error FS0001: The type 'PositiveInt' does not support a conversion to the type 'float' [c:\Users\tmdru\Downloads\files\tests\Tests.fsproj]
c:\Users\tmdru\Downloads\files\tests\UnitsOfMeasureTests.fs(178,41): error FS0001: The type 'PositiveInt' does not support a conversion to the type 'float' [c:\Users\tmdru\Downloads\files\tests\Tests.fsproj]
    14 Warning(s)
    130 Error(s)

Time Elapsed 00:00:07.78
