
========== BUILD_SOLUTION ==========
  Determining projects to restore...
  All projects are up-to-date for restore.
  Execution -> C:\Users\tmdru\Downloads\files\src\bin\Debug\net8.0\Execution.dll
  Core -> C:\Users\tmdru\Downloads\files\src\bin\Debug\net8.0\Core.dll
  GPU.Interop -> C:\Users\tmdru\Downloads\files\src\bin\Debug\net8.0\GPU.Interop.dll
C:\Users\tmdru\Downloads\files\src\Physics.Sync.fs(292,13): warning FS0760: It is recommended that objects supporting the IDisposable interface are created using the syntax 'new Type(args)', rather than 'Type(args)' or 'Type' as a function value representing the constructor, to indicate that resources may be owned by the generated value [C:\Users\tmdru\Downloads\files\src\Physics.fsproj]
  Physics -> C:\Users\tmdru\Downloads\files\src\bin\Debug\net8.0\Physics.dll
  Terrain -> C:\Users\tmdru\Downloads\files\src\bin\Debug\net8.0\Terrain.dll
  Server -> C:\Users\tmdru\Downloads\files\src\bin\Server\Debug\net8.0\Server.dll
  CLI -> C:\Users\tmdru\Downloads\files\src\bin\CLI\Debug\net8.0\CLI.dll

Build succeeded.

C:\Users\tmdru\Downloads\files\src\Physics.Sync.fs(292,13): warning FS0760: It is recommended that objects supporting the IDisposable interface are created using the syntax 'new Type(args)', rather than 'Type(args)' or 'Type' as a function value representing the constructor, to indicate that resources may be owned by the generated value [C:\Users\tmdru\Downloads\files\src\Physics.fsproj]
    1 Warning(s)
    0 Error(s)

Time Elapsed 00:00:18.02
========== BUILD_TESTS ==========
  Determining projects to restore...
  Restored C:\Users\tmdru\Downloads\files\src\Core.fsproj (in 193 ms).
  2 of 3 projects are up-to-date for restore.
  Execution -> C:\Users\tmdru\Downloads\files\src\bin\Debug\net8.0\Execution.dll
  Core -> C:\Users\tmdru\Downloads\files\src\bin\Debug\net8.0\Core.dll
  GPU.Interop -> C:\Users\tmdru\Downloads\files\src\bin\Debug\net8.0\GPU.Interop.dll
  Physics -> C:\Users\tmdru\Downloads\files\src\bin\Debug\net8.0\Physics.dll
  Terrain -> C:\Users\tmdru\Downloads\files\src\bin\Debug\net8.0\Terrain.dll
  Server -> C:\Users\tmdru\Downloads\files\src\bin\Server\Debug\net8.0\Server.dll
C:\Users\tmdru\Downloads\files\tests\Generators.fs(73,44): error FS0039: The type 'Vector3' does not define the field, constructor or member 'distanceTo'. Maybe you want one of the following:   Distance   DistanceSquared [C:\Users\tmdru\Downloads\files\tests\Tests.fsproj]
C:\Users\tmdru\Downloads\files\tests\Builders.fs(477,25): error FS0039: The record label 'X' is not defined. [C:\Users\tmdru\Downloads\files\tests\Tests.fsproj]
C:\Users\tmdru\Downloads\files\tests\Builders.fs(478,25): error FS0039: The record label 'Y' is not defined. [C:\Users\tmdru\Downloads\files\tests\Tests.fsproj]
C:\Users\tmdru\Downloads\files\tests\Builders.fs(479,25): error FS0039: The record label 'Z' is not defined. [C:\Users\tmdru\Downloads\files\tests\Tests.fsproj]
C:\Users\tmdru\Downloads\files\tests\Builders.fs(482,25): error FS0039: The record label 'X' is not defined. [C:\Users\tmdru\Downloads\files\tests\Tests.fsproj]
C:\Users\tmdru\Downloads\files\tests\Builders.fs(483,25): error FS0039: The record label 'Y' is not defined. [C:\Users\tmdru\Downloads\files\tests\Tests.fsproj]
C:\Users\tmdru\Downloads\files\tests\Builders.fs(484,25): error FS0039: The record label 'Z' is not defined. [C:\Users\tmdru\Downloads\files\tests\Tests.fsproj]
C:\Users\tmdru\Downloads\files\tests\AlgebraicLaws.fs(56,40): warning FS0064: This construct causes code to be less generic than indicated by the type annotations. The type variable 'B has been constrained to be type ''A'. [C:\Users\tmdru\Downloads\files\tests\Tests.fsproj]
C:\Users\tmdru\Downloads\files\tests\AlgebraicLaws.fs(56,62): warning FS0064: This construct causes code to be less generic than indicated by the type annotations. The type variable 'C has been constrained to be type ''A'. [C:\Users\tmdru\Downloads\files\tests\Tests.fsproj]
C:\Users\tmdru\Downloads\files\tests\AlgebraicLaws.fs(69,41): warning FS0064: This construct causes code to be less generic than indicated by the type annotations. The type variable 'B has been constrained to be type ''A'. [C:\Users\tmdru\Downloads\files\tests\Tests.fsproj]
C:\Users\tmdru\Downloads\files\tests\Assertions.fs(129,40): warning FS0064: This construct causes code to be less generic than indicated by the type annotations. The type variable 'T has been constrained to be type 'unit'. [C:\Users\tmdru\Downloads\files\tests\Tests.fsproj]
C:\Users\tmdru\Downloads\files\tests\Assertions.fs(433,31): warning FS0064: This construct causes code to be less generic than indicated by the type annotations. The type variable 'Stats has been constrained to be type '{| ActiveBodies: int; BodyCount: int; FrameCount: int64; TotalTime: float<s> |}'. [C:\Users\tmdru\Downloads\files\tests\Tests.fsproj]
C:\Users\tmdru\Downloads\files\tests\PhysicsTests.fs(65,33): error FS0039: The type 'Vector3' does not define the field, constructor or member 'distanceTo'. Maybe you want one of the following:   Distance   DistanceSquared [C:\Users\tmdru\Downloads\files\tests\Tests.fsproj]
C:\Users\tmdru\Downloads\files\tests\PhysicsTests.fs(66,33): error FS0039: The type 'Vector3' does not define the field, constructor or member 'distanceTo'. Maybe you want one of the following:   Distance   DistanceSquared [C:\Users\tmdru\Downloads\files\tests\Tests.fsproj]
C:\Users\tmdru\Downloads\files\tests\PhysicsQueriesTests.fs(22,45): error FS0041: A unique overload for method 'At' could not be determined based on type information prior to this program point. A type annotation may be needed.Known type of argument: Vector3Candidates: - member BodyBuilder.At: pos: Vector3 -> BodyBuilder - member BodyBuilder.At: v: Vector3 -> BodyBuilder [C:\Users\tmdru\Downloads\files\tests\Tests.fsproj]
C:\Users\tmdru\Downloads\files\tests\PhysicsQueriesTests.fs(28,45): error FS0041: A unique overload for method 'At' could not be determined based on type information prior to this program point. A type annotation may be needed.Known type of argument: Vector3Candidates: - member BodyBuilder.At: pos: Vector3 -> BodyBuilder - member BodyBuilder.At: v: Vector3 -> BodyBuilder [C:\Users\tmdru\Downloads\files\tests\Tests.fsproj]
C:\Users\tmdru\Downloads\files\tests\PhysicsQueriesTests.fs(57,45): error FS0041: A unique overload for method 'At' could not be determined based on type information prior to this program point. A type annotation may be needed.Known type of argument: Vector3Candidates: - member BodyBuilder.At: pos: Vector3 -> BodyBuilder - member BodyBuilder.At: v: Vector3 -> BodyBuilder [C:\Users\tmdru\Downloads\files\tests\Tests.fsproj]
C:\Users\tmdru\Downloads\files\tests\PhysicsQueriesTests.fs(72,49): error FS0041: A unique overload for method 'At' could not be determined based on type information prior to this program point. A type annotation may be needed.Known type of argument: Vector3Candidates: - member BodyBuilder.At: pos: Vector3 -> BodyBuilder - member BodyBuilder.At: v: Vector3 -> BodyBuilder [C:\Users\tmdru\Downloads\files\tests\Tests.fsproj]
C:\Users\tmdru\Downloads\files\tests\PhysicsServiceTests.fs(18,28): error FS0041: A unique overload for method 'At' could not be determined based on type information prior to this program point. A type annotation may be needed.Known type of argument: Vector3Candidates: - member BodyBuilder.At: pos: Vector3 -> BodyBuilder - member BodyBuilder.At: v: Vector3 -> BodyBuilder [C:\Users\tmdru\Downloads\files\tests\Tests.fsproj]
C:\Users\tmdru\Downloads\files\tests\PhysicsServiceTests.fs(22,13): warning FS0020: The result of this expression has type 'bool' and is implicitly ignored. Consider using 'ignore' to discard this value explicitly, e.g. 'expr |> ignore', or 'let' to bind the result to a name, e.g. 'let result = expr'. [C:\Users\tmdru\Downloads\files\tests\Tests.fsproj]
C:\Users\tmdru\Downloads\files\tests\PhysicsServiceTests.fs(34,51): error FS0041: A unique overload for method 'At' could not be determined based on type information prior to this program point. A type annotation may be needed.Known type of argument: Vector3Candidates: - member BodyBuilder.At: pos: Vector3 -> BodyBuilder - member BodyBuilder.At: v: Vector3 -> BodyBuilder [C:\Users\tmdru\Downloads\files\tests\Tests.fsproj]
C:\Users\tmdru\Downloads\files\tests\PhysicsServiceTests.fs(35,52): error FS0041: A unique overload for method 'At' could not be determined based on type information prior to this program point. A type annotation may be needed.Known type of argument: Vector3Candidates: - member BodyBuilder.At: pos: Vector3 -> BodyBuilder - member BodyBuilder.At: v: Vector3 -> BodyBuilder [C:\Users\tmdru\Downloads\files\tests\Tests.fsproj]
C:\Users\tmdru\Downloads\files\tests\PhysicsServiceTests.fs(43,45): error FS0041: A unique overload for method 'At' could not be determined based on type information prior to this program point. A type annotation may be needed.Known type of argument: Vector3Candidates: - member BodyBuilder.At: pos: Vector3 -> BodyBuilder - member BodyBuilder.At: v: Vector3 -> BodyBuilder [C:\Users\tmdru\Downloads\files\tests\Tests.fsproj]
C:\Users\tmdru\Downloads\files\tests\PhysicsServiceTests.fs(53,45): error FS0041: A unique overload for method 'At' could not be determined based on type information prior to this program point. A type annotation may be needed.Known type of argument: Vector3Candidates: - member BodyBuilder.At: pos: Vector3 -> BodyBuilder - member BodyBuilder.At: v: Vector3 -> BodyBuilder [C:\Users\tmdru\Downloads\files\tests\Tests.fsproj]
C:\Users\tmdru\Downloads\files\tests\PhysicsServiceTests.fs(64,24): error FS0041: A unique overload for method 'At' could not be determined based on type information prior to this program point. A type annotation may be needed.Known type of argument: Vector3Candidates: - member BodyBuilder.At: pos: Vector3 -> BodyBuilder - member BodyBuilder.At: v: Vector3 -> BodyBuilder [C:\Users\tmdru\Downloads\files\tests\Tests.fsproj]
C:\Users\tmdru\Downloads\files\tests\PhysicsServiceTests.fs(76,32): error FS0041: A unique overload for method 'At' could not be determined based on type information prior to this program point. A type annotation may be needed.Known type of argument: Vector3Candidates: - member BodyBuilder.At: pos: Vector3 -> BodyBuilder - member BodyBuilder.At: v: Vector3 -> BodyBuilder [C:\Users\tmdru\Downloads\files\tests\Tests.fsproj]
C:\Users\tmdru\Downloads\files\tests\PhysicsServiceTests.fs(77,32): error FS0041: A unique overload for method 'At' could not be determined based on type information prior to this program point. A type annotation may be needed.Known type of argument: Vector3Candidates: - member BodyBuilder.At: pos: Vector3 -> BodyBuilder - member BodyBuilder.At: v: Vector3 -> BodyBuilder [C:\Users\tmdru\Downloads\files\tests\Tests.fsproj]
C:\Users\tmdru\Downloads\files\tests\PhysicsServiceTests.fs(84,45): error FS0041: A unique overload for method 'At' could not be determined based on type information prior to this program point. A type annotation may be needed.Known type of argument: Vector3Candidates: - member BodyBuilder.At: pos: Vector3 -> BodyBuilder - member BodyBuilder.At: v: Vector3 -> BodyBuilder [C:\Users\tmdru\Downloads\files\tests\Tests.fsproj]
C:\Users\tmdru\Downloads\files\tests\SyncThreadSafetyTests.fs(83,20): error FS0041: A unique overload for method 'At' could not be determined based on type information prior to this program point. A type annotation may be needed.Known type of argument: Vector3Candidates: - member BodyBuilder.At: pos: Vector3 -> BodyBuilder - member BodyBuilder.At: v: Vector3 -> BodyBuilder [C:\Users\tmdru\Downloads\files\tests\Tests.fsproj]
C:\Users\tmdru\Downloads\files\tests\SyncThreadSafetyTests.fs(90,23): warning FS0760: It is recommended that objects supporting the IDisposable interface are created using the syntax 'new Type(args)', rather than 'Type(args)' or 'Type' as a function value representing the constructor, to indicate that resources may be owned by the generated value [C:\Users\tmdru\Downloads\files\tests\Tests.fsproj]
C:\Users\tmdru\Downloads\files\tests\SyncThreadSafetyTests.fs(96,23): warning FS0760: It is recommended that objects supporting the IDisposable interface are created using the syntax 'new Type(args)', rather than 'Type(args)' or 'Type' as a function value representing the constructor, to indicate that resources may be owned by the generated value [C:\Users\tmdru\Downloads\files\tests\Tests.fsproj]
C:\Users\tmdru\Downloads\files\tests\SyncThreadSafetyTests.fs(116,23): warning FS0760: It is recommended that objects supporting the IDisposable interface are created using the syntax 'new Type(args)', rather than 'Type(args)' or 'Type' as a function value representing the constructor, to indicate that resources may be owned by the generated value [C:\Users\tmdru\Downloads\files\tests\Tests.fsproj]
C:\Users\tmdru\Downloads\files\tests\UnitsOfMeasureTests.fs(99,32): error FS0001: This expression was expected to have type    'float32'    but here has type    'float<m>' [C:\Users\tmdru\Downloads\files\tests\Tests.fsproj]
C:\Users\tmdru\Downloads\files\tests\UnitsOfMeasureTests.fs(99,41): error FS0001: This expression was expected to have type    'float32'    but here has type    'float<m>' [C:\Users\tmdru\Downloads\files\tests\Tests.fsproj]
C:\Users\tmdru\Downloads\files\tests\UnitsOfMeasureTests.fs(99,50): error FS0001: This expression was expected to have type    'float32'    but here has type    'float<m>' [C:\Users\tmdru\Downloads\files\tests\Tests.fsproj]
C:\Users\tmdru\Downloads\files\tests\UnitsOfMeasureTests.fs(99,24): error FS0193: Type constraint mismatch. The type     'Vector3'    is not compatible with type    'Vector3<'u>' [C:\Users\tmdru\Downloads\files\tests\Tests.fsproj]
C:\Users\tmdru\Downloads\files\tests\UnitsOfMeasureTests.fs(100,32): error FS0001: This expression was expected to have type    'float32'    but here has type    'float<m/s>' [C:\Users\tmdru\Downloads\files\tests\Tests.fsproj]
C:\Users\tmdru\Downloads\files\tests\UnitsOfMeasureTests.fs(100,42): error FS0001: This expression was expected to have type    'float32'    but here has type    'float<m/s>' [C:\Users\tmdru\Downloads\files\tests\Tests.fsproj]
C:\Users\tmdru\Downloads\files\tests\UnitsOfMeasureTests.fs(100,52): error FS0001: This expression was expected to have type    'float32'    but here has type    'float<m/s>' [C:\Users\tmdru\Downloads\files\tests\Tests.fsproj]
C:\Users\tmdru\Downloads\files\tests\UnitsOfMeasureTests.fs(100,24): error FS0193: Type constraint mismatch. The type     'Vector3'    is not compatible with type    'Vector3<'u/s>' [C:\Users\tmdru\Downloads\files\tests\Tests.fsproj]
C:\Users\tmdru\Downloads\files\tests\UnitsOfMeasureTests.fs(114,27): error FS0001: This expression was expected to have type    'float32'    but here has type    'float<m>' [C:\Users\tmdru\Downloads\files\tests\Tests.fsproj]
C:\Users\tmdru\Downloads\files\tests\UnitsOfMeasureTests.fs(114,35): error FS0001: This expression was expected to have type    'float32'    but here has type    'float<m>' [C:\Users\tmdru\Downloads\files\tests\Tests.fsproj]
C:\Users\tmdru\Downloads\files\tests\UnitsOfMeasureTests.fs(114,43): error FS0001: This expression was expected to have type    'float32'    but here has type    'float<m>' [C:\Users\tmdru\Downloads\files\tests\Tests.fsproj]
C:\Users\tmdru\Downloads\files\tests\UnitsOfMeasureTests.fs(115,27): error FS0001: This expression was expected to have type    'float32'    but here has type    'float<m/s>' [C:\Users\tmdru\Downloads\files\tests\Tests.fsproj]
C:\Users\tmdru\Downloads\files\tests\UnitsOfMeasureTests.fs(115,38): error FS0001: This expression was expected to have type    'float32'    but here has type    'float<m/s>' [C:\Users\tmdru\Downloads\files\tests\Tests.fsproj]
C:\Users\tmdru\Downloads\files\tests\UnitsOfMeasureTests.fs(115,48): error FS0001: This expression was expected to have type    'float32'    but here has type    'float<m/s>' [C:\Users\tmdru\Downloads\files\tests\Tests.fsproj]
C:\Users\tmdru\Downloads\files\tests\UnitsOfMeasureTests.fs(116,27): error FS0001: This expression was expected to have type    'float32'    but here has type    'float<m/s ^ 2>' [C:\Users\tmdru\Downloads\files\tests\Tests.fsproj]
C:\Users\tmdru\Downloads\files\tests\UnitsOfMeasureTests.fs(116,39): error FS0001: This expression was expected to have type    'float32'    but here has type    'float<m/s ^ 2>' [C:\Users\tmdru\Downloads\files\tests\Tests.fsproj]
C:\Users\tmdru\Downloads\files\tests\UnitsOfMeasureTests.fs(116,52): error FS0001: This expression was expected to have type    'float32'    but here has type    'float<m/s ^ 2>' [C:\Users\tmdru\Downloads\files\tests\Tests.fsproj]
C:\Users\tmdru\Downloads\files\tests\UnitsOfMeasureTests.fs(119,33): error FS0001: The type 'float32' does not match the type 'float<'u>' [C:\Users\tmdru\Downloads\files\tests\Tests.fsproj]
C:\Users\tmdru\Downloads\files\tests\UnitsOfMeasureTests.fs(119,46): error FS0001: The type 'float32' does not match the type 'float<'u>' [C:\Users\tmdru\Downloads\files\tests\Tests.fsproj]
C:\Users\tmdru\Downloads\files\tests\UnitsOfMeasureTests.fs(120,33): error FS0001: The type 'float32' does not match the type 'float<'u>' [C:\Users\tmdru\Downloads\files\tests\Tests.fsproj]
C:\Users\tmdru\Downloads\files\tests\UnitsOfMeasureTests.fs(120,46): error FS0001: The type 'float32' does not match the type 'float<'u>' [C:\Users\tmdru\Downloads\files\tests\Tests.fsproj]
C:\Users\tmdru\Downloads\files\tests\UnitsOfMeasureTests.fs(121,33): error FS0001: The type 'float32' does not match the type 'float<'u>' [C:\Users\tmdru\Downloads\files\tests\Tests.fsproj]
C:\Users\tmdru\Downloads\files\tests\UnitsOfMeasureTests.fs(121,46): error FS0001: The type 'float32' does not match the type 'float<'u>' [C:\Users\tmdru\Downloads\files\tests\Tests.fsproj]
C:\Users\tmdru\Downloads\files\tests\UnitsOfMeasureTests.fs(124,33): error FS0001: The type 'float32' does not match the type 'float<'u>' [C:\Users\tmdru\Downloads\files\tests\Tests.fsproj]
C:\Users\tmdru\Downloads\files\tests\UnitsOfMeasureTests.fs(125,33): error FS0001: The type 'float32' does not match the type 'float<'u>' [C:\Users\tmdru\Downloads\files\tests\Tests.fsproj]
C:\Users\tmdru\Downloads\files\tests\UnitsOfMeasureTests.fs(126,33): error FS0001: The type 'float32' does not match the type 'float<'u>' [C:\Users\tmdru\Downloads\files\tests\Tests.fsproj]

Build FAILED.

C:\Users\tmdru\Downloads\files\tests\AlgebraicLaws.fs(56,40): warning FS0064: This construct causes code to be less generic than indicated by the type annotations. The type variable 'B has been constrained to be type ''A'. [C:\Users\tmdru\Downloads\files\tests\Tests.fsproj]
C:\Users\tmdru\Downloads\files\tests\AlgebraicLaws.fs(56,62): warning FS0064: This construct causes code to be less generic than indicated by the type annotations. The type variable 'C has been constrained to be type ''A'. [C:\Users\tmdru\Downloads\files\tests\Tests.fsproj]
C:\Users\tmdru\Downloads\files\tests\AlgebraicLaws.fs(69,41): warning FS0064: This construct causes code to be less generic than indicated by the type annotations. The type variable 'B has been constrained to be type ''A'. [C:\Users\tmdru\Downloads\files\tests\Tests.fsproj]
C:\Users\tmdru\Downloads\files\tests\Assertions.fs(129,40): warning FS0064: This construct causes code to be less generic than indicated by the type annotations. The type variable 'T has been constrained to be type 'unit'. [C:\Users\tmdru\Downloads\files\tests\Tests.fsproj]
C:\Users\tmdru\Downloads\files\tests\Assertions.fs(433,31): warning FS0064: This construct causes code to be less generic than indicated by the type annotations. The type variable 'Stats has been constrained to be type '{| ActiveBodies: int; BodyCount: int; FrameCount: int64; TotalTime: float<s> |}'. [C:\Users\tmdru\Downloads\files\tests\Tests.fsproj]
C:\Users\tmdru\Downloads\files\tests\PhysicsServiceTests.fs(22,13): warning FS0020: The result of this expression has type 'bool' and is implicitly ignored. Consider using 'ignore' to discard this value explicitly, e.g. 'expr |> ignore', or 'let' to bind the result to a name, e.g. 'let result = expr'. [C:\Users\tmdru\Downloads\files\tests\Tests.fsproj]
C:\Users\tmdru\Downloads\files\tests\SyncThreadSafetyTests.fs(90,23): warning FS0760: It is recommended that objects supporting the IDisposable interface are created using the syntax 'new Type(args)', rather than 'Type(args)' or 'Type' as a function value representing the constructor, to indicate that resources may be owned by the generated value [C:\Users\tmdru\Downloads\files\tests\Tests.fsproj]
C:\Users\tmdru\Downloads\files\tests\SyncThreadSafetyTests.fs(96,23): warning FS0760: It is recommended that objects supporting the IDisposable interface are created using the syntax 'new Type(args)', rather than 'Type(args)' or 'Type' as a function value representing the constructor, to indicate that resources may be owned by the generated value [C:\Users\tmdru\Downloads\files\tests\Tests.fsproj]
C:\Users\tmdru\Downloads\files\tests\SyncThreadSafetyTests.fs(116,23): warning FS0760: It is recommended that objects supporting the IDisposable interface are created using the syntax 'new Type(args)', rather than 'Type(args)' or 'Type' as a function value representing the constructor, to indicate that resources may be owned by the generated value [C:\Users\tmdru\Downloads\files\tests\Tests.fsproj]
C:\Users\tmdru\Downloads\files\tests\Generators.fs(73,44): error FS0039: The type 'Vector3' does not define the field, constructor or member 'distanceTo'. Maybe you want one of the following:   Distance   DistanceSquared [C:\Users\tmdru\Downloads\files\tests\Tests.fsproj]
C:\Users\tmdru\Downloads\files\tests\Builders.fs(477,25): error FS0039: The record label 'X' is not defined. [C:\Users\tmdru\Downloads\files\tests\Tests.fsproj]
C:\Users\tmdru\Downloads\files\tests\Builders.fs(478,25): error FS0039: The record label 'Y' is not defined. [C:\Users\tmdru\Downloads\files\tests\Tests.fsproj]
C:\Users\tmdru\Downloads\files\tests\Builders.fs(479,25): error FS0039: The record label 'Z' is not defined. [C:\Users\tmdru\Downloads\files\tests\Tests.fsproj]
C:\Users\tmdru\Downloads\files\tests\Builders.fs(482,25): error FS0039: The record label 'X' is not defined. [C:\Users\tmdru\Downloads\files\tests\Tests.fsproj]
C:\Users\tmdru\Downloads\files\tests\Builders.fs(483,25): error FS0039: The record label 'Y' is not defined. [C:\Users\tmdru\Downloads\files\tests\Tests.fsproj]
C:\Users\tmdru\Downloads\files\tests\Builders.fs(484,25): error FS0039: The record label 'Z' is not defined. [C:\Users\tmdru\Downloads\files\tests\Tests.fsproj]
C:\Users\tmdru\Downloads\files\tests\PhysicsTests.fs(65,33): error FS0039: The type 'Vector3' does not define the field, constructor or member 'distanceTo'. Maybe you want one of the following:   Distance   DistanceSquared [C:\Users\tmdru\Downloads\files\tests\Tests.fsproj]
C:\Users\tmdru\Downloads\files\tests\PhysicsTests.fs(66,33): error FS0039: The type 'Vector3' does not define the field, constructor or member 'distanceTo'. Maybe you want one of the following:   Distance   DistanceSquared [C:\Users\tmdru\Downloads\files\tests\Tests.fsproj]
C:\Users\tmdru\Downloads\files\tests\PhysicsQueriesTests.fs(22,45): error FS0041: A unique overload for method 'At' could not be determined based on type information prior to this program point. A type annotation may be needed.Known type of argument: Vector3Candidates: - member BodyBuilder.At: pos: Vector3 -> BodyBuilder - member BodyBuilder.At: v: Vector3 -> BodyBuilder [C:\Users\tmdru\Downloads\files\tests\Tests.fsproj]
C:\Users\tmdru\Downloads\files\tests\PhysicsQueriesTests.fs(28,45): error FS0041: A unique overload for method 'At' could not be determined based on type information prior to this program point. A type annotation may be needed.Known type of argument: Vector3Candidates: - member BodyBuilder.At: pos: Vector3 -> BodyBuilder - member BodyBuilder.At: v: Vector3 -> BodyBuilder [C:\Users\tmdru\Downloads\files\tests\Tests.fsproj]
C:\Users\tmdru\Downloads\files\tests\PhysicsQueriesTests.fs(57,45): error FS0041: A unique overload for method 'At' could not be determined based on type information prior to this program point. A type annotation may be needed.Known type of argument: Vector3Candidates: - member BodyBuilder.At: pos: Vector3 -> BodyBuilder - member BodyBuilder.At: v: Vector3 -> BodyBuilder [C:\Users\tmdru\Downloads\files\tests\Tests.fsproj]
C:\Users\tmdru\Downloads\files\tests\PhysicsQueriesTests.fs(72,49): error FS0041: A unique overload for method 'At' could not be determined based on type information prior to this program point. A type annotation may be needed.Known type of argument: Vector3Candidates: - member BodyBuilder.At: pos: Vector3 -> BodyBuilder - member BodyBuilder.At: v: Vector3 -> BodyBuilder [C:\Users\tmdru\Downloads\files\tests\Tests.fsproj]
C:\Users\tmdru\Downloads\files\tests\PhysicsServiceTests.fs(18,28): error FS0041: A unique overload for method 'At' could not be determined based on type information prior to this program point. A type annotation may be needed.Known type of argument: Vector3Candidates: - member BodyBuilder.At: pos: Vector3 -> BodyBuilder - member BodyBuilder.At: v: Vector3 -> BodyBuilder [C:\Users\tmdru\Downloads\files\tests\Tests.fsproj]
C:\Users\tmdru\Downloads\files\tests\PhysicsServiceTests.fs(34,51): error FS0041: A unique overload for method 'At' could not be determined based on type information prior to this program point. A type annotation may be needed.Known type of argument: Vector3Candidates: - member BodyBuilder.At: pos: Vector3 -> BodyBuilder - member BodyBuilder.At: v: Vector3 -> BodyBuilder [C:\Users\tmdru\Downloads\files\tests\Tests.fsproj]
C:\Users\tmdru\Downloads\files\tests\PhysicsServiceTests.fs(35,52): error FS0041: A unique overload for method 'At' could not be determined based on type information prior to this program point. A type annotation may be needed.Known type of argument: Vector3Candidates: - member BodyBuilder.At: pos: Vector3 -> BodyBuilder - member BodyBuilder.At: v: Vector3 -> BodyBuilder [C:\Users\tmdru\Downloads\files\tests\Tests.fsproj]
C:\Users\tmdru\Downloads\files\tests\PhysicsServiceTests.fs(43,45): error FS0041: A unique overload for method 'At' could not be determined based on type information prior to this program point. A type annotation may be needed.Known type of argument: Vector3Candidates: - member BodyBuilder.At: pos: Vector3 -> BodyBuilder - member BodyBuilder.At: v: Vector3 -> BodyBuilder [C:\Users\tmdru\Downloads\files\tests\Tests.fsproj]
C:\Users\tmdru\Downloads\files\tests\PhysicsServiceTests.fs(53,45): error FS0041: A unique overload for method 'At' could not be determined based on type information prior to this program point. A type annotation may be needed.Known type of argument: Vector3Candidates: - member BodyBuilder.At: pos: Vector3 -> BodyBuilder - member BodyBuilder.At: v: Vector3 -> BodyBuilder [C:\Users\tmdru\Downloads\files\tests\Tests.fsproj]
C:\Users\tmdru\Downloads\files\tests\PhysicsServiceTests.fs(64,24): error FS0041: A unique overload for method 'At' could not be determined based on type information prior to this program point. A type annotation may be needed.Known type of argument: Vector3Candidates: - member BodyBuilder.At: pos: Vector3 -> BodyBuilder - member BodyBuilder.At: v: Vector3 -> BodyBuilder [C:\Users\tmdru\Downloads\files\tests\Tests.fsproj]
C:\Users\tmdru\Downloads\files\tests\PhysicsServiceTests.fs(76,32): error FS0041: A unique overload for method 'At' could not be determined based on type information prior to this program point. A type annotation may be needed.Known type of argument: Vector3Candidates: - member BodyBuilder.At: pos: Vector3 -> BodyBuilder - member BodyBuilder.At: v: Vector3 -> BodyBuilder [C:\Users\tmdru\Downloads\files\tests\Tests.fsproj]
C:\Users\tmdru\Downloads\files\tests\PhysicsServiceTests.fs(77,32): error FS0041: A unique overload for method 'At' could not be determined based on type information prior to this program point. A type annotation may be needed.Known type of argument: Vector3Candidates: - member BodyBuilder.At: pos: Vector3 -> BodyBuilder - member BodyBuilder.At: v: Vector3 -> BodyBuilder [C:\Users\tmdru\Downloads\files\tests\Tests.fsproj]
C:\Users\tmdru\Downloads\files\tests\PhysicsServiceTests.fs(84,45): error FS0041: A unique overload for method 'At' could not be determined based on type information prior to this program point. A type annotation may be needed.Known type of argument: Vector3Candidates: - member BodyBuilder.At: pos: Vector3 -> BodyBuilder - member BodyBuilder.At: v: Vector3 -> BodyBuilder [C:\Users\tmdru\Downloads\files\tests\Tests.fsproj]
C:\Users\tmdru\Downloads\files\tests\SyncThreadSafetyTests.fs(83,20): error FS0041: A unique overload for method 'At' could not be determined based on type information prior to this program point. A type annotation may be needed.Known type of argument: Vector3Candidates: - member BodyBuilder.At: pos: Vector3 -> BodyBuilder - member BodyBuilder.At: v: Vector3 -> BodyBuilder [C:\Users\tmdru\Downloads\files\tests\Tests.fsproj]
C:\Users\tmdru\Downloads\files\tests\UnitsOfMeasureTests.fs(99,32): error FS0001: This expression was expected to have type    'float32'    but here has type    'float<m>' [C:\Users\tmdru\Downloads\files\tests\Tests.fsproj]
C:\Users\tmdru\Downloads\files\tests\UnitsOfMeasureTests.fs(99,41): error FS0001: This expression was expected to have type    'float32'    but here has type    'float<m>' [C:\Users\tmdru\Downloads\files\tests\Tests.fsproj]
C:\Users\tmdru\Downloads\files\tests\UnitsOfMeasureTests.fs(99,50): error FS0001: This expression was expected to have type    'float32'    but here has type    'float<m>' [C:\Users\tmdru\Downloads\files\tests\Tests.fsproj]
C:\Users\tmdru\Downloads\files\tests\UnitsOfMeasureTests.fs(99,24): error FS0193: Type constraint mismatch. The type     'Vector3'    is not compatible with type    'Vector3<'u>' [C:\Users\tmdru\Downloads\files\tests\Tests.fsproj]
C:\Users\tmdru\Downloads\files\tests\UnitsOfMeasureTests.fs(100,32): error FS0001: This expression was expected to have type    'float32'    but here has type    'float<m/s>' [C:\Users\tmdru\Downloads\files\tests\Tests.fsproj]
C:\Users\tmdru\Downloads\files\tests\UnitsOfMeasureTests.fs(100,42): error FS0001: This expression was expected to have type    'float32'    but here has type    'float<m/s>' [C:\Users\tmdru\Downloads\files\tests\Tests.fsproj]
C:\Users\tmdru\Downloads\files\tests\UnitsOfMeasureTests.fs(100,52): error FS0001: This expression was expected to have type    'float32'    but here has type    'float<m/s>' [C:\Users\tmdru\Downloads\files\tests\Tests.fsproj]
C:\Users\tmdru\Downloads\files\tests\UnitsOfMeasureTests.fs(100,24): error FS0193: Type constraint mismatch. The type     'Vector3'    is not compatible with type    'Vector3<'u/s>' [C:\Users\tmdru\Downloads\files\tests\Tests.fsproj]
C:\Users\tmdru\Downloads\files\tests\UnitsOfMeasureTests.fs(114,27): error FS0001: This expression was expected to have type    'float32'    but here has type    'float<m>' [C:\Users\tmdru\Downloads\files\tests\Tests.fsproj]
C:\Users\tmdru\Downloads\files\tests\UnitsOfMeasureTests.fs(114,35): error FS0001: This expression was expected to have type    'float32'    but here has type    'float<m>' [C:\Users\tmdru\Downloads\files\tests\Tests.fsproj]
C:\Users\tmdru\Downloads\files\tests\UnitsOfMeasureTests.fs(114,43): error FS0001: This expression was expected to have type    'float32'    but here has type    'float<m>' [C:\Users\tmdru\Downloads\files\tests\Tests.fsproj]
C:\Users\tmdru\Downloads\files\tests\UnitsOfMeasureTests.fs(115,27): error FS0001: This expression was expected to have type    'float32'    but here has type    'float<m/s>' [C:\Users\tmdru\Downloads\files\tests\Tests.fsproj]
C:\Users\tmdru\Downloads\files\tests\UnitsOfMeasureTests.fs(115,38): error FS0001: This expression was expected to have type    'float32'    but here has type    'float<m/s>' [C:\Users\tmdru\Downloads\files\tests\Tests.fsproj]
C:\Users\tmdru\Downloads\files\tests\UnitsOfMeasureTests.fs(115,48): error FS0001: This expression was expected to have type    'float32'    but here has type    'float<m/s>' [C:\Users\tmdru\Downloads\files\tests\Tests.fsproj]
C:\Users\tmdru\Downloads\files\tests\UnitsOfMeasureTests.fs(116,27): error FS0001: This expression was expected to have type    'float32'    but here has type    'float<m/s ^ 2>' [C:\Users\tmdru\Downloads\files\tests\Tests.fsproj]
C:\Users\tmdru\Downloads\files\tests\UnitsOfMeasureTests.fs(116,39): error FS0001: This expression was expected to have type    'float32'    but here has type    'float<m/s ^ 2>' [C:\Users\tmdru\Downloads\files\tests\Tests.fsproj]
C:\Users\tmdru\Downloads\files\tests\UnitsOfMeasureTests.fs(116,52): error FS0001: This expression was expected to have type    'float32'    but here has type    'float<m/s ^ 2>' [C:\Users\tmdru\Downloads\files\tests\Tests.fsproj]
C:\Users\tmdru\Downloads\files\tests\UnitsOfMeasureTests.fs(119,33): error FS0001: The type 'float32' does not match the type 'float<'u>' [C:\Users\tmdru\Downloads\files\tests\Tests.fsproj]
C:\Users\tmdru\Downloads\files\tests\UnitsOfMeasureTests.fs(119,46): error FS0001: The type 'float32' does not match the type 'float<'u>' [C:\Users\tmdru\Downloads\files\tests\Tests.fsproj]
C:\Users\tmdru\Downloads\files\tests\UnitsOfMeasureTests.fs(120,33): error FS0001: The type 'float32' does not match the type 'float<'u>' [C:\Users\tmdru\Downloads\files\tests\Tests.fsproj]
C:\Users\tmdru\Downloads\files\tests\UnitsOfMeasureTests.fs(120,46): error FS0001: The type 'float32' does not match the type 'float<'u>' [C:\Users\tmdru\Downloads\files\tests\Tests.fsproj]
C:\Users\tmdru\Downloads\files\tests\UnitsOfMeasureTests.fs(121,33): error FS0001: The type 'float32' does not match the type 'float<'u>' [C:\Users\tmdru\Downloads\files\tests\Tests.fsproj]
C:\Users\tmdru\Downloads\files\tests\UnitsOfMeasureTests.fs(121,46): error FS0001: The type 'float32' does not match the type 'float<'u>' [C:\Users\tmdru\Downloads\files\tests\Tests.fsproj]
C:\Users\tmdru\Downloads\files\tests\UnitsOfMeasureTests.fs(124,33): error FS0001: The type 'float32' does not match the type 'float<'u>' [C:\Users\tmdru\Downloads\files\tests\Tests.fsproj]
C:\Users\tmdru\Downloads\files\tests\UnitsOfMeasureTests.fs(125,33): error FS0001: The type 'float32' does not match the type 'float<'u>' [C:\Users\tmdru\Downloads\files\tests\Tests.fsproj]
C:\Users\tmdru\Downloads\files\tests\UnitsOfMeasureTests.fs(126,33): error FS0001: The type 'float32' does not match the type 'float<'u>' [C:\Users\tmdru\Downloads\files\tests\Tests.fsproj]
    9 Warning(s)
    49 Error(s)

Time Elapsed 00:00:10.64