  Determining projects to restore...
  Restored c:\Users\tmdru\Downloads\files\tests\Tests.fsproj (in 1.07 sec).
  2 of 3 projects are up-to-date for restore.
  GPU.Compute -> c:\Users\tmdru\Downloads\files\src\bin\GPU.Compute\Debug\net8.0\GPU.Compute.dll
  Server -> c:\Users\tmdru\Downloads\files\src\bin\Server\Debug\net8.0\Server.dll
c:\Users\tmdru\Downloads\files\tests\unknown(1,1): warning FS3551: The source file 'Random.fs' (at position 16/33) already appeared in the compilation list (at position 6/33). Please verify that it is included only once in the project file. [c:\Users\tmdru\Downloads\files\tests\Tests.fsproj]
c:\Users\tmdru\Downloads\files\tests\Builders.fs(669,15): error FS0039: The record label 'ExcludeStatic' is not defined. [c:\Users\tmdru\Downloads\files\tests\Tests.fsproj]
c:\Users\tmdru\Downloads\files\tests\Builders.fs(669,46): error FS0039: The record label 'ExcludeDynamic' is not defined. [c:\Users\tmdru\Downloads\files\tests\Tests.fsproj]
c:\Users\tmdru\Downloads\files\tests\Builders.fs(741,25): error FS0039: The type 'PhysicsWorld' is not defined. Maybe you want one of the following:   PhysicsWorldBuilder   PhysicsState [c:\Users\tmdru\Downloads\files\tests\Tests.fsproj]
c:\Users\tmdru\Downloads\files\tests\Builders.fs(741,45): error FS0039: The type 'Ray' is not defined. [c:\Users\tmdru\Downloads\files\tests\Tests.fsproj]
c:\Users\tmdru\Downloads\files\tests\Builders.fs(741,52): error FS0039: The type 'RaycastHit' is not defined. [c:\Users\tmdru\Downloads\files\tests\Tests.fsproj]
c:\Users\tmdru\Downloads\files\tests\AlgebraicLaws.fs(55,40): warning FS0064: This construct causes code to be less generic than indicated by the type annotations. The type variable 'B has been constrained to be type ''A'. [c:\Users\tmdru\Downloads\files\tests\Tests.fsproj]
c:\Users\tmdru\Downloads\files\tests\AlgebraicLaws.fs(55,62): warning FS0064: This construct causes code to be less generic than indicated by the type annotations. The type variable 'C has been constrained to be type ''A'. [c:\Users\tmdru\Downloads\files\tests\Tests.fsproj]
c:\Users\tmdru\Downloads\files\tests\AlgebraicLaws.fs(68,41): warning FS0064: This construct causes code to be less generic than indicated by the type annotations. The type variable 'B has been constrained to be type ''A'. [c:\Users\tmdru\Downloads\files\tests\Tests.fsproj]
c:\Users\tmdru\Downloads\files\tests\PropertyDSL.fs(38,39): error FS0001: Type mismatch. Expecting a    'ParallelTempering.Core.SpatialGraph<ProceduralGeneration.NodeType> -> bool'    but given a    'ParallelTempering.Core.SpatialGraph<int> -> bool'    The type 'ProceduralGeneration.NodeType' does not match the type 'int' [c:\Users\tmdru\Downloads\files\tests\Tests.fsproj]
c:\Users\tmdru\Downloads\files\tests\Assertions.fs(128,40): warning FS0064: This construct causes code to be less generic than indicated by the type annotations. The type variable 'T has been constrained to be type 'unit'. [c:\Users\tmdru\Downloads\files\tests\Tests.fsproj]
c:\Users\tmdru\Downloads\files\tests\Assertions.fs(432,31): error FS0001: Two anonymous record types are from different assemblies 'Tests' and 'Server' [c:\Users\tmdru\Downloads\files\tests\Tests.fsproj]
c:\Users\tmdru\Downloads\files\tests\AdaptiveConfigTests.fs(57,28): error FS0039: The value, constructor, namespace or type 'Arb' is not defined. Maybe you want one of the following:   ArbMap [c:\Users\tmdru\Downloads\files\tests\Tests.fsproj]
c:\Users\tmdru\Downloads\files\tests\AdaptiveConfigTests.fs(70,30): error FS0039: The value, constructor, namespace or type 'Arb' is not defined. Maybe you want one of the following:   ArbMap [c:\Users\tmdru\Downloads\files\tests\Tests.fsproj]
c:\Users\tmdru\Downloads\files\tests\AdaptiveConfigTests.fs(77,25): error FS0039: The value, constructor, namespace or type 'Arb' is not defined. Maybe you want one of the following:   ArbMap [c:\Users\tmdru\Downloads\files\tests\Tests.fsproj]
c:\Users\tmdru\Downloads\files\tests\CacheTests.fs(92,25): error FS0039: The value, constructor, namespace or type 'Arb' is not defined. Maybe you want one of the following:   ArbMap [c:\Users\tmdru\Downloads\files\tests\Tests.fsproj]
c:\Users\tmdru\Downloads\files\tests\ConstraintsTests.fs(108,50): error FS0001: Type mismatch. Expecting a    'SpatialGraph<NodeType>'    but given a    'SpatialGraph<int>'    The type 'NodeType' does not match the type 'int' [c:\Users\tmdru\Downloads\files\tests\Tests.fsproj]
c:\Users\tmdru\Downloads\files\tests\ConstraintsTests.fs(108,90): error FS0001: Type mismatch. Expecting a    'SpatialGraph<NodeType>'    but given a    'SpatialGraph<int>'    The type 'NodeType' does not match the type 'int' [c:\Users\tmdru\Downloads\files\tests\Tests.fsproj]
c:\Users\tmdru\Downloads\files\tests\SpatialHashTests.fs(85,64): error FS0001: Type mismatch. Expecting a    'TestInfrastructure.Core.Vector3 Microsoft.FSharp.Core.array'    but given a    'System.Numerics.Vector3 Microsoft.FSharp.Core.array'    The type 'TestInfrastructure.Core.Vector3' does not match the type 'System.Numerics.Vector3' [c:\Users\tmdru\Downloads\files\tests\Tests.fsproj]
c:\Users\tmdru\Downloads\files\tests\PhysicsQueriesTests.fs(71,40): error FS0001: None of the types 'bool, Lazy<'a>' support the operator '==>' [c:\Users\tmdru\Downloads\files\tests\Tests.fsproj]
c:\Users\tmdru\Downloads\files\tests\PhysicsQueriesTests.fs(71,36): error FS0043: None of the types 'bool, Lazy<'a>' support the operator '==>' [c:\Users\tmdru\Downloads\files\tests\Tests.fsproj]
c:\Users\tmdru\Downloads\files\tests\PhysicsServiceTests.fs(22,13): warning FS0020: The result of this expression has type 'bool' and is implicitly ignored. Consider using 'ignore' to discard this value explicitly, e.g. 'expr |> ignore', or 'let' to bind the result to a name, e.g. 'let result = expr'. [c:\Users\tmdru\Downloads\files\tests\Tests.fsproj]
c:\Users\tmdru\Downloads\files\tests\SyncThreadSafetyTests.fs(89,23): warning FS0760: It is recommended that objects supporting the IDisposable interface are created using the syntax 'new Type(args)', rather than 'Type(args)' or 'Type' as a function value representing the constructor, to indicate that resources may be owned by the generated value [c:\Users\tmdru\Downloads\files\tests\Tests.fsproj]
c:\Users\tmdru\Downloads\files\tests\SyncThreadSafetyTests.fs(95,23): warning FS0760: It is recommended that objects supporting the IDisposable interface are created using the syntax 'new Type(args)', rather than 'Type(args)' or 'Type' as a function value representing the constructor, to indicate that resources may be owned by the generated value [c:\Users\tmdru\Downloads\files\tests\Tests.fsproj]
c:\Users\tmdru\Downloads\files\tests\SyncThreadSafetyTests.fs(115,23): warning FS0760: It is recommended that objects supporting the IDisposable interface are created using the syntax 'new Type(args)', rather than 'Type(args)' or 'Type' as a function value representing the constructor, to indicate that resources may be owned by the generated value [c:\Users\tmdru\Downloads\files\tests\Tests.fsproj]
c:\Users\tmdru\Downloads\files\tests\ThreadSafeRandomTests.fs(57,22): error FS0001: This expression was expected to have type    'bool'    but here has type    'Property' [c:\Users\tmdru\Downloads\files\tests\Tests.fsproj]
c:\Users\tmdru\Downloads\files\tests\ThreadSafeRandomTests.fs(57,22): error FS0001: This expression was expected to have type    'bool'    but here has type    'Property' [c:\Users\tmdru\Downloads\files\tests\Tests.fsproj]

Build FAILED.

c:\Users\tmdru\Downloads\files\tests\unknown(1,1): warning FS3551: The source file 'Random.fs' (at position 16/33) already appeared in the compilation list (at position 6/33). Please verify that it is included only once in the project file. [c:\Users\tmdru\Downloads\files\tests\Tests.fsproj]
c:\Users\tmdru\Downloads\files\tests\AlgebraicLaws.fs(55,40): warning FS0064: This construct causes code to be less generic than indicated by the type annotations. The type variable 'B has been constrained to be type ''A'. [c:\Users\tmdru\Downloads\files\tests\Tests.fsproj]
c:\Users\tmdru\Downloads\files\tests\AlgebraicLaws.fs(55,62): warning FS0064: This construct causes code to be less generic than indicated by the type annotations. The type variable 'C has been constrained to be type ''A'. [c:\Users\tmdru\Downloads\files\tests\Tests.fsproj]
c:\Users\tmdru\Downloads\files\tests\AlgebraicLaws.fs(68,41): warning FS0064: This construct causes code to be less generic than indicated by the type annotations. The type variable 'B has been constrained to be type ''A'. [c:\Users\tmdru\Downloads\files\tests\Tests.fsproj]
c:\Users\tmdru\Downloads\files\tests\Assertions.fs(128,40): warning FS0064: This construct causes code to be less generic than indicated by the type annotations. The type variable 'T has been constrained to be type 'unit'. [c:\Users\tmdru\Downloads\files\tests\Tests.fsproj]
c:\Users\tmdru\Downloads\files\tests\PhysicsServiceTests.fs(22,13): warning FS0020: The result of this expression has type 'bool' and is implicitly ignored. Consider using 'ignore' to discard this value explicitly, e.g. 'expr |> ignore', or 'let' to bind the result to a name, e.g. 'let result = expr'. [c:\Users\tmdru\Downloads\files\tests\Tests.fsproj]
c:\Users\tmdru\Downloads\files\tests\SyncThreadSafetyTests.fs(89,23): warning FS0760: It is recommended that objects supporting the IDisposable interface are created using the syntax 'new Type(args)', rather than 'Type(args)' or 'Type' as a function value representing the constructor, to indicate that resources may be owned by the generated value [c:\Users\tmdru\Downloads\files\tests\Tests.fsproj]
c:\Users\tmdru\Downloads\files\tests\SyncThreadSafetyTests.fs(95,23): warning FS0760: It is recommended that objects supporting the IDisposable interface are created using the syntax 'new Type(args)', rather than 'Type(args)' or 'Type' as a function value representing the constructor, to indicate that resources may be owned by the generated value [c:\Users\tmdru\Downloads\files\tests\Tests.fsproj]
c:\Users\tmdru\Downloads\files\tests\SyncThreadSafetyTests.fs(115,23): warning FS0760: It is recommended that objects supporting the IDisposable interface are created using the syntax 'new Type(args)', rather than 'Type(args)' or 'Type' as a function value representing the constructor, to indicate that resources may be owned by the generated value [c:\Users\tmdru\Downloads\files\tests\Tests.fsproj]
c:\Users\tmdru\Downloads\files\tests\Builders.fs(669,15): error FS0039: The record label 'ExcludeStatic' is not defined. [c:\Users\tmdru\Downloads\files\tests\Tests.fsproj]
c:\Users\tmdru\Downloads\files\tests\Builders.fs(669,46): error FS0039: The record label 'ExcludeDynamic' is not defined. [c:\Users\tmdru\Downloads\files\tests\Tests.fsproj]
c:\Users\tmdru\Downloads\files\tests\Builders.fs(741,25): error FS0039: The type 'PhysicsWorld' is not defined. Maybe you want one of the following:   PhysicsWorldBuilder   PhysicsState [c:\Users\tmdru\Downloads\files\tests\Tests.fsproj]
c:\Users\tmdru\Downloads\files\tests\Builders.fs(741,45): error FS0039: The type 'Ray' is not defined. [c:\Users\tmdru\Downloads\files\tests\Tests.fsproj]
c:\Users\tmdru\Downloads\files\tests\Builders.fs(741,52): error FS0039: The type 'RaycastHit' is not defined. [c:\Users\tmdru\Downloads\files\tests\Tests.fsproj]
c:\Users\tmdru\Downloads\files\tests\PropertyDSL.fs(38,39): error FS0001: Type mismatch. Expecting a    'ParallelTempering.Core.SpatialGraph<ProceduralGeneration.NodeType> -> bool'    but given a    'ParallelTempering.Core.SpatialGraph<int> -> bool'    The type 'ProceduralGeneration.NodeType' does not match the type 'int' [c:\Users\tmdru\Downloads\files\tests\Tests.fsproj]
c:\Users\tmdru\Downloads\files\tests\Assertions.fs(432,31): error FS0001: Two anonymous record types are from different assemblies 'Tests' and 'Server' [c:\Users\tmdru\Downloads\files\tests\Tests.fsproj]
c:\Users\tmdru\Downloads\files\tests\AdaptiveConfigTests.fs(57,28): error FS0039: The value, constructor, namespace or type 'Arb' is not defined. Maybe you want one of the following:   ArbMap [c:\Users\tmdru\Downloads\files\tests\Tests.fsproj]
c:\Users\tmdru\Downloads\files\tests\AdaptiveConfigTests.fs(70,30): error FS0039: The value, constructor, namespace or type 'Arb' is not defined. Maybe you want one of the following:   ArbMap [c:\Users\tmdru\Downloads\files\tests\Tests.fsproj]
c:\Users\tmdru\Downloads\files\tests\AdaptiveConfigTests.fs(77,25): error FS0039: The value, constructor, namespace or type 'Arb' is not defined. Maybe you want one of the following:   ArbMap [c:\Users\tmdru\Downloads\files\tests\Tests.fsproj]
c:\Users\tmdru\Downloads\files\tests\CacheTests.fs(92,25): error FS0039: The value, constructor, namespace or type 'Arb' is not defined. Maybe you want one of the following:   ArbMap [c:\Users\tmdru\Downloads\files\tests\Tests.fsproj]
c:\Users\tmdru\Downloads\files\tests\ConstraintsTests.fs(108,50): error FS0001: Type mismatch. Expecting a    'SpatialGraph<NodeType>'    but given a    'SpatialGraph<int>'    The type 'NodeType' does not match the type 'int' [c:\Users\tmdru\Downloads\files\tests\Tests.fsproj]
c:\Users\tmdru\Downloads\files\tests\ConstraintsTests.fs(108,90): error FS0001: Type mismatch. Expecting a    'SpatialGraph<NodeType>'    but given a    'SpatialGraph<int>'    The type 'NodeType' does not match the type 'int' [c:\Users\tmdru\Downloads\files\tests\Tests.fsproj]
c:\Users\tmdru\Downloads\files\tests\SpatialHashTests.fs(85,64): error FS0001: Type mismatch. Expecting a    'TestInfrastructure.Core.Vector3 Microsoft.FSharp.Core.array'    but given a    'System.Numerics.Vector3 Microsoft.FSharp.Core.array'    The type 'TestInfrastructure.Core.Vector3' does not match the type 'System.Numerics.Vector3' [c:\Users\tmdru\Downloads\files\tests\Tests.fsproj]
c:\Users\tmdru\Downloads\files\tests\PhysicsQueriesTests.fs(71,40): error FS0001: None of the types 'bool, Lazy<'a>' support the operator '==>' [c:\Users\tmdru\Downloads\files\tests\Tests.fsproj]
c:\Users\tmdru\Downloads\files\tests\PhysicsQueriesTests.fs(71,36): error FS0043: None of the types 'bool, Lazy<'a>' support the operator '==>' [c:\Users\tmdru\Downloads\files\tests\Tests.fsproj]
c:\Users\tmdru\Downloads\files\tests\ThreadSafeRandomTests.fs(57,22): error FS0001: This expression was expected to have type    'bool'    but here has type    'Property' [c:\Users\tmdru\Downloads\files\tests\Tests.fsproj]
c:\Users\tmdru\Downloads\files\tests\ThreadSafeRandomTests.fs(57,22): error FS0001: This expression was expected to have type    'bool'    but here has type    'Property' [c:\Users\tmdru\Downloads\files\tests\Tests.fsproj]
    9 Warning(s)
    18 Error(s)

Time Elapsed 00:00:14.63
