  Determining projects to restore...
  All projects are up-to-date for restore.
  GPU.Compute -> C:\Users\tmdru\Downloads\files\src\bin\GPU.Compute\Debug\net8.0\GPU.Compute.dll
  Server -> C:\Users\tmdru\Downloads\files\src\bin\Server\Debug\net8.0\Server.dll
C:\Users\tmdru\Downloads\files\tests\unknown(1,1): warning FS3551: The source file 'Random.fs' (at position 16/33) already appeared in the compilation list (at position 6/33). Please verify that it is included only once in the project file. [C:\Users\tmdru\Downloads\files\tests\Tests.fsproj]
C:\Users\tmdru\Downloads\files\tests\AlgebraicLaws.fs(55,40): warning FS0064: This construct causes code to be less generic than indicated by the type annotations. The type variable 'B has been constrained to be type ''A'. [C:\Users\tmdru\Downloads\files\tests\Tests.fsproj]
C:\Users\tmdru\Downloads\files\tests\AlgebraicLaws.fs(55,62): warning FS0064: This construct causes code to be less generic than indicated by the type annotations. The type variable 'C has been constrained to be type ''A'. [C:\Users\tmdru\Downloads\files\tests\Tests.fsproj]
C:\Users\tmdru\Downloads\files\tests\AlgebraicLaws.fs(68,41): warning FS0064: This construct causes code to be less generic than indicated by the type annotations. The type variable 'B has been constrained to be type ''A'. [C:\Users\tmdru\Downloads\files\tests\Tests.fsproj]
C:\Users\tmdru\Downloads\files\tests\PropertyDSL.fs(38,39): error FS0001: Type mismatch. Expecting a    'ParallelTempering.Core.SpatialGraph<ProceduralGeneration.NodeType> -> bool'    but given a    'ParallelTempering.Core.SpatialGraph<int> -> bool'    The type 'ProceduralGeneration.NodeType' does not match the type 'int' [C:\Users\tmdru\Downloads\files\tests\Tests.fsproj]
C:\Users\tmdru\Downloads\files\tests\Assertions.fs(128,40): warning FS0064: This construct causes code to be less generic than indicated by the type annotations. The type variable 'T has been constrained to be type 'unit'. [C:\Users\tmdru\Downloads\files\tests\Tests.fsproj]
C:\Users\tmdru\Downloads\files\tests\Assertions.fs(432,31): warning FS0064: This construct causes code to be less generic than indicated by the type annotations. The type variable 'Stats has been constrained to be type '{| ActiveBodies: int; BodyCount: int; FrameCount: int64; TotalTime: float<s> |}'. [C:\Users\tmdru\Downloads\files\tests\Tests.fsproj]
C:\Users\tmdru\Downloads\files\tests\AdaptiveConfigTests.fs(57,28): error FS0039: The value, constructor, namespace or type 'Arb' is not defined. Maybe you want one of the following:   ArbMap [C:\Users\tmdru\Downloads\files\tests\Tests.fsproj]
C:\Users\tmdru\Downloads\files\tests\AdaptiveConfigTests.fs(70,30): error FS0039: The value, constructor, namespace or type 'Arb' is not defined. Maybe you want one of the following:   ArbMap [C:\Users\tmdru\Downloads\files\tests\Tests.fsproj]
C:\Users\tmdru\Downloads\files\tests\AdaptiveConfigTests.fs(77,25): error FS0039: The value, constructor, namespace or type 'Arb' is not defined. Maybe you want one of the following:   ArbMap [C:\Users\tmdru\Downloads\files\tests\Tests.fsproj]
C:\Users\tmdru\Downloads\files\tests\CacheTests.fs(92,25): error FS0039: The value, constructor, namespace or type 'Arb' is not defined. Maybe you want one of the following:   ArbMap [C:\Users\tmdru\Downloads\files\tests\Tests.fsproj]
C:\Users\tmdru\Downloads\files\tests\ConstraintsTests.fs(108,50): error FS0001: Type mismatch. Expecting a    'SpatialGraph<NodeType>'    but given a    'SpatialGraph<int>'    The type 'NodeType' does not match the type 'int' [C:\Users\tmdru\Downloads\files\tests\Tests.fsproj]
C:\Users\tmdru\Downloads\files\tests\ConstraintsTests.fs(108,90): error FS0001: Type mismatch. Expecting a    'SpatialGraph<NodeType>'    but given a    'SpatialGraph<int>'    The type 'NodeType' does not match the type 'int' [C:\Users\tmdru\Downloads\files\tests\Tests.fsproj]
C:\Users\tmdru\Downloads\files\tests\SpatialHashTests.fs(85,64): error FS0001: Type mismatch. Expecting a    'TestInfrastructure.Core.Vector3 Microsoft.FSharp.Core.array'    but given a    'System.Numerics.Vector3 Microsoft.FSharp.Core.array'    The type 'TestInfrastructure.Core.Vector3' does not match the type 'System.Numerics.Vector3' [C:\Users\tmdru\Downloads\files\tests\Tests.fsproj]
C:\Users\tmdru\Downloads\files\tests\PhysicsQueriesTests.fs(71,40): error FS0001: None of the types 'bool, Lazy<'a>' support the operator '==>' [C:\Users\tmdru\Downloads\files\tests\Tests.fsproj]
C:\Users\tmdru\Downloads\files\tests\PhysicsQueriesTests.fs(71,36): error FS0043: None of the types 'bool, Lazy<'a>' support the operator '==>' [C:\Users\tmdru\Downloads\files\tests\Tests.fsproj]
C:\Users\tmdru\Downloads\files\tests\PhysicsServiceTests.fs(22,13): warning FS0020: The result of this expression has type 'bool' and is implicitly ignored. Consider using 'ignore' to discard this value explicitly, e.g. 'expr |> ignore', or 'let' to bind the result to a name, e.g. 'let result = expr'. [C:\Users\tmdru\Downloads\files\tests\Tests.fsproj]
C:\Users\tmdru\Downloads\files\tests\SyncThreadSafetyTests.fs(89,23): warning FS0760: It is recommended that objects supporting the IDisposable interface are created using the syntax 'new Type(args)', rather than 'Type(args)' or 'Type' as a function value representing the constructor, to indicate that resources may be owned by the generated value [C:\Users\tmdru\Downloads\files\tests\Tests.fsproj]
C:\Users\tmdru\Downloads\files\tests\SyncThreadSafetyTests.fs(95,23): warning FS0760: It is recommended that objects supporting the IDisposable interface are created using the syntax 'new Type(args)', rather than 'Type(args)' or 'Type' as a function value representing the constructor, to indicate that resources may be owned by the generated value [C:\Users\tmdru\Downloads\files\tests\Tests.fsproj]
C:\Users\tmdru\Downloads\files\tests\SyncThreadSafetyTests.fs(115,23): warning FS0760: It is recommended that objects supporting the IDisposable interface are created using the syntax 'new Type(args)', rather than 'Type(args)' or 'Type' as a function value representing the constructor, to indicate that resources may be owned by the generated value [C:\Users\tmdru\Downloads\files\tests\Tests.fsproj]
C:\Users\tmdru\Downloads\files\tests\ThreadSafeRandomTests.fs(57,22): error FS0001: This expression was expected to have type    'bool'    but here has type    'Property' [C:\Users\tmdru\Downloads\files\tests\Tests.fsproj]
C:\Users\tmdru\Downloads\files\tests\ThreadSafeRandomTests.fs(57,22): error FS0001: This expression was expected to have type    'bool'    but here has type    'Property' [C:\Users\tmdru\Downloads\files\tests\Tests.fsproj]

Build FAILED.

C:\Users\tmdru\Downloads\files\tests\unknown(1,1): warning FS3551: The source file 'Random.fs' (at position 16/33) already appeared in the compilation list (at position 6/33). Please verify that it is included only once in the project file. [C:\Users\tmdru\Downloads\files\tests\Tests.fsproj]
C:\Users\tmdru\Downloads\files\tests\AlgebraicLaws.fs(55,40): warning FS0064: This construct causes code to be less generic than indicated by the type annotations. The type variable 'B has been constrained to be type ''A'. [C:\Users\tmdru\Downloads\files\tests\Tests.fsproj]
C:\Users\tmdru\Downloads\files\tests\AlgebraicLaws.fs(55,62): warning FS0064: This construct causes code to be less generic than indicated by the type annotations. The type variable 'C has been constrained to be type ''A'. [C:\Users\tmdru\Downloads\files\tests\Tests.fsproj]
C:\Users\tmdru\Downloads\files\tests\AlgebraicLaws.fs(68,41): warning FS0064: This construct causes code to be less generic than indicated by the type annotations. The type variable 'B has been constrained to be type ''A'. [C:\Users\tmdru\Downloads\files\tests\Tests.fsproj]
C:\Users\tmdru\Downloads\files\tests\Assertions.fs(128,40): warning FS0064: This construct causes code to be less generic than indicated by the type annotations. The type variable 'T has been constrained to be type 'unit'. [C:\Users\tmdru\Downloads\files\tests\Tests.fsproj]
C:\Users\tmdru\Downloads\files\tests\Assertions.fs(432,31): warning FS0064: This construct causes code to be less generic than indicated by the type annotations. The type variable 'Stats has been constrained to be type '{| ActiveBodies: int; BodyCount: int; FrameCount: int64; TotalTime: float<s> |}'. [C:\Users\tmdru\Downloads\files\tests\Tests.fsproj]
C:\Users\tmdru\Downloads\files\tests\PhysicsServiceTests.fs(22,13): warning FS0020: The result of this expression has type 'bool' and is implicitly ignored. Consider using 'ignore' to discard this value explicitly, e.g. 'expr |> ignore', or 'let' to bind the result to a name, e.g. 'let result = expr'. [C:\Users\tmdru\Downloads\files\tests\Tests.fsproj]
C:\Users\tmdru\Downloads\files\tests\SyncThreadSafetyTests.fs(89,23): warning FS0760: It is recommended that objects supporting the IDisposable interface are created using the syntax 'new Type(args)', rather than 'Type(args)' or 'Type' as a function value representing the constructor, to indicate that resources may be owned by the generated value [C:\Users\tmdru\Downloads\files\tests\Tests.fsproj]
C:\Users\tmdru\Downloads\files\tests\SyncThreadSafetyTests.fs(95,23): warning FS0760: It is recommended that objects supporting the IDisposable interface are created using the syntax 'new Type(args)', rather than 'Type(args)' or 'Type' as a function value representing the constructor, to indicate that resources may be owned by the generated value [C:\Users\tmdru\Downloads\files\tests\Tests.fsproj]
C:\Users\tmdru\Downloads\files\tests\SyncThreadSafetyTests.fs(115,23): warning FS0760: It is recommended that objects supporting the IDisposable interface are created using the syntax 'new Type(args)', rather than 'Type(args)' or 'Type' as a function value representing the constructor, to indicate that resources may be owned by the generated value [C:\Users\tmdru\Downloads\files\tests\Tests.fsproj]
C:\Users\tmdru\Downloads\files\tests\PropertyDSL.fs(38,39): error FS0001: Type mismatch. Expecting a    'ParallelTempering.Core.SpatialGraph<ProceduralGeneration.NodeType> -> bool'    but given a    'ParallelTempering.Core.SpatialGraph<int> -> bool'    The type 'ProceduralGeneration.NodeType' does not match the type 'int' [C:\Users\tmdru\Downloads\files\tests\Tests.fsproj]
C:\Users\tmdru\Downloads\files\tests\AdaptiveConfigTests.fs(57,28): error FS0039: The value, constructor, namespace or type 'Arb' is not defined. Maybe you want one of the following:   ArbMap [C:\Users\tmdru\Downloads\files\tests\Tests.fsproj]
C:\Users\tmdru\Downloads\files\tests\AdaptiveConfigTests.fs(70,30): error FS0039: The value, constructor, namespace or type 'Arb' is not defined. Maybe you want one of the following:   ArbMap [C:\Users\tmdru\Downloads\files\tests\Tests.fsproj]
C:\Users\tmdru\Downloads\files\tests\AdaptiveConfigTests.fs(77,25): error FS0039: The value, constructor, namespace or type 'Arb' is not defined. Maybe you want one of the following:   ArbMap [C:\Users\tmdru\Downloads\files\tests\Tests.fsproj]
C:\Users\tmdru\Downloads\files\tests\CacheTests.fs(92,25): error FS0039: The value, constructor, namespace or type 'Arb' is not defined. Maybe you want one of the following:   ArbMap [C:\Users\tmdru\Downloads\files\tests\Tests.fsproj]
C:\Users\tmdru\Downloads\files\tests\ConstraintsTests.fs(108,50): error FS0001: Type mismatch. Expecting a    'SpatialGraph<NodeType>'    but given a    'SpatialGraph<int>'    The type 'NodeType' does not match the type 'int' [C:\Users\tmdru\Downloads\files\tests\Tests.fsproj]
C:\Users\tmdru\Downloads\files\tests\ConstraintsTests.fs(108,90): error FS0001: Type mismatch. Expecting a    'SpatialGraph<NodeType>'    but given a    'SpatialGraph<int>'    The type 'NodeType' does not match the type 'int' [C:\Users\tmdru\Downloads\files\tests\Tests.fsproj]
C:\Users\tmdru\Downloads\files\tests\SpatialHashTests.fs(85,64): error FS0001: Type mismatch. Expecting a    'TestInfrastructure.Core.Vector3 Microsoft.FSharp.Core.array'    but given a    'System.Numerics.Vector3 Microsoft.FSharp.Core.array'    The type 'TestInfrastructure.Core.Vector3' does not match the type 'System.Numerics.Vector3' [C:\Users\tmdru\Downloads\files\tests\Tests.fsproj]
C:\Users\tmdru\Downloads\files\tests\PhysicsQueriesTests.fs(71,40): error FS0001: None of the types 'bool, Lazy<'a>' support the operator '==>' [C:\Users\tmdru\Downloads\files\tests\Tests.fsproj]
C:\Users\tmdru\Downloads\files\tests\PhysicsQueriesTests.fs(71,36): error FS0043: None of the types 'bool, Lazy<'a>' support the operator '==>' [C:\Users\tmdru\Downloads\files\tests\Tests.fsproj]
C:\Users\tmdru\Downloads\files\tests\ThreadSafeRandomTests.fs(57,22): error FS0001: This expression was expected to have type    'bool'    but here has type    'Property' [C:\Users\tmdru\Downloads\files\tests\Tests.fsproj]
C:\Users\tmdru\Downloads\files\tests\ThreadSafeRandomTests.fs(57,22): error FS0001: This expression was expected to have type    'bool'    but here has type    'Property' [C:\Users\tmdru\Downloads\files\tests\Tests.fsproj]
    10 Warning(s)
    12 Error(s)

Time Elapsed 00:00:09.93