
========== BUILD_SOLUTION ==========
  Determining projects to restore...
  Restored C:\Users\tmdru\Downloads\files\src\Core.fsproj (in 218 ms).
  2 of 3 projects are up-to-date for restore.
  Execution -> C:\Users\tmdru\Downloads\files\src\bin\Debug\net8.0\Execution.dll
  Core -> C:\Users\tmdru\Downloads\files\src\bin\Debug\net8.0\Core.dll
  GPU.Interop -> C:\Users\tmdru\Downloads\files\src\bin\Debug\net8.0\GPU.Interop.dll
C:\Users\tmdru\Downloads\files\src\Physics.Sync.fs(292,13): warning FS0760: It is recommended that objects supporting the IDisposable interface are created using the syntax 'new Type(args)', rather than 'Type(args)' or 'Type' as a function value representing the constructor, to indicate that resources may be owned by the generated value [C:\Users\tmdru\Downloads\files\src\Physics.fsproj]
  Physics -> C:\Users\tmdru\Downloads\files\src\bin\Debug\net8.0\Physics.dll
  Terrain -> C:\Users\tmdru\Downloads\files\src\bin\Debug\net8.0\Terrain.dll
  Server -> C:\Users\tmdru\Downloads\files\src\bin\Server\Debug\net8.0\Server.dll
  CLI -> C:\Users\tmdru\Downloads\files\src\bin\CLI\Debug\net8.0\CLI.dll

Build succeeded.

C:\Users\tmdru\Downloads\files\src\Physics.Sync.fs(292,13): warning FS0760: It is recommended that objects supporting the IDisposable interface are created using the syntax 'new Type(args)', rather than 'Type(args)' or 'Type' as a function value representing the constructor, to indicate that resources may be owned by the generated value [C:\Users\tmdru\Downloads\files\src\Physics.fsproj]
    1 Warning(s)
    0 Error(s)

Time Elapsed 00:00:18.98
========== BUILD_TESTS ==========
  Determining projects to restore...
  All projects are up-to-date for restore.
  Execution -> C:\Users\tmdru\Downloads\files\src\bin\Debug\net8.0\Execution.dll
  Core -> C:\Users\tmdru\Downloads\files\src\bin\Debug\net8.0\Core.dll
  GPU.Interop -> C:\Users\tmdru\Downloads\files\src\bin\Debug\net8.0\GPU.Interop.dll
  Physics -> C:\Users\tmdru\Downloads\files\src\bin\Debug\net8.0\Physics.dll
  Terrain -> C:\Users\tmdru\Downloads\files\src\bin\Debug\net8.0\Terrain.dll
  Server -> C:\Users\tmdru\Downloads\files\src\bin\Server\Debug\net8.0\Server.dll
C:\Users\tmdru\Downloads\files\tests\Builders.fs(475,39): error FS0583: Unmatched '(' [C:\Users\tmdru\Downloads\files\tests\Tests.fsproj]
C:\Users\tmdru\Downloads\files\tests\Builders.fs(487,17): error FS0010: Unexpected symbol '}' in lambda expression. Expected incomplete structured construct at or before this point or other token. [C:\Users\tmdru\Downloads\files\tests\Tests.fsproj]
C:\Users\tmdru\Downloads\files\tests\Builders.fs(473,24): error FS0583: Unmatched '(' [C:\Users\tmdru\Downloads\files\tests\Tests.fsproj]
C:\Users\tmdru\Downloads\files\tests\Builders.fs(504,44): error FS0010: Unexpected symbol ')' in expression. Expected '}' or other token. [C:\Users\tmdru\Downloads\files\tests\Tests.fsproj]
C:\Users\tmdru\Downloads\files\tests\Builders.fs(504,13): error FS0604: Unmatched '{' [C:\Users\tmdru\Downloads\files\tests\Tests.fsproj]
C:\Users\tmdru\Downloads\files\tests\Builders.fs(507,5): error FS0058: Unexpected syntax or possible incorrect indentation: this token is offside of context started at position (499:9). Try indenting this further.To continue using non-conforming indentation, pass the '--strict-indentation-' flag to the compiler, or set the language version to F# 7. [C:\Users\tmdru\Downloads\files\tests\Tests.fsproj]
C:\Users\tmdru\Downloads\files\tests\Builders.fs(512,5): error FS0058: Unexpected syntax or possible incorrect indentation: this token is offside of context started at position (507:5). Try indenting this further.To continue using non-conforming indentation, pass the '--strict-indentation-' flag to the compiler, or set the language version to F# 7. [C:\Users\tmdru\Downloads\files\tests\Tests.fsproj]
C:\Users\tmdru\Downloads\files\tests\Builders.fs(512,5): error FS0010: Unexpected keyword 'let' or 'use' in binding. Expected incomplete structured construct at or before this point or other token. [C:\Users\tmdru\Downloads\files\tests\Tests.fsproj]
C:\Users\tmdru\Downloads\files\tests\Builders.fs(547,5): error FS0058: Unexpected syntax or possible incorrect indentation: this token is offside of context started at position (512:5). Try indenting this further.To continue using non-conforming indentation, pass the '--strict-indentation-' flag to the compiler, or set the language version to F# 7. [C:\Users\tmdru\Downloads\files\tests\Tests.fsproj]
C:\Users\tmdru\Downloads\files\tests\Builders.fs(554,5): error FS0058: Unexpected syntax or possible incorrect indentation: this token is offside of context started at position (547:5). Try indenting this further.To continue using non-conforming indentation, pass the '--strict-indentation-' flag to the compiler, or set the language version to F# 7. [C:\Users\tmdru\Downloads\files\tests\Tests.fsproj]
C:\Users\tmdru\Downloads\files\tests\Builders.fs(567,5): error FS0058: Unexpected syntax or possible incorrect indentation: this token is offside of context started at position (554:5). Try indenting this further.To continue using non-conforming indentation, pass the '--strict-indentation-' flag to the compiler, or set the language version to F# 7. [C:\Users\tmdru\Downloads\files\tests\Tests.fsproj]
C:\Users\tmdru\Downloads\files\tests\Builders.fs(574,5): error FS0058: Unexpected syntax or possible incorrect indentation: this token is offside of context started at position (567:5). Try indenting this further.To continue using non-conforming indentation, pass the '--strict-indentation-' flag to the compiler, or set the language version to F# 7. [C:\Users\tmdru\Downloads\files\tests\Tests.fsproj]
C:\Users\tmdru\Downloads\files\tests\Builders.fs(602,5): error FS0058: Unexpected syntax or possible incorrect indentation: this token is offside of context started at position (567:5). Try indenting this further.To continue using non-conforming indentation, pass the '--strict-indentation-' flag to the compiler, or set the language version to F# 7. [C:\Users\tmdru\Downloads\files\tests\Tests.fsproj]
C:\Users\tmdru\Downloads\files\tests\Builders.fs(605,5): error FS0058: Unexpected syntax or possible incorrect indentation: this token is offside of context started at position (602:5). Try indenting this further.To continue using non-conforming indentation, pass the '--strict-indentation-' flag to the compiler, or set the language version to F# 7. [C:\Users\tmdru\Downloads\files\tests\Tests.fsproj]
C:\Users\tmdru\Downloads\files\tests\Builders.fs(624,5): error FS0058: Unexpected syntax or possible incorrect indentation: this token is offside of context started at position (602:5). Try indenting this further.To continue using non-conforming indentation, pass the '--strict-indentation-' flag to the compiler, or set the language version to F# 7. [C:\Users\tmdru\Downloads\files\tests\Tests.fsproj]
C:\Users\tmdru\Downloads\files\tests\Builders.fs(627,5): error FS0058: Unexpected syntax or possible incorrect indentation: this token is offside of context started at position (624:5). Try indenting this further.To continue using non-conforming indentation, pass the '--strict-indentation-' flag to the compiler, or set the language version to F# 7. [C:\Users\tmdru\Downloads\files\tests\Tests.fsproj]
C:\Users\tmdru\Downloads\files\tests\Builders.fs(652,5): error FS0058: Unexpected syntax or possible incorrect indentation: this token is offside of context started at position (624:5). Try indenting this further.To continue using non-conforming indentation, pass the '--strict-indentation-' flag to the compiler, or set the language version to F# 7. [C:\Users\tmdru\Downloads\files\tests\Tests.fsproj]
C:\Users\tmdru\Downloads\files\tests\Builders.fs(655,5): error FS0058: Unexpected syntax or possible incorrect indentation: this token is offside of context started at position (652:5). Try indenting this further.To continue using non-conforming indentation, pass the '--strict-indentation-' flag to the compiler, or set the language version to F# 7. [C:\Users\tmdru\Downloads\files\tests\Tests.fsproj]
C:\Users\tmdru\Downloads\files\tests\Builders.fs(680,5): error FS0058: Unexpected syntax or possible incorrect indentation: this token is offside of context started at position (652:5). Try indenting this further.To continue using non-conforming indentation, pass the '--strict-indentation-' flag to the compiler, or set the language version to F# 7. [C:\Users\tmdru\Downloads\files\tests\Tests.fsproj]
C:\Users\tmdru\Downloads\files\tests\Builders.fs(683,5): error FS0058: Unexpected syntax or possible incorrect indentation: this token is offside of context started at position (680:5). Try indenting this further.To continue using non-conforming indentation, pass the '--strict-indentation-' flag to the compiler, or set the language version to F# 7. [C:\Users\tmdru\Downloads\files\tests\Tests.fsproj]
C:\Users\tmdru\Downloads\files\tests\Builders.fs(686,5): error FS0058: Unexpected syntax or possible incorrect indentation: this token is offside of context started at position (683:5). Try indenting this further.To continue using non-conforming indentation, pass the '--strict-indentation-' flag to the compiler, or set the language version to F# 7. [C:\Users\tmdru\Downloads\files\tests\Tests.fsproj]
C:\Users\tmdru\Downloads\files\tests\Builders.fs(691,5): error FS0058: Unexpected syntax or possible incorrect indentation: this token is offside of context started at position (686:5). Try indenting this further.To continue using non-conforming indentation, pass the '--strict-indentation-' flag to the compiler, or set the language version to F# 7. [C:\Users\tmdru\Downloads\files\tests\Tests.fsproj]
C:\Users\tmdru\Downloads\files\tests\Builders.fs(691,12): error FS0058: Unexpected syntax or possible incorrect indentation: this token is offside of context started at position (686:5). Try indenting this further.To continue using non-conforming indentation, pass the '--strict-indentation-' flag to the compiler, or set the language version to F# 7. [C:\Users\tmdru\Downloads\files\tests\Tests.fsproj]
C:\Users\tmdru\Downloads\files\tests\Builders.fs(691,24): error FS0058: Unexpected syntax or possible incorrect indentation: this token is offside of context started at position (686:5). Try indenting this further.To continue using non-conforming indentation, pass the '--strict-indentation-' flag to the compiler, or set the language version to F# 7. [C:\Users\tmdru\Downloads\files\tests\Tests.fsproj]
C:\Users\tmdru\Downloads\files\tests\Builders.fs(718,5): error FS0058: Unexpected syntax or possible incorrect indentation: this token is offside of context started at position (686:5). Try indenting this further.To continue using non-conforming indentation, pass the '--strict-indentation-' flag to the compiler, or set the language version to F# 7. [C:\Users\tmdru\Downloads\files\tests\Tests.fsproj]
C:\Users\tmdru\Downloads\files\tests\Builders.fs(719,5): error FS0058: Unexpected syntax or possible incorrect indentation: this token is offside of context started at position (718:5). Try indenting this further.To continue using non-conforming indentation, pass the '--strict-indentation-' flag to the compiler, or set the language version to F# 7. [C:\Users\tmdru\Downloads\files\tests\Tests.fsproj]
C:\Users\tmdru\Downloads\files\tests\Builders.fs(722,5): error FS0058: Unexpected syntax or possible incorrect indentation: this token is offside of context started at position (719:5). Try indenting this further.To continue using non-conforming indentation, pass the '--strict-indentation-' flag to the compiler, or set the language version to F# 7. [C:\Users\tmdru\Downloads\files\tests\Tests.fsproj]
C:\Users\tmdru\Downloads\files\tests\Builders.fs(737,1): error FS0010: Incomplete structured construct at or before this point in implementation file [C:\Users\tmdru\Downloads\files\tests\Tests.fsproj]
C:\Users\tmdru\Downloads\files\tests\UnitsOfMeasureTests.fs(102,29): error FS0583: Unmatched '(' [C:\Users\tmdru\Downloads\files\tests\Tests.fsproj]
C:\Users\tmdru\Downloads\files\tests\UnitsOfMeasureTests.fs(105,9): error FS0010: Unexpected symbol '}' in binding. Expected incomplete structured construct at or before this point or other token. [C:\Users\tmdru\Downloads\files\tests\Tests.fsproj]
C:\Users\tmdru\Downloads\files\tests\UnitsOfMeasureTests.fs(110,5): error FS0058: Unexpected syntax or possible incorrect indentation: this token is offside of context started at position (102:9). Try indenting this further.To continue using non-conforming indentation, pass the '--strict-indentation-' flag to the compiler, or set the language version to F# 7. [C:\Users\tmdru\Downloads\files\tests\Tests.fsproj]
C:\Users\tmdru\Downloads\files\tests\UnitsOfMeasureTests.fs(112,47): error FS0010: Incomplete structured construct at or before this point in expression. Expected '}' or other token. [C:\Users\tmdru\Downloads\files\tests\Tests.fsproj]
C:\Users\tmdru\Downloads\files\tests\UnitsOfMeasureTests.fs(112,19): error FS0604: Unmatched '{' [C:\Users\tmdru\Downloads\files\tests\Tests.fsproj]
C:\Users\tmdru\Downloads\files\tests\UnitsOfMeasureTests.fs(112,9): error FS0588: The block following this 'let' is unfinished. Every code block is an expression and must have a result. 'let' cannot be the final code element in a block. Consider giving this block an explicit result. [C:\Users\tmdru\Downloads\files\tests\Tests.fsproj]
C:\Users\tmdru\Downloads\files\tests\UnitsOfMeasureTests.fs(112,47): error FS0010: Unexpected symbol ')' in binding. Expected incomplete structured construct at or before this point or other token. [C:\Users\tmdru\Downloads\files\tests\Tests.fsproj]
C:\Users\tmdru\Downloads\files\tests\UnitsOfMeasureTests.fs(96,5): error FS3118: Incomplete value or function definition. If this is in an expression, the body of the expression must be indented to the same column as the 'let' keyword. [C:\Users\tmdru\Downloads\files\tests\Tests.fsproj]
C:\Users\tmdru\Downloads\files\tests\UnitsOfMeasureTests.fs(113,9): error FS0010: Incomplete structured construct at or before this point in implementation file. Expected incomplete structured construct at or before this point or other token. [C:\Users\tmdru\Downloads\files\tests\Tests.fsproj]

Build FAILED.

C:\Users\tmdru\Downloads\files\tests\Builders.fs(475,39): error FS0583: Unmatched '(' [C:\Users\tmdru\Downloads\files\tests\Tests.fsproj]
C:\Users\tmdru\Downloads\files\tests\Builders.fs(487,17): error FS0010: Unexpected symbol '}' in lambda expression. Expected incomplete structured construct at or before this point or other token. [C:\Users\tmdru\Downloads\files\tests\Tests.fsproj]
C:\Users\tmdru\Downloads\files\tests\Builders.fs(473,24): error FS0583: Unmatched '(' [C:\Users\tmdru\Downloads\files\tests\Tests.fsproj]
C:\Users\tmdru\Downloads\files\tests\Builders.fs(504,44): error FS0010: Unexpected symbol ')' in expression. Expected '}' or other token. [C:\Users\tmdru\Downloads\files\tests\Tests.fsproj]
C:\Users\tmdru\Downloads\files\tests\Builders.fs(504,13): error FS0604: Unmatched '{' [C:\Users\tmdru\Downloads\files\tests\Tests.fsproj]
C:\Users\tmdru\Downloads\files\tests\Builders.fs(507,5): error FS0058: Unexpected syntax or possible incorrect indentation: this token is offside of context started at position (499:9). Try indenting this further.To continue using non-conforming indentation, pass the '--strict-indentation-' flag to the compiler, or set the language version to F# 7. [C:\Users\tmdru\Downloads\files\tests\Tests.fsproj]
C:\Users\tmdru\Downloads\files\tests\Builders.fs(512,5): error FS0058: Unexpected syntax or possible incorrect indentation: this token is offside of context started at position (507:5). Try indenting this further.To continue using non-conforming indentation, pass the '--strict-indentation-' flag to the compiler, or set the language version to F# 7. [C:\Users\tmdru\Downloads\files\tests\Tests.fsproj]
C:\Users\tmdru\Downloads\files\tests\Builders.fs(512,5): error FS0010: Unexpected keyword 'let' or 'use' in binding. Expected incomplete structured construct at or before this point or other token. [C:\Users\tmdru\Downloads\files\tests\Tests.fsproj]
C:\Users\tmdru\Downloads\files\tests\Builders.fs(547,5): error FS0058: Unexpected syntax or possible incorrect indentation: this token is offside of context started at position (512:5). Try indenting this further.To continue using non-conforming indentation, pass the '--strict-indentation-' flag to the compiler, or set the language version to F# 7. [C:\Users\tmdru\Downloads\files\tests\Tests.fsproj]
C:\Users\tmdru\Downloads\files\tests\Builders.fs(554,5): error FS0058: Unexpected syntax or possible incorrect indentation: this token is offside of context started at position (547:5). Try indenting this further.To continue using non-conforming indentation, pass the '--strict-indentation-' flag to the compiler, or set the language version to F# 7. [C:\Users\tmdru\Downloads\files\tests\Tests.fsproj]
C:\Users\tmdru\Downloads\files\tests\Builders.fs(567,5): error FS0058: Unexpected syntax or possible incorrect indentation: this token is offside of context started at position (554:5). Try indenting this further.To continue using non-conforming indentation, pass the '--strict-indentation-' flag to the compiler, or set the language version to F# 7. [C:\Users\tmdru\Downloads\files\tests\Tests.fsproj]
C:\Users\tmdru\Downloads\files\tests\Builders.fs(574,5): error FS0058: Unexpected syntax or possible incorrect indentation: this token is offside of context started at position (567:5). Try indenting this further.To continue using non-conforming indentation, pass the '--strict-indentation-' flag to the compiler, or set the language version to F# 7. [C:\Users\tmdru\Downloads\files\tests\Tests.fsproj]
C:\Users\tmdru\Downloads\files\tests\Builders.fs(602,5): error FS0058: Unexpected syntax or possible incorrect indentation: this token is offside of context started at position (567:5). Try indenting this further.To continue using non-conforming indentation, pass the '--strict-indentation-' flag to the compiler, or set the language version to F# 7. [C:\Users\tmdru\Downloads\files\tests\Tests.fsproj]
C:\Users\tmdru\Downloads\files\tests\Builders.fs(605,5): error FS0058: Unexpected syntax or possible incorrect indentation: this token is offside of context started at position (602:5). Try indenting this further.To continue using non-conforming indentation, pass the '--strict-indentation-' flag to the compiler, or set the language version to F# 7. [C:\Users\tmdru\Downloads\files\tests\Tests.fsproj]
C:\Users\tmdru\Downloads\files\tests\Builders.fs(624,5): error FS0058: Unexpected syntax or possible incorrect indentation: this token is offside of context started at position (602:5). Try indenting this further.To continue using non-conforming indentation, pass the '--strict-indentation-' flag to the compiler, or set the language version to F# 7. [C:\Users\tmdru\Downloads\files\tests\Tests.fsproj]
C:\Users\tmdru\Downloads\files\tests\Builders.fs(627,5): error FS0058: Unexpected syntax or possible incorrect indentation: this token is offside of context started at position (624:5). Try indenting this further.To continue using non-conforming indentation, pass the '--strict-indentation-' flag to the compiler, or set the language version to F# 7. [C:\Users\tmdru\Downloads\files\tests\Tests.fsproj]
C:\Users\tmdru\Downloads\files\tests\Builders.fs(652,5): error FS0058: Unexpected syntax or possible incorrect indentation: this token is offside of context started at position (624:5). Try indenting this further.To continue using non-conforming indentation, pass the '--strict-indentation-' flag to the compiler, or set the language version to F# 7. [C:\Users\tmdru\Downloads\files\tests\Tests.fsproj]
C:\Users\tmdru\Downloads\files\tests\Builders.fs(655,5): error FS0058: Unexpected syntax or possible incorrect indentation: this token is offside of context started at position (652:5). Try indenting this further.To continue using non-conforming indentation, pass the '--strict-indentation-' flag to the compiler, or set the language version to F# 7. [C:\Users\tmdru\Downloads\files\tests\Tests.fsproj]
C:\Users\tmdru\Downloads\files\tests\Builders.fs(680,5): error FS0058: Unexpected syntax or possible incorrect indentation: this token is offside of context started at position (652:5). Try indenting this further.To continue using non-conforming indentation, pass the '--strict-indentation-' flag to the compiler, or set the language version to F# 7. [C:\Users\tmdru\Downloads\files\tests\Tests.fsproj]
C:\Users\tmdru\Downloads\files\tests\Builders.fs(683,5): error FS0058: Unexpected syntax or possible incorrect indentation: this token is offside of context started at position (680:5). Try indenting this further.To continue using non-conforming indentation, pass the '--strict-indentation-' flag to the compiler, or set the language version to F# 7. [C:\Users\tmdru\Downloads\files\tests\Tests.fsproj]
C:\Users\tmdru\Downloads\files\tests\Builders.fs(686,5): error FS0058: Unexpected syntax or possible incorrect indentation: this token is offside of context started at position (683:5). Try indenting this further.To continue using non-conforming indentation, pass the '--strict-indentation-' flag to the compiler, or set the language version to F# 7. [C:\Users\tmdru\Downloads\files\tests\Tests.fsproj]
C:\Users\tmdru\Downloads\files\tests\Builders.fs(691,5): error FS0058: Unexpected syntax or possible incorrect indentation: this token is offside of context started at position (686:5). Try indenting this further.To continue using non-conforming indentation, pass the '--strict-indentation-' flag to the compiler, or set the language version to F# 7. [C:\Users\tmdru\Downloads\files\tests\Tests.fsproj]
C:\Users\tmdru\Downloads\files\tests\Builders.fs(691,12): error FS0058: Unexpected syntax or possible incorrect indentation: this token is offside of context started at position (686:5). Try indenting this further.To continue using non-conforming indentation, pass the '--strict-indentation-' flag to the compiler, or set the language version to F# 7. [C:\Users\tmdru\Downloads\files\tests\Tests.fsproj]
C:\Users\tmdru\Downloads\files\tests\Builders.fs(691,24): error FS0058: Unexpected syntax or possible incorrect indentation: this token is offside of context started at position (686:5). Try indenting this further.To continue using non-conforming indentation, pass the '--strict-indentation-' flag to the compiler, or set the language version to F# 7. [C:\Users\tmdru\Downloads\files\tests\Tests.fsproj]
C:\Users\tmdru\Downloads\files\tests\Builders.fs(718,5): error FS0058: Unexpected syntax or possible incorrect indentation: this token is offside of context started at position (686:5). Try indenting this further.To continue using non-conforming indentation, pass the '--strict-indentation-' flag to the compiler, or set the language version to F# 7. [C:\Users\tmdru\Downloads\files\tests\Tests.fsproj]
C:\Users\tmdru\Downloads\files\tests\Builders.fs(719,5): error FS0058: Unexpected syntax or possible incorrect indentation: this token is offside of context started at position (718:5). Try indenting this further.To continue using non-conforming indentation, pass the '--strict-indentation-' flag to the compiler, or set the language version to F# 7. [C:\Users\tmdru\Downloads\files\tests\Tests.fsproj]
C:\Users\tmdru\Downloads\files\tests\Builders.fs(722,5): error FS0058: Unexpected syntax or possible incorrect indentation: this token is offside of context started at position (719:5). Try indenting this further.To continue using non-conforming indentation, pass the '--strict-indentation-' flag to the compiler, or set the language version to F# 7. [C:\Users\tmdru\Downloads\files\tests\Tests.fsproj]
C:\Users\tmdru\Downloads\files\tests\Builders.fs(737,1): error FS0010: Incomplete structured construct at or before this point in implementation file [C:\Users\tmdru\Downloads\files\tests\Tests.fsproj]
C:\Users\tmdru\Downloads\files\tests\UnitsOfMeasureTests.fs(102,29): error FS0583: Unmatched '(' [C:\Users\tmdru\Downloads\files\tests\Tests.fsproj]
C:\Users\tmdru\Downloads\files\tests\UnitsOfMeasureTests.fs(105,9): error FS0010: Unexpected symbol '}' in binding. Expected incomplete structured construct at or before this point or other token. [C:\Users\tmdru\Downloads\files\tests\Tests.fsproj]
C:\Users\tmdru\Downloads\files\tests\UnitsOfMeasureTests.fs(110,5): error FS0058: Unexpected syntax or possible incorrect indentation: this token is offside of context started at position (102:9). Try indenting this further.To continue using non-conforming indentation, pass the '--strict-indentation-' flag to the compiler, or set the language version to F# 7. [C:\Users\tmdru\Downloads\files\tests\Tests.fsproj]
C:\Users\tmdru\Downloads\files\tests\UnitsOfMeasureTests.fs(112,47): error FS0010: Incomplete structured construct at or before this point in expression. Expected '}' or other token. [C:\Users\tmdru\Downloads\files\tests\Tests.fsproj]
C:\Users\tmdru\Downloads\files\tests\UnitsOfMeasureTests.fs(112,19): error FS0604: Unmatched '{' [C:\Users\tmdru\Downloads\files\tests\Tests.fsproj]
C:\Users\tmdru\Downloads\files\tests\UnitsOfMeasureTests.fs(112,9): error FS0588: The block following this 'let' is unfinished. Every code block is an expression and must have a result. 'let' cannot be the final code element in a block. Consider giving this block an explicit result. [C:\Users\tmdru\Downloads\files\tests\Tests.fsproj]
C:\Users\tmdru\Downloads\files\tests\UnitsOfMeasureTests.fs(112,47): error FS0010: Unexpected symbol ')' in binding. Expected incomplete structured construct at or before this point or other token. [C:\Users\tmdru\Downloads\files\tests\Tests.fsproj]
C:\Users\tmdru\Downloads\files\tests\UnitsOfMeasureTests.fs(96,5): error FS3118: Incomplete value or function definition. If this is in an expression, the body of the expression must be indented to the same column as the 'let' keyword. [C:\Users\tmdru\Downloads\files\tests\Tests.fsproj]
C:\Users\tmdru\Downloads\files\tests\UnitsOfMeasureTests.fs(113,9): error FS0010: Incomplete structured construct at or before this point in implementation file. Expected incomplete structured construct at or before this point or other token. [C:\Users\tmdru\Downloads\files\tests\Tests.fsproj]
    0 Warning(s)
    37 Error(s)

Time Elapsed 00:00:02.53