  Determining projects to restore...
  All projects are up-to-date for restore.
  GPU.Compute -> c:\Users\tmdru\Downloads\files\src\bin\GPU.Compute\Debug\net8.0\GPU.Compute.dll
  Server -> c:\Users\tmdru\Downloads\files\src\bin\Server\Debug\net8.0\Server.dll
c:\Users\tmdru\Downloads\files\tests\unknown(1,1): warning FS3551: The source file 'Random.fs' (at position 16/33) already appeared in the compilation list (at position 6/33). Please verify that it is included only once in the project file. [c:\Users\tmdru\Downloads\files\tests\Tests.fsproj]
c:\Users\tmdru\Downloads\files\tests\AlgebraicLaws.fs(55,40): warning FS0064: This construct causes code to be less generic than indicated by the type annotations. The type variable 'B has been constrained to be type ''A'. [c:\Users\tmdru\Downloads\files\tests\Tests.fsproj]
c:\Users\tmdru\Downloads\files\tests\AlgebraicLaws.fs(55,62): warning FS0064: This construct causes code to be less generic than indicated by the type annotations. The type variable 'C has been constrained to be type ''A'. [c:\Users\tmdru\Downloads\files\tests\Tests.fsproj]
c:\Users\tmdru\Downloads\files\tests\AlgebraicLaws.fs(68,41): warning FS0064: This construct causes code to be less generic than indicated by the type annotations. The type variable 'B has been constrained to be type ''A'. [c:\Users\tmdru\Downloads\files\tests\Tests.fsproj]
c:\Users\tmdru\Downloads\files\tests\Assertions.fs(128,40): warning FS0064: This construct causes code to be less generic than indicated by the type annotations. The type variable 'T has been constrained to be type 'unit'. [c:\Users\tmdru\Downloads\files\tests\Tests.fsproj]
c:\Users\tmdru\Downloads\files\tests\AcceptanceTests.fs(74,80): error FS0001: None of the types 'bool, Lazy<'a>' support the operator '==>' [c:\Users\tmdru\Downloads\files\tests\Tests.fsproj]
c:\Users\tmdru\Downloads\files\tests\AcceptanceTests.fs(74,76): error FS0043: None of the types 'bool, Lazy<'a>' support the operator '==>' [c:\Users\tmdru\Downloads\files\tests\Tests.fsproj]
c:\Users\tmdru\Downloads\files\tests\AdaptiveConfigTests.fs(57,37): error FS0039: The value, constructor, namespace or type 'Default' is not defined. [c:\Users\tmdru\Downloads\files\tests\Tests.fsproj]
c:\Users\tmdru\Downloads\files\tests\AdaptiveConfigTests.fs(70,39): error FS0039: The value, constructor, namespace or type 'Default' is not defined. [c:\Users\tmdru\Downloads\files\tests\Tests.fsproj]
c:\Users\tmdru\Downloads\files\tests\AdaptiveConfigTests.fs(77,34): error FS0039: The value, constructor, namespace or type 'Default' is not defined. [c:\Users\tmdru\Downloads\files\tests\Tests.fsproj]
c:\Users\tmdru\Downloads\files\tests\CacheTests.fs(92,46): error FS0039: The value, constructor, namespace or type 'Default' is not defined. [c:\Users\tmdru\Downloads\files\tests\Tests.fsproj]
c:\Users\tmdru\Downloads\files\tests\ConstraintsTests.fs(99,88): error FS0001: Type mismatch. Expecting a    'SpatialGraph<NodeType>'    but given a    'SpatialGraph<int>'    The type 'NodeType' does not match the type 'int' [c:\Users\tmdru\Downloads\files\tests\Tests.fsproj]
c:\Users\tmdru\Downloads\files\tests\ConstraintsTests.fs(100,88): error FS0001: Type mismatch. Expecting a    'SpatialGraph<NodeType>'    but given a    'SpatialGraph<int>'    The type 'NodeType' does not match the type 'int' [c:\Users\tmdru\Downloads\files\tests\Tests.fsproj]
c:\Users\tmdru\Downloads\files\tests\ConstraintsTests.fs(108,50): error FS0001: Type mismatch. Expecting a    'SpatialGraph<NodeType>'    but given a    'SpatialGraph<int>'    The type 'NodeType' does not match the type 'int' [c:\Users\tmdru\Downloads\files\tests\Tests.fsproj]
c:\Users\tmdru\Downloads\files\tests\ConstraintsTests.fs(108,90): error FS0001: Type mismatch. Expecting a    'SpatialGraph<NodeType>'    but given a    'SpatialGraph<int>'    The type 'NodeType' does not match the type 'int' [c:\Users\tmdru\Downloads\files\tests\Tests.fsproj]
c:\Users\tmdru\Downloads\files\tests\ConstraintsTests.fs(114,64): error FS0001: Type mismatch. Expecting a    'SpatialGraph<NodeType>'    but given a    'SpatialGraph<int>'    The type 'NodeType' does not match the type 'int' [c:\Users\tmdru\Downloads\files\tests\Tests.fsproj]
c:\Users\tmdru\Downloads\files\tests\SpatialHashTests.fs(85,64): error FS0001: Type mismatch. Expecting a    'TestInfrastructure.Core.Vector3 Microsoft.FSharp.Core.array'    but given a    'System.Numerics.Vector3 Microsoft.FSharp.Core.array'    The type 'TestInfrastructure.Core.Vector3' does not match the type 'System.Numerics.Vector3' [c:\Users\tmdru\Downloads\files\tests\Tests.fsproj]
c:\Users\tmdru\Downloads\files\tests\PhysicsQueriesTests.fs(29,23): error FS0001: The type 'PhysicsWorld' is not compatible with the type 'Physics.Service.PhysicsWorld' [c:\Users\tmdru\Downloads\files\tests\Tests.fsproj]
c:\Users\tmdru\Downloads\files\tests\PhysicsQueriesTests.fs(29,29): error FS0001: This expression was expected to have type    'Physics.Queries.Ray'    but here has type    'TestInfrastructure.Builders.Ray' [c:\Users\tmdru\Downloads\files\tests\Tests.fsproj]
c:\Users\tmdru\Downloads\files\tests\PhysicsQueriesTests.fs(30,11): error FS0001: This expression was expected to have type    'QueryFilter -> RaycastHit option'    but here has type    ''a option' [c:\Users\tmdru\Downloads\files\tests\Tests.fsproj]
c:\Users\tmdru\Downloads\files\tests\PhysicsQueriesTests.fs(31,36): error FS0001: This expression was expected to have type    'float32'    but here has type    'float' [c:\Users\tmdru\Downloads\files\tests\Tests.fsproj]
c:\Users\tmdru\Downloads\files\tests\PhysicsQueriesTests.fs(31,41): error FS0001: This expression was expected to have type    'float32'    but here has type    'float' [c:\Users\tmdru\Downloads\files\tests\Tests.fsproj]
c:\Users\tmdru\Downloads\files\tests\PhysicsQueriesTests.fs(31,41): error FS0001: This expression was expected to have type    'float32'    but here has type    'float' [c:\Users\tmdru\Downloads\files\tests\Tests.fsproj]
c:\Users\tmdru\Downloads\files\tests\PhysicsQueriesTests.fs(31,61): error FS0001: This expression was expected to have type    'float32'    but here has type    'float' [c:\Users\tmdru\Downloads\files\tests\Tests.fsproj]
c:\Users\tmdru\Downloads\files\tests\PhysicsQueriesTests.fs(32,32): error FS0001: This expression was expected to have type    'TestInfrastructure.Core.Vector3'    but here has type    'System.Numerics.Vector3' [c:\Users\tmdru\Downloads\files\tests\Tests.fsproj]
c:\Users\tmdru\Downloads\files\tests\PhysicsQueriesTests.fs(34,11): error FS0001: This expression was expected to have type    'QueryFilter -> RaycastHit option'    but here has type    ''a option' [c:\Users\tmdru\Downloads\files\tests\Tests.fsproj]
c:\Users\tmdru\Downloads\files\tests\PhysicsQueriesTests.fs(29,15): warning FS0025: Incomplete pattern matches on this expression. [c:\Users\tmdru\Downloads\files\tests\Tests.fsproj]
c:\Users\tmdru\Downloads\files\tests\PhysicsQueriesTests.fs(58,23): error FS0001: The type 'PhysicsWorld' is not compatible with the type 'Physics.Service.PhysicsWorld' [c:\Users\tmdru\Downloads\files\tests\Tests.fsproj]
c:\Users\tmdru\Downloads\files\tests\PhysicsQueriesTests.fs(58,29): error FS0001: This expression was expected to have type    'Physics.Queries.Ray'    but here has type    'TestInfrastructure.Builders.Ray' [c:\Users\tmdru\Downloads\files\tests\Tests.fsproj]
c:\Users\tmdru\Downloads\files\tests\PhysicsQueriesTests.fs(59,11): error FS0001: This expression was expected to have type    'QueryFilter -> RaycastHit option'    but here has type    ''a option' [c:\Users\tmdru\Downloads\files\tests\Tests.fsproj]
c:\Users\tmdru\Downloads\files\tests\PhysicsQueriesTests.fs(59,51): error FS0001: This expression was expected to have type    'float'    but here has type    'float32' [c:\Users\tmdru\Downloads\files\tests\Tests.fsproj]
c:\Users\tmdru\Downloads\files\tests\PhysicsQueriesTests.fs(59,75): error FS0001: This expression was expected to have type    'float'    but here has type    'float32' [c:\Users\tmdru\Downloads\files\tests\Tests.fsproj]
c:\Users\tmdru\Downloads\files\tests\PhysicsQueriesTests.fs(60,11): error FS0001: This expression was expected to have type    'QueryFilter -> RaycastHit option'    but here has type    ''a option' [c:\Users\tmdru\Downloads\files\tests\Tests.fsproj]
c:\Users\tmdru\Downloads\files\tests\PhysicsQueriesTests.fs(58,15): warning FS0025: Incomplete pattern matches on this expression. [c:\Users\tmdru\Downloads\files\tests\Tests.fsproj]
c:\Users\tmdru\Downloads\files\tests\PhysicsQueriesTests.fs(70,19): error FS0039: The type 'Vector3' does not define the field, constructor or member 'Length'. [c:\Users\tmdru\Downloads\files\tests\Tests.fsproj]
c:\Users\tmdru\Downloads\files\tests\PhysicsQueriesTests.fs(70,40): error FS0001: None of the types 'bool, Lazy<'a>' support the operator '==>' [c:\Users\tmdru\Downloads\files\tests\Tests.fsproj]
c:\Users\tmdru\Downloads\files\tests\PhysicsQueriesTests.fs(70,36): error FS0043: None of the types 'bool, Lazy<'a>' support the operator '==>' [c:\Users\tmdru\Downloads\files\tests\Tests.fsproj]
c:\Users\tmdru\Downloads\files\tests\PhysicsServiceTests.fs(22,13): warning FS0020: The result of this expression has type 'bool' and is implicitly ignored. Consider using 'ignore' to discard this value explicitly, e.g. 'expr |> ignore', or 'let' to bind the result to a name, e.g. 'let result = expr'. [c:\Users\tmdru\Downloads\files\tests\Tests.fsproj]
c:\Users\tmdru\Downloads\files\tests\PhysicsServiceTests.fs(95,17): error FS0072: Lookup on object of indeterminate type based on information prior to this program point. A type annotation may be needed prior to this program point to constrain the type of the object. This may allow the lookup to be resolved. [c:\Users\tmdru\Downloads\files\tests\Tests.fsproj]
c:\Users\tmdru\Downloads\files\tests\PhysicsServiceTests.fs(95,42): error FS0072: Lookup on object of indeterminate type based on information prior to this program point. A type annotation may be needed prior to this program point to constrain the type of the object. This may allow the lookup to be resolved. [c:\Users\tmdru\Downloads\files\tests\Tests.fsproj]
c:\Users\tmdru\Downloads\files\tests\PhysicsServiceTests.fs(103,45): error FS0072: Lookup on object of indeterminate type based on information prior to this program point. A type annotation may be needed prior to this program point to constrain the type of the object. This may allow the lookup to be resolved. [c:\Users\tmdru\Downloads\files\tests\Tests.fsproj]
c:\Users\tmdru\Downloads\files\tests\PhysicsServiceTests.fs(103,68): error FS0072: Lookup on object of indeterminate type based on information prior to this program point. A type annotation may be needed prior to this program point to constrain the type of the object. This may allow the lookup to be resolved. [c:\Users\tmdru\Downloads\files\tests\Tests.fsproj]
c:\Users\tmdru\Downloads\files\tests\PhysicsServiceTests.fs(110,45): error FS0072: Lookup on object of indeterminate type based on information prior to this program point. A type annotation may be needed prior to this program point to constrain the type of the object. This may allow the lookup to be resolved. [c:\Users\tmdru\Downloads\files\tests\Tests.fsproj]
c:\Users\tmdru\Downloads\files\tests\SyncThreadSafetyTests.fs(26,24): error FS0193: Type constraint mismatch. The type     'TimeSpan'    is not compatible with type    'TimeSpan option' [c:\Users\tmdru\Downloads\files\tests\Tests.fsproj]
c:\Users\tmdru\Downloads\files\tests\SyncThreadSafetyTests.fs(37,72): error FS0039: The type 'AsyncReplyChannel<_>' does not define the field, constructor or member 'CreateWithTimeout'. [c:\Users\tmdru\Downloads\files\tests\Tests.fsproj]
c:\Users\tmdru\Downloads\files\tests\SyncThreadSafetyTests.fs(78,85): error FS0800: Invalid use of a type name [c:\Users\tmdru\Downloads\files\tests\Tests.fsproj]
c:\Users\tmdru\Downloads\files\tests\SyncThreadSafetyTests.fs(85,23): warning FS0760: It is recommended that objects supporting the IDisposable interface are created using the syntax 'new Type(args)', rather than 'Type(args)' or 'Type' as a function value representing the constructor, to indicate that resources may be owned by the generated value [c:\Users\tmdru\Downloads\files\tests\Tests.fsproj]
c:\Users\tmdru\Downloads\files\tests\SyncThreadSafetyTests.fs(91,23): warning FS0760: It is recommended that objects supporting the IDisposable interface are created using the syntax 'new Type(args)', rather than 'Type(args)' or 'Type' as a function value representing the constructor, to indicate that resources may be owned by the generated value [c:\Users\tmdru\Downloads\files\tests\Tests.fsproj]
c:\Users\tmdru\Downloads\files\tests\SyncThreadSafetyTests.fs(111,23): warning FS0760: It is recommended that objects supporting the IDisposable interface are created using the syntax 'new Type(args)', rather than 'Type(args)' or 'Type' as a function value representing the constructor, to indicate that resources may be owned by the generated value [c:\Users\tmdru\Downloads\files\tests\Tests.fsproj]
c:\Users\tmdru\Downloads\files\tests\ThreadSafeRandomTests.fs(56,44): error FS0001: None of the types 'bool, Lazy<'a>' support the operator '==>' [c:\Users\tmdru\Downloads\files\tests\Tests.fsproj]
c:\Users\tmdru\Downloads\files\tests\UnitsOfMeasureTests.fs(173,21): error FS0001: None of the types 'bool, Lazy<'a>' support the operator '==>' [c:\Users\tmdru\Downloads\files\tests\Tests.fsproj]
c:\Users\tmdru\Downloads\files\tests\UnitsOfMeasureTests.fs(173,17): error FS0043: None of the types 'bool, Lazy<'a>' support the operator '==>' [c:\Users\tmdru\Downloads\files\tests\Tests.fsproj]
c:\Users\tmdru\Downloads\files\tests\UnitsOfMeasureTests.fs(181,30): error FS0001: The type 'PositiveInt' does not support a conversion to the type 'float' [c:\Users\tmdru\Downloads\files\tests\Tests.fsproj]
c:\Users\tmdru\Downloads\files\tests\UnitsOfMeasureTests.fs(182,26): error FS0001: The type 'PositiveInt' does not support a conversion to the type 'float' [c:\Users\tmdru\Downloads\files\tests\Tests.fsproj]
c:\Users\tmdru\Downloads\files\tests\UnitsOfMeasureTests.fs(184,33): error FS0001: The type 'PositiveInt' does not support a conversion to the type 'float' [c:\Users\tmdru\Downloads\files\tests\Tests.fsproj]
c:\Users\tmdru\Downloads\files\tests\UnitsOfMeasureTests.fs(184,43): error FS0001: The type 'PositiveInt' does not support a conversion to the type 'float' [c:\Users\tmdru\Downloads\files\tests\Tests.fsproj]
c:\Users\tmdru\Downloads\files\tests\UnitsOfMeasureTests.fs(188,27): error FS0001: The type 'PositiveInt' does not support a conversion to the type 'float' [c:\Users\tmdru\Downloads\files\tests\Tests.fsproj]
c:\Users\tmdru\Downloads\files\tests\UnitsOfMeasureTests.fs(189,30): error FS0001: The type 'PositiveInt' does not support a conversion to the type 'float' [c:\Users\tmdru\Downloads\files\tests\Tests.fsproj]
c:\Users\tmdru\Downloads\files\tests\UnitsOfMeasureTests.fs(191,31): error FS0001: The type 'PositiveInt' does not support a conversion to the type 'float' [c:\Users\tmdru\Downloads\files\tests\Tests.fsproj]
c:\Users\tmdru\Downloads\files\tests\UnitsOfMeasureTests.fs(191,41): error FS0001: The type 'PositiveInt' does not support a conversion to the type 'float' [c:\Users\tmdru\Downloads\files\tests\Tests.fsproj]

Build FAILED.

c:\Users\tmdru\Downloads\files\tests\unknown(1,1): warning FS3551: The source file 'Random.fs' (at position 16/33) already appeared in the compilation list (at position 6/33). Please verify that it is included only once in the project file. [c:\Users\tmdru\Downloads\files\tests\Tests.fsproj]
c:\Users\tmdru\Downloads\files\tests\AlgebraicLaws.fs(55,40): warning FS0064: This construct causes code to be less generic than indicated by the type annotations. The type variable 'B has been constrained to be type ''A'. [c:\Users\tmdru\Downloads\files\tests\Tests.fsproj]
c:\Users\tmdru\Downloads\files\tests\AlgebraicLaws.fs(55,62): warning FS0064: This construct causes code to be less generic than indicated by the type annotations. The type variable 'C has been constrained to be type ''A'. [c:\Users\tmdru\Downloads\files\tests\Tests.fsproj]
c:\Users\tmdru\Downloads\files\tests\AlgebraicLaws.fs(68,41): warning FS0064: This construct causes code to be less generic than indicated by the type annotations. The type variable 'B has been constrained to be type ''A'. [c:\Users\tmdru\Downloads\files\tests\Tests.fsproj]
c:\Users\tmdru\Downloads\files\tests\Assertions.fs(128,40): warning FS0064: This construct causes code to be less generic than indicated by the type annotations. The type variable 'T has been constrained to be type 'unit'. [c:\Users\tmdru\Downloads\files\tests\Tests.fsproj]
c:\Users\tmdru\Downloads\files\tests\PhysicsQueriesTests.fs(29,15): warning FS0025: Incomplete pattern matches on this expression. [c:\Users\tmdru\Downloads\files\tests\Tests.fsproj]
c:\Users\tmdru\Downloads\files\tests\PhysicsQueriesTests.fs(58,15): warning FS0025: Incomplete pattern matches on this expression. [c:\Users\tmdru\Downloads\files\tests\Tests.fsproj]
c:\Users\tmdru\Downloads\files\tests\PhysicsServiceTests.fs(22,13): warning FS0020: The result of this expression has type 'bool' and is implicitly ignored. Consider using 'ignore' to discard this value explicitly, e.g. 'expr |> ignore', or 'let' to bind the result to a name, e.g. 'let result = expr'. [c:\Users\tmdru\Downloads\files\tests\Tests.fsproj]
c:\Users\tmdru\Downloads\files\tests\SyncThreadSafetyTests.fs(85,23): warning FS0760: It is recommended that objects supporting the IDisposable interface are created using the syntax 'new Type(args)', rather than 'Type(args)' or 'Type' as a function value representing the constructor, to indicate that resources may be owned by the generated value [c:\Users\tmdru\Downloads\files\tests\Tests.fsproj]
c:\Users\tmdru\Downloads\files\tests\SyncThreadSafetyTests.fs(91,23): warning FS0760: It is recommended that objects supporting the IDisposable interface are created using the syntax 'new Type(args)', rather than 'Type(args)' or 'Type' as a function value representing the constructor, to indicate that resources may be owned by the generated value [c:\Users\tmdru\Downloads\files\tests\Tests.fsproj]
c:\Users\tmdru\Downloads\files\tests\SyncThreadSafetyTests.fs(111,23): warning FS0760: It is recommended that objects supporting the IDisposable interface are created using the syntax 'new Type(args)', rather than 'Type(args)' or 'Type' as a function value representing the constructor, to indicate that resources may be owned by the generated value [c:\Users\tmdru\Downloads\files\tests\Tests.fsproj]
c:\Users\tmdru\Downloads\files\tests\AcceptanceTests.fs(74,80): error FS0001: None of the types 'bool, Lazy<'a>' support the operator '==>' [c:\Users\tmdru\Downloads\files\tests\Tests.fsproj]
c:\Users\tmdru\Downloads\files\tests\AcceptanceTests.fs(74,76): error FS0043: None of the types 'bool, Lazy<'a>' support the operator '==>' [c:\Users\tmdru\Downloads\files\tests\Tests.fsproj]
c:\Users\tmdru\Downloads\files\tests\AdaptiveConfigTests.fs(57,37): error FS0039: The value, constructor, namespace or type 'Default' is not defined. [c:\Users\tmdru\Downloads\files\tests\Tests.fsproj]
c:\Users\tmdru\Downloads\files\tests\AdaptiveConfigTests.fs(70,39): error FS0039: The value, constructor, namespace or type 'Default' is not defined. [c:\Users\tmdru\Downloads\files\tests\Tests.fsproj]
c:\Users\tmdru\Downloads\files\tests\AdaptiveConfigTests.fs(77,34): error FS0039: The value, constructor, namespace or type 'Default' is not defined. [c:\Users\tmdru\Downloads\files\tests\Tests.fsproj]
c:\Users\tmdru\Downloads\files\tests\CacheTests.fs(92,46): error FS0039: The value, constructor, namespace or type 'Default' is not defined. [c:\Users\tmdru\Downloads\files\tests\Tests.fsproj]
c:\Users\tmdru\Downloads\files\tests\ConstraintsTests.fs(99,88): error FS0001: Type mismatch. Expecting a    'SpatialGraph<NodeType>'    but given a    'SpatialGraph<int>'    The type 'NodeType' does not match the type 'int' [c:\Users\tmdru\Downloads\files\tests\Tests.fsproj]
c:\Users\tmdru\Downloads\files\tests\ConstraintsTests.fs(100,88): error FS0001: Type mismatch. Expecting a    'SpatialGraph<NodeType>'    but given a    'SpatialGraph<int>'    The type 'NodeType' does not match the type 'int' [c:\Users\tmdru\Downloads\files\tests\Tests.fsproj]
c:\Users\tmdru\Downloads\files\tests\ConstraintsTests.fs(108,50): error FS0001: Type mismatch. Expecting a    'SpatialGraph<NodeType>'    but given a    'SpatialGraph<int>'    The type 'NodeType' does not match the type 'int' [c:\Users\tmdru\Downloads\files\tests\Tests.fsproj]
c:\Users\tmdru\Downloads\files\tests\ConstraintsTests.fs(108,90): error FS0001: Type mismatch. Expecting a    'SpatialGraph<NodeType>'    but given a    'SpatialGraph<int>'    The type 'NodeType' does not match the type 'int' [c:\Users\tmdru\Downloads\files\tests\Tests.fsproj]
c:\Users\tmdru\Downloads\files\tests\ConstraintsTests.fs(114,64): error FS0001: Type mismatch. Expecting a    'SpatialGraph<NodeType>'    but given a    'SpatialGraph<int>'    The type 'NodeType' does not match the type 'int' [c:\Users\tmdru\Downloads\files\tests\Tests.fsproj]
c:\Users\tmdru\Downloads\files\tests\SpatialHashTests.fs(85,64): error FS0001: Type mismatch. Expecting a    'TestInfrastructure.Core.Vector3 Microsoft.FSharp.Core.array'    but given a    'System.Numerics.Vector3 Microsoft.FSharp.Core.array'    The type 'TestInfrastructure.Core.Vector3' does not match the type 'System.Numerics.Vector3' [c:\Users\tmdru\Downloads\files\tests\Tests.fsproj]
c:\Users\tmdru\Downloads\files\tests\PhysicsQueriesTests.fs(29,23): error FS0001: The type 'PhysicsWorld' is not compatible with the type 'Physics.Service.PhysicsWorld' [c:\Users\tmdru\Downloads\files\tests\Tests.fsproj]
c:\Users\tmdru\Downloads\files\tests\PhysicsQueriesTests.fs(29,29): error FS0001: This expression was expected to have type    'Physics.Queries.Ray'    but here has type    'TestInfrastructure.Builders.Ray' [c:\Users\tmdru\Downloads\files\tests\Tests.fsproj]
c:\Users\tmdru\Downloads\files\tests\PhysicsQueriesTests.fs(30,11): error FS0001: This expression was expected to have type    'QueryFilter -> RaycastHit option'    but here has type    ''a option' [c:\Users\tmdru\Downloads\files\tests\Tests.fsproj]
c:\Users\tmdru\Downloads\files\tests\PhysicsQueriesTests.fs(31,36): error FS0001: This expression was expected to have type    'float32'    but here has type    'float' [c:\Users\tmdru\Downloads\files\tests\Tests.fsproj]
c:\Users\tmdru\Downloads\files\tests\PhysicsQueriesTests.fs(31,41): error FS0001: This expression was expected to have type    'float32'    but here has type    'float' [c:\Users\tmdru\Downloads\files\tests\Tests.fsproj]
c:\Users\tmdru\Downloads\files\tests\PhysicsQueriesTests.fs(31,41): error FS0001: This expression was expected to have type    'float32'    but here has type    'float' [c:\Users\tmdru\Downloads\files\tests\Tests.fsproj]
c:\Users\tmdru\Downloads\files\tests\PhysicsQueriesTests.fs(31,61): error FS0001: This expression was expected to have type    'float32'    but here has type    'float' [c:\Users\tmdru\Downloads\files\tests\Tests.fsproj]
c:\Users\tmdru\Downloads\files\tests\PhysicsQueriesTests.fs(32,32): error FS0001: This expression was expected to have type    'TestInfrastructure.Core.Vector3'    but here has type    'System.Numerics.Vector3' [c:\Users\tmdru\Downloads\files\tests\Tests.fsproj]
c:\Users\tmdru\Downloads\files\tests\PhysicsQueriesTests.fs(34,11): error FS0001: This expression was expected to have type    'QueryFilter -> RaycastHit option'    but here has type    ''a option' [c:\Users\tmdru\Downloads\files\tests\Tests.fsproj]
c:\Users\tmdru\Downloads\files\tests\PhysicsQueriesTests.fs(58,23): error FS0001: The type 'PhysicsWorld' is not compatible with the type 'Physics.Service.PhysicsWorld' [c:\Users\tmdru\Downloads\files\tests\Tests.fsproj]
c:\Users\tmdru\Downloads\files\tests\PhysicsQueriesTests.fs(58,29): error FS0001: This expression was expected to have type    'Physics.Queries.Ray'    but here has type    'TestInfrastructure.Builders.Ray' [c:\Users\tmdru\Downloads\files\tests\Tests.fsproj]
c:\Users\tmdru\Downloads\files\tests\PhysicsQueriesTests.fs(59,11): error FS0001: This expression was expected to have type    'QueryFilter -> RaycastHit option'    but here has type    ''a option' [c:\Users\tmdru\Downloads\files\tests\Tests.fsproj]
c:\Users\tmdru\Downloads\files\tests\PhysicsQueriesTests.fs(59,51): error FS0001: This expression was expected to have type    'float'    but here has type    'float32' [c:\Users\tmdru\Downloads\files\tests\Tests.fsproj]
c:\Users\tmdru\Downloads\files\tests\PhysicsQueriesTests.fs(59,75): error FS0001: This expression was expected to have type    'float'    but here has type    'float32' [c:\Users\tmdru\Downloads\files\tests\Tests.fsproj]
c:\Users\tmdru\Downloads\files\tests\PhysicsQueriesTests.fs(60,11): error FS0001: This expression was expected to have type    'QueryFilter -> RaycastHit option'    but here has type    ''a option' [c:\Users\tmdru\Downloads\files\tests\Tests.fsproj]
c:\Users\tmdru\Downloads\files\tests\PhysicsQueriesTests.fs(70,19): error FS0039: The type 'Vector3' does not define the field, constructor or member 'Length'. [c:\Users\tmdru\Downloads\files\tests\Tests.fsproj]
c:\Users\tmdru\Downloads\files\tests\PhysicsQueriesTests.fs(70,40): error FS0001: None of the types 'bool, Lazy<'a>' support the operator '==>' [c:\Users\tmdru\Downloads\files\tests\Tests.fsproj]
c:\Users\tmdru\Downloads\files\tests\PhysicsQueriesTests.fs(70,36): error FS0043: None of the types 'bool, Lazy<'a>' support the operator '==>' [c:\Users\tmdru\Downloads\files\tests\Tests.fsproj]
c:\Users\tmdru\Downloads\files\tests\PhysicsServiceTests.fs(95,17): error FS0072: Lookup on object of indeterminate type based on information prior to this program point. A type annotation may be needed prior to this program point to constrain the type of the object. This may allow the lookup to be resolved. [c:\Users\tmdru\Downloads\files\tests\Tests.fsproj]
c:\Users\tmdru\Downloads\files\tests\PhysicsServiceTests.fs(95,42): error FS0072: Lookup on object of indeterminate type based on information prior to this program point. A type annotation may be needed prior to this program point to constrain the type of the object. This may allow the lookup to be resolved. [c:\Users\tmdru\Downloads\files\tests\Tests.fsproj]
c:\Users\tmdru\Downloads\files\tests\PhysicsServiceTests.fs(103,45): error FS0072: Lookup on object of indeterminate type based on information prior to this program point. A type annotation may be needed prior to this program point to constrain the type of the object. This may allow the lookup to be resolved. [c:\Users\tmdru\Downloads\files\tests\Tests.fsproj]
c:\Users\tmdru\Downloads\files\tests\PhysicsServiceTests.fs(103,68): error FS0072: Lookup on object of indeterminate type based on information prior to this program point. A type annotation may be needed prior to this program point to constrain the type of the object. This may allow the lookup to be resolved. [c:\Users\tmdru\Downloads\files\tests\Tests.fsproj]
c:\Users\tmdru\Downloads\files\tests\PhysicsServiceTests.fs(110,45): error FS0072: Lookup on object of indeterminate type based on information prior to this program point. A type annotation may be needed prior to this program point to constrain the type of the object. This may allow the lookup to be resolved. [c:\Users\tmdru\Downloads\files\tests\Tests.fsproj]
c:\Users\tmdru\Downloads\files\tests\SyncThreadSafetyTests.fs(26,24): error FS0193: Type constraint mismatch. The type     'TimeSpan'    is not compatible with type    'TimeSpan option' [c:\Users\tmdru\Downloads\files\tests\Tests.fsproj]
c:\Users\tmdru\Downloads\files\tests\SyncThreadSafetyTests.fs(37,72): error FS0039: The type 'AsyncReplyChannel<_>' does not define the field, constructor or member 'CreateWithTimeout'. [c:\Users\tmdru\Downloads\files\tests\Tests.fsproj]
c:\Users\tmdru\Downloads\files\tests\SyncThreadSafetyTests.fs(78,85): error FS0800: Invalid use of a type name [c:\Users\tmdru\Downloads\files\tests\Tests.fsproj]
c:\Users\tmdru\Downloads\files\tests\ThreadSafeRandomTests.fs(56,44): error FS0001: None of the types 'bool, Lazy<'a>' support the operator '==>' [c:\Users\tmdru\Downloads\files\tests\Tests.fsproj]
c:\Users\tmdru\Downloads\files\tests\UnitsOfMeasureTests.fs(173,21): error FS0001: None of the types 'bool, Lazy<'a>' support the operator '==>' [c:\Users\tmdru\Downloads\files\tests\Tests.fsproj]
c:\Users\tmdru\Downloads\files\tests\UnitsOfMeasureTests.fs(173,17): error FS0043: None of the types 'bool, Lazy<'a>' support the operator '==>' [c:\Users\tmdru\Downloads\files\tests\Tests.fsproj]
c:\Users\tmdru\Downloads\files\tests\UnitsOfMeasureTests.fs(181,30): error FS0001: The type 'PositiveInt' does not support a conversion to the type 'float' [c:\Users\tmdru\Downloads\files\tests\Tests.fsproj]
c:\Users\tmdru\Downloads\files\tests\UnitsOfMeasureTests.fs(182,26): error FS0001: The type 'PositiveInt' does not support a conversion to the type 'float' [c:\Users\tmdru\Downloads\files\tests\Tests.fsproj]
c:\Users\tmdru\Downloads\files\tests\UnitsOfMeasureTests.fs(184,33): error FS0001: The type 'PositiveInt' does not support a conversion to the type 'float' [c:\Users\tmdru\Downloads\files\tests\Tests.fsproj]
c:\Users\tmdru\Downloads\files\tests\UnitsOfMeasureTests.fs(184,43): error FS0001: The type 'PositiveInt' does not support a conversion to the type 'float' [c:\Users\tmdru\Downloads\files\tests\Tests.fsproj]
c:\Users\tmdru\Downloads\files\tests\UnitsOfMeasureTests.fs(188,27): error FS0001: The type 'PositiveInt' does not support a conversion to the type 'float' [c:\Users\tmdru\Downloads\files\tests\Tests.fsproj]
c:\Users\tmdru\Downloads\files\tests\UnitsOfMeasureTests.fs(189,30): error FS0001: The type 'PositiveInt' does not support a conversion to the type 'float' [c:\Users\tmdru\Downloads\files\tests\Tests.fsproj]
c:\Users\tmdru\Downloads\files\tests\UnitsOfMeasureTests.fs(191,31): error FS0001: The type 'PositiveInt' does not support a conversion to the type 'float' [c:\Users\tmdru\Downloads\files\tests\Tests.fsproj]
c:\Users\tmdru\Downloads\files\tests\UnitsOfMeasureTests.fs(191,41): error FS0001: The type 'PositiveInt' does not support a conversion to the type 'float' [c:\Users\tmdru\Downloads\files\tests\Tests.fsproj]
    11 Warning(s)
    49 Error(s)

Time Elapsed 00:00:09.28
