
========== BUILD_SOLUTION ==========
  Determining projects to restore...
  Restored C:\Users\tmdru\Downloads\files\src\Execution.fsproj (in 216 ms).
  2 of 3 projects are up-to-date for restore.
  Execution -> C:\Users\tmdru\Downloads\files\src\bin\Debug\net8.0\Execution.dll
  Core -> C:\Users\tmdru\Downloads\files\src\bin\Debug\net8.0\Core.dll
  GPU.Interop -> C:\Users\tmdru\Downloads\files\src\bin\Debug\net8.0\GPU.Interop.dll
C:\Users\tmdru\Downloads\files\src\Physics.Sync.fs(292,13): warning FS0760: It is recommended that objects supporting the IDisposable interface are created using the syntax 'new Type(args)', rather than 'Type(args)' or 'Type' as a function value representing the constructor, to indicate that resources may be owned by the generated value [C:\Users\tmdru\Downloads\files\src\Physics.fsproj]
  Physics -> C:\Users\tmdru\Downloads\files\src\bin\Debug\net8.0\Physics.dll
  Terrain -> C:\Users\tmdru\Downloads\files\src\bin\Debug\net8.0\Terrain.dll
  Server -> C:\Users\tmdru\Downloads\files\src\bin\Server\Debug\net8.0\Server.dll
  CLI -> C:\Users\tmdru\Downloads\files\src\bin\CLI\Debug\net8.0\CLI.dll

Build succeeded.

C:\Users\tmdru\Downloads\files\src\Physics.Sync.fs(292,13): warning FS0760: It is recommended that objects supporting the IDisposable interface are created using the syntax 'new Type(args)', rather than 'Type(args)' or 'Type' as a function value representing the constructor, to indicate that resources may be owned by the generated value [C:\Users\tmdru\Downloads\files\src\Physics.fsproj]
    1 Warning(s)
    0 Error(s)

Time Elapsed 00:00:18.11
========== BUILD_TESTS ==========
  Determining projects to restore...
  Restored C:\Users\tmdru\Downloads\files\src\Terrain.fsproj (in 195 ms).
  2 of 3 projects are up-to-date for restore.
  Execution -> C:\Users\tmdru\Downloads\files\src\bin\Debug\net8.0\Execution.dll
  Core -> C:\Users\tmdru\Downloads\files\src\bin\Debug\net8.0\Core.dll
  GPU.Interop -> C:\Users\tmdru\Downloads\files\src\bin\Debug\net8.0\GPU.Interop.dll
  Physics -> C:\Users\tmdru\Downloads\files\src\bin\Debug\net8.0\Physics.dll
  Terrain -> C:\Users\tmdru\Downloads\files\src\bin\Debug\net8.0\Terrain.dll
  Server -> C:\Users\tmdru\Downloads\files\src\bin\Server\Debug\net8.0\Server.dll
C:\Users\tmdru\Downloads\files\tests\Generators.fs(34,62): error FS0039: The type 'Vector3' is not defined. [C:\Users\tmdru\Downloads\files\tests\Tests.fsproj]
C:\Users\tmdru\Downloads\files\tests\Generators.fs(39,20): error FS0039: The value or constructor 'Vector3' is not defined. [C:\Users\tmdru\Downloads\files\tests\Tests.fsproj]
C:\Users\tmdru\Downloads\files\tests\Generators.fs(42,29): error FS0039: The type 'Vector3' is not defined. [C:\Users\tmdru\Downloads\files\tests\Tests.fsproj]
C:\Users\tmdru\Downloads\files\tests\Generators.fs(45,20): error FS0039: The value, namespace, type or module 'Vector3' is not defined. [C:\Users\tmdru\Downloads\files\tests\Tests.fsproj]
C:\Users\tmdru\Downloads\files\tests\Generators.fs(48,59): error FS0039: The type 'Vector3' is not defined. [C:\Users\tmdru\Downloads\files\tests\Tests.fsproj]
C:\Users\tmdru\Downloads\files\tests\Generators.fs(72,36): error FS0039: The value, namespace, type or module 'Vector3' is not defined. [C:\Users\tmdru\Downloads\files\tests\Tests.fsproj]
C:\Users\tmdru\Downloads\files\tests\Generators.fs(188,27): error FS0039: The value or constructor 'Vector3' is not defined. [C:\Users\tmdru\Downloads\files\tests\Tests.fsproj]
C:\Users\tmdru\Downloads\files\tests\Generators.fs(220,27): error FS0039: The type 'Vector3' is not defined. [C:\Users\tmdru\Downloads\files\tests\Tests.fsproj]
C:\Users\tmdru\Downloads\files\tests\Generators.fs(220,38): error FS0039: The type 'Vector3' is not defined. [C:\Users\tmdru\Downloads\files\tests\Tests.fsproj]
C:\Users\tmdru\Downloads\files\tests\Generators.fs(222,20): error FS0072: Lookup on object of indeterminate type based on information prior to this program point. A type annotation may be needed prior to this program point to constrain the type of the object. This may allow the lookup to be resolved. [C:\Users\tmdru\Downloads\files\tests\Tests.fsproj]
C:\Users\tmdru\Downloads\files\tests\Generators.fs(222,42): error FS0039: The value or constructor 'Vector3' is not defined. [C:\Users\tmdru\Downloads\files\tests\Tests.fsproj]
C:\Users\tmdru\Downloads\files\tests\Generators.fs(223,20): error FS0072: Lookup on object of indeterminate type based on information prior to this program point. A type annotation may be needed prior to this program point to constrain the type of the object. This may allow the lookup to be resolved. [C:\Users\tmdru\Downloads\files\tests\Tests.fsproj]
C:\Users\tmdru\Downloads\files\tests\Generators.fs(223,42): error FS0039: The value or constructor 'Vector3' is not defined. [C:\Users\tmdru\Downloads\files\tests\Tests.fsproj]
C:\Users\tmdru\Downloads\files\tests\Generators.fs(224,20): error FS0072: Lookup on object of indeterminate type based on information prior to this program point. A type annotation may be needed prior to this program point to constrain the type of the object. This may allow the lookup to be resolved. [C:\Users\tmdru\Downloads\files\tests\Tests.fsproj]
C:\Users\tmdru\Downloads\files\tests\Generators.fs(224,42): error FS0039: The value or constructor 'Vector3' is not defined. [C:\Users\tmdru\Downloads\files\tests\Tests.fsproj]
C:\Users\tmdru\Downloads\files\tests\Generators.fs(225,16): error FS0072: Lookup on object of indeterminate type based on information prior to this program point. A type annotation may be needed prior to this program point to constrain the type of the object. This may allow the lookup to be resolved. [C:\Users\tmdru\Downloads\files\tests\Tests.fsproj]
C:\Users\tmdru\Downloads\files\tests\Generators.fs(225,31): error FS0072: Lookup on object of indeterminate type based on information prior to this program point. A type annotation may be needed prior to this program point to constrain the type of the object. This may allow the lookup to be resolved. [C:\Users\tmdru\Downloads\files\tests\Tests.fsproj]
C:\Users\tmdru\Downloads\files\tests\Generators.fs(225,46): error FS0072: Lookup on object of indeterminate type based on information prior to this program point. A type annotation may be needed prior to this program point to constrain the type of the object. This may allow the lookup to be resolved. [C:\Users\tmdru\Downloads\files\tests\Tests.fsproj]
C:\Users\tmdru\Downloads\files\tests\Generators.fs(226,23): error FS0039: The value, namespace, type or module 'Vector3' is not defined. [C:\Users\tmdru\Downloads\files\tests\Tests.fsproj]
C:\Users\tmdru\Downloads\files\tests\Builders.fs(41,27): error FS0039: The type 'Vector3' is not defined. [C:\Users\tmdru\Downloads\files\tests\Tests.fsproj]
C:\Users\tmdru\Downloads\files\tests\Builders.fs(45,35): error FS0039: The type 'Vector3' is not defined. [C:\Users\tmdru\Downloads\files\tests\Tests.fsproj]
C:\Users\tmdru\Downloads\files\tests\Builders.fs(53,43): error FS0039: The type 'Vector3' is not defined. [C:\Users\tmdru\Downloads\files\tests\Tests.fsproj]
C:\Users\tmdru\Downloads\files\tests\Builders.fs(31,32): error FS0039: The value, namespace, type or module 'Vector3' is not defined. [C:\Users\tmdru\Downloads\files\tests\Tests.fsproj]
C:\Users\tmdru\Downloads\files\tests\Builders.fs(32,32): error FS0039: The value, namespace, type or module 'Vector3' is not defined. [C:\Users\tmdru\Downloads\files\tests\Tests.fsproj]
C:\Users\tmdru\Downloads\files\tests\Builders.fs(38,25): error FS0039: The value or constructor 'Vector3' is not defined. [C:\Users\tmdru\Downloads\files\tests\Tests.fsproj]
C:\Users\tmdru\Downloads\files\tests\Builders.fs(41,27): error FS0039: The type 'Vector3' is not defined. [C:\Users\tmdru\Downloads\files\tests\Tests.fsproj]
C:\Users\tmdru\Downloads\files\tests\Builders.fs(45,35): error FS0039: The type 'Vector3' is not defined. [C:\Users\tmdru\Downloads\files\tests\Tests.fsproj]
C:\Users\tmdru\Downloads\files\tests\Builders.fs(50,25): error FS0039: The value or constructor 'Vector3' is not defined. [C:\Users\tmdru\Downloads\files\tests\Tests.fsproj]
C:\Users\tmdru\Downloads\files\tests\Builders.fs(53,43): error FS0039: The type 'Vector3' is not defined. [C:\Users\tmdru\Downloads\files\tests\Tests.fsproj]
C:\Users\tmdru\Downloads\files\tests\Builders.fs(124,31): error FS0039: The value or constructor 'Vector3' is not defined. [C:\Users\tmdru\Downloads\files\tests\Tests.fsproj]
C:\Users\tmdru\Downloads\files\tests\Builders.fs(147,24): error FS0039: The value or constructor 'Vector3' is not defined. [C:\Users\tmdru\Downloads\files\tests\Tests.fsproj]
C:\Users\tmdru\Downloads\files\tests\Builders.fs(193,36): error FS0039: The value or constructor 'Vector3' is not defined. [C:\Users\tmdru\Downloads\files\tests\Tests.fsproj]
C:\Users\tmdru\Downloads\files\tests\Builders.fs(194,36): error FS0039: The value, namespace, type or module 'Vector3' is not defined. [C:\Users\tmdru\Downloads\files\tests\Tests.fsproj]
C:\Users\tmdru\Downloads\files\tests\Builders.fs(215,27): error FS0039: The value or constructor 'Vector3' is not defined. [C:\Users\tmdru\Downloads\files\tests\Tests.fsproj]
C:\Users\tmdru\Downloads\files\tests\Builders.fs(476,25): error FS0039: The record label 'X' is not defined. [C:\Users\tmdru\Downloads\files\tests\Tests.fsproj]
C:\Users\tmdru\Downloads\files\tests\Builders.fs(477,25): error FS0039: The record label 'Y' is not defined. [C:\Users\tmdru\Downloads\files\tests\Tests.fsproj]
C:\Users\tmdru\Downloads\files\tests\Builders.fs(478,25): error FS0039: The record label 'Z' is not defined. [C:\Users\tmdru\Downloads\files\tests\Tests.fsproj]
C:\Users\tmdru\Downloads\files\tests\Builders.fs(481,25): error FS0039: The record label 'X' is not defined. [C:\Users\tmdru\Downloads\files\tests\Tests.fsproj]
C:\Users\tmdru\Downloads\files\tests\Builders.fs(482,25): error FS0039: The record label 'Y' is not defined. [C:\Users\tmdru\Downloads\files\tests\Tests.fsproj]
C:\Users\tmdru\Downloads\files\tests\Builders.fs(483,25): error FS0039: The record label 'Z' is not defined. [C:\Users\tmdru\Downloads\files\tests\Tests.fsproj]
C:\Users\tmdru\Downloads\files\tests\Builders.fs(494,87): error FS0039: The type 'Vector3' is not defined. [C:\Users\tmdru\Downloads\files\tests\Tests.fsproj]
C:\Users\tmdru\Downloads\files\tests\Builders.fs(500,31): error FS0039: The value, namespace, type or module 'Vector3' is not defined. [C:\Users\tmdru\Downloads\files\tests\Tests.fsproj]
C:\Users\tmdru\Downloads\files\tests\Builders.fs(505,13): error FS0039: The value or constructor 'Vector3' is not defined. [C:\Users\tmdru\Downloads\files\tests\Tests.fsproj]
C:\Users\tmdru\Downloads\files\tests\Builders.fs(519,47): error FS0039: The value or constructor 'Vector3' is not defined. [C:\Users\tmdru\Downloads\files\tests\Tests.fsproj]
C:\Users\tmdru\Downloads\files\tests\Builders.fs(520,32): error FS0039: The value, namespace, type or module 'Vector3' is not defined. [C:\Users\tmdru\Downloads\files\tests\Tests.fsproj]
C:\Users\tmdru\Downloads\files\tests\Builders.fs(544,23): error FS0039: The value or constructor 'Vector3' is not defined. [C:\Users\tmdru\Downloads\files\tests\Tests.fsproj]
C:\Users\tmdru\Downloads\files\tests\Builders.fs(693,26): error FS0039: The type 'Vector3' is not defined. [C:\Users\tmdru\Downloads\files\tests\Tests.fsproj]
C:\Users\tmdru\Downloads\files\tests\Builders.fs(693,39): error FS0039: The type 'Vector3' is not defined. [C:\Users\tmdru\Downloads\files\tests\Tests.fsproj]
C:\Users\tmdru\Downloads\files\tests\Builders.fs(694,22): error FS0072: Lookup on object of indeterminate type based on information prior to this program point. A type annotation may be needed prior to this program point to constrain the type of the object. This may allow the lookup to be resolved. [C:\Users\tmdru\Downloads\files\tests\Tests.fsproj]
C:\Users\tmdru\Downloads\files\tests\Builders.fs(694,28): error FS0072: Lookup on object of indeterminate type based on information prior to this program point. A type annotation may be needed prior to this program point to constrain the type of the object. This may allow the lookup to be resolved. [C:\Users\tmdru\Downloads\files\tests\Tests.fsproj]
C:\Users\tmdru\Downloads\files\tests\Builders.fs(695,22): error FS0072: Lookup on object of indeterminate type based on information prior to this program point. A type annotation may be needed prior to this program point to constrain the type of the object. This may allow the lookup to be resolved. [C:\Users\tmdru\Downloads\files\tests\Tests.fsproj]
C:\Users\tmdru\Downloads\files\tests\Builders.fs(695,28): error FS0072: Lookup on object of indeterminate type based on information prior to this program point. A type annotation may be needed prior to this program point to constrain the type of the object. This may allow the lookup to be resolved. [C:\Users\tmdru\Downloads\files\tests\Tests.fsproj]
C:\Users\tmdru\Downloads\files\tests\Builders.fs(696,22): error FS0072: Lookup on object of indeterminate type based on information prior to this program point. A type annotation may be needed prior to this program point to constrain the type of the object. This may allow the lookup to be resolved. [C:\Users\tmdru\Downloads\files\tests\Tests.fsproj]
C:\Users\tmdru\Downloads\files\tests\Builders.fs(696,28): error FS0072: Lookup on object of indeterminate type based on information prior to this program point. A type annotation may be needed prior to this program point to constrain the type of the object. This may allow the lookup to be resolved. [C:\Users\tmdru\Downloads\files\tests\Tests.fsproj]
C:\Users\tmdru\Downloads\files\tests\Builders.fs(699,61): error FS0039: The type 'Vector3' is not defined. [C:\Users\tmdru\Downloads\files\tests\Tests.fsproj]
C:\Users\tmdru\Downloads\files\tests\Builders.fs(701,25): error FS0072: Lookup on object of indeterminate type based on information prior to this program point. A type annotation may be needed prior to this program point to constrain the type of the object. This may allow the lookup to be resolved. [C:\Users\tmdru\Downloads\files\tests\Tests.fsproj]
C:\Users\tmdru\Downloads\files\tests\Builders.fs(702,31): error FS0072: Lookup on object of indeterminate type based on information prior to this program point. A type annotation may be needed prior to this program point to constrain the type of the object. This may allow the lookup to be resolved. [C:\Users\tmdru\Downloads\files\tests\Tests.fsproj]
C:\Users\tmdru\Downloads\files\tests\Builders.fs(703,41): error FS0752: The operator 'expr.[idx]' has been used on an object of indeterminate type based on information prior to this program point. Consider adding further type constraints [C:\Users\tmdru\Downloads\files\tests\Tests.fsproj]
C:\Users\tmdru\Downloads\files\tests\Builders.fs(703,55): error FS0752: The operator 'expr.[idx]' has been used on an object of indeterminate type based on information prior to this program point. Consider adding further type constraints [C:\Users\tmdru\Downloads\files\tests\Tests.fsproj]
C:\Users\tmdru\Downloads\files\tests\Builders.fs(708,35): error FS0039: The type 'Vector3' is not defined. [C:\Users\tmdru\Downloads\files\tests\Tests.fsproj]
C:\Users\tmdru\Downloads\files\tests\Builders.fs(709,33): error FS0752: The operator 'expr.[idx]' has been used on an object of indeterminate type based on information prior to this program point. Consider adding further type constraints [C:\Users\tmdru\Downloads\files\tests\Tests.fsproj]
C:\Users\tmdru\Downloads\files\tests\Builders.fs(709,47): error FS0752: The operator 'expr.[idx]' has been used on an object of indeterminate type based on information prior to this program point. Consider adding further type constraints [C:\Users\tmdru\Downloads\files\tests\Tests.fsproj]
C:\Users\tmdru\Downloads\files\tests\Builders.fs(712,61): error FS0039: The type 'Vector3' is not defined. [C:\Users\tmdru\Downloads\files\tests\Tests.fsproj]
C:\Users\tmdru\Downloads\files\tests\Builders.fs(716,37): error FS0752: The operator 'expr.[idx]' has been used on an object of indeterminate type based on information prior to this program point. Consider adding further type constraints [C:\Users\tmdru\Downloads\files\tests\Tests.fsproj]
C:\Users\tmdru\Downloads\files\tests\Builders.fs(716,51): error FS0752: The operator 'expr.[idx]' has been used on an object of indeterminate type based on information prior to this program point. Consider adding further type constraints [C:\Users\tmdru\Downloads\files\tests\Tests.fsproj]
C:\Users\tmdru\Downloads\files\tests\AlgebraicLaws.fs(55,40): warning FS0064: This construct causes code to be less generic than indicated by the type annotations. The type variable 'B has been constrained to be type ''A'. [C:\Users\tmdru\Downloads\files\tests\Tests.fsproj]
C:\Users\tmdru\Downloads\files\tests\AlgebraicLaws.fs(55,62): warning FS0064: This construct causes code to be less generic than indicated by the type annotations. The type variable 'C has been constrained to be type ''A'. [C:\Users\tmdru\Downloads\files\tests\Tests.fsproj]
C:\Users\tmdru\Downloads\files\tests\AlgebraicLaws.fs(68,41): warning FS0064: This construct causes code to be less generic than indicated by the type annotations. The type variable 'B has been constrained to be type ''A'. [C:\Users\tmdru\Downloads\files\tests\Tests.fsproj]
C:\Users\tmdru\Downloads\files\tests\Assertions.fs(32,34): error FS0039: The type 'Vector3' is not defined. [C:\Users\tmdru\Downloads\files\tests\Tests.fsproj]
C:\Users\tmdru\Downloads\files\tests\Assertions.fs(33,27): error FS0072: Lookup on object of indeterminate type based on information prior to this program point. A type annotation may be needed prior to this program point to constrain the type of the object. This may allow the lookup to be resolved. [C:\Users\tmdru\Downloads\files\tests\Tests.fsproj]
C:\Users\tmdru\Downloads\files\tests\Assertions.fs(33,58): error FS0072: Lookup on object of indeterminate type based on information prior to this program point. A type annotation may be needed prior to this program point to constrain the type of the object. This may allow the lookup to be resolved. [C:\Users\tmdru\Downloads\files\tests\Tests.fsproj]
C:\Users\tmdru\Downloads\files\tests\Assertions.fs(34,27): error FS0072: Lookup on object of indeterminate type based on information prior to this program point. A type annotation may be needed prior to this program point to constrain the type of the object. This may allow the lookup to be resolved. [C:\Users\tmdru\Downloads\files\tests\Tests.fsproj]
C:\Users\tmdru\Downloads\files\tests\Assertions.fs(34,58): error FS0072: Lookup on object of indeterminate type based on information prior to this program point. A type annotation may be needed prior to this program point to constrain the type of the object. This may allow the lookup to be resolved. [C:\Users\tmdru\Downloads\files\tests\Tests.fsproj]
C:\Users\tmdru\Downloads\files\tests\Assertions.fs(35,27): error FS0072: Lookup on object of indeterminate type based on information prior to this program point. A type annotation may be needed prior to this program point to constrain the type of the object. This may allow the lookup to be resolved. [C:\Users\tmdru\Downloads\files\tests\Tests.fsproj]
C:\Users\tmdru\Downloads\files\tests\Assertions.fs(35,58): error FS0072: Lookup on object of indeterminate type based on information prior to this program point. A type annotation may be needed prior to this program point to constrain the type of the object. This may allow the lookup to be resolved. [C:\Users\tmdru\Downloads\files\tests\Tests.fsproj]
C:\Users\tmdru\Downloads\files\tests\Assertions.fs(128,40): warning FS0064: This construct causes code to be less generic than indicated by the type annotations. The type variable 'T has been constrained to be type 'unit'. [C:\Users\tmdru\Downloads\files\tests\Tests.fsproj]
C:\Users\tmdru\Downloads\files\tests\Assertions.fs(149,33): error FS0039: The type 'Vector3' is not defined. [C:\Users\tmdru\Downloads\files\tests\Tests.fsproj]
C:\Users\tmdru\Downloads\files\tests\Assertions.fs(149,47): error FS0039: The type 'Vector3' is not defined. [C:\Users\tmdru\Downloads\files\tests\Tests.fsproj]
C:\Users\tmdru\Downloads\files\tests\Assertions.fs(150,19): error FS0039: The value, namespace, type or module 'Vector3' is not defined. [C:\Users\tmdru\Downloads\files\tests\Tests.fsproj]
C:\Users\tmdru\Downloads\files\tests\Assertions.fs(153,31): error FS0039: The type 'Vector3' is not defined. [C:\Users\tmdru\Downloads\files\tests\Tests.fsproj]
C:\Users\tmdru\Downloads\files\tests\Assertions.fs(153,45): error FS0039: The type 'Vector3' is not defined. [C:\Users\tmdru\Downloads\files\tests\Tests.fsproj]
C:\Users\tmdru\Downloads\files\tests\Assertions.fs(154,21): error FS0039: The value, namespace, type or module 'Vector3' is not defined. [C:\Users\tmdru\Downloads\files\tests\Tests.fsproj]
C:\Users\tmdru\Downloads\files\tests\Assertions.fs(155,19): error FS0072: Lookup on object of indeterminate type based on information prior to this program point. A type annotation may be needed prior to this program point to constrain the type of the object. This may allow the lookup to be resolved. [C:\Users\tmdru\Downloads\files\tests\Tests.fsproj]
C:\Users\tmdru\Downloads\files\tests\Assertions.fs(197,32): error FS0039: The type 'Vector3' is not defined. [C:\Users\tmdru\Downloads\files\tests\Tests.fsproj]
C:\Users\tmdru\Downloads\files\tests\Assertions.fs(197,43): error FS0039: The type 'Vector3' is not defined. [C:\Users\tmdru\Downloads\files\tests\Tests.fsproj]
C:\Users\tmdru\Downloads\files\tests\Assertions.fs(197,56): error FS0039: The type 'Vector3' is not defined. [C:\Users\tmdru\Downloads\files\tests\Tests.fsproj]
C:\Users\tmdru\Downloads\files\tests\Assertions.fs(199,21): error FS0072: Lookup on object of indeterminate type based on information prior to this program point. A type annotation may be needed prior to this program point to constrain the type of the object. This may allow the lookup to be resolved. [C:\Users\tmdru\Downloads\files\tests\Tests.fsproj]
C:\Users\tmdru\Downloads\files\tests\Assertions.fs(200,22): error FS0072: Lookup on object of indeterminate type based on information prior to this program point. A type annotation may be needed prior to this program point to constrain the type of the object. This may allow the lookup to be resolved. [C:\Users\tmdru\Downloads\files\tests\Tests.fsproj]
C:\Users\tmdru\Downloads\files\tests\Assertions.fs(344,17): error FS0039: The value or constructor 'Vector3' is not defined. [C:\Users\tmdru\Downloads\files\tests\Tests.fsproj]
C:\Users\tmdru\Downloads\files\tests\Assertions.fs(345,18): error FS0039: The value or constructor 'Vector3' is not defined. [C:\Users\tmdru\Downloads\files\tests\Tests.fsproj]
C:\Users\tmdru\Downloads\files\tests\Assertions.fs(351,36): error FS0072: Lookup on object of indeterminate type based on information prior to this program point. A type annotation may be needed prior to this program point to constrain the type of the object. This may allow the lookup to be resolved. [C:\Users\tmdru\Downloads\files\tests\Tests.fsproj]
C:\Users\tmdru\Downloads\files\tests\Assertions.fs(351,54): error FS0072: Lookup on object of indeterminate type based on information prior to this program point. A type annotation may be needed prior to this program point to constrain the type of the object. This may allow the lookup to be resolved. [C:\Users\tmdru\Downloads\files\tests\Tests.fsproj]
C:\Users\tmdru\Downloads\files\tests\Assertions.fs(352,36): error FS0072: Lookup on object of indeterminate type based on information prior to this program point. A type annotation may be needed prior to this program point to constrain the type of the object. This may allow the lookup to be resolved. [C:\Users\tmdru\Downloads\files\tests\Tests.fsproj]
C:\Users\tmdru\Downloads\files\tests\Assertions.fs(352,54): error FS0072: Lookup on object of indeterminate type based on information prior to this program point. A type annotation may be needed prior to this program point to constrain the type of the object. This may allow the lookup to be resolved. [C:\Users\tmdru\Downloads\files\tests\Tests.fsproj]
C:\Users\tmdru\Downloads\files\tests\Assertions.fs(353,36): error FS0072: Lookup on object of indeterminate type based on information prior to this program point. A type annotation may be needed prior to this program point to constrain the type of the object. This may allow the lookup to be resolved. [C:\Users\tmdru\Downloads\files\tests\Tests.fsproj]
C:\Users\tmdru\Downloads\files\tests\Assertions.fs(353,54): error FS0072: Lookup on object of indeterminate type based on information prior to this program point. A type annotation may be needed prior to this program point to constrain the type of the object. This may allow the lookup to be resolved. [C:\Users\tmdru\Downloads\files\tests\Tests.fsproj]
C:\Users\tmdru\Downloads\files\tests\Assertions.fs(432,31): warning FS0064: This construct causes code to be less generic than indicated by the type annotations. The type variable 'Stats has been constrained to be type '{| ActiveBodies: int; BodyCount: int; FrameCount: int64; TotalTime: float<s> |}'. [C:\Users\tmdru\Downloads\files\tests\Tests.fsproj]
C:\Users\tmdru\Downloads\files\tests\CExportTests.fs(39,58): error FS0039: The value or constructor 'Vector3' is not defined. Maybe you want one of the following:   Vec3 [C:\Users\tmdru\Downloads\files\tests\Tests.fsproj]
C:\Users\tmdru\Downloads\files\tests\CExportTests.fs(40,58): error FS0039: The value or constructor 'Vector3' is not defined. Maybe you want one of the following:   Vec3 [C:\Users\tmdru\Downloads\files\tests\Tests.fsproj]
C:\Users\tmdru\Downloads\files\tests\PhysicsTests.fs(41,21): error FS0072: Lookup on object of indeterminate type based on information prior to this program point. A type annotation may be needed prior to this program point to constrain the type of the object. This may allow the lookup to be resolved. [C:\Users\tmdru\Downloads\files\tests\Tests.fsproj]
C:\Users\tmdru\Downloads\files\tests\PhysicsTests.fs(65,33): error FS0039: The type 'Vector3' does not define the field, constructor or member 'distanceTo'. Maybe you want one of the following:   Distance   DistanceSquared [C:\Users\tmdru\Downloads\files\tests\Tests.fsproj]
C:\Users\tmdru\Downloads\files\tests\PhysicsTests.fs(66,33): error FS0039: The type 'Vector3' does not define the field, constructor or member 'distanceTo'. Maybe you want one of the following:   Distance   DistanceSquared [C:\Users\tmdru\Downloads\files\tests\Tests.fsproj]
C:\Users\tmdru\Downloads\files\tests\PhysicsQueriesTests.fs(22,45): error FS0041: A unique overload for method 'At' could not be determined based on type information prior to this program point. A type annotation may be needed.Known type of argument: Vector3Candidates: - member BodyBuilder.At: pos: Vector3 -> BodyBuilder - member BodyBuilder.At: v: Vector3 -> BodyBuilder [C:\Users\tmdru\Downloads\files\tests\Tests.fsproj]
C:\Users\tmdru\Downloads\files\tests\PhysicsQueriesTests.fs(28,45): error FS0041: A unique overload for method 'At' could not be determined based on type information prior to this program point. A type annotation may be needed.Known type of argument: Vector3Candidates: - member BodyBuilder.At: pos: Vector3 -> BodyBuilder - member BodyBuilder.At: v: Vector3 -> BodyBuilder [C:\Users\tmdru\Downloads\files\tests\Tests.fsproj]
C:\Users\tmdru\Downloads\files\tests\PhysicsQueriesTests.fs(57,45): error FS0041: A unique overload for method 'At' could not be determined based on type information prior to this program point. A type annotation may be needed.Known type of argument: Vector3Candidates: - member BodyBuilder.At: pos: Vector3 -> BodyBuilder - member BodyBuilder.At: v: Vector3 -> BodyBuilder [C:\Users\tmdru\Downloads\files\tests\Tests.fsproj]
C:\Users\tmdru\Downloads\files\tests\PhysicsQueriesTests.fs(72,49): error FS0041: A unique overload for method 'At' could not be determined based on type information prior to this program point. A type annotation may be needed.Known type of argument: Vector3Candidates: - member BodyBuilder.At: pos: Vector3 -> BodyBuilder - member BodyBuilder.At: v: Vector3 -> BodyBuilder [C:\Users\tmdru\Downloads\files\tests\Tests.fsproj]
C:\Users\tmdru\Downloads\files\tests\PhysicsServiceTests.fs(18,28): error FS0041: A unique overload for method 'At' could not be determined based on type information prior to this program point. A type annotation may be needed.Known type of argument: Vector3Candidates: - member BodyBuilder.At: pos: Vector3 -> BodyBuilder - member BodyBuilder.At: v: Vector3 -> BodyBuilder [C:\Users\tmdru\Downloads\files\tests\Tests.fsproj]
C:\Users\tmdru\Downloads\files\tests\PhysicsServiceTests.fs(22,13): warning FS0020: The result of this expression has type 'bool' and is implicitly ignored. Consider using 'ignore' to discard this value explicitly, e.g. 'expr |> ignore', or 'let' to bind the result to a name, e.g. 'let result = expr'. [C:\Users\tmdru\Downloads\files\tests\Tests.fsproj]
C:\Users\tmdru\Downloads\files\tests\PhysicsServiceTests.fs(34,51): error FS0041: A unique overload for method 'At' could not be determined based on type information prior to this program point. A type annotation may be needed.Known type of argument: Vector3Candidates: - member BodyBuilder.At: pos: Vector3 -> BodyBuilder - member BodyBuilder.At: v: Vector3 -> BodyBuilder [C:\Users\tmdru\Downloads\files\tests\Tests.fsproj]
C:\Users\tmdru\Downloads\files\tests\PhysicsServiceTests.fs(35,52): error FS0041: A unique overload for method 'At' could not be determined based on type information prior to this program point. A type annotation may be needed.Known type of argument: Vector3Candidates: - member BodyBuilder.At: pos: Vector3 -> BodyBuilder - member BodyBuilder.At: v: Vector3 -> BodyBuilder [C:\Users\tmdru\Downloads\files\tests\Tests.fsproj]
C:\Users\tmdru\Downloads\files\tests\PhysicsServiceTests.fs(43,45): error FS0041: A unique overload for method 'At' could not be determined based on type information prior to this program point. A type annotation may be needed.Known type of argument: Vector3Candidates: - member BodyBuilder.At: pos: Vector3 -> BodyBuilder - member BodyBuilder.At: v: Vector3 -> BodyBuilder [C:\Users\tmdru\Downloads\files\tests\Tests.fsproj]
C:\Users\tmdru\Downloads\files\tests\PhysicsServiceTests.fs(53,45): error FS0041: A unique overload for method 'At' could not be determined based on type information prior to this program point. A type annotation may be needed.Known type of argument: Vector3Candidates: - member BodyBuilder.At: pos: Vector3 -> BodyBuilder - member BodyBuilder.At: v: Vector3 -> BodyBuilder [C:\Users\tmdru\Downloads\files\tests\Tests.fsproj]
C:\Users\tmdru\Downloads\files\tests\PhysicsServiceTests.fs(64,24): error FS0041: A unique overload for method 'At' could not be determined based on type information prior to this program point. A type annotation may be needed.Known type of argument: Vector3Candidates: - member BodyBuilder.At: pos: Vector3 -> BodyBuilder - member BodyBuilder.At: v: Vector3 -> BodyBuilder [C:\Users\tmdru\Downloads\files\tests\Tests.fsproj]
C:\Users\tmdru\Downloads\files\tests\PhysicsServiceTests.fs(76,32): error FS0041: A unique overload for method 'At' could not be determined based on type information prior to this program point. A type annotation may be needed.Known type of argument: Vector3Candidates: - member BodyBuilder.At: pos: Vector3 -> BodyBuilder - member BodyBuilder.At: v: Vector3 -> BodyBuilder [C:\Users\tmdru\Downloads\files\tests\Tests.fsproj]
C:\Users\tmdru\Downloads\files\tests\PhysicsServiceTests.fs(77,32): error FS0041: A unique overload for method 'At' could not be determined based on type information prior to this program point. A type annotation may be needed.Known type of argument: Vector3Candidates: - member BodyBuilder.At: pos: Vector3 -> BodyBuilder - member BodyBuilder.At: v: Vector3 -> BodyBuilder [C:\Users\tmdru\Downloads\files\tests\Tests.fsproj]
C:\Users\tmdru\Downloads\files\tests\PhysicsServiceTests.fs(84,45): error FS0041: A unique overload for method 'At' could not be determined based on type information prior to this program point. A type annotation may be needed.Known type of argument: Vector3Candidates: - member BodyBuilder.At: pos: Vector3 -> BodyBuilder - member BodyBuilder.At: v: Vector3 -> BodyBuilder [C:\Users\tmdru\Downloads\files\tests\Tests.fsproj]
C:\Users\tmdru\Downloads\files\tests\SyncThreadSafetyTests.fs(82,20): error FS0041: A unique overload for method 'At' could not be determined based on type information prior to this program point. A type annotation may be needed.Known type of argument: Numerics.Vector3Candidates: - member BodyBuilder.At: pos: Numerics.Vector3 -> BodyBuilder - member BodyBuilder.At: v: Numerics.Vector3 -> BodyBuilder [C:\Users\tmdru\Downloads\files\tests\Tests.fsproj]
C:\Users\tmdru\Downloads\files\tests\SyncThreadSafetyTests.fs(89,23): warning FS0760: It is recommended that objects supporting the IDisposable interface are created using the syntax 'new Type(args)', rather than 'Type(args)' or 'Type' as a function value representing the constructor, to indicate that resources may be owned by the generated value [C:\Users\tmdru\Downloads\files\tests\Tests.fsproj]
C:\Users\tmdru\Downloads\files\tests\SyncThreadSafetyTests.fs(95,23): warning FS0760: It is recommended that objects supporting the IDisposable interface are created using the syntax 'new Type(args)', rather than 'Type(args)' or 'Type' as a function value representing the constructor, to indicate that resources may be owned by the generated value [C:\Users\tmdru\Downloads\files\tests\Tests.fsproj]
C:\Users\tmdru\Downloads\files\tests\SyncThreadSafetyTests.fs(115,23): warning FS0760: It is recommended that objects supporting the IDisposable interface are created using the syntax 'new Type(args)', rather than 'Type(args)' or 'Type' as a function value representing the constructor, to indicate that resources may be owned by the generated value [C:\Users\tmdru\Downloads\files\tests\Tests.fsproj]
C:\Users\tmdru\Downloads\files\tests\UnitsOfMeasureTests.fs(98,24): error FS0800: Invalid use of a type name [C:\Users\tmdru\Downloads\files\tests\Tests.fsproj]
C:\Users\tmdru\Downloads\files\tests\UnitsOfMeasureTests.fs(99,24): error FS0800: Invalid use of a type name [C:\Users\tmdru\Downloads\files\tests\Tests.fsproj]
C:\Users\tmdru\Downloads\files\tests\UnitsOfMeasureTests.fs(113,19): error FS0800: Invalid use of a type name [C:\Users\tmdru\Downloads\files\tests\Tests.fsproj]
C:\Users\tmdru\Downloads\files\tests\UnitsOfMeasureTests.fs(114,19): error FS0800: Invalid use of a type name [C:\Users\tmdru\Downloads\files\tests\Tests.fsproj]
C:\Users\tmdru\Downloads\files\tests\UnitsOfMeasureTests.fs(115,19): error FS0800: Invalid use of a type name [C:\Users\tmdru\Downloads\files\tests\Tests.fsproj]

Build FAILED.

C:\Users\tmdru\Downloads\files\tests\AlgebraicLaws.fs(55,40): warning FS0064: This construct causes code to be less generic than indicated by the type annotations. The type variable 'B has been constrained to be type ''A'. [C:\Users\tmdru\Downloads\files\tests\Tests.fsproj]
C:\Users\tmdru\Downloads\files\tests\AlgebraicLaws.fs(55,62): warning FS0064: This construct causes code to be less generic than indicated by the type annotations. The type variable 'C has been constrained to be type ''A'. [C:\Users\tmdru\Downloads\files\tests\Tests.fsproj]
C:\Users\tmdru\Downloads\files\tests\AlgebraicLaws.fs(68,41): warning FS0064: This construct causes code to be less generic than indicated by the type annotations. The type variable 'B has been constrained to be type ''A'. [C:\Users\tmdru\Downloads\files\tests\Tests.fsproj]
C:\Users\tmdru\Downloads\files\tests\Assertions.fs(128,40): warning FS0064: This construct causes code to be less generic than indicated by the type annotations. The type variable 'T has been constrained to be type 'unit'. [C:\Users\tmdru\Downloads\files\tests\Tests.fsproj]
C:\Users\tmdru\Downloads\files\tests\Assertions.fs(432,31): warning FS0064: This construct causes code to be less generic than indicated by the type annotations. The type variable 'Stats has been constrained to be type '{| ActiveBodies: int; BodyCount: int; FrameCount: int64; TotalTime: float<s> |}'. [C:\Users\tmdru\Downloads\files\tests\Tests.fsproj]
C:\Users\tmdru\Downloads\files\tests\PhysicsServiceTests.fs(22,13): warning FS0020: The result of this expression has type 'bool' and is implicitly ignored. Consider using 'ignore' to discard this value explicitly, e.g. 'expr |> ignore', or 'let' to bind the result to a name, e.g. 'let result = expr'. [C:\Users\tmdru\Downloads\files\tests\Tests.fsproj]
C:\Users\tmdru\Downloads\files\tests\SyncThreadSafetyTests.fs(89,23): warning FS0760: It is recommended that objects supporting the IDisposable interface are created using the syntax 'new Type(args)', rather than 'Type(args)' or 'Type' as a function value representing the constructor, to indicate that resources may be owned by the generated value [C:\Users\tmdru\Downloads\files\tests\Tests.fsproj]
C:\Users\tmdru\Downloads\files\tests\SyncThreadSafetyTests.fs(95,23): warning FS0760: It is recommended that objects supporting the IDisposable interface are created using the syntax 'new Type(args)', rather than 'Type(args)' or 'Type' as a function value representing the constructor, to indicate that resources may be owned by the generated value [C:\Users\tmdru\Downloads\files\tests\Tests.fsproj]
C:\Users\tmdru\Downloads\files\tests\SyncThreadSafetyTests.fs(115,23): warning FS0760: It is recommended that objects supporting the IDisposable interface are created using the syntax 'new Type(args)', rather than 'Type(args)' or 'Type' as a function value representing the constructor, to indicate that resources may be owned by the generated value [C:\Users\tmdru\Downloads\files\tests\Tests.fsproj]
C:\Users\tmdru\Downloads\files\tests\Generators.fs(34,62): error FS0039: The type 'Vector3' is not defined. [C:\Users\tmdru\Downloads\files\tests\Tests.fsproj]
C:\Users\tmdru\Downloads\files\tests\Generators.fs(39,20): error FS0039: The value or constructor 'Vector3' is not defined. [C:\Users\tmdru\Downloads\files\tests\Tests.fsproj]
C:\Users\tmdru\Downloads\files\tests\Generators.fs(42,29): error FS0039: The type 'Vector3' is not defined. [C:\Users\tmdru\Downloads\files\tests\Tests.fsproj]
C:\Users\tmdru\Downloads\files\tests\Generators.fs(45,20): error FS0039: The value, namespace, type or module 'Vector3' is not defined. [C:\Users\tmdru\Downloads\files\tests\Tests.fsproj]
C:\Users\tmdru\Downloads\files\tests\Generators.fs(48,59): error FS0039: The type 'Vector3' is not defined. [C:\Users\tmdru\Downloads\files\tests\Tests.fsproj]
C:\Users\tmdru\Downloads\files\tests\Generators.fs(72,36): error FS0039: The value, namespace, type or module 'Vector3' is not defined. [C:\Users\tmdru\Downloads\files\tests\Tests.fsproj]
C:\Users\tmdru\Downloads\files\tests\Generators.fs(188,27): error FS0039: The value or constructor 'Vector3' is not defined. [C:\Users\tmdru\Downloads\files\tests\Tests.fsproj]
C:\Users\tmdru\Downloads\files\tests\Generators.fs(220,27): error FS0039: The type 'Vector3' is not defined. [C:\Users\tmdru\Downloads\files\tests\Tests.fsproj]
C:\Users\tmdru\Downloads\files\tests\Generators.fs(220,38): error FS0039: The type 'Vector3' is not defined. [C:\Users\tmdru\Downloads\files\tests\Tests.fsproj]
C:\Users\tmdru\Downloads\files\tests\Generators.fs(222,20): error FS0072: Lookup on object of indeterminate type based on information prior to this program point. A type annotation may be needed prior to this program point to constrain the type of the object. This may allow the lookup to be resolved. [C:\Users\tmdru\Downloads\files\tests\Tests.fsproj]
C:\Users\tmdru\Downloads\files\tests\Generators.fs(222,42): error FS0039: The value or constructor 'Vector3' is not defined. [C:\Users\tmdru\Downloads\files\tests\Tests.fsproj]
C:\Users\tmdru\Downloads\files\tests\Generators.fs(223,20): error FS0072: Lookup on object of indeterminate type based on information prior to this program point. A type annotation may be needed prior to this program point to constrain the type of the object. This may allow the lookup to be resolved. [C:\Users\tmdru\Downloads\files\tests\Tests.fsproj]
C:\Users\tmdru\Downloads\files\tests\Generators.fs(223,42): error FS0039: The value or constructor 'Vector3' is not defined. [C:\Users\tmdru\Downloads\files\tests\Tests.fsproj]
C:\Users\tmdru\Downloads\files\tests\Generators.fs(224,20): error FS0072: Lookup on object of indeterminate type based on information prior to this program point. A type annotation may be needed prior to this program point to constrain the type of the object. This may allow the lookup to be resolved. [C:\Users\tmdru\Downloads\files\tests\Tests.fsproj]
C:\Users\tmdru\Downloads\files\tests\Generators.fs(224,42): error FS0039: The value or constructor 'Vector3' is not defined. [C:\Users\tmdru\Downloads\files\tests\Tests.fsproj]
C:\Users\tmdru\Downloads\files\tests\Generators.fs(225,16): error FS0072: Lookup on object of indeterminate type based on information prior to this program point. A type annotation may be needed prior to this program point to constrain the type of the object. This may allow the lookup to be resolved. [C:\Users\tmdru\Downloads\files\tests\Tests.fsproj]
C:\Users\tmdru\Downloads\files\tests\Generators.fs(225,31): error FS0072: Lookup on object of indeterminate type based on information prior to this program point. A type annotation may be needed prior to this program point to constrain the type of the object. This may allow the lookup to be resolved. [C:\Users\tmdru\Downloads\files\tests\Tests.fsproj]
C:\Users\tmdru\Downloads\files\tests\Generators.fs(225,46): error FS0072: Lookup on object of indeterminate type based on information prior to this program point. A type annotation may be needed prior to this program point to constrain the type of the object. This may allow the lookup to be resolved. [C:\Users\tmdru\Downloads\files\tests\Tests.fsproj]
C:\Users\tmdru\Downloads\files\tests\Generators.fs(226,23): error FS0039: The value, namespace, type or module 'Vector3' is not defined. [C:\Users\tmdru\Downloads\files\tests\Tests.fsproj]
C:\Users\tmdru\Downloads\files\tests\Builders.fs(41,27): error FS0039: The type 'Vector3' is not defined. [C:\Users\tmdru\Downloads\files\tests\Tests.fsproj]
C:\Users\tmdru\Downloads\files\tests\Builders.fs(45,35): error FS0039: The type 'Vector3' is not defined. [C:\Users\tmdru\Downloads\files\tests\Tests.fsproj]
C:\Users\tmdru\Downloads\files\tests\Builders.fs(53,43): error FS0039: The type 'Vector3' is not defined. [C:\Users\tmdru\Downloads\files\tests\Tests.fsproj]
C:\Users\tmdru\Downloads\files\tests\Builders.fs(31,32): error FS0039: The value, namespace, type or module 'Vector3' is not defined. [C:\Users\tmdru\Downloads\files\tests\Tests.fsproj]
C:\Users\tmdru\Downloads\files\tests\Builders.fs(32,32): error FS0039: The value, namespace, type or module 'Vector3' is not defined. [C:\Users\tmdru\Downloads\files\tests\Tests.fsproj]
C:\Users\tmdru\Downloads\files\tests\Builders.fs(38,25): error FS0039: The value or constructor 'Vector3' is not defined. [C:\Users\tmdru\Downloads\files\tests\Tests.fsproj]
C:\Users\tmdru\Downloads\files\tests\Builders.fs(41,27): error FS0039: The type 'Vector3' is not defined. [C:\Users\tmdru\Downloads\files\tests\Tests.fsproj]
C:\Users\tmdru\Downloads\files\tests\Builders.fs(45,35): error FS0039: The type 'Vector3' is not defined. [C:\Users\tmdru\Downloads\files\tests\Tests.fsproj]
C:\Users\tmdru\Downloads\files\tests\Builders.fs(50,25): error FS0039: The value or constructor 'Vector3' is not defined. [C:\Users\tmdru\Downloads\files\tests\Tests.fsproj]
C:\Users\tmdru\Downloads\files\tests\Builders.fs(53,43): error FS0039: The type 'Vector3' is not defined. [C:\Users\tmdru\Downloads\files\tests\Tests.fsproj]
C:\Users\tmdru\Downloads\files\tests\Builders.fs(124,31): error FS0039: The value or constructor 'Vector3' is not defined. [C:\Users\tmdru\Downloads\files\tests\Tests.fsproj]
C:\Users\tmdru\Downloads\files\tests\Builders.fs(147,24): error FS0039: The value or constructor 'Vector3' is not defined. [C:\Users\tmdru\Downloads\files\tests\Tests.fsproj]
C:\Users\tmdru\Downloads\files\tests\Builders.fs(193,36): error FS0039: The value or constructor 'Vector3' is not defined. [C:\Users\tmdru\Downloads\files\tests\Tests.fsproj]
C:\Users\tmdru\Downloads\files\tests\Builders.fs(194,36): error FS0039: The value, namespace, type or module 'Vector3' is not defined. [C:\Users\tmdru\Downloads\files\tests\Tests.fsproj]
C:\Users\tmdru\Downloads\files\tests\Builders.fs(215,27): error FS0039: The value or constructor 'Vector3' is not defined. [C:\Users\tmdru\Downloads\files\tests\Tests.fsproj]
C:\Users\tmdru\Downloads\files\tests\Builders.fs(476,25): error FS0039: The record label 'X' is not defined. [C:\Users\tmdru\Downloads\files\tests\Tests.fsproj]
C:\Users\tmdru\Downloads\files\tests\Builders.fs(477,25): error FS0039: The record label 'Y' is not defined. [C:\Users\tmdru\Downloads\files\tests\Tests.fsproj]
C:\Users\tmdru\Downloads\files\tests\Builders.fs(478,25): error FS0039: The record label 'Z' is not defined. [C:\Users\tmdru\Downloads\files\tests\Tests.fsproj]
C:\Users\tmdru\Downloads\files\tests\Builders.fs(481,25): error FS0039: The record label 'X' is not defined. [C:\Users\tmdru\Downloads\files\tests\Tests.fsproj]
C:\Users\tmdru\Downloads\files\tests\Builders.fs(482,25): error FS0039: The record label 'Y' is not defined. [C:\Users\tmdru\Downloads\files\tests\Tests.fsproj]
C:\Users\tmdru\Downloads\files\tests\Builders.fs(483,25): error FS0039: The record label 'Z' is not defined. [C:\Users\tmdru\Downloads\files\tests\Tests.fsproj]
C:\Users\tmdru\Downloads\files\tests\Builders.fs(494,87): error FS0039: The type 'Vector3' is not defined. [C:\Users\tmdru\Downloads\files\tests\Tests.fsproj]
C:\Users\tmdru\Downloads\files\tests\Builders.fs(500,31): error FS0039: The value, namespace, type or module 'Vector3' is not defined. [C:\Users\tmdru\Downloads\files\tests\Tests.fsproj]
C:\Users\tmdru\Downloads\files\tests\Builders.fs(505,13): error FS0039: The value or constructor 'Vector3' is not defined. [C:\Users\tmdru\Downloads\files\tests\Tests.fsproj]
C:\Users\tmdru\Downloads\files\tests\Builders.fs(519,47): error FS0039: The value or constructor 'Vector3' is not defined. [C:\Users\tmdru\Downloads\files\tests\Tests.fsproj]
C:\Users\tmdru\Downloads\files\tests\Builders.fs(520,32): error FS0039: The value, namespace, type or module 'Vector3' is not defined. [C:\Users\tmdru\Downloads\files\tests\Tests.fsproj]
C:\Users\tmdru\Downloads\files\tests\Builders.fs(544,23): error FS0039: The value or constructor 'Vector3' is not defined. [C:\Users\tmdru\Downloads\files\tests\Tests.fsproj]
C:\Users\tmdru\Downloads\files\tests\Builders.fs(693,26): error FS0039: The type 'Vector3' is not defined. [C:\Users\tmdru\Downloads\files\tests\Tests.fsproj]
C:\Users\tmdru\Downloads\files\tests\Builders.fs(693,39): error FS0039: The type 'Vector3' is not defined. [C:\Users\tmdru\Downloads\files\tests\Tests.fsproj]
C:\Users\tmdru\Downloads\files\tests\Builders.fs(694,22): error FS0072: Lookup on object of indeterminate type based on information prior to this program point. A type annotation may be needed prior to this program point to constrain the type of the object. This may allow the lookup to be resolved. [C:\Users\tmdru\Downloads\files\tests\Tests.fsproj]
C:\Users\tmdru\Downloads\files\tests\Builders.fs(694,28): error FS0072: Lookup on object of indeterminate type based on information prior to this program point. A type annotation may be needed prior to this program point to constrain the type of the object. This may allow the lookup to be resolved. [C:\Users\tmdru\Downloads\files\tests\Tests.fsproj]
C:\Users\tmdru\Downloads\files\tests\Builders.fs(695,22): error FS0072: Lookup on object of indeterminate type based on information prior to this program point. A type annotation may be needed prior to this program point to constrain the type of the object. This may allow the lookup to be resolved. [C:\Users\tmdru\Downloads\files\tests\Tests.fsproj]
C:\Users\tmdru\Downloads\files\tests\Builders.fs(695,28): error FS0072: Lookup on object of indeterminate type based on information prior to this program point. A type annotation may be needed prior to this program point to constrain the type of the object. This may allow the lookup to be resolved. [C:\Users\tmdru\Downloads\files\tests\Tests.fsproj]
C:\Users\tmdru\Downloads\files\tests\Builders.fs(696,22): error FS0072: Lookup on object of indeterminate type based on information prior to this program point. A type annotation may be needed prior to this program point to constrain the type of the object. This may allow the lookup to be resolved. [C:\Users\tmdru\Downloads\files\tests\Tests.fsproj]
C:\Users\tmdru\Downloads\files\tests\Builders.fs(696,28): error FS0072: Lookup on object of indeterminate type based on information prior to this program point. A type annotation may be needed prior to this program point to constrain the type of the object. This may allow the lookup to be resolved. [C:\Users\tmdru\Downloads\files\tests\Tests.fsproj]
C:\Users\tmdru\Downloads\files\tests\Builders.fs(699,61): error FS0039: The type 'Vector3' is not defined. [C:\Users\tmdru\Downloads\files\tests\Tests.fsproj]
C:\Users\tmdru\Downloads\files\tests\Builders.fs(701,25): error FS0072: Lookup on object of indeterminate type based on information prior to this program point. A type annotation may be needed prior to this program point to constrain the type of the object. This may allow the lookup to be resolved. [C:\Users\tmdru\Downloads\files\tests\Tests.fsproj]
C:\Users\tmdru\Downloads\files\tests\Builders.fs(702,31): error FS0072: Lookup on object of indeterminate type based on information prior to this program point. A type annotation may be needed prior to this program point to constrain the type of the object. This may allow the lookup to be resolved. [C:\Users\tmdru\Downloads\files\tests\Tests.fsproj]
C:\Users\tmdru\Downloads\files\tests\Builders.fs(703,41): error FS0752: The operator 'expr.[idx]' has been used on an object of indeterminate type based on information prior to this program point. Consider adding further type constraints [C:\Users\tmdru\Downloads\files\tests\Tests.fsproj]
C:\Users\tmdru\Downloads\files\tests\Builders.fs(703,55): error FS0752: The operator 'expr.[idx]' has been used on an object of indeterminate type based on information prior to this program point. Consider adding further type constraints [C:\Users\tmdru\Downloads\files\tests\Tests.fsproj]
C:\Users\tmdru\Downloads\files\tests\Builders.fs(708,35): error FS0039: The type 'Vector3' is not defined. [C:\Users\tmdru\Downloads\files\tests\Tests.fsproj]
C:\Users\tmdru\Downloads\files\tests\Builders.fs(709,33): error FS0752: The operator 'expr.[idx]' has been used on an object of indeterminate type based on information prior to this program point. Consider adding further type constraints [C:\Users\tmdru\Downloads\files\tests\Tests.fsproj]
C:\Users\tmdru\Downloads\files\tests\Builders.fs(709,47): error FS0752: The operator 'expr.[idx]' has been used on an object of indeterminate type based on information prior to this program point. Consider adding further type constraints [C:\Users\tmdru\Downloads\files\tests\Tests.fsproj]
C:\Users\tmdru\Downloads\files\tests\Builders.fs(712,61): error FS0039: The type 'Vector3' is not defined. [C:\Users\tmdru\Downloads\files\tests\Tests.fsproj]
C:\Users\tmdru\Downloads\files\tests\Builders.fs(716,37): error FS0752: The operator 'expr.[idx]' has been used on an object of indeterminate type based on information prior to this program point. Consider adding further type constraints [C:\Users\tmdru\Downloads\files\tests\Tests.fsproj]
C:\Users\tmdru\Downloads\files\tests\Builders.fs(716,51): error FS0752: The operator 'expr.[idx]' has been used on an object of indeterminate type based on information prior to this program point. Consider adding further type constraints [C:\Users\tmdru\Downloads\files\tests\Tests.fsproj]
C:\Users\tmdru\Downloads\files\tests\Assertions.fs(32,34): error FS0039: The type 'Vector3' is not defined. [C:\Users\tmdru\Downloads\files\tests\Tests.fsproj]
C:\Users\tmdru\Downloads\files\tests\Assertions.fs(33,27): error FS0072: Lookup on object of indeterminate type based on information prior to this program point. A type annotation may be needed prior to this program point to constrain the type of the object. This may allow the lookup to be resolved. [C:\Users\tmdru\Downloads\files\tests\Tests.fsproj]
C:\Users\tmdru\Downloads\files\tests\Assertions.fs(33,58): error FS0072: Lookup on object of indeterminate type based on information prior to this program point. A type annotation may be needed prior to this program point to constrain the type of the object. This may allow the lookup to be resolved. [C:\Users\tmdru\Downloads\files\tests\Tests.fsproj]
C:\Users\tmdru\Downloads\files\tests\Assertions.fs(34,27): error FS0072: Lookup on object of indeterminate type based on information prior to this program point. A type annotation may be needed prior to this program point to constrain the type of the object. This may allow the lookup to be resolved. [C:\Users\tmdru\Downloads\files\tests\Tests.fsproj]
C:\Users\tmdru\Downloads\files\tests\Assertions.fs(34,58): error FS0072: Lookup on object of indeterminate type based on information prior to this program point. A type annotation may be needed prior to this program point to constrain the type of the object. This may allow the lookup to be resolved. [C:\Users\tmdru\Downloads\files\tests\Tests.fsproj]
C:\Users\tmdru\Downloads\files\tests\Assertions.fs(35,27): error FS0072: Lookup on object of indeterminate type based on information prior to this program point. A type annotation may be needed prior to this program point to constrain the type of the object. This may allow the lookup to be resolved. [C:\Users\tmdru\Downloads\files\tests\Tests.fsproj]
C:\Users\tmdru\Downloads\files\tests\Assertions.fs(35,58): error FS0072: Lookup on object of indeterminate type based on information prior to this program point. A type annotation may be needed prior to this program point to constrain the type of the object. This may allow the lookup to be resolved. [C:\Users\tmdru\Downloads\files\tests\Tests.fsproj]
C:\Users\tmdru\Downloads\files\tests\Assertions.fs(149,33): error FS0039: The type 'Vector3' is not defined. [C:\Users\tmdru\Downloads\files\tests\Tests.fsproj]
C:\Users\tmdru\Downloads\files\tests\Assertions.fs(149,47): error FS0039: The type 'Vector3' is not defined. [C:\Users\tmdru\Downloads\files\tests\Tests.fsproj]
C:\Users\tmdru\Downloads\files\tests\Assertions.fs(150,19): error FS0039: The value, namespace, type or module 'Vector3' is not defined. [C:\Users\tmdru\Downloads\files\tests\Tests.fsproj]
C:\Users\tmdru\Downloads\files\tests\Assertions.fs(153,31): error FS0039: The type 'Vector3' is not defined. [C:\Users\tmdru\Downloads\files\tests\Tests.fsproj]
C:\Users\tmdru\Downloads\files\tests\Assertions.fs(153,45): error FS0039: The type 'Vector3' is not defined. [C:\Users\tmdru\Downloads\files\tests\Tests.fsproj]
C:\Users\tmdru\Downloads\files\tests\Assertions.fs(154,21): error FS0039: The value, namespace, type or module 'Vector3' is not defined. [C:\Users\tmdru\Downloads\files\tests\Tests.fsproj]
C:\Users\tmdru\Downloads\files\tests\Assertions.fs(155,19): error FS0072: Lookup on object of indeterminate type based on information prior to this program point. A type annotation may be needed prior to this program point to constrain the type of the object. This may allow the lookup to be resolved. [C:\Users\tmdru\Downloads\files\tests\Tests.fsproj]
C:\Users\tmdru\Downloads\files\tests\Assertions.fs(197,32): error FS0039: The type 'Vector3' is not defined. [C:\Users\tmdru\Downloads\files\tests\Tests.fsproj]
C:\Users\tmdru\Downloads\files\tests\Assertions.fs(197,43): error FS0039: The type 'Vector3' is not defined. [C:\Users\tmdru\Downloads\files\tests\Tests.fsproj]
C:\Users\tmdru\Downloads\files\tests\Assertions.fs(197,56): error FS0039: The type 'Vector3' is not defined. [C:\Users\tmdru\Downloads\files\tests\Tests.fsproj]
C:\Users\tmdru\Downloads\files\tests\Assertions.fs(199,21): error FS0072: Lookup on object of indeterminate type based on information prior to this program point. A type annotation may be needed prior to this program point to constrain the type of the object. This may allow the lookup to be resolved. [C:\Users\tmdru\Downloads\files\tests\Tests.fsproj]
C:\Users\tmdru\Downloads\files\tests\Assertions.fs(200,22): error FS0072: Lookup on object of indeterminate type based on information prior to this program point. A type annotation may be needed prior to this program point to constrain the type of the object. This may allow the lookup to be resolved. [C:\Users\tmdru\Downloads\files\tests\Tests.fsproj]
C:\Users\tmdru\Downloads\files\tests\Assertions.fs(344,17): error FS0039: The value or constructor 'Vector3' is not defined. [C:\Users\tmdru\Downloads\files\tests\Tests.fsproj]
C:\Users\tmdru\Downloads\files\tests\Assertions.fs(345,18): error FS0039: The value or constructor 'Vector3' is not defined. [C:\Users\tmdru\Downloads\files\tests\Tests.fsproj]
C:\Users\tmdru\Downloads\files\tests\Assertions.fs(351,36): error FS0072: Lookup on object of indeterminate type based on information prior to this program point. A type annotation may be needed prior to this program point to constrain the type of the object. This may allow the lookup to be resolved. [C:\Users\tmdru\Downloads\files\tests\Tests.fsproj]
C:\Users\tmdru\Downloads\files\tests\Assertions.fs(351,54): error FS0072: Lookup on object of indeterminate type based on information prior to this program point. A type annotation may be needed prior to this program point to constrain the type of the object. This may allow the lookup to be resolved. [C:\Users\tmdru\Downloads\files\tests\Tests.fsproj]
C:\Users\tmdru\Downloads\files\tests\Assertions.fs(352,36): error FS0072: Lookup on object of indeterminate type based on information prior to this program point. A type annotation may be needed prior to this program point to constrain the type of the object. This may allow the lookup to be resolved. [C:\Users\tmdru\Downloads\files\tests\Tests.fsproj]
C:\Users\tmdru\Downloads\files\tests\Assertions.fs(352,54): error FS0072: Lookup on object of indeterminate type based on information prior to this program point. A type annotation may be needed prior to this program point to constrain the type of the object. This may allow the lookup to be resolved. [C:\Users\tmdru\Downloads\files\tests\Tests.fsproj]
C:\Users\tmdru\Downloads\files\tests\Assertions.fs(353,36): error FS0072: Lookup on object of indeterminate type based on information prior to this program point. A type annotation may be needed prior to this program point to constrain the type of the object. This may allow the lookup to be resolved. [C:\Users\tmdru\Downloads\files\tests\Tests.fsproj]
C:\Users\tmdru\Downloads\files\tests\Assertions.fs(353,54): error FS0072: Lookup on object of indeterminate type based on information prior to this program point. A type annotation may be needed prior to this program point to constrain the type of the object. This may allow the lookup to be resolved. [C:\Users\tmdru\Downloads\files\tests\Tests.fsproj]
C:\Users\tmdru\Downloads\files\tests\CExportTests.fs(39,58): error FS0039: The value or constructor 'Vector3' is not defined. Maybe you want one of the following:   Vec3 [C:\Users\tmdru\Downloads\files\tests\Tests.fsproj]
C:\Users\tmdru\Downloads\files\tests\CExportTests.fs(40,58): error FS0039: The value or constructor 'Vector3' is not defined. Maybe you want one of the following:   Vec3 [C:\Users\tmdru\Downloads\files\tests\Tests.fsproj]
C:\Users\tmdru\Downloads\files\tests\PhysicsTests.fs(41,21): error FS0072: Lookup on object of indeterminate type based on information prior to this program point. A type annotation may be needed prior to this program point to constrain the type of the object. This may allow the lookup to be resolved. [C:\Users\tmdru\Downloads\files\tests\Tests.fsproj]
C:\Users\tmdru\Downloads\files\tests\PhysicsTests.fs(65,33): error FS0039: The type 'Vector3' does not define the field, constructor or member 'distanceTo'. Maybe you want one of the following:   Distance   DistanceSquared [C:\Users\tmdru\Downloads\files\tests\Tests.fsproj]
C:\Users\tmdru\Downloads\files\tests\PhysicsTests.fs(66,33): error FS0039: The type 'Vector3' does not define the field, constructor or member 'distanceTo'. Maybe you want one of the following:   Distance   DistanceSquared [C:\Users\tmdru\Downloads\files\tests\Tests.fsproj]
C:\Users\tmdru\Downloads\files\tests\PhysicsQueriesTests.fs(22,45): error FS0041: A unique overload for method 'At' could not be determined based on type information prior to this program point. A type annotation may be needed.Known type of argument: Vector3Candidates: - member BodyBuilder.At: pos: Vector3 -> BodyBuilder - member BodyBuilder.At: v: Vector3 -> BodyBuilder [C:\Users\tmdru\Downloads\files\tests\Tests.fsproj]
C:\Users\tmdru\Downloads\files\tests\PhysicsQueriesTests.fs(28,45): error FS0041: A unique overload for method 'At' could not be determined based on type information prior to this program point. A type annotation may be needed.Known type of argument: Vector3Candidates: - member BodyBuilder.At: pos: Vector3 -> BodyBuilder - member BodyBuilder.At: v: Vector3 -> BodyBuilder [C:\Users\tmdru\Downloads\files\tests\Tests.fsproj]
C:\Users\tmdru\Downloads\files\tests\PhysicsQueriesTests.fs(57,45): error FS0041: A unique overload for method 'At' could not be determined based on type information prior to this program point. A type annotation may be needed.Known type of argument: Vector3Candidates: - member BodyBuilder.At: pos: Vector3 -> BodyBuilder - member BodyBuilder.At: v: Vector3 -> BodyBuilder [C:\Users\tmdru\Downloads\files\tests\Tests.fsproj]
C:\Users\tmdru\Downloads\files\tests\PhysicsQueriesTests.fs(72,49): error FS0041: A unique overload for method 'At' could not be determined based on type information prior to this program point. A type annotation may be needed.Known type of argument: Vector3Candidates: - member BodyBuilder.At: pos: Vector3 -> BodyBuilder - member BodyBuilder.At: v: Vector3 -> BodyBuilder [C:\Users\tmdru\Downloads\files\tests\Tests.fsproj]
C:\Users\tmdru\Downloads\files\tests\PhysicsServiceTests.fs(18,28): error FS0041: A unique overload for method 'At' could not be determined based on type information prior to this program point. A type annotation may be needed.Known type of argument: Vector3Candidates: - member BodyBuilder.At: pos: Vector3 -> BodyBuilder - member BodyBuilder.At: v: Vector3 -> BodyBuilder [C:\Users\tmdru\Downloads\files\tests\Tests.fsproj]
C:\Users\tmdru\Downloads\files\tests\PhysicsServiceTests.fs(34,51): error FS0041: A unique overload for method 'At' could not be determined based on type information prior to this program point. A type annotation may be needed.Known type of argument: Vector3Candidates: - member BodyBuilder.At: pos: Vector3 -> BodyBuilder - member BodyBuilder.At: v: Vector3 -> BodyBuilder [C:\Users\tmdru\Downloads\files\tests\Tests.fsproj]
C:\Users\tmdru\Downloads\files\tests\PhysicsServiceTests.fs(35,52): error FS0041: A unique overload for method 'At' could not be determined based on type information prior to this program point. A type annotation may be needed.Known type of argument: Vector3Candidates: - member BodyBuilder.At: pos: Vector3 -> BodyBuilder - member BodyBuilder.At: v: Vector3 -> BodyBuilder [C:\Users\tmdru\Downloads\files\tests\Tests.fsproj]
C:\Users\tmdru\Downloads\files\tests\PhysicsServiceTests.fs(43,45): error FS0041: A unique overload for method 'At' could not be determined based on type information prior to this program point. A type annotation may be needed.Known type of argument: Vector3Candidates: - member BodyBuilder.At: pos: Vector3 -> BodyBuilder - member BodyBuilder.At: v: Vector3 -> BodyBuilder [C:\Users\tmdru\Downloads\files\tests\Tests.fsproj]
C:\Users\tmdru\Downloads\files\tests\PhysicsServiceTests.fs(53,45): error FS0041: A unique overload for method 'At' could not be determined based on type information prior to this program point. A type annotation may be needed.Known type of argument: Vector3Candidates: - member BodyBuilder.At: pos: Vector3 -> BodyBuilder - member BodyBuilder.At: v: Vector3 -> BodyBuilder [C:\Users\tmdru\Downloads\files\tests\Tests.fsproj]
C:\Users\tmdru\Downloads\files\tests\PhysicsServiceTests.fs(64,24): error FS0041: A unique overload for method 'At' could not be determined based on type information prior to this program point. A type annotation may be needed.Known type of argument: Vector3Candidates: - member BodyBuilder.At: pos: Vector3 -> BodyBuilder - member BodyBuilder.At: v: Vector3 -> BodyBuilder [C:\Users\tmdru\Downloads\files\tests\Tests.fsproj]
C:\Users\tmdru\Downloads\files\tests\PhysicsServiceTests.fs(76,32): error FS0041: A unique overload for method 'At' could not be determined based on type information prior to this program point. A type annotation may be needed.Known type of argument: Vector3Candidates: - member BodyBuilder.At: pos: Vector3 -> BodyBuilder - member BodyBuilder.At: v: Vector3 -> BodyBuilder [C:\Users\tmdru\Downloads\files\tests\Tests.fsproj]
C:\Users\tmdru\Downloads\files\tests\PhysicsServiceTests.fs(77,32): error FS0041: A unique overload for method 'At' could not be determined based on type information prior to this program point. A type annotation may be needed.Known type of argument: Vector3Candidates: - member BodyBuilder.At: pos: Vector3 -> BodyBuilder - member BodyBuilder.At: v: Vector3 -> BodyBuilder [C:\Users\tmdru\Downloads\files\tests\Tests.fsproj]
C:\Users\tmdru\Downloads\files\tests\PhysicsServiceTests.fs(84,45): error FS0041: A unique overload for method 'At' could not be determined based on type information prior to this program point. A type annotation may be needed.Known type of argument: Vector3Candidates: - member BodyBuilder.At: pos: Vector3 -> BodyBuilder - member BodyBuilder.At: v: Vector3 -> BodyBuilder [C:\Users\tmdru\Downloads\files\tests\Tests.fsproj]
C:\Users\tmdru\Downloads\files\tests\SyncThreadSafetyTests.fs(82,20): error FS0041: A unique overload for method 'At' could not be determined based on type information prior to this program point. A type annotation may be needed.Known type of argument: Numerics.Vector3Candidates: - member BodyBuilder.At: pos: Numerics.Vector3 -> BodyBuilder - member BodyBuilder.At: v: Numerics.Vector3 -> BodyBuilder [C:\Users\tmdru\Downloads\files\tests\Tests.fsproj]
C:\Users\tmdru\Downloads\files\tests\UnitsOfMeasureTests.fs(98,24): error FS0800: Invalid use of a type name [C:\Users\tmdru\Downloads\files\tests\Tests.fsproj]
C:\Users\tmdru\Downloads\files\tests\UnitsOfMeasureTests.fs(99,24): error FS0800: Invalid use of a type name [C:\Users\tmdru\Downloads\files\tests\Tests.fsproj]
C:\Users\tmdru\Downloads\files\tests\UnitsOfMeasureTests.fs(113,19): error FS0800: Invalid use of a type name [C:\Users\tmdru\Downloads\files\tests\Tests.fsproj]
C:\Users\tmdru\Downloads\files\tests\UnitsOfMeasureTests.fs(114,19): error FS0800: Invalid use of a type name [C:\Users\tmdru\Downloads\files\tests\Tests.fsproj]
C:\Users\tmdru\Downloads\files\tests\UnitsOfMeasureTests.fs(115,19): error FS0800: Invalid use of a type name [C:\Users\tmdru\Downloads\files\tests\Tests.fsproj]
    9 Warning(s)
    116 Error(s)

Time Elapsed 00:00:10.30