  Determining projects to restore...
  All projects are up-to-date for restore.
C:\Program Files\dotnet\sdk\8.0.415\Microsoft.Common.CurrentVersion.targets(2412,5): warning MSB3245: Could not resolve this reference. Could not locate the assembly "Server". Check to make sure the assembly exists on disk. If this reference is required by your code, you may get compilation errors. [c:\Users\tmdru\Downloads\files\tests\Tests.fsproj]
c:\Users\tmdru\Downloads\files\tests\unknown(1,1): warning FS3551: The source file 'Random.fs' (at position 16/33) already appeared in the compilation list (at position 6/33). Please verify that it is included only once in the project file. [c:\Users\tmdru\Downloads\files\tests\Tests.fsproj]
c:\Users\tmdru\Downloads\files\tests\Generators.fs(9,10): error FS0039: The namespace or module 'AdaptiveConfig' is not defined. [c:\Users\tmdru\Downloads\files\tests\Tests.fsproj]
c:\Users\tmdru\Downloads\files\tests\Generators.fs(10,10): error FS0039: The namespace or module 'Physics' is not defined. [c:\Users\tmdru\Downloads\files\tests\Tests.fsproj]
c:\Users\tmdru\Downloads\files\tests\Generators.fs(170,17): error FS1129: The record type 'PhysicsState' does not contain a label 'Properties'. [c:\Users\tmdru\Downloads\files\tests\Tests.fsproj]
c:\Users\tmdru\Downloads\files\tests\Generators.fs(171,17): error FS1129: The record type 'PhysicsState' does not contain a label 'Positions'. [c:\Users\tmdru\Downloads\files\tests\Tests.fsproj]
c:\Users\tmdru\Downloads\files\tests\Generators.fs(172,59): error FS1129: The record type 'Spring' does not contain a label 'NodeA'. Maybe you want one of the following:   BodyA [c:\Users\tmdru\Downloads\files\tests\Tests.fsproj]
c:\Users\tmdru\Downloads\files\tests\Generators.fs(172,76): error FS1129: The record type 'Spring' does not contain a label 'NodeB'. Maybe you want one of the following:   BodyB [c:\Users\tmdru\Downloads\files\tests\Tests.fsproj]
c:\Users\tmdru\Downloads\files\tests\Generators.fs(172,141): error FS0039: The type 'N' is not defined. [c:\Users\tmdru\Downloads\files\tests\Tests.fsproj]
c:\Users\tmdru\Downloads\files\tests\Generators.fs(172,216): error FS0039: The type 'm' is not defined. [c:\Users\tmdru\Downloads\files\tests\Tests.fsproj]
c:\Users\tmdru\Downloads\files\tests\Generators.fs(172,287): error FS0039: The type 'N' is not defined. [c:\Users\tmdru\Downloads\files\tests\Tests.fsproj]
c:\Users\tmdru\Downloads\files\tests\Generators.fs(172,57): error FS0764: No assignment given for field 'BodyA' of type 'TestInfrastructure.Core.Spring' [c:\Users\tmdru\Downloads\files\tests\Tests.fsproj]
c:\Users\tmdru\Downloads\files\tests\Generators.fs(173,64): error FS0039: The type 's' is not defined. [c:\Users\tmdru\Downloads\files\tests\Tests.fsproj]
c:\Users\tmdru\Downloads\files\tests\Generators.fs(169,20): error FS0764: No assignment given for field 'Bodies' of type 'TestInfrastructure.Core.PhysicsState' [c:\Users\tmdru\Downloads\files\tests\Tests.fsproj]
c:\Users\tmdru\Downloads\files\tests\Generators.fs(257,22): error FS0039: The type 'PhysicsState' does not define the field, constructor or member 'Properties'. [c:\Users\tmdru\Downloads\files\tests\Tests.fsproj]
c:\Users\tmdru\Downloads\files\tests\Generators.fs(258,36): error FS1129: The record type 'PhysicsState' does not contain a label 'Properties'. [c:\Users\tmdru\Downloads\files\tests\Tests.fsproj]
c:\Users\tmdru\Downloads\files\tests\Generators.fs(260,38): error FS0039: The type 's' is not defined. [c:\Users\tmdru\Downloads\files\tests\Tests.fsproj]
c:\Users\tmdru\Downloads\files\tests\Generators.fs(261,64): error FS0001: The type 'float' does not match the type 'float32' [c:\Users\tmdru\Downloads\files\tests\Tests.fsproj]
c:\Users\tmdru\Downloads\files\tests\Generators.fs(283,30): error FS0039: The namespace or module 'AdaptiveConfig' is not defined. [c:\Users\tmdru\Downloads\files\tests\Tests.fsproj]
c:\Users\tmdru\Downloads\files\tests\Generators.fs(289,17): error FS0039: The namespace or module 'AdaptiveConfig' is not defined. [c:\Users\tmdru\Downloads\files\tests\Tests.fsproj]
c:\Users\tmdru\Downloads\files\tests\Generators.fs(290,17): error FS0039: The record label 'MaxThreadsPerBlock' is not defined. [c:\Users\tmdru\Downloads\files\tests\Tests.fsproj]
c:\Users\tmdru\Downloads\files\tests\Generators.fs(291,17): error FS0039: The record label 'SharedMemorySize' is not defined. [c:\Users\tmdru\Downloads\files\tests\Tests.fsproj]
c:\Users\tmdru\Downloads\files\tests\Generators.fs(295,38): error FS0039: The namespace or module 'AdaptiveConfig' is not defined. [c:\Users\tmdru\Downloads\files\tests\Tests.fsproj]
c:\Users\tmdru\Downloads\files\tests\Generators.fs(301,17): error FS0039: The namespace or module 'AdaptiveConfig' is not defined. [c:\Users\tmdru\Downloads\files\tests\Tests.fsproj]
c:\Users\tmdru\Downloads\files\tests\Generators.fs(302,17): error FS0039: The record label 'MaxObjects' is not defined. [c:\Users\tmdru\Downloads\files\tests\Tests.fsproj]
c:\Users\tmdru\Downloads\files\tests\Generators.fs(303,17): error FS0039: The record label 'LoadFactor' is not defined. [c:\Users\tmdru\Downloads\files\tests\Tests.fsproj]
c:\Users\tmdru\Downloads\files\tests\Builders.fs(77,32): error FS0039: The namespace or module 'Physics' is not defined. [c:\Users\tmdru\Downloads\files\tests\Tests.fsproj]
c:\Users\tmdru\Downloads\files\tests\Builders.fs(77,32): error FS0039: The namespace or module 'Physics' is not defined. [c:\Users\tmdru\Downloads\files\tests\Tests.fsproj]
c:\Users\tmdru\Downloads\files\tests\Builders.fs(79,13): error FS0039: The record label 'Rotation' is not defined. [c:\Users\tmdru\Downloads\files\tests\Tests.fsproj]
c:\Users\tmdru\Downloads\files\tests\Builders.fs(81,13): error FS0039: The record label 'AngularVelocity' is not defined. [c:\Users\tmdru\Downloads\files\tests\Tests.fsproj]
c:\Users\tmdru\Downloads\files\tests\Builders.fs(83,13): error FS0039: The record label 'Inertia' is not defined. [c:\Users\tmdru\Downloads\files\tests\Tests.fsproj]
c:\Users\tmdru\Downloads\files\tests\Builders.fs(84,13): error FS0039: The record label 'IsKinematic' is not defined. [c:\Users\tmdru\Downloads\files\tests\Tests.fsproj]
c:\Users\tmdru\Downloads\files\tests\Builders.fs(85,13): error FS0039: The record label 'IsStatic' is not defined. [c:\Users\tmdru\Downloads\files\tests\Tests.fsproj]
c:\Users\tmdru\Downloads\files\tests\Builders.fs(78,24): error FS0193: Type constraint mismatch. The type     'Numerics.Vector3'    is not compatible with type    'Vector3' [c:\Users\tmdru\Downloads\files\tests\Tests.fsproj]
c:\Users\tmdru\Downloads\files\tests\Builders.fs(80,24): error FS0193: Type constraint mismatch. The type     'Numerics.Vector3'    is not compatible with type    'Vector3' [c:\Users\tmdru\Downloads\files\tests\Tests.fsproj]
c:\Users\tmdru\Downloads\files\tests\Builders.fs(82,37): error FS0039: The namespace or module 'Physics' is not defined. [c:\Users\tmdru\Downloads\files\tests\Tests.fsproj]
c:\Users\tmdru\Downloads\files\tests\Builders.fs(77,64): error FS0764: No assignment given for field 'Radius' of type 'TestInfrastructure.Core.RigidBody' [c:\Users\tmdru\Downloads\files\tests\Tests.fsproj]
c:\Users\tmdru\Downloads\files\tests\Builders.fs(426,39): error FS0039: The namespace or module 'Physics' is not defined. [c:\Users\tmdru\Downloads\files\tests\Tests.fsproj]
c:\Users\tmdru\Downloads\files\tests\Builders.fs(427,39): error FS0039: The namespace or module 'Physics' is not defined. [c:\Users\tmdru\Downloads\files\tests\Tests.fsproj]
c:\Users\tmdru\Downloads\files\tests\Builders.fs(428,26): error FS0039: The value, namespace, type or module 'Physics' is not defined. Maybe you want one of the following:   PhysicsState [c:\Users\tmdru\Downloads\files\tests\Tests.fsproj]
c:\Users\tmdru\Downloads\files\tests\Builders.fs(435,24): error FS0039: The namespace or module 'Physics' is not defined. [c:\Users\tmdru\Downloads\files\tests\Tests.fsproj]
c:\Users\tmdru\Downloads\files\tests\Builders.fs(443,21): error FS0039: The namespace or module 'Physics' is not defined. [c:\Users\tmdru\Downloads\files\tests\Tests.fsproj]
c:\Users\tmdru\Downloads\files\tests\Builders.fs(441,21): error FS0039: The record label 'Acceleration' is not defined. [c:\Users\tmdru\Downloads\files\tests\Tests.fsproj]
c:\Users\tmdru\Downloads\files\tests\Builders.fs(439,47): error FS0039: The namespace or module 'Physics' is not defined. [c:\Users\tmdru\Downloads\files\tests\Tests.fsproj]
c:\Users\tmdru\Downloads\files\tests\Builders.fs(440,32): error FS0193: Type constraint mismatch. The type     'Numerics.Vector3'    is not compatible with type    'Vector3' [c:\Users\tmdru\Downloads\files\tests\Tests.fsproj]
c:\Users\tmdru\Downloads\files\tests\Builders.fs(438,17): error FS0764: No assignment given for field 'Position' of type 'TestInfrastructure.Core.RigidBody' [c:\Users\tmdru\Downloads\files\tests\Tests.fsproj]
c:\Users\tmdru\Downloads\files\tests\Builders.fs(449,26): error FS0039: The namespace or module 'Physics' is not defined. [c:\Users\tmdru\Downloads\files\tests\Tests.fsproj]
c:\Users\tmdru\Downloads\files\tests\Builders.fs(458,21): error FS0039: The namespace or module 'Physics' is not defined. [c:\Users\tmdru\Downloads\files\tests\Tests.fsproj]
c:\Users\tmdru\Downloads\files\tests\Builders.fs(453,21): error FS0039: The record label 'NodeA' is not defined. [c:\Users\tmdru\Downloads\files\tests\Tests.fsproj]
c:\Users\tmdru\Downloads\files\tests\Builders.fs(454,21): error FS0039: The record label 'NodeB' is not defined. [c:\Users\tmdru\Downloads\files\tests\Tests.fsproj]
c:\Users\tmdru\Downloads\files\tests\Builders.fs(455,59): error FS0039: The namespace or module 'Physics' is not defined. [c:\Users\tmdru\Downloads\files\tests\Tests.fsproj]
c:\Users\tmdru\Downloads\files\tests\Builders.fs(456,57): error FS0039: The namespace or module 'Physics' is not defined. [c:\Users\tmdru\Downloads\files\tests\Tests.fsproj]
c:\Users\tmdru\Downloads\files\tests\Builders.fs(457,53): error FS0039: The namespace or module 'Physics' is not defined. [c:\Users\tmdru\Downloads\files\tests\Tests.fsproj]
c:\Users\tmdru\Downloads\files\tests\Builders.fs(452,17): error FS0764: No assignment given for field 'BodyA' of type 'TestInfrastructure.Core.Spring' [c:\Users\tmdru\Downloads\files\tests\Tests.fsproj]
c:\Users\tmdru\Downloads\files\tests\Builders.fs(460,24): error FS0039: The namespace or module 'Physics' is not defined. [c:\Users\tmdru\Downloads\files\tests\Tests.fsproj]
c:\Users\tmdru\Downloads\files\tests\Builders.fs(461,13): error FS0039: The record label 'Properties' is not defined. [c:\Users\tmdru\Downloads\files\tests\Tests.fsproj]
c:\Users\tmdru\Downloads\files\tests\Builders.fs(462,13): error FS0039: The record label 'Positions' is not defined. [c:\Users\tmdru\Downloads\files\tests\Tests.fsproj]
c:\Users\tmdru\Downloads\files\tests\Builders.fs(464,39): error FS0039: The namespace or module 'Physics' is not defined. [c:\Users\tmdru\Downloads\files\tests\Tests.fsproj]
c:\Users\tmdru\Downloads\files\tests\Builders.fs(460,47): error FS0764: No assignment given for field 'Bodies' of type 'TestInfrastructure.Core.PhysicsState' [c:\Users\tmdru\Downloads\files\tests\Tests.fsproj]
c:\Users\tmdru\Downloads\files\tests\Builders.fs(468,26): error FS0039: The value, namespace, type or module 'Physics' is not defined. Maybe you want one of the following:   PhysicsState   physState   physPositions [c:\Users\tmdru\Downloads\files\tests\Tests.fsproj]
c:\Users\tmdru\Downloads\files\tests\Builders.fs(475,29): error FS0072: Lookup on object of indeterminate type based on information prior to this program point. A type annotation may be needed prior to this program point to constrain the type of the object. This may allow the lookup to be resolved. [c:\Users\tmdru\Downloads\files\tests\Tests.fsproj]
c:\Users\tmdru\Downloads\files\tests\Builders.fs(475,29): error FS0752: The operator 'expr.[idx]' has been used on an object of indeterminate type based on information prior to this program point. Consider adding further type constraints [c:\Users\tmdru\Downloads\files\tests\Tests.fsproj]
c:\Users\tmdru\Downloads\files\tests\Builders.fs(476,29): error FS0072: Lookup on object of indeterminate type based on information prior to this program point. A type annotation may be needed prior to this program point to constrain the type of the object. This may allow the lookup to be resolved. [c:\Users\tmdru\Downloads\files\tests\Tests.fsproj]
c:\Users\tmdru\Downloads\files\tests\Builders.fs(476,29): error FS0752: The operator 'expr.[idx]' has been used on an object of indeterminate type based on information prior to this program point. Consider adding further type constraints [c:\Users\tmdru\Downloads\files\tests\Tests.fsproj]
c:\Users\tmdru\Downloads\files\tests\Builders.fs(477,29): error FS0072: Lookup on object of indeterminate type based on information prior to this program point. A type annotation may be needed prior to this program point to constrain the type of the object. This may allow the lookup to be resolved. [c:\Users\tmdru\Downloads\files\tests\Tests.fsproj]
c:\Users\tmdru\Downloads\files\tests\Builders.fs(477,29): error FS0752: The operator 'expr.[idx]' has been used on an object of indeterminate type based on information prior to this program point. Consider adding further type constraints [c:\Users\tmdru\Downloads\files\tests\Tests.fsproj]
c:\Users\tmdru\Downloads\files\tests\Builders.fs(480,29): error FS0072: Lookup on object of indeterminate type based on information prior to this program point. A type annotation may be needed prior to this program point to constrain the type of the object. This may allow the lookup to be resolved. [c:\Users\tmdru\Downloads\files\tests\Tests.fsproj]
c:\Users\tmdru\Downloads\files\tests\Builders.fs(480,29): error FS0752: The operator 'expr.[idx]' has been used on an object of indeterminate type based on information prior to this program point. Consider adding further type constraints [c:\Users\tmdru\Downloads\files\tests\Tests.fsproj]
c:\Users\tmdru\Downloads\files\tests\Builders.fs(481,29): error FS0072: Lookup on object of indeterminate type based on information prior to this program point. A type annotation may be needed prior to this program point to constrain the type of the object. This may allow the lookup to be resolved. [c:\Users\tmdru\Downloads\files\tests\Tests.fsproj]
c:\Users\tmdru\Downloads\files\tests\Builders.fs(481,29): error FS0752: The operator 'expr.[idx]' has been used on an object of indeterminate type based on information prior to this program point. Consider adding further type constraints [c:\Users\tmdru\Downloads\files\tests\Tests.fsproj]
c:\Users\tmdru\Downloads\files\tests\Builders.fs(482,29): error FS0072: Lookup on object of indeterminate type based on information prior to this program point. A type annotation may be needed prior to this program point to constrain the type of the object. This may allow the lookup to be resolved. [c:\Users\tmdru\Downloads\files\tests\Tests.fsproj]
c:\Users\tmdru\Downloads\files\tests\Builders.fs(482,29): error FS0752: The operator 'expr.[idx]' has been used on an object of indeterminate type based on information prior to this program point. Consider adding further type constraints [c:\Users\tmdru\Downloads\files\tests\Tests.fsproj]
c:\Users\tmdru\Downloads\files\tests\Builders.fs(508,9): error FS0039: The value, namespace, type or module 'Physics' is not defined. Maybe you want one of the following:   PhysicsState [c:\Users\tmdru\Downloads\files\tests\Tests.fsproj]
c:\Users\tmdru\Downloads\files\tests\Builders.fs(509,35): error FS0072: Lookup on object of indeterminate type based on information prior to this program point. A type annotation may be needed prior to this program point to constrain the type of the object. This may allow the lookup to be resolved. [c:\Users\tmdru\Downloads\files\tests\Tests.fsproj]
c:\Users\tmdru\Downloads\files\tests\Builders.fs(509,47): error FS0072: Lookup on object of indeterminate type based on information prior to this program point. A type annotation may be needed prior to this program point to constrain the type of the object. This may allow the lookup to be resolved. [c:\Users\tmdru\Downloads\files\tests\Tests.fsproj]
c:\Users\tmdru\Downloads\files\tests\AlgebraicLaws.fs(55,40): warning FS0064: This construct causes code to be less generic than indicated by the type annotations. The type variable 'B has been constrained to be type ''A'. [c:\Users\tmdru\Downloads\files\tests\Tests.fsproj]
c:\Users\tmdru\Downloads\files\tests\AlgebraicLaws.fs(55,62): warning FS0064: This construct causes code to be less generic than indicated by the type annotations. The type variable 'C has been constrained to be type ''A'. [c:\Users\tmdru\Downloads\files\tests\Tests.fsproj]
c:\Users\tmdru\Downloads\files\tests\AlgebraicLaws.fs(68,41): warning FS0064: This construct causes code to be less generic than indicated by the type annotations. The type variable 'B has been constrained to be type ''A'. [c:\Users\tmdru\Downloads\files\tests\Tests.fsproj]
c:\Users\tmdru\Downloads\files\tests\Assertions.fs(9,10): error FS0039: The namespace or module 'AdaptiveConfig' is not defined. [c:\Users\tmdru\Downloads\files\tests\Tests.fsproj]
c:\Users\tmdru\Downloads\files\tests\Assertions.fs(10,10): error FS0039: The namespace or module 'Physics' is not defined. [c:\Users\tmdru\Downloads\files\tests\Tests.fsproj]
c:\Users\tmdru\Downloads\files\tests\Assertions.fs(128,40): warning FS0064: This construct causes code to be less generic than indicated by the type annotations. The type variable 'T has been constrained to be type 'unit'. [c:\Users\tmdru\Downloads\files\tests\Tests.fsproj]
c:\Users\tmdru\Downloads\files\tests\Assertions.fs(134,15): error FS0039: The value, namespace, type or module 'AdaptiveConfig' is not defined. [c:\Users\tmdru\Downloads\files\tests\Tests.fsproj]
c:\Users\tmdru\Downloads\files\tests\Assertions.fs(340,40): error FS0039: The namespace or module 'Physics' is not defined. [c:\Users\tmdru\Downloads\files\tests\Tests.fsproj]
c:\Users\tmdru\Downloads\files\tests\Assertions.fs(341,31): error FS0039: The namespace or module 'Physics' is not defined. [c:\Users\tmdru\Downloads\files\tests\Tests.fsproj]
c:\Users\tmdru\Downloads\files\tests\Assertions.fs(342,13): error FS0072: Lookup on object of indeterminate type based on information prior to this program point. A type annotation may be needed prior to this program point to constrain the type of the object. This may allow the lookup to be resolved. [c:\Users\tmdru\Downloads\files\tests\Tests.fsproj]
c:\Users\tmdru\Downloads\files\tests\Assertions.fs(349,24): error FS0039: The value, namespace, type or module 'Physics' is not defined. Maybe you want one of the following:   PhysicsState [c:\Users\tmdru\Downloads\files\tests\Tests.fsproj]
c:\Users\tmdru\Downloads\files\tests\Lifecycle.fs(6,10): error FS0039: The namespace or module 'Physics' is not defined. [c:\Users\tmdru\Downloads\files\tests\Tests.fsproj]
c:\Users\tmdru\Downloads\files\tests\Lifecycle.fs(7,10): error FS0039: The namespace or module 'Physics' is not defined. [c:\Users\tmdru\Downloads\files\tests\Tests.fsproj]
c:\Users\tmdru\Downloads\files\tests\Lifecycle.fs(8,10): error FS0039: The namespace or module 'Physics' is not defined. [c:\Users\tmdru\Downloads\files\tests\Tests.fsproj]
c:\Users\tmdru\Downloads\files\tests\Lifecycle.fs(24,13): error FS0039: The value or constructor 'physics_init' is not defined. [c:\Users\tmdru\Downloads\files\tests\Tests.fsproj]
c:\Users\tmdru\Downloads\files\tests\Lifecycle.fs(27,13): error FS0039: The value or constructor 'physics_shutdown' is not defined. [c:\Users\tmdru\Downloads\files\tests\Tests.fsproj]
c:\Users\tmdru\Downloads\files\tests\Lifecycle.fs(31,13): error FS0039: The value or constructor 'physics_init' is not defined. [c:\Users\tmdru\Downloads\files\tests\Tests.fsproj]
c:\Users\tmdru\Downloads\files\tests\Lifecycle.fs(34,13): error FS0039: The value or constructor 'physics_shutdown' is not defined. [c:\Users\tmdru\Downloads\files\tests\Tests.fsproj]
c:\Users\tmdru\Downloads\files\tests\Lifecycle.fs(36,23): error FS0039: The type 'PhysicsWorld' is not defined. [c:\Users\tmdru\Downloads\files\tests\Tests.fsproj]
c:\Users\tmdru\Downloads\files\tests\Lifecycle.fs(38,13): error FS0039: The value or constructor 'initializeWorld' is not defined. [c:\Users\tmdru\Downloads\files\tests\Tests.fsproj]
c:\Users\tmdru\Downloads\files\tests\Lifecycle.fs(39,25): error FS0039: The value or constructor 'getWorld' is not defined. [c:\Users\tmdru\Downloads\files\tests\Tests.fsproj]
c:\Users\tmdru\Downloads\files\tests\Lifecycle.fs(42,13): error FS0039: The value or constructor 'shutdownWorld' is not defined. [c:\Users\tmdru\Downloads\files\tests\Tests.fsproj]
c:\Users\tmdru\Downloads\files\tests\AcceptanceTests.fs(74,80): error FS0001: None of the types 'bool, Lazy<'a>' support the operator '==>' [c:\Users\tmdru\Downloads\files\tests\Tests.fsproj]
c:\Users\tmdru\Downloads\files\tests\AcceptanceTests.fs(74,76): error FS0043: None of the types 'bool, Lazy<'a>' support the operator '==>' [c:\Users\tmdru\Downloads\files\tests\Tests.fsproj]
c:\Users\tmdru\Downloads\files\tests\AdaptiveConfigTests.fs(18,10): error FS0039: The namespace or module 'AdaptiveConfig' is not defined. [c:\Users\tmdru\Downloads\files\tests\Tests.fsproj]
c:\Users\tmdru\Downloads\files\tests\AdaptiveConfigTests.fs(22,49): error FS0039: The value, namespace, type or module 'GPUConfig' is not defined. Maybe you want one of the following:   Config   config   genGPUConfig   genConfig [c:\Users\tmdru\Downloads\files\tests\Tests.fsproj]
c:\Users\tmdru\Downloads\files\tests\AdaptiveConfigTests.fs(22,63): error FS0039: The value, namespace, type or module 'GPUConfig' is not defined. Maybe you want one of the following:   Config   config   genGPUConfig   genConfig [c:\Users\tmdru\Downloads\files\tests\Tests.fsproj]
c:\Users\tmdru\Downloads\files\tests\AdaptiveConfigTests.fs(23,44): error FS0039: The record label 'DeviceId' is not defined. [c:\Users\tmdru\Downloads\files\tests\Tests.fsproj]
c:\Users\tmdru\Downloads\files\tests\AdaptiveConfigTests.fs(23,28): error FS0786: The expression form { expr with ... } may only be used with record types. To build object types use { new Type(...) with ... } [c:\Users\tmdru\Downloads\files\tests\Tests.fsproj]
c:\Users\tmdru\Downloads\files\tests\AdaptiveConfigTests.fs(24,13): error FS0039: The value, namespace, type or module 'GPUConfig' is not defined. Maybe you want one of the following:   Config   config   genGPUConfig   genConfig [c:\Users\tmdru\Downloads\files\tests\Tests.fsproj]
c:\Users\tmdru\Downloads\files\tests\AdaptiveConfigTests.fs(25,46): error FS0039: The value, namespace, type or module 'GPUConfig' is not defined. Maybe you want one of the following:   Config   config   genGPUConfig   genConfig [c:\Users\tmdru\Downloads\files\tests\Tests.fsproj]
c:\Users\tmdru\Downloads\files\tests\AdaptiveConfigTests.fs(29,22): error FS0039: The value, namespace, type or module 'GPUConfig' is not defined. Maybe you want one of the following:   Config   config   genGPUConfig   genConfig [c:\Users\tmdru\Downloads\files\tests\Tests.fsproj]
c:\Users\tmdru\Downloads\files\tests\AdaptiveConfigTests.fs(30,49): error FS0039: The value, namespace, type or module 'GPUConfig' is not defined. Maybe you want one of the following:   Config   config   genGPUConfig   genConfig [c:\Users\tmdru\Downloads\files\tests\Tests.fsproj]
c:\Users\tmdru\Downloads\files\tests\AdaptiveConfigTests.fs(30,63): error FS0039: The value, namespace, type or module 'GPUConfig' is not defined. Maybe you want one of the following:   Config   config   genGPUConfig   genConfig [c:\Users\tmdru\Downloads\files\tests\Tests.fsproj]
c:\Users\tmdru\Downloads\files\tests\AdaptiveConfigTests.fs(31,13): error FS0039: The value, namespace, type or module 'GPUConfig' is not defined. Maybe you want one of the following:   Config   config   genGPUConfig   genConfig [c:\Users\tmdru\Downloads\files\tests\Tests.fsproj]
c:\Users\tmdru\Downloads\files\tests\AdaptiveConfigTests.fs(32,40): error FS0039: The value, namespace, type or module 'GPUConfig' is not defined. Maybe you want one of the following:   Config   config   genGPUConfig   genConfig [c:\Users\tmdru\Downloads\files\tests\Tests.fsproj]
c:\Users\tmdru\Downloads\files\tests\AdaptiveConfigTests.fs(36,22): error FS0039: The value, namespace, type or module 'PhysicsConfig' is not defined. Maybe you want one of the following:   physicsCost   PhysicsState   PhysicsWorld   physicsWorld [c:\Users\tmdru\Downloads\files\tests\Tests.fsproj]
c:\Users\tmdru\Downloads\files\tests\AdaptiveConfigTests.fs(37,40): error FS0039: The value, namespace, type or module 'PhysicsConfig' is not defined. Maybe you want one of the following:   physicsCost   PhysicsState   PhysicsWorld   physicsWorld [c:\Users\tmdru\Downloads\files\tests\Tests.fsproj]
c:\Users\tmdru\Downloads\files\tests\AdaptiveConfigTests.fs(38,40): error FS0039: The value, namespace, type or module 'PhysicsConfig' is not defined. Maybe you want one of the following:   physicsCost   PhysicsState   PhysicsWorld   physicsWorld [c:\Users\tmdru\Downloads\files\tests\Tests.fsproj]
c:\Users\tmdru\Downloads\files\tests\AdaptiveConfigTests.fs(42,49): error FS0039: The value, namespace, type or module 'GPUConfig' is not defined. Maybe you want one of the following:   Config   config   genGPUConfig   genConfig [c:\Users\tmdru\Downloads\files\tests\Tests.fsproj]
c:\Users\tmdru\Downloads\files\tests\AdaptiveConfigTests.fs(42,63): error FS0039: The value, namespace, type or module 'GPUConfig' is not defined. Maybe you want one of the following:   Config   config   genGPUConfig   genConfig [c:\Users\tmdru\Downloads\files\tests\Tests.fsproj]
c:\Users\tmdru\Downloads\files\tests\AdaptiveConfigTests.fs(43,53): error FS0039: The value, namespace, type or module 'PhysicsConfig' is not defined. Maybe you want one of the following:   physicsCost   PhysicsState   PhysicsWorld   physicsWorld [c:\Users\tmdru\Downloads\files\tests\Tests.fsproj]
c:\Users\tmdru\Downloads\files\tests\AdaptiveConfigTests.fs(43,71): error FS0039: The value, namespace, type or module 'PhysicsConfig' is not defined. Maybe you want one of the following:   physicsCost   PhysicsState   PhysicsWorld   physicsWorld [c:\Users\tmdru\Downloads\files\tests\Tests.fsproj]
c:\Users\tmdru\Downloads\files\tests\AdaptiveConfigTests.fs(44,17): error FS0039: The value, namespace, type or module 'GPUConfig' is not defined. Maybe you want one of the following:   Config   config   genGPUConfig   genConfig [c:\Users\tmdru\Downloads\files\tests\Tests.fsproj]
c:\Users\tmdru\Downloads\files\tests\AdaptiveConfigTests.fs(45,17): error FS0039: The value, namespace, type or module 'PhysicsConfig' is not defined. Maybe you want one of the following:   physicsCost   physics   PhysicsState   PhysicsWorld   physicsWorld [c:\Users\tmdru\Downloads\files\tests\Tests.fsproj]
c:\Users\tmdru\Downloads\files\tests\AdaptiveConfigTests.fs(46,34): error FS0039: The value, namespace, type or module 'GPUConfig' is not defined. Maybe you want one of the following:   Config   config   genGPUConfig   genConfig [c:\Users\tmdru\Downloads\files\tests\Tests.fsproj]
c:\Users\tmdru\Downloads\files\tests\AdaptiveConfigTests.fs(46,33): error FS0072: Lookup on object of indeterminate type based on information prior to this program point. A type annotation may be needed prior to this program point to constrain the type of the object. This may allow the lookup to be resolved. [c:\Users\tmdru\Downloads\files\tests\Tests.fsproj]
c:\Users\tmdru\Downloads\files\tests\AdaptiveConfigTests.fs(47,39): error FS0039: The value, namespace, type or module 'PhysicsConfig' is not defined. Maybe you want one of the following:   physicsCost   physics   PhysicsState   PhysicsWorld   physicsWorld [c:\Users\tmdru\Downloads\files\tests\Tests.fsproj]
c:\Users\tmdru\Downloads\files\tests\AdaptiveConfigTests.fs(57,37): error FS0039: The value, constructor, namespace or type 'Default' is not defined. [c:\Users\tmdru\Downloads\files\tests\Tests.fsproj]
c:\Users\tmdru\Downloads\files\tests\AdaptiveConfigTests.fs(58,25): error FS0039: The value, namespace, type or module 'SpatialHashConfig' is not defined. Maybe you want one of the following:   genSpatialHashConfig   SpatialHash [c:\Users\tmdru\Downloads\files\tests\Tests.fsproj]
c:\Users\tmdru\Downloads\files\tests\AdaptiveConfigTests.fs(59,23): error FS0039: The value, namespace, type or module 'SpatialHashConfig' is not defined. Maybe you want one of the following:   genSpatialHashConfig   SpatialHash [c:\Users\tmdru\Downloads\files\tests\Tests.fsproj]
c:\Users\tmdru\Downloads\files\tests\AdaptiveConfigTests.fs(63,19): error FS0039: The value, namespace, type or module 'PhysicsConfig' is not defined. Maybe you want one of the following:   physicsCost   PhysicsState   PhysicsWorld   physicsWorld [c:\Users\tmdru\Downloads\files\tests\Tests.fsproj]
c:\Users\tmdru\Downloads\files\tests\AdaptiveConfigTests.fs(64,40): error FS0039: The value, namespace, type or module 'PhysicsConfig' is not defined. Maybe you want one of the following:   physicsCost   PhysicsState   PhysicsWorld   physicsWorld [c:\Users\tmdru\Downloads\files\tests\Tests.fsproj]
c:\Users\tmdru\Downloads\files\tests\AdaptiveConfigTests.fs(65,40): error FS0039: The value, namespace, type or module 'PhysicsConfig' is not defined. Maybe you want one of the following:   physicsCost   PhysicsState   PhysicsWorld   physicsWorld [c:\Users\tmdru\Downloads\files\tests\Tests.fsproj]
c:\Users\tmdru\Downloads\files\tests\AdaptiveConfigTests.fs(69,28): error FS0039: The record label 'DeviceId' is not defined. [c:\Users\tmdru\Downloads\files\tests\Tests.fsproj]
c:\Users\tmdru\Downloads\files\tests\AdaptiveConfigTests.fs(69,42): error FS0039: The record label 'MaxThreadsPerBlock' is not defined. [c:\Users\tmdru\Downloads\files\tests\Tests.fsproj]
c:\Users\tmdru\Downloads\files\tests\AdaptiveConfigTests.fs(69,68): error FS0039: The record label 'SharedMemorySize' is not defined. [c:\Users\tmdru\Downloads\files\tests\Tests.fsproj]
c:\Users\tmdru\Downloads\files\tests\AdaptiveConfigTests.fs(70,39): error FS0039: The value, constructor, namespace or type 'Default' is not defined. [c:\Users\tmdru\Downloads\files\tests\Tests.fsproj]
c:\Users\tmdru\Downloads\files\tests\AdaptiveConfigTests.fs(77,34): error FS0039: The value, constructor, namespace or type 'Default' is not defined. [c:\Users\tmdru\Downloads\files\tests\Tests.fsproj]
c:\Users\tmdru\Downloads\files\tests\AdaptiveConfigTests.fs(78,53): error FS0039: The value, namespace, type or module 'GPUConfig' is not defined. Maybe you want one of the following:   Config   config   genGPUConfig   genConfig [c:\Users\tmdru\Downloads\files\tests\Tests.fsproj]
c:\Users\tmdru\Downloads\files\tests\AdaptiveConfigTests.fs(78,67): error FS0039: The value, namespace, type or module 'GPUConfig' is not defined. Maybe you want one of the following:   Config   config   genGPUConfig   genConfig [c:\Users\tmdru\Downloads\files\tests\Tests.fsproj]
c:\Users\tmdru\Downloads\files\tests\AdaptiveConfigTests.fs(79,17): error FS0039: The value, namespace, type or module 'GPUConfig' is not defined. Maybe you want one of the following:   Config   config   genGPUConfig   genConfig [c:\Users\tmdru\Downloads\files\tests\Tests.fsproj]
c:\Users\tmdru\Downloads\files\tests\AdaptiveConfigTests.fs(80,19): error FS0039: The value, namespace, type or module 'GPUConfig' is not defined. Maybe you want one of the following:   Config   config   genGPUConfig   genConfig [c:\Users\tmdru\Downloads\files\tests\Tests.fsproj]
c:\Users\tmdru\Downloads\files\tests\CacheTests.fs(17,10): error FS0039: The namespace or module 'Cache' is not defined. [c:\Users\tmdru\Downloads\files\tests\Tests.fsproj]
c:\Users\tmdru\Downloads\files\tests\CacheTests.fs(21,21): error FS0039: The value or constructor 'LRUCache' is not defined. [c:\Users\tmdru\Downloads\files\tests\Tests.fsproj]
c:\Users\tmdru\Downloads\files\tests\CacheTests.fs(22,9): error FS0072: Lookup on object of indeterminate type based on information prior to this program point. A type annotation may be needed prior to this program point to constrain the type of the object. This may allow the lookup to be resolved. [c:\Users\tmdru\Downloads\files\tests\Tests.fsproj]
c:\Users\tmdru\Downloads\files\tests\CacheTests.fs(23,9): error FS0072: Lookup on object of indeterminate type based on information prior to this program point. A type annotation may be needed prior to this program point to constrain the type of the object. This may allow the lookup to be resolved. [c:\Users\tmdru\Downloads\files\tests\Tests.fsproj]
c:\Users\tmdru\Downloads\files\tests\CacheTests.fs(24,9): error FS0072: Lookup on object of indeterminate type based on information prior to this program point. A type annotation may be needed prior to this program point to constrain the type of the object. This may allow the lookup to be resolved. [c:\Users\tmdru\Downloads\files\tests\Tests.fsproj]
c:\Users\tmdru\Downloads\files\tests\CacheTests.fs(25,9): error FS0072: Lookup on object of indeterminate type based on information prior to this program point. A type annotation may be needed prior to this program point to constrain the type of the object. This may allow the lookup to be resolved. [c:\Users\tmdru\Downloads\files\tests\Tests.fsproj]
c:\Users\tmdru\Downloads\files\tests\CacheTests.fs(26,9): error FS0072: Lookup on object of indeterminate type based on information prior to this program point. A type annotation may be needed prior to this program point to constrain the type of the object. This may allow the lookup to be resolved. [c:\Users\tmdru\Downloads\files\tests\Tests.fsproj]
c:\Users\tmdru\Downloads\files\tests\CacheTests.fs(27,32): error FS0072: Lookup on object of indeterminate type based on information prior to this program point. A type annotation may be needed prior to this program point to constrain the type of the object. This may allow the lookup to be resolved. [c:\Users\tmdru\Downloads\files\tests\Tests.fsproj]
c:\Users\tmdru\Downloads\files\tests\CacheTests.fs(28,28): error FS0072: Lookup on object of indeterminate type based on information prior to this program point. A type annotation may be needed prior to this program point to constrain the type of the object. This may allow the lookup to be resolved. [c:\Users\tmdru\Downloads\files\tests\Tests.fsproj]
c:\Users\tmdru\Downloads\files\tests\CacheTests.fs(29,32): error FS0072: Lookup on object of indeterminate type based on information prior to this program point. A type annotation may be needed prior to this program point to constrain the type of the object. This may allow the lookup to be resolved. [c:\Users\tmdru\Downloads\files\tests\Tests.fsproj]
c:\Users\tmdru\Downloads\files\tests\CacheTests.fs(34,31): error FS0039: The value or constructor 'LRUCache' is not defined. [c:\Users\tmdru\Downloads\files\tests\Tests.fsproj]
c:\Users\tmdru\Downloads\files\tests\CacheTests.fs(36,17): error FS0072: Lookup on object of indeterminate type based on information prior to this program point. A type annotation may be needed prior to this program point to constrain the type of the object. This may allow the lookup to be resolved. [c:\Users\tmdru\Downloads\files\tests\Tests.fsproj]
c:\Users\tmdru\Downloads\files\tests\CacheTests.fs(37,17): error FS0072: Lookup on object of indeterminate type based on information prior to this program point. A type annotation may be needed prior to this program point to constrain the type of the object. This may allow the lookup to be resolved. [c:\Users\tmdru\Downloads\files\tests\Tests.fsproj]
c:\Users\tmdru\Downloads\files\tests\CacheTests.fs(47,21): error FS0039: The value or constructor 'LRUCache' is not defined. [c:\Users\tmdru\Downloads\files\tests\Tests.fsproj]
c:\Users\tmdru\Downloads\files\tests\CacheTests.fs(48,9): error FS0072: Lookup on object of indeterminate type based on information prior to this program point. A type annotation may be needed prior to this program point to constrain the type of the object. This may allow the lookup to be resolved. [c:\Users\tmdru\Downloads\files\tests\Tests.fsproj]
c:\Users\tmdru\Downloads\files\tests\CacheTests.fs(49,9): error FS0072: Lookup on object of indeterminate type based on information prior to this program point. A type annotation may be needed prior to this program point to constrain the type of the object. This may allow the lookup to be resolved. [c:\Users\tmdru\Downloads\files\tests\Tests.fsproj]
c:\Users\tmdru\Downloads\files\tests\CacheTests.fs(50,9): error FS0072: Lookup on object of indeterminate type based on information prior to this program point. A type annotation may be needed prior to this program point to constrain the type of the object. This may allow the lookup to be resolved. [c:\Users\tmdru\Downloads\files\tests\Tests.fsproj]
c:\Users\tmdru\Downloads\files\tests\CacheTests.fs(51,9): error FS0072: Lookup on object of indeterminate type based on information prior to this program point. A type annotation may be needed prior to this program point to constrain the type of the object. This may allow the lookup to be resolved. [c:\Users\tmdru\Downloads\files\tests\Tests.fsproj]
c:\Users\tmdru\Downloads\files\tests\CacheTests.fs(52,25): error FS0072: Lookup on object of indeterminate type based on information prior to this program point. A type annotation may be needed prior to this program point to constrain the type of the object. This may allow the lookup to be resolved. [c:\Users\tmdru\Downloads\files\tests\Tests.fsproj]
c:\Users\tmdru\Downloads\files\tests\CacheTests.fs(56,21): error FS0039: The value or constructor 'LRUCache' is not defined. [c:\Users\tmdru\Downloads\files\tests\Tests.fsproj]
c:\Users\tmdru\Downloads\files\tests\CacheTests.fs(58,9): error FS0072: Lookup on object of indeterminate type based on information prior to this program point. A type annotation may be needed prior to this program point to constrain the type of the object. This may allow the lookup to be resolved. [c:\Users\tmdru\Downloads\files\tests\Tests.fsproj]
c:\Users\tmdru\Downloads\files\tests\CacheTests.fs(71,21): error FS0039: The value or constructor 'LRUCache' is not defined. [c:\Users\tmdru\Downloads\files\tests\Tests.fsproj]
c:\Users\tmdru\Downloads\files\tests\CacheTests.fs(72,27): error FS0072: Lookup on object of indeterminate type based on information prior to this program point. A type annotation may be needed prior to this program point to constrain the type of the object. This may allow the lookup to be resolved. [c:\Users\tmdru\Downloads\files\tests\Tests.fsproj]
c:\Users\tmdru\Downloads\files\tests\CacheTests.fs(73,21): error FS0072: Lookup on object of indeterminate type based on information prior to this program point. A type annotation may be needed prior to this program point to constrain the type of the object. This may allow the lookup to be resolved. [c:\Users\tmdru\Downloads\files\tests\Tests.fsproj]
c:\Users\tmdru\Downloads\files\tests\CacheTests.fs(77,21): error FS0039: The value or constructor 'LRUCache' is not defined. [c:\Users\tmdru\Downloads\files\tests\Tests.fsproj]
c:\Users\tmdru\Downloads\files\tests\CacheTests.fs(78,9): error FS0072: Lookup on object of indeterminate type based on information prior to this program point. A type annotation may be needed prior to this program point to constrain the type of the object. This may allow the lookup to be resolved. [c:\Users\tmdru\Downloads\files\tests\Tests.fsproj]
c:\Users\tmdru\Downloads\files\tests\CacheTests.fs(79,9): error FS0072: Lookup on object of indeterminate type based on information prior to this program point. A type annotation may be needed prior to this program point to constrain the type of the object. This may allow the lookup to be resolved. [c:\Users\tmdru\Downloads\files\tests\Tests.fsproj]
c:\Users\tmdru\Downloads\files\tests\CacheTests.fs(80,9): error FS0072: Lookup on object of indeterminate type based on information prior to this program point. A type annotation may be needed prior to this program point to constrain the type of the object. This may allow the lookup to be resolved. [c:\Users\tmdru\Downloads\files\tests\Tests.fsproj]
c:\Users\tmdru\Downloads\files\tests\CacheTests.fs(81,25): error FS0072: Lookup on object of indeterminate type based on information prior to this program point. A type annotation may be needed prior to this program point to constrain the type of the object. This may allow the lookup to be resolved. [c:\Users\tmdru\Downloads\files\tests\Tests.fsproj]
c:\Users\tmdru\Downloads\files\tests\CacheTests.fs(82,28): error FS0072: Lookup on object of indeterminate type based on information prior to this program point. A type annotation may be needed prior to this program point to constrain the type of the object. This may allow the lookup to be resolved. [c:\Users\tmdru\Downloads\files\tests\Tests.fsproj]
c:\Users\tmdru\Downloads\files\tests\CacheTests.fs(86,21): error FS0039: The value or constructor 'LRUCache' is not defined. [c:\Users\tmdru\Downloads\files\tests\Tests.fsproj]
c:\Users\tmdru\Downloads\files\tests\CacheTests.fs(87,9): error FS0072: Lookup on object of indeterminate type based on information prior to this program point. A type annotation may be needed prior to this program point to constrain the type of the object. This may allow the lookup to be resolved. [c:\Users\tmdru\Downloads\files\tests\Tests.fsproj]
c:\Users\tmdru\Downloads\files\tests\CacheTests.fs(88,9): error FS0072: Lookup on object of indeterminate type based on information prior to this program point. A type annotation may be needed prior to this program point to constrain the type of the object. This may allow the lookup to be resolved. [c:\Users\tmdru\Downloads\files\tests\Tests.fsproj]
c:\Users\tmdru\Downloads\files\tests\CacheTests.fs(92,46): error FS0039: The value, constructor, namespace or type 'Default' is not defined. [c:\Users\tmdru\Downloads\files\tests\Tests.fsproj]
c:\Users\tmdru\Downloads\files\tests\CacheTests.fs(93,25): error FS0039: The value or constructor 'LRUCache' is not defined. [c:\Users\tmdru\Downloads\files\tests\Tests.fsproj]
c:\Users\tmdru\Downloads\files\tests\CacheTests.fs(94,41): error FS0072: Lookup on object of indeterminate type based on information prior to this program point. A type annotation may be needed prior to this program point to constrain the type of the object. This may allow the lookup to be resolved. [c:\Users\tmdru\Downloads\files\tests\Tests.fsproj]
c:\Users\tmdru\Downloads\files\tests\CacheTests.fs(96,13): error FS0072: Lookup on object of indeterminate type based on information prior to this program point. A type annotation may be needed prior to this program point to constrain the type of the object. This may allow the lookup to be resolved. [c:\Users\tmdru\Downloads\files\tests\Tests.fsproj]
c:\Users\tmdru\Downloads\files\tests\CacheTests.fs(97,34): error FS0072: Lookup on object of indeterminate type based on information prior to this program point. A type annotation may be needed prior to this program point to constrain the type of the object. This may allow the lookup to be resolved. [c:\Users\tmdru\Downloads\files\tests\Tests.fsproj]
c:\Users\tmdru\Downloads\files\tests\CacheTests.fs(98,13): error FS0072: Lookup on object of indeterminate type based on information prior to this program point. A type annotation may be needed prior to this program point to constrain the type of the object. This may allow the lookup to be resolved. [c:\Users\tmdru\Downloads\files\tests\Tests.fsproj]
c:\Users\tmdru\Downloads\files\tests\CacheTests.fs(103,31): error FS0039: The value or constructor 'LRUCache' is not defined. [c:\Users\tmdru\Downloads\files\tests\Tests.fsproj]
c:\Users\tmdru\Downloads\files\tests\CacheTests.fs(106,21): error FS0072: Lookup on object of indeterminate type based on information prior to this program point. A type annotation may be needed prior to this program point to constrain the type of the object. This may allow the lookup to be resolved. [c:\Users\tmdru\Downloads\files\tests\Tests.fsproj]
c:\Users\tmdru\Downloads\files\tests\CacheTests.fs(108,21): error FS0072: Lookup on object of indeterminate type based on information prior to this program point. A type annotation may be needed prior to this program point to constrain the type of the object. This may allow the lookup to be resolved. [c:\Users\tmdru\Downloads\files\tests\Tests.fsproj]
c:\Users\tmdru\Downloads\files\tests\CacheTests.fs(113,29): error FS0072: Lookup on object of indeterminate type based on information prior to this program point. A type annotation may be needed prior to this program point to constrain the type of the object. This may allow the lookup to be resolved. [c:\Users\tmdru\Downloads\files\tests\Tests.fsproj]
c:\Users\tmdru\Downloads\files\tests\CExportTests.fs(18,10): error FS0039: The namespace or module 'Physics' is not defined. [c:\Users\tmdru\Downloads\files\tests\Tests.fsproj]
c:\Users\tmdru\Downloads\files\tests\CExportTests.fs(19,10): error FS0039: The namespace or module 'Physics' is not defined. [c:\Users\tmdru\Downloads\files\tests\Tests.fsproj]
c:\Users\tmdru\Downloads\files\tests\CExportTests.fs(20,10): error FS0039: The namespace or module 'Physics' is not defined. [c:\Users\tmdru\Downloads\files\tests\Tests.fsproj]
c:\Users\tmdru\Downloads\files\tests\CExportTests.fs(23,57): error FS0039: The type 'CBodyData' is not defined. [c:\Users\tmdru\Downloads\files\tests\Tests.fsproj]
c:\Users\tmdru\Downloads\files\tests\CExportTests.fs(25,13): error FS0039: The namespace or module 'Physics' is not defined. [c:\Users\tmdru\Downloads\files\tests\Tests.fsproj]
c:\Users\tmdru\Downloads\files\tests\CExportTests.fs(26,13): error FS0039: The namespace or module 'Physics' is not defined. [c:\Users\tmdru\Downloads\files\tests\Tests.fsproj]
c:\Users\tmdru\Downloads\files\tests\CExportTests.fs(27,13): error FS0039: The namespace or module 'Physics' is not defined. [c:\Users\tmdru\Downloads\files\tests\Tests.fsproj]
c:\Users\tmdru\Downloads\files\tests\CExportTests.fs(28,13): error FS0039: The namespace or module 'Physics' is not defined. [c:\Users\tmdru\Downloads\files\tests\Tests.fsproj]
c:\Users\tmdru\Downloads\files\tests\CExportTests.fs(29,13): error FS0039: The namespace or module 'Physics' is not defined. [c:\Users\tmdru\Downloads\files\tests\Tests.fsproj]
c:\Users\tmdru\Downloads\files\tests\CExportTests.fs(30,13): error FS0039: The namespace or module 'Physics' is not defined. [c:\Users\tmdru\Downloads\files\tests\Tests.fsproj]
c:\Users\tmdru\Downloads\files\tests\CExportTests.fs(31,13): error FS0039: The namespace or module 'Physics' is not defined. [c:\Users\tmdru\Downloads\files\tests\Tests.fsproj]
c:\Users\tmdru\Downloads\files\tests\CExportTests.fs(32,13): error FS0039: The namespace or module 'Physics' is not defined. [c:\Users\tmdru\Downloads\files\tests\Tests.fsproj]
c:\Users\tmdru\Downloads\files\tests\CExportTests.fs(34,9): error FS0039: The value or constructor 'toCBodyData' is not defined. [c:\Users\tmdru\Downloads\files\tests\Tests.fsproj]
c:\Users\tmdru\Downloads\files\tests\CExportTests.fs(36,23): error FS0039: The type 'CBodyData' is not defined. [c:\Users\tmdru\Downloads\files\tests\Tests.fsproj]
c:\Users\tmdru\Downloads\files\tests\CExportTests.fs(37,27): error FS0039: The value or constructor 'fromCBodyData' is not defined. [c:\Users\tmdru\Downloads\files\tests\Tests.fsproj]
c:\Users\tmdru\Downloads\files\tests\CExportTests.fs(43,67): error FS0039: The type 'RigidBody' does not define the field, constructor or member 'IsStatic'. [c:\Users\tmdru\Downloads\files\tests\Tests.fsproj]
c:\Users\tmdru\Downloads\files\tests\CExportTests.fs(46,27): error FS0039: The type 'CBodyData' is not defined. [c:\Users\tmdru\Downloads\files\tests\Tests.fsproj]
c:\Users\tmdru\Downloads\files\tests\CExportTests.fs(48,13): error FS0039: The namespace or module 'CBodyData' is not defined. [c:\Users\tmdru\Downloads\files\tests\Tests.fsproj]
c:\Users\tmdru\Downloads\files\tests\CExportTests.fs(49,13): error FS0039: The namespace or module 'CBodyData' is not defined. [c:\Users\tmdru\Downloads\files\tests\Tests.fsproj]
c:\Users\tmdru\Downloads\files\tests\CExportTests.fs(50,13): error FS0039: The namespace or module 'CBodyData' is not defined. [c:\Users\tmdru\Downloads\files\tests\Tests.fsproj]
c:\Users\tmdru\Downloads\files\tests\CExportTests.fs(51,13): error FS0039: The namespace or module 'CBodyData' is not defined. [c:\Users\tmdru\Downloads\files\tests\Tests.fsproj]
c:\Users\tmdru\Downloads\files\tests\CExportTests.fs(52,13): error FS0039: The namespace or module 'CBodyData' is not defined. [c:\Users\tmdru\Downloads\files\tests\Tests.fsproj]
c:\Users\tmdru\Downloads\files\tests\CExportTests.fs(53,13): error FS0039: The namespace or module 'CBodyData' is not defined. [c:\Users\tmdru\Downloads\files\tests\Tests.fsproj]
c:\Users\tmdru\Downloads\files\tests\CExportTests.fs(54,13): error FS0039: The namespace or module 'CBodyData' is not defined. [c:\Users\tmdru\Downloads\files\tests\Tests.fsproj]
c:\Users\tmdru\Downloads\files\tests\CExportTests.fs(55,13): error FS0039: The namespace or module 'CBodyData' is not defined. [c:\Users\tmdru\Downloads\files\tests\Tests.fsproj]
c:\Users\tmdru\Downloads\files\tests\CExportTests.fs(56,13): error FS0039: The namespace or module 'CBodyData' is not defined. [c:\Users\tmdru\Downloads\files\tests\Tests.fsproj]
c:\Users\tmdru\Downloads\files\tests\CExportTests.fs(57,13): error FS0039: The namespace or module 'CBodyData' is not defined. [c:\Users\tmdru\Downloads\files\tests\Tests.fsproj]
c:\Users\tmdru\Downloads\files\tests\CExportTests.fs(72,28): error FS0039: The type 'CBodyData' is not defined. [c:\Users\tmdru\Downloads\files\tests\Tests.fsproj]
c:\Users\tmdru\Downloads\files\tests\CExportTests.fs(72,28): error FS0039: The type 'CBodyData' is not defined. [c:\Users\tmdru\Downloads\files\tests\Tests.fsproj]
c:\Users\tmdru\Downloads\files\tests\CExportTests.fs(74,17): error FS0039: The namespace or module 'CBodyData' is not defined. [c:\Users\tmdru\Downloads\files\tests\Tests.fsproj]
c:\Users\tmdru\Downloads\files\tests\CExportTests.fs(75,17): error FS0039: The namespace or module 'CBodyData' is not defined. [c:\Users\tmdru\Downloads\files\tests\Tests.fsproj]
c:\Users\tmdru\Downloads\files\tests\CExportTests.fs(76,17): error FS0039: The namespace or module 'CBodyData' is not defined. [c:\Users\tmdru\Downloads\files\tests\Tests.fsproj]
c:\Users\tmdru\Downloads\files\tests\CExportTests.fs(77,17): error FS0039: The namespace or module 'CBodyData' is not defined. [c:\Users\tmdru\Downloads\files\tests\Tests.fsproj]
c:\Users\tmdru\Downloads\files\tests\CExportTests.fs(78,17): error FS0039: The namespace or module 'CBodyData' is not defined. [c:\Users\tmdru\Downloads\files\tests\Tests.fsproj]
c:\Users\tmdru\Downloads\files\tests\CExportTests.fs(79,17): error FS0039: The namespace or module 'CBodyData' is not defined. [c:\Users\tmdru\Downloads\files\tests\Tests.fsproj]
c:\Users\tmdru\Downloads\files\tests\CExportTests.fs(80,17): error FS0039: The namespace or module 'CBodyData' is not defined. [c:\Users\tmdru\Downloads\files\tests\Tests.fsproj]
c:\Users\tmdru\Downloads\files\tests\CExportTests.fs(81,17): error FS0039: The namespace or module 'CBodyData' is not defined. [c:\Users\tmdru\Downloads\files\tests\Tests.fsproj]
c:\Users\tmdru\Downloads\files\tests\CExportTests.fs(82,17): error FS0039: The namespace or module 'CBodyData' is not defined. [c:\Users\tmdru\Downloads\files\tests\Tests.fsproj]
c:\Users\tmdru\Downloads\files\tests\CExportTests.fs(83,17): error FS0039: The namespace or module 'CBodyData' is not defined. [c:\Users\tmdru\Downloads\files\tests\Tests.fsproj]
c:\Users\tmdru\Downloads\files\tests\CExportTests.fs(106,26): error FS0039: The value or constructor 'physics_add_body' is not defined. Maybe you want one of the following:   physicsCost   physicsWorld   PhysicsWorld   PhysicsWorldBuilder [c:\Users\tmdru\Downloads\files\tests\Tests.fsproj]
c:\Users\tmdru\Downloads\files\tests\CExportTests.fs(108,13): error FS0039: The value or constructor 'physics_step' is not defined. Maybe you want one of the following:   PhysicsState   physicsCost   toPhysicsState   physicsWorld   PhysicsWorld [c:\Users\tmdru\Downloads\files\tests\Tests.fsproj]
c:\Users\tmdru\Downloads\files\tests\CExportTests.fs(109,13): error FS0039: The value or constructor 'physics_shutdown' is not defined. Maybe you want one of the following:   physicsCost   PhysicsState   physicsWorld   PhysicsWorld   PhysicsWorldBuilder [c:\Users\tmdru\Downloads\files\tests\Tests.fsproj]
c:\Users\tmdru\Downloads\files\tests\CExportTests.fs(115,26): error FS0039: The value or constructor 'physics_add_body' is not defined. Maybe you want one of the following:   physicsCost   physicsWorld   PhysicsWorld   PhysicsWorldBuilder [c:\Users\tmdru\Downloads\files\tests\Tests.fsproj]
c:\Users\tmdru\Downloads\files\tests\CExportTests.fs(116,55): error FS0039: The type 'CBodyData' is not defined. [c:\Users\tmdru\Downloads\files\tests\Tests.fsproj]
c:\Users\tmdru\Downloads\files\tests\CExportTests.fs(117,13): error FS0039: The value or constructor 'physics_get_body' is not defined. Maybe you want one of the following:   physicsCost   PhysicsState   physicsWorld   PhysicsWorld [c:\Users\tmdru\Downloads\files\tests\Tests.fsproj]
c:\Users\tmdru\Downloads\files\tests\CExportTests.fs(124,26): error FS0039: The value or constructor 'physics_add_body' is not defined. Maybe you want one of the following:   physicsCost   physicsWorld   PhysicsWorld   PhysicsWorldBuilder [c:\Users\tmdru\Downloads\files\tests\Tests.fsproj]
c:\Users\tmdru\Downloads\files\tests\CExportTests.fs(132,26): error FS0039: The value or constructor 'physics_add_body' is not defined. Maybe you want one of the following:   physicsCost   physicsWorld   PhysicsWorld   PhysicsWorldBuilder [c:\Users\tmdru\Downloads\files\tests\Tests.fsproj]
c:\Users\tmdru\Downloads\files\tests\CExportTests.fs(133,57): error FS0039: The type 'CBodyData' is not defined. [c:\Users\tmdru\Downloads\files\tests\Tests.fsproj]
c:\Users\tmdru\Downloads\files\tests\CExportTests.fs(134,13): error FS0039: The value or constructor 'physics_get_body' is not defined. Maybe you want one of the following:   physicsCost   PhysicsState   physicsWorld   PhysicsWorld [c:\Users\tmdru\Downloads\files\tests\Tests.fsproj]
c:\Users\tmdru\Downloads\files\tests\CExportTests.fs(143,71): error FS0039: The value or constructor 'physics_add_body' is not defined. Maybe you want one of the following:   physicsCost   physicsWorld   PhysicsWorld   PhysicsWorldBuilder [c:\Users\tmdru\Downloads\files\tests\Tests.fsproj]
c:\Users\tmdru\Downloads\files\tests\CExportTests.fs(144,71): error FS0039: The value or constructor 'physics_add_body' is not defined. Maybe you want one of the following:   physicsCost   physicsWorld   PhysicsWorld   PhysicsWorldBuilder [c:\Users\tmdru\Downloads\files\tests\Tests.fsproj]
c:\Users\tmdru\Downloads\files\tests\CExportTests.fs(145,71): error FS0039: The value or constructor 'physics_add_body' is not defined. Maybe you want one of the following:   physicsCost   physicsWorld   PhysicsWorld   PhysicsWorldBuilder [c:\Users\tmdru\Downloads\files\tests\Tests.fsproj]
c:\Users\tmdru\Downloads\files\tests\CExportTests.fs(152,22): error FS0039: The value or constructor 'physics_init' is not defined. Maybe you want one of the following:   physicsCost   PhysicsState   physicsWorld   PhysicsWorld [c:\Users\tmdru\Downloads\files\tests\Tests.fsproj]
c:\Users\tmdru\Downloads\files\tests\CExportTests.fs(154,9): error FS0039: The value or constructor 'physics_shutdown' is not defined. Maybe you want one of the following:   physicsCost   PhysicsState   physicsWorld   PhysicsWorld   PhysicsWorldBuilder [c:\Users\tmdru\Downloads\files\tests\Tests.fsproj]
c:\Users\tmdru\Downloads\files\tests\CExportTests.fs(159,13): error FS0039: The value or constructor 'physics_shutdown' is not defined. Maybe you want one of the following:   physicsCost   PhysicsState   physicsWorld   PhysicsWorld   PhysicsWorldBuilder [c:\Users\tmdru\Downloads\files\tests\Tests.fsproj]
c:\Users\tmdru\Downloads\files\tests\CExportTests.fs(161,26): error FS0039: The value or constructor 'physics_add_body' is not defined. Maybe you want one of the following:   physicsCost   physicsWorld   PhysicsWorld   PhysicsWorldBuilder [c:\Users\tmdru\Downloads\files\tests\Tests.fsproj]
c:\Users\tmdru\Downloads\files\tests\CExportTests.fs(178,86): error FS0039: The value or constructor 'physics_add_body' is not defined. Maybe you want one of the following:   physicsCost   physicsWorld   PhysicsWorld   PhysicsWorldBuilder [c:\Users\tmdru\Downloads\files\tests\Tests.fsproj]
c:\Users\tmdru\Downloads\files\tests\ConstraintsTests.fs(15,10): error FS0039: The namespace or module 'ProceduralGeneration' is not defined. [c:\Users\tmdru\Downloads\files\tests\Tests.fsproj]
c:\Users\tmdru\Downloads\files\tests\ConstraintsTests.fs(16,10): error FS0039: The namespace or module 'Terrain' is not defined. [c:\Users\tmdru\Downloads\files\tests\Tests.fsproj]
c:\Users\tmdru\Downloads\files\tests\ConstraintsTests.fs(17,10): error FS0039: The namespace or module 'Physics' is not defined. [c:\Users\tmdru\Downloads\files\tests\Tests.fsproj]
c:\Users\tmdru\Downloads\files\tests\ConstraintsTests.fs(99,22): error FS0039: The value, namespace, type or module 'EnvironmentConstraints' is not defined. [c:\Users\tmdru\Downloads\files\tests\Tests.fsproj]
c:\Users\tmdru\Downloads\files\tests\ConstraintsTests.fs(100,22): error FS0039: The value, namespace, type or module 'EnvironmentConstraints' is not defined. [c:\Users\tmdru\Downloads\files\tests\Tests.fsproj]
c:\Users\tmdru\Downloads\files\tests\ConstraintsTests.fs(108,18): error FS0039: The value, namespace, type or module 'EnvironmentConstraints' is not defined. [c:\Users\tmdru\Downloads\files\tests\Tests.fsproj]
c:\Users\tmdru\Downloads\files\tests\ConstraintsTests.fs(108,58): error FS0039: The value, namespace, type or module 'EnvironmentConstraints' is not defined. [c:\Users\tmdru\Downloads\files\tests\Tests.fsproj]
c:\Users\tmdru\Downloads\files\tests\ConstraintsTests.fs(114,27): error FS0039: The value, namespace, type or module 'EnvironmentConstraints' is not defined. [c:\Users\tmdru\Downloads\files\tests\Tests.fsproj]
c:\Users\tmdru\Downloads\files\tests\PhysicsTests.fs(16,10): error FS0039: The namespace or module 'Physics' is not defined. [c:\Users\tmdru\Downloads\files\tests\Tests.fsproj]
c:\Users\tmdru\Downloads\files\tests\PhysicsTests.fs(47,15): error FS0039: The namespace or module 'Physics' is not defined. [c:\Users\tmdru\Downloads\files\tests\Tests.fsproj]
c:\Users\tmdru\Downloads\files\tests\PhysicsTests.fs(47,120): error FS0039: The record label 'Acceleration' is not defined. [c:\Users\tmdru\Downloads\files\tests\Tests.fsproj]
c:\Users\tmdru\Downloads\files\tests\PhysicsTests.fs(47,77): error FS0193: Type constraint mismatch. The type     'System.Numerics.Vector3'    is not compatible with type    'TestInfrastructure.Core.Vector3' [c:\Users\tmdru\Downloads\files\tests\Tests.fsproj]
c:\Users\tmdru\Downloads\files\tests\PhysicsTests.fs(47,13): error FS0764: No assignment given for field 'Position' of type 'TestInfrastructure.Core.RigidBody' [c:\Users\tmdru\Downloads\files\tests\Tests.fsproj]
c:\Users\tmdru\Downloads\files\tests\PhysicsTests.fs(48,15): error FS0039: The namespace or module 'Physics' is not defined. [c:\Users\tmdru\Downloads\files\tests\Tests.fsproj]
c:\Users\tmdru\Downloads\files\tests\PhysicsTests.fs(48,121): error FS1129: The record type 'RigidBody' does not contain a label 'Acceleration'. [c:\Users\tmdru\Downloads\files\tests\Tests.fsproj]
c:\Users\tmdru\Downloads\files\tests\PhysicsTests.fs(48,77): error FS0193: Type constraint mismatch. The type     'System.Numerics.Vector3'    is not compatible with type    'TestInfrastructure.Core.Vector3' [c:\Users\tmdru\Downloads\files\tests\Tests.fsproj]
c:\Users\tmdru\Downloads\files\tests\PhysicsTests.fs(48,13): error FS0764: No assignment given for field 'Position' of type 'TestInfrastructure.Core.RigidBody' [c:\Users\tmdru\Downloads\files\tests\Tests.fsproj]
c:\Users\tmdru\Downloads\files\tests\PhysicsTests.fs(51,24): error FS0039: The namespace or module 'Physics' is not defined. [c:\Users\tmdru\Downloads\files\tests\Tests.fsproj]
c:\Users\tmdru\Downloads\files\tests\PhysicsTests.fs(51,49): error FS0039: The record label 'Properties' is not defined. [c:\Users\tmdru\Downloads\files\tests\Tests.fsproj]
c:\Users\tmdru\Downloads\files\tests\PhysicsTests.fs(51,69): error FS0039: The record label 'Positions' is not defined. [c:\Users\tmdru\Downloads\files\tests\Tests.fsproj]
c:\Users\tmdru\Downloads\files\tests\PhysicsTests.fs(51,123): error FS0039: The namespace or module 'Physics' is not defined. [c:\Users\tmdru\Downloads\files\tests\Tests.fsproj]
c:\Users\tmdru\Downloads\files\tests\PhysicsTests.fs(51,47): error FS0764: No assignment given for field 'Bodies' of type 'TestInfrastructure.Core.PhysicsState' [c:\Users\tmdru\Downloads\files\tests\Tests.fsproj]
c:\Users\tmdru\Downloads\files\tests\SpatialHashTests.fs(85,64): error FS0001: Type mismatch. Expecting a    'TestInfrastructure.Core.Vector3 Microsoft.FSharp.Core.array'    but given a    'System.Numerics.Vector3 Microsoft.FSharp.Core.array'    The type 'TestInfrastructure.Core.Vector3' does not match the type 'System.Numerics.Vector3' [c:\Users\tmdru\Downloads\files\tests\Tests.fsproj]
c:\Users\tmdru\Downloads\files\tests\PhysicsQueriesTests.fs(11,10): error FS0039: The namespace or module 'Physics' is not defined. Maybe you want one of the following:   PhysicsTests [c:\Users\tmdru\Downloads\files\tests\Tests.fsproj]
c:\Users\tmdru\Downloads\files\tests\PhysicsQueriesTests.fs(17,56): error FS0001: This expression was expected to have type    'float32'    but here has type    'float' [c:\Users\tmdru\Downloads\files\tests\Tests.fsproj]
c:\Users\tmdru\Downloads\files\tests\PhysicsQueriesTests.fs(31,36): error FS0001: This expression was expected to have type    'float32'    but here has type    'float' [c:\Users\tmdru\Downloads\files\tests\Tests.fsproj]
c:\Users\tmdru\Downloads\files\tests\PhysicsQueriesTests.fs(31,41): error FS0001: This expression was expected to have type    'float32'    but here has type    'float' [c:\Users\tmdru\Downloads\files\tests\Tests.fsproj]
c:\Users\tmdru\Downloads\files\tests\PhysicsQueriesTests.fs(31,41): error FS0001: This expression was expected to have type    'float32'    but here has type    'float' [c:\Users\tmdru\Downloads\files\tests\Tests.fsproj]
c:\Users\tmdru\Downloads\files\tests\PhysicsQueriesTests.fs(31,61): error FS0001: This expression was expected to have type    'float32'    but here has type    'float' [c:\Users\tmdru\Downloads\files\tests\Tests.fsproj]
c:\Users\tmdru\Downloads\files\tests\PhysicsQueriesTests.fs(32,32): error FS0001: This expression was expected to have type    'TestInfrastructure.Core.Vector3'    but here has type    'System.Numerics.Vector3' [c:\Users\tmdru\Downloads\files\tests\Tests.fsproj]
c:\Users\tmdru\Downloads\files\tests\PhysicsQueriesTests.fs(70,9): error FS3214: Method or object constructor 'Length' is not static [c:\Users\tmdru\Downloads\files\tests\Tests.fsproj]
c:\Users\tmdru\Downloads\files\tests\PhysicsQueriesTests.fs(70,47): error FS0001: None of the types 'bool, Lazy<'a>' support the operator '==>' [c:\Users\tmdru\Downloads\files\tests\Tests.fsproj]
c:\Users\tmdru\Downloads\files\tests\PhysicsQueriesTests.fs(70,43): error FS0043: None of the types 'bool, Lazy<'a>' support the operator '==>' [c:\Users\tmdru\Downloads\files\tests\Tests.fsproj]
c:\Users\tmdru\Downloads\files\tests\PhysicsServiceTests.fs(13,10): error FS0039: The namespace or module 'Physics' is not defined. Maybe you want one of the following:   PhysicsTests   PhysicsQueriesTests [c:\Users\tmdru\Downloads\files\tests\Tests.fsproj]
c:\Users\tmdru\Downloads\files\tests\PhysicsServiceTests.fs(19,26): error FS0072: Lookup on object of indeterminate type based on information prior to this program point. A type annotation may be needed prior to this program point to constrain the type of the object. This may allow the lookup to be resolved. [c:\Users\tmdru\Downloads\files\tests\Tests.fsproj]
c:\Users\tmdru\Downloads\files\tests\PhysicsServiceTests.fs(22,13): error FS0072: Lookup on object of indeterminate type based on information prior to this program point. A type annotation may be needed prior to this program point to constrain the type of the object. This may allow the lookup to be resolved. [c:\Users\tmdru\Downloads\files\tests\Tests.fsproj]
c:\Users\tmdru\Downloads\files\tests\PhysicsServiceTests.fs(28,26): error FS0072: Lookup on object of indeterminate type based on information prior to this program point. A type annotation may be needed prior to this program point to constrain the type of the object. This may allow the lookup to be resolved. [c:\Users\tmdru\Downloads\files\tests\Tests.fsproj]
c:\Users\tmdru\Downloads\files\tests\PhysicsServiceTests.fs(34,32): error FS0072: Lookup on object of indeterminate type based on information prior to this program point. A type annotation may be needed prior to this program point to constrain the type of the object. This may allow the lookup to be resolved. [c:\Users\tmdru\Downloads\files\tests\Tests.fsproj]
c:\Users\tmdru\Downloads\files\tests\PhysicsServiceTests.fs(35,33): error FS0072: Lookup on object of indeterminate type based on information prior to this program point. A type annotation may be needed prior to this program point to constrain the type of the object. This may allow the lookup to be resolved. [c:\Users\tmdru\Downloads\files\tests\Tests.fsproj]
c:\Users\tmdru\Downloads\files\tests\PhysicsServiceTests.fs(43,26): error FS0072: Lookup on object of indeterminate type based on information prior to this program point. A type annotation may be needed prior to this program point to constrain the type of the object. This may allow the lookup to be resolved. [c:\Users\tmdru\Downloads\files\tests\Tests.fsproj]
c:\Users\tmdru\Downloads\files\tests\PhysicsServiceTests.fs(47,42): error FS0193: Type constraint mismatch. The type     'System.Numerics.Vector3'    is not compatible with type    'TestInfrastructure.Core.Vector3' [c:\Users\tmdru\Downloads\files\tests\Tests.fsproj]
c:\Users\tmdru\Downloads\files\tests\PhysicsServiceTests.fs(53,26): error FS0072: Lookup on object of indeterminate type based on information prior to this program point. A type annotation may be needed prior to this program point to constrain the type of the object. This may allow the lookup to be resolved. [c:\Users\tmdru\Downloads\files\tests\Tests.fsproj]
c:\Users\tmdru\Downloads\files\tests\PhysicsServiceTests.fs(54,13): error FS0072: Lookup on object of indeterminate type based on information prior to this program point. A type annotation may be needed prior to this program point to constrain the type of the object. This may allow the lookup to be resolved. [c:\Users\tmdru\Downloads\files\tests\Tests.fsproj]
c:\Users\tmdru\Downloads\files\tests\PhysicsServiceTests.fs(58,42): error FS0193: Type constraint mismatch. The type     'System.Numerics.Vector3'    is not compatible with type    'TestInfrastructure.Core.Vector3' [c:\Users\tmdru\Downloads\files\tests\Tests.fsproj]
c:\Users\tmdru\Downloads\files\tests\PhysicsServiceTests.fs(65,26): error FS0072: Lookup on object of indeterminate type based on information prior to this program point. A type annotation may be needed prior to this program point to constrain the type of the object. This may allow the lookup to be resolved. [c:\Users\tmdru\Downloads\files\tests\Tests.fsproj]
c:\Users\tmdru\Downloads\files\tests\PhysicsServiceTests.fs(67,13): error FS0072: Lookup on object of indeterminate type based on information prior to this program point. A type annotation may be needed prior to this program point to constrain the type of the object. This may allow the lookup to be resolved. [c:\Users\tmdru\Downloads\files\tests\Tests.fsproj]
c:\Users\tmdru\Downloads\files\tests\PhysicsServiceTests.fs(76,13): error FS0072: Lookup on object of indeterminate type based on information prior to this program point. A type annotation may be needed prior to this program point to constrain the type of the object. This may allow the lookup to be resolved. [c:\Users\tmdru\Downloads\files\tests\Tests.fsproj]
c:\Users\tmdru\Downloads\files\tests\PhysicsServiceTests.fs(77,13): error FS0072: Lookup on object of indeterminate type based on information prior to this program point. A type annotation may be needed prior to this program point to constrain the type of the object. This may allow the lookup to be resolved. [c:\Users\tmdru\Downloads\files\tests\Tests.fsproj]
c:\Users\tmdru\Downloads\files\tests\PhysicsServiceTests.fs(84,26): error FS0072: Lookup on object of indeterminate type based on information prior to this program point. A type annotation may be needed prior to this program point to constrain the type of the object. This may allow the lookup to be resolved. [c:\Users\tmdru\Downloads\files\tests\Tests.fsproj]
c:\Users\tmdru\Downloads\files\tests\PhysicsServiceTests.fs(91,13): error FS0072: Lookup on object of indeterminate type based on information prior to this program point. A type annotation may be needed prior to this program point to constrain the type of the object. This may allow the lookup to be resolved. [c:\Users\tmdru\Downloads\files\tests\Tests.fsproj]
c:\Users\tmdru\Downloads\files\tests\PhysicsServiceTests.fs(92,13): error FS0072: Lookup on object of indeterminate type based on information prior to this program point. A type annotation may be needed prior to this program point to constrain the type of the object. This may allow the lookup to be resolved. [c:\Users\tmdru\Downloads\files\tests\Tests.fsproj]
c:\Users\tmdru\Downloads\files\tests\PhysicsServiceTests.fs(95,17): error FS0072: Lookup on object of indeterminate type based on information prior to this program point. A type annotation may be needed prior to this program point to constrain the type of the object. This may allow the lookup to be resolved. [c:\Users\tmdru\Downloads\files\tests\Tests.fsproj]
c:\Users\tmdru\Downloads\files\tests\PhysicsServiceTests.fs(95,42): error FS0072: Lookup on object of indeterminate type based on information prior to this program point. A type annotation may be needed prior to this program point to constrain the type of the object. This may allow the lookup to be resolved. [c:\Users\tmdru\Downloads\files\tests\Tests.fsproj]
c:\Users\tmdru\Downloads\files\tests\PhysicsServiceTests.fs(100,13): error FS0072: Lookup on object of indeterminate type based on information prior to this program point. A type annotation may be needed prior to this program point to constrain the type of the object. This may allow the lookup to be resolved. [c:\Users\tmdru\Downloads\files\tests\Tests.fsproj]
c:\Users\tmdru\Downloads\files\tests\PhysicsServiceTests.fs(102,13): error FS0072: Lookup on object of indeterminate type based on information prior to this program point. A type annotation may be needed prior to this program point to constrain the type of the object. This may allow the lookup to be resolved. [c:\Users\tmdru\Downloads\files\tests\Tests.fsproj]
c:\Users\tmdru\Downloads\files\tests\PhysicsServiceTests.fs(103,45): error FS0072: Lookup on object of indeterminate type based on information prior to this program point. A type annotation may be needed prior to this program point to constrain the type of the object. This may allow the lookup to be resolved. [c:\Users\tmdru\Downloads\files\tests\Tests.fsproj]
c:\Users\tmdru\Downloads\files\tests\PhysicsServiceTests.fs(103,68): error FS0072: Lookup on object of indeterminate type based on information prior to this program point. A type annotation may be needed prior to this program point to constrain the type of the object. This may allow the lookup to be resolved. [c:\Users\tmdru\Downloads\files\tests\Tests.fsproj]
c:\Users\tmdru\Downloads\files\tests\PhysicsServiceTests.fs(110,45): error FS0072: Lookup on object of indeterminate type based on information prior to this program point. A type annotation may be needed prior to this program point to constrain the type of the object. This may allow the lookup to be resolved. [c:\Users\tmdru\Downloads\files\tests\Tests.fsproj]
c:\Users\tmdru\Downloads\files\tests\SyncThreadSafetyTests.fs(15,10): error FS0039: The namespace or module 'Physics' is not defined. Maybe you want one of the following:   PhysicsTests   PhysicsQueriesTests   PhysicsServiceTests [c:\Users\tmdru\Downloads\files\tests\Tests.fsproj]
c:\Users\tmdru\Downloads\files\tests\SyncThreadSafetyTests.fs(19,22): error FS0039: The value or constructor 'TripleBuffer' is not defined. [c:\Users\tmdru\Downloads\files\tests\Tests.fsproj]
c:\Users\tmdru\Downloads\files\tests\SyncThreadSafetyTests.fs(23,37): error FS0072: Lookup on object of indeterminate type based on information prior to this program point. A type annotation may be needed prior to this program point to constrain the type of the object. This may allow the lookup to be resolved. [c:\Users\tmdru\Downloads\files\tests\Tests.fsproj]
c:\Users\tmdru\Downloads\files\tests\SyncThreadSafetyTests.fs(23,57): error FS0072: Lookup on object of indeterminate type based on information prior to this program point. A type annotation may be needed prior to this program point to constrain the type of the object. This may allow the lookup to be resolved. [c:\Users\tmdru\Downloads\files\tests\Tests.fsproj]
c:\Users\tmdru\Downloads\files\tests\SyncThreadSafetyTests.fs(26,24): error FS0193: Type constraint mismatch. The type     'TimeSpan'    is not compatible with type    'TimeSpan option' [c:\Users\tmdru\Downloads\files\tests\Tests.fsproj]
c:\Users\tmdru\Downloads\files\tests\SyncThreadSafetyTests.fs(33,21): error FS0039: The value or constructor 'PhysicsCommandQueue' is not defined. Maybe you want one of the following:   physicsCost   PhysicsState [c:\Users\tmdru\Downloads\files\tests\Tests.fsproj]
c:\Users\tmdru\Downloads\files\tests\SyncThreadSafetyTests.fs(37,72): error FS0039: The type 'AsyncReplyChannel<_>' does not define the field, constructor or member 'CreateWithTimeout'. [c:\Users\tmdru\Downloads\files\tests\Tests.fsproj]
c:\Users\tmdru\Downloads\files\tests\SyncThreadSafetyTests.fs(38,21): error FS0072: Lookup on object of indeterminate type based on information prior to this program point. A type annotation may be needed prior to this program point to constrain the type of the object. This may allow the lookup to be resolved. [c:\Users\tmdru\Downloads\files\tests\Tests.fsproj]
c:\Users\tmdru\Downloads\files\tests\SyncThreadSafetyTests.fs(42,25): error FS0072: Lookup on object of indeterminate type based on information prior to this program point. A type annotation may be needed prior to this program point to constrain the type of the object. This may allow the lookup to be resolved. [c:\Users\tmdru\Downloads\files\tests\Tests.fsproj]
c:\Users\tmdru\Downloads\files\tests\SyncThreadSafetyTests.fs(46,27): error FS0039: The type 'ThreadSafePhysicsManager' is not defined. Maybe you want one of the following:   ThreadSafetySpec   ThreadExceptionEventArgs   ThreadStartException   ThreadStateException [c:\Users\tmdru\Downloads\files\tests\Tests.fsproj]
c:\Users\tmdru\Downloads\files\tests\SyncThreadSafetyTests.fs(47,9): error FS0072: Lookup on object of indeterminate type based on information prior to this program point. A type annotation may be needed prior to this program point to constrain the type of the object. This may allow the lookup to be resolved. [c:\Users\tmdru\Downloads\files\tests\Tests.fsproj]
c:\Users\tmdru\Downloads\files\tests\SyncThreadSafetyTests.fs(48,21): error FS0072: Lookup on object of indeterminate type based on information prior to this program point. A type annotation may be needed prior to this program point to constrain the type of the object. This may allow the lookup to be resolved. [c:\Users\tmdru\Downloads\files\tests\Tests.fsproj]
c:\Users\tmdru\Downloads\files\tests\SyncThreadSafetyTests.fs(50,13): error FS0072: Lookup on object of indeterminate type based on information prior to this program point. A type annotation may be needed prior to this program point to constrain the type of the object. This may allow the lookup to be resolved. [c:\Users\tmdru\Downloads\files\tests\Tests.fsproj]
c:\Users\tmdru\Downloads\files\tests\SyncThreadSafetyTests.fs(51,13): error FS0072: Lookup on object of indeterminate type based on information prior to this program point. A type annotation may be needed prior to this program point to constrain the type of the object. This may allow the lookup to be resolved. [c:\Users\tmdru\Downloads\files\tests\Tests.fsproj]
c:\Users\tmdru\Downloads\files\tests\SyncThreadSafetyTests.fs(55,21): error FS0039: The value or constructor 'PhysicsCommandQueue' is not defined. Maybe you want one of the following:   physicsCost   PhysicsState [c:\Users\tmdru\Downloads\files\tests\Tests.fsproj]
c:\Users\tmdru\Downloads\files\tests\SyncThreadSafetyTests.fs(56,21): error FS0072: Lookup on object of indeterminate type based on information prior to this program point. A type annotation may be needed prior to this program point to constrain the type of the object. This may allow the lookup to be resolved. [c:\Users\tmdru\Downloads\files\tests\Tests.fsproj]
c:\Users\tmdru\Downloads\files\tests\SyncThreadSafetyTests.fs(58,18): error FS0072: Lookup on object of indeterminate type based on information prior to this program point. A type annotation may be needed prior to this program point to constrain the type of the object. This may allow the lookup to be resolved. [c:\Users\tmdru\Downloads\files\tests\Tests.fsproj]
c:\Users\tmdru\Downloads\files\tests\SyncThreadSafetyTests.fs(77,23): error FS0039: The value or constructor 'SnapshotManager' is not defined. [c:\Users\tmdru\Downloads\files\tests\Tests.fsproj]
c:\Users\tmdru\Downloads\files\tests\SyncThreadSafetyTests.fs(78,85): error FS0800: Invalid use of a type name [c:\Users\tmdru\Downloads\files\tests\Tests.fsproj]
c:\Users\tmdru\Downloads\files\tests\SyncThreadSafetyTests.fs(79,9): error FS0072: Lookup on object of indeterminate type based on information prior to this program point. A type annotation may be needed prior to this program point to constrain the type of the object. This may allow the lookup to be resolved. [c:\Users\tmdru\Downloads\files\tests\Tests.fsproj]
c:\Users\tmdru\Downloads\files\tests\SyncThreadSafetyTests.fs(85,23): error FS0039: The value or constructor 'ThreadSafePhysicsManager' is not defined. Maybe you want one of the following:   ThreadSafetySpec   ThreadExceptionEventArgs   ThreadStartException   ThreadStateException   ThreadStartException [c:\Users\tmdru\Downloads\files\tests\Tests.fsproj]
c:\Users\tmdru\Downloads\files\tests\SyncThreadSafetyTests.fs(86,22): error FS0072: Lookup on object of indeterminate type based on information prior to this program point. A type annotation may be needed prior to this program point to constrain the type of the object. This may allow the lookup to be resolved. [c:\Users\tmdru\Downloads\files\tests\Tests.fsproj]
c:\Users\tmdru\Downloads\files\tests\SyncThreadSafetyTests.fs(91,23): error FS0039: The value or constructor 'ThreadSafePhysicsManager' is not defined. Maybe you want one of the following:   ThreadSafetySpec   ThreadExceptionEventArgs   ThreadStartException   ThreadStateException   ThreadStartException [c:\Users\tmdru\Downloads\files\tests\Tests.fsproj]
c:\Users\tmdru\Downloads\files\tests\SyncThreadSafetyTests.fs(92,9): error FS0072: Lookup on object of indeterminate type based on information prior to this program point. A type annotation may be needed prior to this program point to constrain the type of the object. This may allow the lookup to be resolved. [c:\Users\tmdru\Downloads\files\tests\Tests.fsproj]
c:\Users\tmdru\Downloads\files\tests\SyncThreadSafetyTests.fs(93,9): error FS0072: Lookup on object of indeterminate type based on information prior to this program point. A type annotation may be needed prior to this program point to constrain the type of the object. This may allow the lookup to be resolved. [c:\Users\tmdru\Downloads\files\tests\Tests.fsproj]
c:\Users\tmdru\Downloads\files\tests\SyncThreadSafetyTests.fs(94,48): error FS0072: Lookup on object of indeterminate type based on information prior to this program point. A type annotation may be needed prior to this program point to constrain the type of the object. This may allow the lookup to be resolved. [c:\Users\tmdru\Downloads\files\tests\Tests.fsproj]
c:\Users\tmdru\Downloads\files\tests\SyncThreadSafetyTests.fs(95,9): error FS0072: Lookup on object of indeterminate type based on information prior to this program point. A type annotation may be needed prior to this program point to constrain the type of the object. This may allow the lookup to be resolved. [c:\Users\tmdru\Downloads\files\tests\Tests.fsproj]
c:\Users\tmdru\Downloads\files\tests\SyncThreadSafetyTests.fs(111,23): error FS0039: The value or constructor 'ThreadSafePhysicsManager' is not defined. Maybe you want one of the following:   ThreadSafetySpec   ThreadExceptionEventArgs   ThreadStartException   ThreadStateException   ThreadStartException [c:\Users\tmdru\Downloads\files\tests\Tests.fsproj]
c:\Users\tmdru\Downloads\files\tests\SyncThreadSafetyTests.fs(112,9): error FS0072: Lookup on object of indeterminate type based on information prior to this program point. A type annotation may be needed prior to this program point to constrain the type of the object. This may allow the lookup to be resolved. [c:\Users\tmdru\Downloads\files\tests\Tests.fsproj]
c:\Users\tmdru\Downloads\files\tests\SyncThreadSafetyTests.fs(113,9): error FS0072: Lookup on object of indeterminate type based on information prior to this program point. A type annotation may be needed prior to this program point to constrain the type of the object. This may allow the lookup to be resolved. [c:\Users\tmdru\Downloads\files\tests\Tests.fsproj]
c:\Users\tmdru\Downloads\files\tests\SyncThreadSafetyTests.fs(120,22): error FS0039: The value or constructor 'TripleBuffer' is not defined. [c:\Users\tmdru\Downloads\files\tests\Tests.fsproj]
c:\Users\tmdru\Downloads\files\tests\SyncThreadSafetyTests.fs(122,41): error FS0072: Lookup on object of indeterminate type based on information prior to this program point. A type annotation may be needed prior to this program point to constrain the type of the object. This may allow the lookup to be resolved. [c:\Users\tmdru\Downloads\files\tests\Tests.fsproj]
c:\Users\tmdru\Downloads\files\tests\SyncThreadSafetyTests.fs(122,58): error FS0072: Lookup on object of indeterminate type based on information prior to this program point. A type annotation may be needed prior to this program point to constrain the type of the object. This may allow the lookup to be resolved. [c:\Users\tmdru\Downloads\files\tests\Tests.fsproj]
c:\Users\tmdru\Downloads\files\tests\ThreadSafeRandomTests.fs(56,44): error FS0001: None of the types 'bool, Lazy<'a>' support the operator '==>' [c:\Users\tmdru\Downloads\files\tests\Tests.fsproj]
c:\Users\tmdru\Downloads\files\tests\UnitsOfMeasureTests.fs(173,21): error FS0001: None of the types 'bool, Lazy<'a>' support the operator '==>' [c:\Users\tmdru\Downloads\files\tests\Tests.fsproj]
c:\Users\tmdru\Downloads\files\tests\UnitsOfMeasureTests.fs(173,17): error FS0043: None of the types 'bool, Lazy<'a>' support the operator '==>' [c:\Users\tmdru\Downloads\files\tests\Tests.fsproj]
c:\Users\tmdru\Downloads\files\tests\UnitsOfMeasureTests.fs(181,30): error FS0001: The type 'PositiveInt' does not support a conversion to the type 'float' [c:\Users\tmdru\Downloads\files\tests\Tests.fsproj]
c:\Users\tmdru\Downloads\files\tests\UnitsOfMeasureTests.fs(182,26): error FS0001: The type 'PositiveInt' does not support a conversion to the type 'float' [c:\Users\tmdru\Downloads\files\tests\Tests.fsproj]
c:\Users\tmdru\Downloads\files\tests\UnitsOfMeasureTests.fs(184,33): error FS0001: The type 'PositiveInt' does not support a conversion to the type 'float' [c:\Users\tmdru\Downloads\files\tests\Tests.fsproj]
c:\Users\tmdru\Downloads\files\tests\UnitsOfMeasureTests.fs(184,43): error FS0001: The type 'PositiveInt' does not support a conversion to the type 'float' [c:\Users\tmdru\Downloads\files\tests\Tests.fsproj]
c:\Users\tmdru\Downloads\files\tests\UnitsOfMeasureTests.fs(188,27): error FS0001: The type 'PositiveInt' does not support a conversion to the type 'float' [c:\Users\tmdru\Downloads\files\tests\Tests.fsproj]
c:\Users\tmdru\Downloads\files\tests\UnitsOfMeasureTests.fs(189,30): error FS0001: The type 'PositiveInt' does not support a conversion to the type 'float' [c:\Users\tmdru\Downloads\files\tests\Tests.fsproj]
c:\Users\tmdru\Downloads\files\tests\UnitsOfMeasureTests.fs(191,31): error FS0001: The type 'PositiveInt' does not support a conversion to the type 'float' [c:\Users\tmdru\Downloads\files\tests\Tests.fsproj]
c:\Users\tmdru\Downloads\files\tests\UnitsOfMeasureTests.fs(191,41): error FS0001: The type 'PositiveInt' does not support a conversion to the type 'float' [c:\Users\tmdru\Downloads\files\tests\Tests.fsproj]
c:\Users\tmdru\Downloads\files\tests\GPUIntegrationTests.fs(13,14): error FS0039: The namespace 'Wrappers' is not defined. [c:\Users\tmdru\Downloads\files\tests\Tests.fsproj]
c:\Users\tmdru\Downloads\files\tests\GPUIntegrationTests.fs(14,14): error FS0039: The namespace 'GPUCollision' is not defined. [c:\Users\tmdru\Downloads\files\tests\Tests.fsproj]
c:\Users\tmdru\Downloads\files\tests\GPUIntegrationTests.fs(18,17): error FS0039: The value, namespace, type or module 'Wrappers' is not defined. [c:\Users\tmdru\Downloads\files\tests\Tests.fsproj]
c:\Users\tmdru\Downloads\files\tests\GPUIntegrationTests.fs(23,27): error FS0039: The value, namespace, type or module 'Wrappers' is not defined. [c:\Users\tmdru\Downloads\files\tests\Tests.fsproj]
c:\Users\tmdru\Downloads\files\tests\GPUIntegrationTests.fs(28,25): error FS0039: The value, namespace, type or module 'Wrappers' is not defined. [c:\Users\tmdru\Downloads\files\tests\Tests.fsproj]
c:\Users\tmdru\Downloads\files\tests\GPUIntegrationTests.fs(33,9): error FS0039: The value, namespace, type or module 'Wrappers' is not defined. [c:\Users\tmdru\Downloads\files\tests\Tests.fsproj]
c:\Users\tmdru\Downloads\files\tests\GPUIntegrationTests.fs(34,25): error FS0039: The value, namespace, type or module 'Wrappers' is not defined. [c:\Users\tmdru\Downloads\files\tests\Tests.fsproj]
c:\Users\tmdru\Downloads\files\tests\GPUIntegrationTests.fs(39,9): error FS0039: The value, namespace, type or module 'Wrappers' is not defined. [c:\Users\tmdru\Downloads\files\tests\Tests.fsproj]
c:\Users\tmdru\Downloads\files\tests\GPUIntegrationTests.fs(40,25): error FS0039: The value, namespace, type or module 'Wrappers' is not defined. [c:\Users\tmdru\Downloads\files\tests\Tests.fsproj]
c:\Users\tmdru\Downloads\files\tests\GPUIntegrationTests.fs(45,9): error FS0039: The value, namespace, type or module 'Wrappers' is not defined. [c:\Users\tmdru\Downloads\files\tests\Tests.fsproj]
c:\Users\tmdru\Downloads\files\tests\GPUIntegrationTests.fs(46,25): error FS0039: The value, namespace, type or module 'Wrappers' is not defined. [c:\Users\tmdru\Downloads\files\tests\Tests.fsproj]
c:\Users\tmdru\Downloads\files\tests\GPUIntegrationTests.fs(51,9): error FS0039: The value, namespace, type or module 'Wrappers' is not defined. [c:\Users\tmdru\Downloads\files\tests\Tests.fsproj]
c:\Users\tmdru\Downloads\files\tests\GPUIntegrationTests.fs(52,9): error FS0039: The value, namespace, type or module 'Wrappers' is not defined. [c:\Users\tmdru\Downloads\files\tests\Tests.fsproj]
c:\Users\tmdru\Downloads\files\tests\GPUIntegrationTests.fs(56,33): error FS0039: The value, namespace, type or module 'Wrappers' is not defined. [c:\Users\tmdru\Downloads\files\tests\Tests.fsproj]
c:\Users\tmdru\Downloads\files\tests\GPUIntegrationTests.fs(68,21): error FS0039: The value, namespace, type or module 'Wrappers' is not defined. [c:\Users\tmdru\Downloads\files\tests\Tests.fsproj]
c:\Users\tmdru\Downloads\files\tests\GPUIntegrationTests.fs(69,25): error FS0039: The value, namespace, type or module 'Wrappers' is not defined. [c:\Users\tmdru\Downloads\files\tests\Tests.fsproj]
c:\Users\tmdru\Downloads\files\tests\GPUIntegrationTests.fs(70,21): error FS0039: The value, namespace, type or module 'Wrappers' is not defined. [c:\Users\tmdru\Downloads\files\tests\Tests.fsproj]
c:\Users\tmdru\Downloads\files\tests\GPUIntegrationTests.fs(77,20): error FS0039: The value, namespace, type or module 'Marshaling' is not defined. [c:\Users\tmdru\Downloads\files\tests\Tests.fsproj]
c:\Users\tmdru\Downloads\files\tests\GPUIntegrationTests.fs(79,25): error FS0072: Lookup on object of indeterminate type based on information prior to this program point. A type annotation may be needed prior to this program point to constrain the type of the object. This may allow the lookup to be resolved. [c:\Users\tmdru\Downloads\files\tests\Tests.fsproj]
c:\Users\tmdru\Downloads\files\tests\GPUIntegrationTests.fs(84,20): error FS0039: The value, namespace, type or module 'Marshaling' is not defined. [c:\Users\tmdru\Downloads\files\tests\Tests.fsproj]
c:\Users\tmdru\Downloads\files\tests\GPUIntegrationTests.fs(85,28): error FS0039: The value, namespace, type or module 'Marshaling' is not defined. [c:\Users\tmdru\Downloads\files\tests\Tests.fsproj]
c:\Users\tmdru\Downloads\files\tests\GPUIntegrationTests.fs(87,38): error FS0072: Lookup on object of indeterminate type based on information prior to this program point. A type annotation may be needed prior to this program point to constrain the type of the object. This may allow the lookup to be resolved. [c:\Users\tmdru\Downloads\files\tests\Tests.fsproj]
c:\Users\tmdru\Downloads\files\tests\GPUIntegrationTests.fs(89,53): error FS0752: The operator 'expr.[idx]' has been used on an object of indeterminate type based on information prior to this program point. Consider adding further type constraints [c:\Users\tmdru\Downloads\files\tests\Tests.fsproj]
c:\Users\tmdru\Downloads\files\tests\GPUIntegrationTests.fs(90,53): error FS0752: The operator 'expr.[idx]' has been used on an object of indeterminate type based on information prior to this program point. Consider adding further type constraints [c:\Users\tmdru\Downloads\files\tests\Tests.fsproj]
c:\Users\tmdru\Downloads\files\tests\GPUIntegrationTests.fs(91,53): error FS0752: The operator 'expr.[idx]' has been used on an object of indeterminate type based on information prior to this program point. Consider adding further type constraints [c:\Users\tmdru\Downloads\files\tests\Tests.fsproj]
c:\Users\tmdru\Downloads\files\tests\GPUIntegrationTests.fs(97,20): error FS0039: The value, namespace, type or module 'Marshaling' is not defined. [c:\Users\tmdru\Downloads\files\tests\Tests.fsproj]
c:\Users\tmdru\Downloads\files\tests\GPUIntegrationTests.fs(99,25): error FS0072: Lookup on object of indeterminate type based on information prior to this program point. A type annotation may be needed prior to this program point to constrain the type of the object. This may allow the lookup to be resolved. [c:\Users\tmdru\Downloads\files\tests\Tests.fsproj]
c:\Users\tmdru\Downloads\files\tests\GPUIntegrationTests.fs(106,15): error FS0039: The value, namespace, type or module 'Marshaling' is not defined. [c:\Users\tmdru\Downloads\files\tests\Tests.fsproj]
c:\Users\tmdru\Downloads\files\tests\GPUIntegrationTests.fs(107,38): error FS0072: Lookup on object of indeterminate type based on information prior to this program point. A type annotation may be needed prior to this program point to constrain the type of the object. This may allow the lookup to be resolved. [c:\Users\tmdru\Downloads\files\tests\Tests.fsproj]
c:\Users\tmdru\Downloads\files\tests\GPUIntegrationTests.fs(110,15): error FS0039: The value, namespace, type or module 'Marshaling' is not defined. [c:\Users\tmdru\Downloads\files\tests\Tests.fsproj]
c:\Users\tmdru\Downloads\files\tests\GPUIntegrationTests.fs(122,15): error FS0039: The value or constructor 'detect' is not defined. Maybe you want one of the following:   detectComplexity   detectChangepoints [c:\Users\tmdru\Downloads\files\tests\Tests.fsproj]
c:\Users\tmdru\Downloads\files\tests\GPUIntegrationTests.fs(134,15): error FS0039: The value or constructor 'detect' is not defined. Maybe you want one of the following:   detectComplexity   detectChangepoints [c:\Users\tmdru\Downloads\files\tests\Tests.fsproj]
c:\Users\tmdru\Downloads\files\tests\GPUIntegrationTests.fs(135,18): error FS0039: The pattern discriminator 'InvalidArgument' is not defined. [c:\Users\tmdru\Downloads\files\tests\Tests.fsproj]
c:\Users\tmdru\Downloads\files\tests\GPUIntegrationTests.fs(138,15): error FS0039: The value or constructor 'detect' is not defined. Maybe you want one of the following:   detectComplexity   detectChangepoints [c:\Users\tmdru\Downloads\files\tests\Tests.fsproj]
c:\Users\tmdru\Downloads\files\tests\GPUIntegrationTests.fs(139,18): error FS0039: The pattern discriminator 'InvalidArgument' is not defined. [c:\Users\tmdru\Downloads\files\tests\Tests.fsproj]
c:\Users\tmdru\Downloads\files\tests\GPUIntegrationTests.fs(150,15): error FS0039: The value or constructor 'detect' is not defined. Maybe you want one of the following:   detectComplexity   detectChangepoints [c:\Users\tmdru\Downloads\files\tests\Tests.fsproj]
c:\Users\tmdru\Downloads\files\tests\GPUIntegrationTests.fs(151,18): error FS0039: The pattern discriminator 'InvalidArgument' is not defined. [c:\Users\tmdru\Downloads\files\tests\Tests.fsproj]
c:\Users\tmdru\Downloads\files\tests\GPUIntegrationTests.fs(164,15): error FS0039: The value, namespace, type or module 'GPUTempering' is not defined. [c:\Users\tmdru\Downloads\files\tests\Tests.fsproj]
c:\Users\tmdru\Downloads\files\tests\GPUIntegrationTests.fs(165,18): error FS0039: The pattern discriminator 'InvalidArgument' is not defined. [c:\Users\tmdru\Downloads\files\tests\Tests.fsproj]
c:\Users\tmdru\Downloads\files\tests\GPUIntegrationTests.fs(168,15): error FS0039: The value, namespace, type or module 'GPUTempering' is not defined. [c:\Users\tmdru\Downloads\files\tests\Tests.fsproj]
c:\Users\tmdru\Downloads\files\tests\GPUIntegrationTests.fs(169,18): error FS0039: The pattern discriminator 'InvalidArgument' is not defined. [c:\Users\tmdru\Downloads\files\tests\Tests.fsproj]
c:\Users\tmdru\Downloads\files\tests\GPUIntegrationTests.fs(182,15): error FS0039: The value, namespace, type or module 'GPUTempering' is not defined. [c:\Users\tmdru\Downloads\files\tests\Tests.fsproj]
c:\Users\tmdru\Downloads\files\tests\GPUIntegrationTests.fs(183,18): error FS0039: The pattern discriminator 'InvalidArgument' is not defined. [c:\Users\tmdru\Downloads\files\tests\Tests.fsproj]
c:\Users\tmdru\Downloads\files\tests\GPUIntegrationTests.fs(196,15): error FS0039: The value, namespace, type or module 'GPUTempering' is not defined. [c:\Users\tmdru\Downloads\files\tests\Tests.fsproj]
c:\Users\tmdru\Downloads\files\tests\GPUIntegrationTests.fs(197,18): error FS0039: The pattern discriminator 'InvalidArgument' is not defined. [c:\Users\tmdru\Downloads\files\tests\Tests.fsproj]
c:\Users\tmdru\Downloads\files\tests\GPUIntegrationTests.fs(210,15): error FS0039: The value, namespace, type or module 'GPUTempering' is not defined. [c:\Users\tmdru\Downloads\files\tests\Tests.fsproj]
c:\Users\tmdru\Downloads\files\tests\GPUIntegrationTests.fs(211,18): error FS0039: The pattern discriminator 'InvalidArgument' is not defined. [c:\Users\tmdru\Downloads\files\tests\Tests.fsproj]
c:\Users\tmdru\Downloads\files\tests\GPUIntegrationTests.fs(224,15): error FS0039: The value, namespace, type or module 'GPUTempering' is not defined. [c:\Users\tmdru\Downloads\files\tests\Tests.fsproj]
c:\Users\tmdru\Downloads\files\tests\GPUIntegrationTests.fs(225,18): error FS0039: The pattern discriminator 'InvalidArgument' is not defined. [c:\Users\tmdru\Downloads\files\tests\Tests.fsproj]
c:\Users\tmdru\Downloads\files\tests\GPUIntegrationTests.fs(230,26): error FS0039: The value, namespace, type or module 'Dispatch' is not defined. [c:\Users\tmdru\Downloads\files\tests\Tests.fsproj]
c:\Users\tmdru\Downloads\files\tests\GPUIntegrationTests.fs(232,21): error FS0072: Lookup on object of indeterminate type based on information prior to this program point. A type annotation may be needed prior to this program point to constrain the type of the object. This may allow the lookup to be resolved. [c:\Users\tmdru\Downloads\files\tests\Tests.fsproj]
c:\Users\tmdru\Downloads\files\tests\GPUIntegrationTests.fs(233,21): error FS0072: Lookup on object of indeterminate type based on information prior to this program point. A type annotation may be needed prior to this program point to constrain the type of the object. This may allow the lookup to be resolved. [c:\Users\tmdru\Downloads\files\tests\Tests.fsproj]
c:\Users\tmdru\Downloads\files\tests\GPUIntegrationTests.fs(238,23): error FS0039: The namespace or module 'Dispatch' is not defined. [c:\Users\tmdru\Downloads\files\tests\Tests.fsproj]
c:\Users\tmdru\Downloads\files\tests\GPUIntegrationTests.fs(239,13): error FS0039: The record label 'NodeCount' is not defined. [c:\Users\tmdru\Downloads\files\tests\Tests.fsproj]
c:\Users\tmdru\Downloads\files\tests\GPUIntegrationTests.fs(240,13): error FS0039: The record label 'EdgeCount' is not defined. [c:\Users\tmdru\Downloads\files\tests\Tests.fsproj]
c:\Users\tmdru\Downloads\files\tests\GPUIntegrationTests.fs(238,53): error FS0764: No assignment given for field 'Mean' of type 'TestInfrastructure.Performance.TimingResult' [c:\Users\tmdru\Downloads\files\tests\Tests.fsproj]
c:\Users\tmdru\Downloads\files\tests\GPUIntegrationTests.fs(244,9): error FS0039: The value, namespace, type or module 'Dispatch' is not defined. [c:\Users\tmdru\Downloads\files\tests\Tests.fsproj]
c:\Users\tmdru\Downloads\files\tests\GPUIntegrationTests.fs(245,23): error FS0039: The value, namespace, type or module 'Dispatch' is not defined. [c:\Users\tmdru\Downloads\files\tests\Tests.fsproj]
c:\Users\tmdru\Downloads\files\tests\GPUIntegrationTests.fs(247,21): error FS0072: Lookup on object of indeterminate type based on information prior to this program point. A type annotation may be needed prior to this program point to constrain the type of the object. This may allow the lookup to be resolved. [c:\Users\tmdru\Downloads\files\tests\Tests.fsproj]
c:\Users\tmdru\Downloads\files\tests\GPUIntegrationTests.fs(253,26): error FS0039: The value, namespace, type or module 'Dispatch' is not defined. [c:\Users\tmdru\Downloads\files\tests\Tests.fsproj]
c:\Users\tmdru\Downloads\files\tests\GPUIntegrationTests.fs(255,21): error FS0039: The value, namespace, type or module 'Dispatch' is not defined. [c:\Users\tmdru\Downloads\files\tests\Tests.fsproj]
c:\Users\tmdru\Downloads\files\tests\GPUIntegrationTests.fs(256,21): error FS0039: The value, namespace, type or module 'Dispatch' is not defined. [c:\Users\tmdru\Downloads\files\tests\Tests.fsproj]
c:\Users\tmdru\Downloads\files\tests\GPUIntegrationTests.fs(273,22): error FS0039: The value, namespace, type or module 'Dispatch' is not defined. [c:\Users\tmdru\Downloads\files\tests\Tests.fsproj]
c:\Users\tmdru\Downloads\files\tests\GPUIntegrationTests.fs(275,25): error FS0072: Lookup on object of indeterminate type based on information prior to this program point. A type annotation may be needed prior to this program point to constrain the type of the object. This may allow the lookup to be resolved. [c:\Users\tmdru\Downloads\files\tests\Tests.fsproj]
c:\Users\tmdru\Downloads\files\tests\GPUIntegrationTests.fs(279,33): error FS0039: The value, namespace, type or module 'Wrappers' is not defined. [c:\Users\tmdru\Downloads\files\tests\Tests.fsproj]

Build FAILED.

C:\Program Files\dotnet\sdk\8.0.415\Microsoft.Common.CurrentVersion.targets(2412,5): warning MSB3245: Could not resolve this reference. Could not locate the assembly "Server". Check to make sure the assembly exists on disk. If this reference is required by your code, you may get compilation errors. [c:\Users\tmdru\Downloads\files\tests\Tests.fsproj]
c:\Users\tmdru\Downloads\files\tests\unknown(1,1): warning FS3551: The source file 'Random.fs' (at position 16/33) already appeared in the compilation list (at position 6/33). Please verify that it is included only once in the project file. [c:\Users\tmdru\Downloads\files\tests\Tests.fsproj]
c:\Users\tmdru\Downloads\files\tests\AlgebraicLaws.fs(55,40): warning FS0064: This construct causes code to be less generic than indicated by the type annotations. The type variable 'B has been constrained to be type ''A'. [c:\Users\tmdru\Downloads\files\tests\Tests.fsproj]
c:\Users\tmdru\Downloads\files\tests\AlgebraicLaws.fs(55,62): warning FS0064: This construct causes code to be less generic than indicated by the type annotations. The type variable 'C has been constrained to be type ''A'. [c:\Users\tmdru\Downloads\files\tests\Tests.fsproj]
c:\Users\tmdru\Downloads\files\tests\AlgebraicLaws.fs(68,41): warning FS0064: This construct causes code to be less generic than indicated by the type annotations. The type variable 'B has been constrained to be type ''A'. [c:\Users\tmdru\Downloads\files\tests\Tests.fsproj]
c:\Users\tmdru\Downloads\files\tests\Assertions.fs(128,40): warning FS0064: This construct causes code to be less generic than indicated by the type annotations. The type variable 'T has been constrained to be type 'unit'. [c:\Users\tmdru\Downloads\files\tests\Tests.fsproj]
c:\Users\tmdru\Downloads\files\tests\Generators.fs(9,10): error FS0039: The namespace or module 'AdaptiveConfig' is not defined. [c:\Users\tmdru\Downloads\files\tests\Tests.fsproj]
c:\Users\tmdru\Downloads\files\tests\Generators.fs(10,10): error FS0039: The namespace or module 'Physics' is not defined. [c:\Users\tmdru\Downloads\files\tests\Tests.fsproj]
c:\Users\tmdru\Downloads\files\tests\Generators.fs(170,17): error FS1129: The record type 'PhysicsState' does not contain a label 'Properties'. [c:\Users\tmdru\Downloads\files\tests\Tests.fsproj]
c:\Users\tmdru\Downloads\files\tests\Generators.fs(171,17): error FS1129: The record type 'PhysicsState' does not contain a label 'Positions'. [c:\Users\tmdru\Downloads\files\tests\Tests.fsproj]
c:\Users\tmdru\Downloads\files\tests\Generators.fs(172,59): error FS1129: The record type 'Spring' does not contain a label 'NodeA'. Maybe you want one of the following:   BodyA [c:\Users\tmdru\Downloads\files\tests\Tests.fsproj]
c:\Users\tmdru\Downloads\files\tests\Generators.fs(172,76): error FS1129: The record type 'Spring' does not contain a label 'NodeB'. Maybe you want one of the following:   BodyB [c:\Users\tmdru\Downloads\files\tests\Tests.fsproj]
c:\Users\tmdru\Downloads\files\tests\Generators.fs(172,141): error FS0039: The type 'N' is not defined. [c:\Users\tmdru\Downloads\files\tests\Tests.fsproj]
c:\Users\tmdru\Downloads\files\tests\Generators.fs(172,216): error FS0039: The type 'm' is not defined. [c:\Users\tmdru\Downloads\files\tests\Tests.fsproj]
c:\Users\tmdru\Downloads\files\tests\Generators.fs(172,287): error FS0039: The type 'N' is not defined. [c:\Users\tmdru\Downloads\files\tests\Tests.fsproj]
c:\Users\tmdru\Downloads\files\tests\Generators.fs(172,57): error FS0764: No assignment given for field 'BodyA' of type 'TestInfrastructure.Core.Spring' [c:\Users\tmdru\Downloads\files\tests\Tests.fsproj]
c:\Users\tmdru\Downloads\files\tests\Generators.fs(173,64): error FS0039: The type 's' is not defined. [c:\Users\tmdru\Downloads\files\tests\Tests.fsproj]
c:\Users\tmdru\Downloads\files\tests\Generators.fs(169,20): error FS0764: No assignment given for field 'Bodies' of type 'TestInfrastructure.Core.PhysicsState' [c:\Users\tmdru\Downloads\files\tests\Tests.fsproj]
c:\Users\tmdru\Downloads\files\tests\Generators.fs(257,22): error FS0039: The type 'PhysicsState' does not define the field, constructor or member 'Properties'. [c:\Users\tmdru\Downloads\files\tests\Tests.fsproj]
c:\Users\tmdru\Downloads\files\tests\Generators.fs(258,36): error FS1129: The record type 'PhysicsState' does not contain a label 'Properties'. [c:\Users\tmdru\Downloads\files\tests\Tests.fsproj]
c:\Users\tmdru\Downloads\files\tests\Generators.fs(260,38): error FS0039: The type 's' is not defined. [c:\Users\tmdru\Downloads\files\tests\Tests.fsproj]
c:\Users\tmdru\Downloads\files\tests\Generators.fs(261,64): error FS0001: The type 'float' does not match the type 'float32' [c:\Users\tmdru\Downloads\files\tests\Tests.fsproj]
c:\Users\tmdru\Downloads\files\tests\Generators.fs(283,30): error FS0039: The namespace or module 'AdaptiveConfig' is not defined. [c:\Users\tmdru\Downloads\files\tests\Tests.fsproj]
c:\Users\tmdru\Downloads\files\tests\Generators.fs(289,17): error FS0039: The namespace or module 'AdaptiveConfig' is not defined. [c:\Users\tmdru\Downloads\files\tests\Tests.fsproj]
c:\Users\tmdru\Downloads\files\tests\Generators.fs(290,17): error FS0039: The record label 'MaxThreadsPerBlock' is not defined. [c:\Users\tmdru\Downloads\files\tests\Tests.fsproj]
c:\Users\tmdru\Downloads\files\tests\Generators.fs(291,17): error FS0039: The record label 'SharedMemorySize' is not defined. [c:\Users\tmdru\Downloads\files\tests\Tests.fsproj]
c:\Users\tmdru\Downloads\files\tests\Generators.fs(295,38): error FS0039: The namespace or module 'AdaptiveConfig' is not defined. [c:\Users\tmdru\Downloads\files\tests\Tests.fsproj]
c:\Users\tmdru\Downloads\files\tests\Generators.fs(301,17): error FS0039: The namespace or module 'AdaptiveConfig' is not defined. [c:\Users\tmdru\Downloads\files\tests\Tests.fsproj]
c:\Users\tmdru\Downloads\files\tests\Generators.fs(302,17): error FS0039: The record label 'MaxObjects' is not defined. [c:\Users\tmdru\Downloads\files\tests\Tests.fsproj]
c:\Users\tmdru\Downloads\files\tests\Generators.fs(303,17): error FS0039: The record label 'LoadFactor' is not defined. [c:\Users\tmdru\Downloads\files\tests\Tests.fsproj]
c:\Users\tmdru\Downloads\files\tests\Builders.fs(77,32): error FS0039: The namespace or module 'Physics' is not defined. [c:\Users\tmdru\Downloads\files\tests\Tests.fsproj]
c:\Users\tmdru\Downloads\files\tests\Builders.fs(77,32): error FS0039: The namespace or module 'Physics' is not defined. [c:\Users\tmdru\Downloads\files\tests\Tests.fsproj]
c:\Users\tmdru\Downloads\files\tests\Builders.fs(79,13): error FS0039: The record label 'Rotation' is not defined. [c:\Users\tmdru\Downloads\files\tests\Tests.fsproj]
c:\Users\tmdru\Downloads\files\tests\Builders.fs(81,13): error FS0039: The record label 'AngularVelocity' is not defined. [c:\Users\tmdru\Downloads\files\tests\Tests.fsproj]
c:\Users\tmdru\Downloads\files\tests\Builders.fs(83,13): error FS0039: The record label 'Inertia' is not defined. [c:\Users\tmdru\Downloads\files\tests\Tests.fsproj]
c:\Users\tmdru\Downloads\files\tests\Builders.fs(84,13): error FS0039: The record label 'IsKinematic' is not defined. [c:\Users\tmdru\Downloads\files\tests\Tests.fsproj]
c:\Users\tmdru\Downloads\files\tests\Builders.fs(85,13): error FS0039: The record label 'IsStatic' is not defined. [c:\Users\tmdru\Downloads\files\tests\Tests.fsproj]
c:\Users\tmdru\Downloads\files\tests\Builders.fs(78,24): error FS0193: Type constraint mismatch. The type     'Numerics.Vector3'    is not compatible with type    'Vector3' [c:\Users\tmdru\Downloads\files\tests\Tests.fsproj]
c:\Users\tmdru\Downloads\files\tests\Builders.fs(80,24): error FS0193: Type constraint mismatch. The type     'Numerics.Vector3'    is not compatible with type    'Vector3' [c:\Users\tmdru\Downloads\files\tests\Tests.fsproj]
c:\Users\tmdru\Downloads\files\tests\Builders.fs(82,37): error FS0039: The namespace or module 'Physics' is not defined. [c:\Users\tmdru\Downloads\files\tests\Tests.fsproj]
c:\Users\tmdru\Downloads\files\tests\Builders.fs(77,64): error FS0764: No assignment given for field 'Radius' of type 'TestInfrastructure.Core.RigidBody' [c:\Users\tmdru\Downloads\files\tests\Tests.fsproj]
c:\Users\tmdru\Downloads\files\tests\Builders.fs(426,39): error FS0039: The namespace or module 'Physics' is not defined. [c:\Users\tmdru\Downloads\files\tests\Tests.fsproj]
c:\Users\tmdru\Downloads\files\tests\Builders.fs(427,39): error FS0039: The namespace or module 'Physics' is not defined. [c:\Users\tmdru\Downloads\files\tests\Tests.fsproj]
c:\Users\tmdru\Downloads\files\tests\Builders.fs(428,26): error FS0039: The value, namespace, type or module 'Physics' is not defined. Maybe you want one of the following:   PhysicsState [c:\Users\tmdru\Downloads\files\tests\Tests.fsproj]
c:\Users\tmdru\Downloads\files\tests\Builders.fs(435,24): error FS0039: The namespace or module 'Physics' is not defined. [c:\Users\tmdru\Downloads\files\tests\Tests.fsproj]
c:\Users\tmdru\Downloads\files\tests\Builders.fs(443,21): error FS0039: The namespace or module 'Physics' is not defined. [c:\Users\tmdru\Downloads\files\tests\Tests.fsproj]
c:\Users\tmdru\Downloads\files\tests\Builders.fs(441,21): error FS0039: The record label 'Acceleration' is not defined. [c:\Users\tmdru\Downloads\files\tests\Tests.fsproj]
c:\Users\tmdru\Downloads\files\tests\Builders.fs(439,47): error FS0039: The namespace or module 'Physics' is not defined. [c:\Users\tmdru\Downloads\files\tests\Tests.fsproj]
c:\Users\tmdru\Downloads\files\tests\Builders.fs(440,32): error FS0193: Type constraint mismatch. The type     'Numerics.Vector3'    is not compatible with type    'Vector3' [c:\Users\tmdru\Downloads\files\tests\Tests.fsproj]
c:\Users\tmdru\Downloads\files\tests\Builders.fs(438,17): error FS0764: No assignment given for field 'Position' of type 'TestInfrastructure.Core.RigidBody' [c:\Users\tmdru\Downloads\files\tests\Tests.fsproj]
c:\Users\tmdru\Downloads\files\tests\Builders.fs(449,26): error FS0039: The namespace or module 'Physics' is not defined. [c:\Users\tmdru\Downloads\files\tests\Tests.fsproj]
c:\Users\tmdru\Downloads\files\tests\Builders.fs(458,21): error FS0039: The namespace or module 'Physics' is not defined. [c:\Users\tmdru\Downloads\files\tests\Tests.fsproj]
c:\Users\tmdru\Downloads\files\tests\Builders.fs(453,21): error FS0039: The record label 'NodeA' is not defined. [c:\Users\tmdru\Downloads\files\tests\Tests.fsproj]
c:\Users\tmdru\Downloads\files\tests\Builders.fs(454,21): error FS0039: The record label 'NodeB' is not defined. [c:\Users\tmdru\Downloads\files\tests\Tests.fsproj]
c:\Users\tmdru\Downloads\files\tests\Builders.fs(455,59): error FS0039: The namespace or module 'Physics' is not defined. [c:\Users\tmdru\Downloads\files\tests\Tests.fsproj]
c:\Users\tmdru\Downloads\files\tests\Builders.fs(456,57): error FS0039: The namespace or module 'Physics' is not defined. [c:\Users\tmdru\Downloads\files\tests\Tests.fsproj]
c:\Users\tmdru\Downloads\files\tests\Builders.fs(457,53): error FS0039: The namespace or module 'Physics' is not defined. [c:\Users\tmdru\Downloads\files\tests\Tests.fsproj]
c:\Users\tmdru\Downloads\files\tests\Builders.fs(452,17): error FS0764: No assignment given for field 'BodyA' of type 'TestInfrastructure.Core.Spring' [c:\Users\tmdru\Downloads\files\tests\Tests.fsproj]
c:\Users\tmdru\Downloads\files\tests\Builders.fs(460,24): error FS0039: The namespace or module 'Physics' is not defined. [c:\Users\tmdru\Downloads\files\tests\Tests.fsproj]
c:\Users\tmdru\Downloads\files\tests\Builders.fs(461,13): error FS0039: The record label 'Properties' is not defined. [c:\Users\tmdru\Downloads\files\tests\Tests.fsproj]
c:\Users\tmdru\Downloads\files\tests\Builders.fs(462,13): error FS0039: The record label 'Positions' is not defined. [c:\Users\tmdru\Downloads\files\tests\Tests.fsproj]
c:\Users\tmdru\Downloads\files\tests\Builders.fs(464,39): error FS0039: The namespace or module 'Physics' is not defined. [c:\Users\tmdru\Downloads\files\tests\Tests.fsproj]
c:\Users\tmdru\Downloads\files\tests\Builders.fs(460,47): error FS0764: No assignment given for field 'Bodies' of type 'TestInfrastructure.Core.PhysicsState' [c:\Users\tmdru\Downloads\files\tests\Tests.fsproj]
c:\Users\tmdru\Downloads\files\tests\Builders.fs(468,26): error FS0039: The value, namespace, type or module 'Physics' is not defined. Maybe you want one of the following:   PhysicsState   physState   physPositions [c:\Users\tmdru\Downloads\files\tests\Tests.fsproj]
c:\Users\tmdru\Downloads\files\tests\Builders.fs(475,29): error FS0072: Lookup on object of indeterminate type based on information prior to this program point. A type annotation may be needed prior to this program point to constrain the type of the object. This may allow the lookup to be resolved. [c:\Users\tmdru\Downloads\files\tests\Tests.fsproj]
c:\Users\tmdru\Downloads\files\tests\Builders.fs(475,29): error FS0752: The operator 'expr.[idx]' has been used on an object of indeterminate type based on information prior to this program point. Consider adding further type constraints [c:\Users\tmdru\Downloads\files\tests\Tests.fsproj]
c:\Users\tmdru\Downloads\files\tests\Builders.fs(476,29): error FS0072: Lookup on object of indeterminate type based on information prior to this program point. A type annotation may be needed prior to this program point to constrain the type of the object. This may allow the lookup to be resolved. [c:\Users\tmdru\Downloads\files\tests\Tests.fsproj]
c:\Users\tmdru\Downloads\files\tests\Builders.fs(476,29): error FS0752: The operator 'expr.[idx]' has been used on an object of indeterminate type based on information prior to this program point. Consider adding further type constraints [c:\Users\tmdru\Downloads\files\tests\Tests.fsproj]
c:\Users\tmdru\Downloads\files\tests\Builders.fs(477,29): error FS0072: Lookup on object of indeterminate type based on information prior to this program point. A type annotation may be needed prior to this program point to constrain the type of the object. This may allow the lookup to be resolved. [c:\Users\tmdru\Downloads\files\tests\Tests.fsproj]
c:\Users\tmdru\Downloads\files\tests\Builders.fs(477,29): error FS0752: The operator 'expr.[idx]' has been used on an object of indeterminate type based on information prior to this program point. Consider adding further type constraints [c:\Users\tmdru\Downloads\files\tests\Tests.fsproj]
c:\Users\tmdru\Downloads\files\tests\Builders.fs(480,29): error FS0072: Lookup on object of indeterminate type based on information prior to this program point. A type annotation may be needed prior to this program point to constrain the type of the object. This may allow the lookup to be resolved. [c:\Users\tmdru\Downloads\files\tests\Tests.fsproj]
c:\Users\tmdru\Downloads\files\tests\Builders.fs(480,29): error FS0752: The operator 'expr.[idx]' has been used on an object of indeterminate type based on information prior to this program point. Consider adding further type constraints [c:\Users\tmdru\Downloads\files\tests\Tests.fsproj]
c:\Users\tmdru\Downloads\files\tests\Builders.fs(481,29): error FS0072: Lookup on object of indeterminate type based on information prior to this program point. A type annotation may be needed prior to this program point to constrain the type of the object. This may allow the lookup to be resolved. [c:\Users\tmdru\Downloads\files\tests\Tests.fsproj]
c:\Users\tmdru\Downloads\files\tests\Builders.fs(481,29): error FS0752: The operator 'expr.[idx]' has been used on an object of indeterminate type based on information prior to this program point. Consider adding further type constraints [c:\Users\tmdru\Downloads\files\tests\Tests.fsproj]
c:\Users\tmdru\Downloads\files\tests\Builders.fs(482,29): error FS0072: Lookup on object of indeterminate type based on information prior to this program point. A type annotation may be needed prior to this program point to constrain the type of the object. This may allow the lookup to be resolved. [c:\Users\tmdru\Downloads\files\tests\Tests.fsproj]
c:\Users\tmdru\Downloads\files\tests\Builders.fs(482,29): error FS0752: The operator 'expr.[idx]' has been used on an object of indeterminate type based on information prior to this program point. Consider adding further type constraints [c:\Users\tmdru\Downloads\files\tests\Tests.fsproj]
c:\Users\tmdru\Downloads\files\tests\Builders.fs(508,9): error FS0039: The value, namespace, type or module 'Physics' is not defined. Maybe you want one of the following:   PhysicsState [c:\Users\tmdru\Downloads\files\tests\Tests.fsproj]
c:\Users\tmdru\Downloads\files\tests\Builders.fs(509,35): error FS0072: Lookup on object of indeterminate type based on information prior to this program point. A type annotation may be needed prior to this program point to constrain the type of the object. This may allow the lookup to be resolved. [c:\Users\tmdru\Downloads\files\tests\Tests.fsproj]
c:\Users\tmdru\Downloads\files\tests\Builders.fs(509,47): error FS0072: Lookup on object of indeterminate type based on information prior to this program point. A type annotation may be needed prior to this program point to constrain the type of the object. This may allow the lookup to be resolved. [c:\Users\tmdru\Downloads\files\tests\Tests.fsproj]
c:\Users\tmdru\Downloads\files\tests\Assertions.fs(9,10): error FS0039: The namespace or module 'AdaptiveConfig' is not defined. [c:\Users\tmdru\Downloads\files\tests\Tests.fsproj]
c:\Users\tmdru\Downloads\files\tests\Assertions.fs(10,10): error FS0039: The namespace or module 'Physics' is not defined. [c:\Users\tmdru\Downloads\files\tests\Tests.fsproj]
c:\Users\tmdru\Downloads\files\tests\Assertions.fs(134,15): error FS0039: The value, namespace, type or module 'AdaptiveConfig' is not defined. [c:\Users\tmdru\Downloads\files\tests\Tests.fsproj]
c:\Users\tmdru\Downloads\files\tests\Assertions.fs(340,40): error FS0039: The namespace or module 'Physics' is not defined. [c:\Users\tmdru\Downloads\files\tests\Tests.fsproj]
c:\Users\tmdru\Downloads\files\tests\Assertions.fs(341,31): error FS0039: The namespace or module 'Physics' is not defined. [c:\Users\tmdru\Downloads\files\tests\Tests.fsproj]
c:\Users\tmdru\Downloads\files\tests\Assertions.fs(342,13): error FS0072: Lookup on object of indeterminate type based on information prior to this program point. A type annotation may be needed prior to this program point to constrain the type of the object. This may allow the lookup to be resolved. [c:\Users\tmdru\Downloads\files\tests\Tests.fsproj]
c:\Users\tmdru\Downloads\files\tests\Assertions.fs(349,24): error FS0039: The value, namespace, type or module 'Physics' is not defined. Maybe you want one of the following:   PhysicsState [c:\Users\tmdru\Downloads\files\tests\Tests.fsproj]
c:\Users\tmdru\Downloads\files\tests\Lifecycle.fs(6,10): error FS0039: The namespace or module 'Physics' is not defined. [c:\Users\tmdru\Downloads\files\tests\Tests.fsproj]
c:\Users\tmdru\Downloads\files\tests\Lifecycle.fs(7,10): error FS0039: The namespace or module 'Physics' is not defined. [c:\Users\tmdru\Downloads\files\tests\Tests.fsproj]
c:\Users\tmdru\Downloads\files\tests\Lifecycle.fs(8,10): error FS0039: The namespace or module 'Physics' is not defined. [c:\Users\tmdru\Downloads\files\tests\Tests.fsproj]
c:\Users\tmdru\Downloads\files\tests\Lifecycle.fs(24,13): error FS0039: The value or constructor 'physics_init' is not defined. [c:\Users\tmdru\Downloads\files\tests\Tests.fsproj]
c:\Users\tmdru\Downloads\files\tests\Lifecycle.fs(27,13): error FS0039: The value or constructor 'physics_shutdown' is not defined. [c:\Users\tmdru\Downloads\files\tests\Tests.fsproj]
c:\Users\tmdru\Downloads\files\tests\Lifecycle.fs(31,13): error FS0039: The value or constructor 'physics_init' is not defined. [c:\Users\tmdru\Downloads\files\tests\Tests.fsproj]
c:\Users\tmdru\Downloads\files\tests\Lifecycle.fs(34,13): error FS0039: The value or constructor 'physics_shutdown' is not defined. [c:\Users\tmdru\Downloads\files\tests\Tests.fsproj]
c:\Users\tmdru\Downloads\files\tests\Lifecycle.fs(36,23): error FS0039: The type 'PhysicsWorld' is not defined. [c:\Users\tmdru\Downloads\files\tests\Tests.fsproj]
c:\Users\tmdru\Downloads\files\tests\Lifecycle.fs(38,13): error FS0039: The value or constructor 'initializeWorld' is not defined. [c:\Users\tmdru\Downloads\files\tests\Tests.fsproj]
c:\Users\tmdru\Downloads\files\tests\Lifecycle.fs(39,25): error FS0039: The value or constructor 'getWorld' is not defined. [c:\Users\tmdru\Downloads\files\tests\Tests.fsproj]
c:\Users\tmdru\Downloads\files\tests\Lifecycle.fs(42,13): error FS0039: The value or constructor 'shutdownWorld' is not defined. [c:\Users\tmdru\Downloads\files\tests\Tests.fsproj]
c:\Users\tmdru\Downloads\files\tests\AcceptanceTests.fs(74,80): error FS0001: None of the types 'bool, Lazy<'a>' support the operator '==>' [c:\Users\tmdru\Downloads\files\tests\Tests.fsproj]
c:\Users\tmdru\Downloads\files\tests\AcceptanceTests.fs(74,76): error FS0043: None of the types 'bool, Lazy<'a>' support the operator '==>' [c:\Users\tmdru\Downloads\files\tests\Tests.fsproj]
c:\Users\tmdru\Downloads\files\tests\AdaptiveConfigTests.fs(18,10): error FS0039: The namespace or module 'AdaptiveConfig' is not defined. [c:\Users\tmdru\Downloads\files\tests\Tests.fsproj]
c:\Users\tmdru\Downloads\files\tests\AdaptiveConfigTests.fs(22,49): error FS0039: The value, namespace, type or module 'GPUConfig' is not defined. Maybe you want one of the following:   Config   config   genGPUConfig   genConfig [c:\Users\tmdru\Downloads\files\tests\Tests.fsproj]
c:\Users\tmdru\Downloads\files\tests\AdaptiveConfigTests.fs(22,63): error FS0039: The value, namespace, type or module 'GPUConfig' is not defined. Maybe you want one of the following:   Config   config   genGPUConfig   genConfig [c:\Users\tmdru\Downloads\files\tests\Tests.fsproj]
c:\Users\tmdru\Downloads\files\tests\AdaptiveConfigTests.fs(23,44): error FS0039: The record label 'DeviceId' is not defined. [c:\Users\tmdru\Downloads\files\tests\Tests.fsproj]
c:\Users\tmdru\Downloads\files\tests\AdaptiveConfigTests.fs(23,28): error FS0786: The expression form { expr with ... } may only be used with record types. To build object types use { new Type(...) with ... } [c:\Users\tmdru\Downloads\files\tests\Tests.fsproj]
c:\Users\tmdru\Downloads\files\tests\AdaptiveConfigTests.fs(24,13): error FS0039: The value, namespace, type or module 'GPUConfig' is not defined. Maybe you want one of the following:   Config   config   genGPUConfig   genConfig [c:\Users\tmdru\Downloads\files\tests\Tests.fsproj]
c:\Users\tmdru\Downloads\files\tests\AdaptiveConfigTests.fs(25,46): error FS0039: The value, namespace, type or module 'GPUConfig' is not defined. Maybe you want one of the following:   Config   config   genGPUConfig   genConfig [c:\Users\tmdru\Downloads\files\tests\Tests.fsproj]
c:\Users\tmdru\Downloads\files\tests\AdaptiveConfigTests.fs(29,22): error FS0039: The value, namespace, type or module 'GPUConfig' is not defined. Maybe you want one of the following:   Config   config   genGPUConfig   genConfig [c:\Users\tmdru\Downloads\files\tests\Tests.fsproj]
c:\Users\tmdru\Downloads\files\tests\AdaptiveConfigTests.fs(30,49): error FS0039: The value, namespace, type or module 'GPUConfig' is not defined. Maybe you want one of the following:   Config   config   genGPUConfig   genConfig [c:\Users\tmdru\Downloads\files\tests\Tests.fsproj]
c:\Users\tmdru\Downloads\files\tests\AdaptiveConfigTests.fs(30,63): error FS0039: The value, namespace, type or module 'GPUConfig' is not defined. Maybe you want one of the following:   Config   config   genGPUConfig   genConfig [c:\Users\tmdru\Downloads\files\tests\Tests.fsproj]
c:\Users\tmdru\Downloads\files\tests\AdaptiveConfigTests.fs(31,13): error FS0039: The value, namespace, type or module 'GPUConfig' is not defined. Maybe you want one of the following:   Config   config   genGPUConfig   genConfig [c:\Users\tmdru\Downloads\files\tests\Tests.fsproj]
c:\Users\tmdru\Downloads\files\tests\AdaptiveConfigTests.fs(32,40): error FS0039: The value, namespace, type or module 'GPUConfig' is not defined. Maybe you want one of the following:   Config   config   genGPUConfig   genConfig [c:\Users\tmdru\Downloads\files\tests\Tests.fsproj]
c:\Users\tmdru\Downloads\files\tests\AdaptiveConfigTests.fs(36,22): error FS0039: The value, namespace, type or module 'PhysicsConfig' is not defined. Maybe you want one of the following:   physicsCost   PhysicsState   PhysicsWorld   physicsWorld [c:\Users\tmdru\Downloads\files\tests\Tests.fsproj]
c:\Users\tmdru\Downloads\files\tests\AdaptiveConfigTests.fs(37,40): error FS0039: The value, namespace, type or module 'PhysicsConfig' is not defined. Maybe you want one of the following:   physicsCost   PhysicsState   PhysicsWorld   physicsWorld [c:\Users\tmdru\Downloads\files\tests\Tests.fsproj]
c:\Users\tmdru\Downloads\files\tests\AdaptiveConfigTests.fs(38,40): error FS0039: The value, namespace, type or module 'PhysicsConfig' is not defined. Maybe you want one of the following:   physicsCost   PhysicsState   PhysicsWorld   physicsWorld [c:\Users\tmdru\Downloads\files\tests\Tests.fsproj]
c:\Users\tmdru\Downloads\files\tests\AdaptiveConfigTests.fs(42,49): error FS0039: The value, namespace, type or module 'GPUConfig' is not defined. Maybe you want one of the following:   Config   config   genGPUConfig   genConfig [c:\Users\tmdru\Downloads\files\tests\Tests.fsproj]
c:\Users\tmdru\Downloads\files\tests\AdaptiveConfigTests.fs(42,63): error FS0039: The value, namespace, type or module 'GPUConfig' is not defined. Maybe you want one of the following:   Config   config   genGPUConfig   genConfig [c:\Users\tmdru\Downloads\files\tests\Tests.fsproj]
c:\Users\tmdru\Downloads\files\tests\AdaptiveConfigTests.fs(43,53): error FS0039: The value, namespace, type or module 'PhysicsConfig' is not defined. Maybe you want one of the following:   physicsCost   PhysicsState   PhysicsWorld   physicsWorld [c:\Users\tmdru\Downloads\files\tests\Tests.fsproj]
c:\Users\tmdru\Downloads\files\tests\AdaptiveConfigTests.fs(43,71): error FS0039: The value, namespace, type or module 'PhysicsConfig' is not defined. Maybe you want one of the following:   physicsCost   PhysicsState   PhysicsWorld   physicsWorld [c:\Users\tmdru\Downloads\files\tests\Tests.fsproj]
c:\Users\tmdru\Downloads\files\tests\AdaptiveConfigTests.fs(44,17): error FS0039: The value, namespace, type or module 'GPUConfig' is not defined. Maybe you want one of the following:   Config   config   genGPUConfig   genConfig [c:\Users\tmdru\Downloads\files\tests\Tests.fsproj]
c:\Users\tmdru\Downloads\files\tests\AdaptiveConfigTests.fs(45,17): error FS0039: The value, namespace, type or module 'PhysicsConfig' is not defined. Maybe you want one of the following:   physicsCost   physics   PhysicsState   PhysicsWorld   physicsWorld [c:\Users\tmdru\Downloads\files\tests\Tests.fsproj]
c:\Users\tmdru\Downloads\files\tests\AdaptiveConfigTests.fs(46,34): error FS0039: The value, namespace, type or module 'GPUConfig' is not defined. Maybe you want one of the following:   Config   config   genGPUConfig   genConfig [c:\Users\tmdru\Downloads\files\tests\Tests.fsproj]
c:\Users\tmdru\Downloads\files\tests\AdaptiveConfigTests.fs(46,33): error FS0072: Lookup on object of indeterminate type based on information prior to this program point. A type annotation may be needed prior to this program point to constrain the type of the object. This may allow the lookup to be resolved. [c:\Users\tmdru\Downloads\files\tests\Tests.fsproj]
c:\Users\tmdru\Downloads\files\tests\AdaptiveConfigTests.fs(47,39): error FS0039: The value, namespace, type or module 'PhysicsConfig' is not defined. Maybe you want one of the following:   physicsCost   physics   PhysicsState   PhysicsWorld   physicsWorld [c:\Users\tmdru\Downloads\files\tests\Tests.fsproj]
c:\Users\tmdru\Downloads\files\tests\AdaptiveConfigTests.fs(57,37): error FS0039: The value, constructor, namespace or type 'Default' is not defined. [c:\Users\tmdru\Downloads\files\tests\Tests.fsproj]
c:\Users\tmdru\Downloads\files\tests\AdaptiveConfigTests.fs(58,25): error FS0039: The value, namespace, type or module 'SpatialHashConfig' is not defined. Maybe you want one of the following:   genSpatialHashConfig   SpatialHash [c:\Users\tmdru\Downloads\files\tests\Tests.fsproj]
c:\Users\tmdru\Downloads\files\tests\AdaptiveConfigTests.fs(59,23): error FS0039: The value, namespace, type or module 'SpatialHashConfig' is not defined. Maybe you want one of the following:   genSpatialHashConfig   SpatialHash [c:\Users\tmdru\Downloads\files\tests\Tests.fsproj]
c:\Users\tmdru\Downloads\files\tests\AdaptiveConfigTests.fs(63,19): error FS0039: The value, namespace, type or module 'PhysicsConfig' is not defined. Maybe you want one of the following:   physicsCost   PhysicsState   PhysicsWorld   physicsWorld [c:\Users\tmdru\Downloads\files\tests\Tests.fsproj]
c:\Users\tmdru\Downloads\files\tests\AdaptiveConfigTests.fs(64,40): error FS0039: The value, namespace, type or module 'PhysicsConfig' is not defined. Maybe you want one of the following:   physicsCost   PhysicsState   PhysicsWorld   physicsWorld [c:\Users\tmdru\Downloads\files\tests\Tests.fsproj]
c:\Users\tmdru\Downloads\files\tests\AdaptiveConfigTests.fs(65,40): error FS0039: The value, namespace, type or module 'PhysicsConfig' is not defined. Maybe you want one of the following:   physicsCost   PhysicsState   PhysicsWorld   physicsWorld [c:\Users\tmdru\Downloads\files\tests\Tests.fsproj]
c:\Users\tmdru\Downloads\files\tests\AdaptiveConfigTests.fs(69,28): error FS0039: The record label 'DeviceId' is not defined. [c:\Users\tmdru\Downloads\files\tests\Tests.fsproj]
c:\Users\tmdru\Downloads\files\tests\AdaptiveConfigTests.fs(69,42): error FS0039: The record label 'MaxThreadsPerBlock' is not defined. [c:\Users\tmdru\Downloads\files\tests\Tests.fsproj]
c:\Users\tmdru\Downloads\files\tests\AdaptiveConfigTests.fs(69,68): error FS0039: The record label 'SharedMemorySize' is not defined. [c:\Users\tmdru\Downloads\files\tests\Tests.fsproj]
c:\Users\tmdru\Downloads\files\tests\AdaptiveConfigTests.fs(70,39): error FS0039: The value, constructor, namespace or type 'Default' is not defined. [c:\Users\tmdru\Downloads\files\tests\Tests.fsproj]
c:\Users\tmdru\Downloads\files\tests\AdaptiveConfigTests.fs(77,34): error FS0039: The value, constructor, namespace or type 'Default' is not defined. [c:\Users\tmdru\Downloads\files\tests\Tests.fsproj]
c:\Users\tmdru\Downloads\files\tests\AdaptiveConfigTests.fs(78,53): error FS0039: The value, namespace, type or module 'GPUConfig' is not defined. Maybe you want one of the following:   Config   config   genGPUConfig   genConfig [c:\Users\tmdru\Downloads\files\tests\Tests.fsproj]
c:\Users\tmdru\Downloads\files\tests\AdaptiveConfigTests.fs(78,67): error FS0039: The value, namespace, type or module 'GPUConfig' is not defined. Maybe you want one of the following:   Config   config   genGPUConfig   genConfig [c:\Users\tmdru\Downloads\files\tests\Tests.fsproj]
c:\Users\tmdru\Downloads\files\tests\AdaptiveConfigTests.fs(79,17): error FS0039: The value, namespace, type or module 'GPUConfig' is not defined. Maybe you want one of the following:   Config   config   genGPUConfig   genConfig [c:\Users\tmdru\Downloads\files\tests\Tests.fsproj]
c:\Users\tmdru\Downloads\files\tests\AdaptiveConfigTests.fs(80,19): error FS0039: The value, namespace, type or module 'GPUConfig' is not defined. Maybe you want one of the following:   Config   config   genGPUConfig   genConfig [c:\Users\tmdru\Downloads\files\tests\Tests.fsproj]
c:\Users\tmdru\Downloads\files\tests\CacheTests.fs(17,10): error FS0039: The namespace or module 'Cache' is not defined. [c:\Users\tmdru\Downloads\files\tests\Tests.fsproj]
c:\Users\tmdru\Downloads\files\tests\CacheTests.fs(21,21): error FS0039: The value or constructor 'LRUCache' is not defined. [c:\Users\tmdru\Downloads\files\tests\Tests.fsproj]
c:\Users\tmdru\Downloads\files\tests\CacheTests.fs(22,9): error FS0072: Lookup on object of indeterminate type based on information prior to this program point. A type annotation may be needed prior to this program point to constrain the type of the object. This may allow the lookup to be resolved. [c:\Users\tmdru\Downloads\files\tests\Tests.fsproj]
c:\Users\tmdru\Downloads\files\tests\CacheTests.fs(23,9): error FS0072: Lookup on object of indeterminate type based on information prior to this program point. A type annotation may be needed prior to this program point to constrain the type of the object. This may allow the lookup to be resolved. [c:\Users\tmdru\Downloads\files\tests\Tests.fsproj]
c:\Users\tmdru\Downloads\files\tests\CacheTests.fs(24,9): error FS0072: Lookup on object of indeterminate type based on information prior to this program point. A type annotation may be needed prior to this program point to constrain the type of the object. This may allow the lookup to be resolved. [c:\Users\tmdru\Downloads\files\tests\Tests.fsproj]
c:\Users\tmdru\Downloads\files\tests\CacheTests.fs(25,9): error FS0072: Lookup on object of indeterminate type based on information prior to this program point. A type annotation may be needed prior to this program point to constrain the type of the object. This may allow the lookup to be resolved. [c:\Users\tmdru\Downloads\files\tests\Tests.fsproj]
c:\Users\tmdru\Downloads\files\tests\CacheTests.fs(26,9): error FS0072: Lookup on object of indeterminate type based on information prior to this program point. A type annotation may be needed prior to this program point to constrain the type of the object. This may allow the lookup to be resolved. [c:\Users\tmdru\Downloads\files\tests\Tests.fsproj]
c:\Users\tmdru\Downloads\files\tests\CacheTests.fs(27,32): error FS0072: Lookup on object of indeterminate type based on information prior to this program point. A type annotation may be needed prior to this program point to constrain the type of the object. This may allow the lookup to be resolved. [c:\Users\tmdru\Downloads\files\tests\Tests.fsproj]
c:\Users\tmdru\Downloads\files\tests\CacheTests.fs(28,28): error FS0072: Lookup on object of indeterminate type based on information prior to this program point. A type annotation may be needed prior to this program point to constrain the type of the object. This may allow the lookup to be resolved. [c:\Users\tmdru\Downloads\files\tests\Tests.fsproj]
c:\Users\tmdru\Downloads\files\tests\CacheTests.fs(29,32): error FS0072: Lookup on object of indeterminate type based on information prior to this program point. A type annotation may be needed prior to this program point to constrain the type of the object. This may allow the lookup to be resolved. [c:\Users\tmdru\Downloads\files\tests\Tests.fsproj]
c:\Users\tmdru\Downloads\files\tests\CacheTests.fs(34,31): error FS0039: The value or constructor 'LRUCache' is not defined. [c:\Users\tmdru\Downloads\files\tests\Tests.fsproj]
c:\Users\tmdru\Downloads\files\tests\CacheTests.fs(36,17): error FS0072: Lookup on object of indeterminate type based on information prior to this program point. A type annotation may be needed prior to this program point to constrain the type of the object. This may allow the lookup to be resolved. [c:\Users\tmdru\Downloads\files\tests\Tests.fsproj]
c:\Users\tmdru\Downloads\files\tests\CacheTests.fs(37,17): error FS0072: Lookup on object of indeterminate type based on information prior to this program point. A type annotation may be needed prior to this program point to constrain the type of the object. This may allow the lookup to be resolved. [c:\Users\tmdru\Downloads\files\tests\Tests.fsproj]
c:\Users\tmdru\Downloads\files\tests\CacheTests.fs(47,21): error FS0039: The value or constructor 'LRUCache' is not defined. [c:\Users\tmdru\Downloads\files\tests\Tests.fsproj]
c:\Users\tmdru\Downloads\files\tests\CacheTests.fs(48,9): error FS0072: Lookup on object of indeterminate type based on information prior to this program point. A type annotation may be needed prior to this program point to constrain the type of the object. This may allow the lookup to be resolved. [c:\Users\tmdru\Downloads\files\tests\Tests.fsproj]
c:\Users\tmdru\Downloads\files\tests\CacheTests.fs(49,9): error FS0072: Lookup on object of indeterminate type based on information prior to this program point. A type annotation may be needed prior to this program point to constrain the type of the object. This may allow the lookup to be resolved. [c:\Users\tmdru\Downloads\files\tests\Tests.fsproj]
c:\Users\tmdru\Downloads\files\tests\CacheTests.fs(50,9): error FS0072: Lookup on object of indeterminate type based on information prior to this program point. A type annotation may be needed prior to this program point to constrain the type of the object. This may allow the lookup to be resolved. [c:\Users\tmdru\Downloads\files\tests\Tests.fsproj]
c:\Users\tmdru\Downloads\files\tests\CacheTests.fs(51,9): error FS0072: Lookup on object of indeterminate type based on information prior to this program point. A type annotation may be needed prior to this program point to constrain the type of the object. This may allow the lookup to be resolved. [c:\Users\tmdru\Downloads\files\tests\Tests.fsproj]
c:\Users\tmdru\Downloads\files\tests\CacheTests.fs(52,25): error FS0072: Lookup on object of indeterminate type based on information prior to this program point. A type annotation may be needed prior to this program point to constrain the type of the object. This may allow the lookup to be resolved. [c:\Users\tmdru\Downloads\files\tests\Tests.fsproj]
c:\Users\tmdru\Downloads\files\tests\CacheTests.fs(56,21): error FS0039: The value or constructor 'LRUCache' is not defined. [c:\Users\tmdru\Downloads\files\tests\Tests.fsproj]
c:\Users\tmdru\Downloads\files\tests\CacheTests.fs(58,9): error FS0072: Lookup on object of indeterminate type based on information prior to this program point. A type annotation may be needed prior to this program point to constrain the type of the object. This may allow the lookup to be resolved. [c:\Users\tmdru\Downloads\files\tests\Tests.fsproj]
c:\Users\tmdru\Downloads\files\tests\CacheTests.fs(71,21): error FS0039: The value or constructor 'LRUCache' is not defined. [c:\Users\tmdru\Downloads\files\tests\Tests.fsproj]
c:\Users\tmdru\Downloads\files\tests\CacheTests.fs(72,27): error FS0072: Lookup on object of indeterminate type based on information prior to this program point. A type annotation may be needed prior to this program point to constrain the type of the object. This may allow the lookup to be resolved. [c:\Users\tmdru\Downloads\files\tests\Tests.fsproj]
c:\Users\tmdru\Downloads\files\tests\CacheTests.fs(73,21): error FS0072: Lookup on object of indeterminate type based on information prior to this program point. A type annotation may be needed prior to this program point to constrain the type of the object. This may allow the lookup to be resolved. [c:\Users\tmdru\Downloads\files\tests\Tests.fsproj]
c:\Users\tmdru\Downloads\files\tests\CacheTests.fs(77,21): error FS0039: The value or constructor 'LRUCache' is not defined. [c:\Users\tmdru\Downloads\files\tests\Tests.fsproj]
c:\Users\tmdru\Downloads\files\tests\CacheTests.fs(78,9): error FS0072: Lookup on object of indeterminate type based on information prior to this program point. A type annotation may be needed prior to this program point to constrain the type of the object. This may allow the lookup to be resolved. [c:\Users\tmdru\Downloads\files\tests\Tests.fsproj]
c:\Users\tmdru\Downloads\files\tests\CacheTests.fs(79,9): error FS0072: Lookup on object of indeterminate type based on information prior to this program point. A type annotation may be needed prior to this program point to constrain the type of the object. This may allow the lookup to be resolved. [c:\Users\tmdru\Downloads\files\tests\Tests.fsproj]
c:\Users\tmdru\Downloads\files\tests\CacheTests.fs(80,9): error FS0072: Lookup on object of indeterminate type based on information prior to this program point. A type annotation may be needed prior to this program point to constrain the type of the object. This may allow the lookup to be resolved. [c:\Users\tmdru\Downloads\files\tests\Tests.fsproj]
c:\Users\tmdru\Downloads\files\tests\CacheTests.fs(81,25): error FS0072: Lookup on object of indeterminate type based on information prior to this program point. A type annotation may be needed prior to this program point to constrain the type of the object. This may allow the lookup to be resolved. [c:\Users\tmdru\Downloads\files\tests\Tests.fsproj]
c:\Users\tmdru\Downloads\files\tests\CacheTests.fs(82,28): error FS0072: Lookup on object of indeterminate type based on information prior to this program point. A type annotation may be needed prior to this program point to constrain the type of the object. This may allow the lookup to be resolved. [c:\Users\tmdru\Downloads\files\tests\Tests.fsproj]
c:\Users\tmdru\Downloads\files\tests\CacheTests.fs(86,21): error FS0039: The value or constructor 'LRUCache' is not defined. [c:\Users\tmdru\Downloads\files\tests\Tests.fsproj]
c:\Users\tmdru\Downloads\files\tests\CacheTests.fs(87,9): error FS0072: Lookup on object of indeterminate type based on information prior to this program point. A type annotation may be needed prior to this program point to constrain the type of the object. This may allow the lookup to be resolved. [c:\Users\tmdru\Downloads\files\tests\Tests.fsproj]
c:\Users\tmdru\Downloads\files\tests\CacheTests.fs(88,9): error FS0072: Lookup on object of indeterminate type based on information prior to this program point. A type annotation may be needed prior to this program point to constrain the type of the object. This may allow the lookup to be resolved. [c:\Users\tmdru\Downloads\files\tests\Tests.fsproj]
c:\Users\tmdru\Downloads\files\tests\CacheTests.fs(92,46): error FS0039: The value, constructor, namespace or type 'Default' is not defined. [c:\Users\tmdru\Downloads\files\tests\Tests.fsproj]
c:\Users\tmdru\Downloads\files\tests\CacheTests.fs(93,25): error FS0039: The value or constructor 'LRUCache' is not defined. [c:\Users\tmdru\Downloads\files\tests\Tests.fsproj]
c:\Users\tmdru\Downloads\files\tests\CacheTests.fs(94,41): error FS0072: Lookup on object of indeterminate type based on information prior to this program point. A type annotation may be needed prior to this program point to constrain the type of the object. This may allow the lookup to be resolved. [c:\Users\tmdru\Downloads\files\tests\Tests.fsproj]
c:\Users\tmdru\Downloads\files\tests\CacheTests.fs(96,13): error FS0072: Lookup on object of indeterminate type based on information prior to this program point. A type annotation may be needed prior to this program point to constrain the type of the object. This may allow the lookup to be resolved. [c:\Users\tmdru\Downloads\files\tests\Tests.fsproj]
c:\Users\tmdru\Downloads\files\tests\CacheTests.fs(97,34): error FS0072: Lookup on object of indeterminate type based on information prior to this program point. A type annotation may be needed prior to this program point to constrain the type of the object. This may allow the lookup to be resolved. [c:\Users\tmdru\Downloads\files\tests\Tests.fsproj]
c:\Users\tmdru\Downloads\files\tests\CacheTests.fs(98,13): error FS0072: Lookup on object of indeterminate type based on information prior to this program point. A type annotation may be needed prior to this program point to constrain the type of the object. This may allow the lookup to be resolved. [c:\Users\tmdru\Downloads\files\tests\Tests.fsproj]
c:\Users\tmdru\Downloads\files\tests\CacheTests.fs(103,31): error FS0039: The value or constructor 'LRUCache' is not defined. [c:\Users\tmdru\Downloads\files\tests\Tests.fsproj]
c:\Users\tmdru\Downloads\files\tests\CacheTests.fs(106,21): error FS0072: Lookup on object of indeterminate type based on information prior to this program point. A type annotation may be needed prior to this program point to constrain the type of the object. This may allow the lookup to be resolved. [c:\Users\tmdru\Downloads\files\tests\Tests.fsproj]
c:\Users\tmdru\Downloads\files\tests\CacheTests.fs(108,21): error FS0072: Lookup on object of indeterminate type based on information prior to this program point. A type annotation may be needed prior to this program point to constrain the type of the object. This may allow the lookup to be resolved. [c:\Users\tmdru\Downloads\files\tests\Tests.fsproj]
c:\Users\tmdru\Downloads\files\tests\CacheTests.fs(113,29): error FS0072: Lookup on object of indeterminate type based on information prior to this program point. A type annotation may be needed prior to this program point to constrain the type of the object. This may allow the lookup to be resolved. [c:\Users\tmdru\Downloads\files\tests\Tests.fsproj]
c:\Users\tmdru\Downloads\files\tests\CExportTests.fs(18,10): error FS0039: The namespace or module 'Physics' is not defined. [c:\Users\tmdru\Downloads\files\tests\Tests.fsproj]
c:\Users\tmdru\Downloads\files\tests\CExportTests.fs(19,10): error FS0039: The namespace or module 'Physics' is not defined. [c:\Users\tmdru\Downloads\files\tests\Tests.fsproj]
c:\Users\tmdru\Downloads\files\tests\CExportTests.fs(20,10): error FS0039: The namespace or module 'Physics' is not defined. [c:\Users\tmdru\Downloads\files\tests\Tests.fsproj]
c:\Users\tmdru\Downloads\files\tests\CExportTests.fs(23,57): error FS0039: The type 'CBodyData' is not defined. [c:\Users\tmdru\Downloads\files\tests\Tests.fsproj]
c:\Users\tmdru\Downloads\files\tests\CExportTests.fs(25,13): error FS0039: The namespace or module 'Physics' is not defined. [c:\Users\tmdru\Downloads\files\tests\Tests.fsproj]
c:\Users\tmdru\Downloads\files\tests\CExportTests.fs(26,13): error FS0039: The namespace or module 'Physics' is not defined. [c:\Users\tmdru\Downloads\files\tests\Tests.fsproj]
c:\Users\tmdru\Downloads\files\tests\CExportTests.fs(27,13): error FS0039: The namespace or module 'Physics' is not defined. [c:\Users\tmdru\Downloads\files\tests\Tests.fsproj]
c:\Users\tmdru\Downloads\files\tests\CExportTests.fs(28,13): error FS0039: The namespace or module 'Physics' is not defined. [c:\Users\tmdru\Downloads\files\tests\Tests.fsproj]
c:\Users\tmdru\Downloads\files\tests\CExportTests.fs(29,13): error FS0039: The namespace or module 'Physics' is not defined. [c:\Users\tmdru\Downloads\files\tests\Tests.fsproj]
c:\Users\tmdru\Downloads\files\tests\CExportTests.fs(30,13): error FS0039: The namespace or module 'Physics' is not defined. [c:\Users\tmdru\Downloads\files\tests\Tests.fsproj]
c:\Users\tmdru\Downloads\files\tests\CExportTests.fs(31,13): error FS0039: The namespace or module 'Physics' is not defined. [c:\Users\tmdru\Downloads\files\tests\Tests.fsproj]
c:\Users\tmdru\Downloads\files\tests\CExportTests.fs(32,13): error FS0039: The namespace or module 'Physics' is not defined. [c:\Users\tmdru\Downloads\files\tests\Tests.fsproj]
c:\Users\tmdru\Downloads\files\tests\CExportTests.fs(34,9): error FS0039: The value or constructor 'toCBodyData' is not defined. [c:\Users\tmdru\Downloads\files\tests\Tests.fsproj]
c:\Users\tmdru\Downloads\files\tests\CExportTests.fs(36,23): error FS0039: The type 'CBodyData' is not defined. [c:\Users\tmdru\Downloads\files\tests\Tests.fsproj]
c:\Users\tmdru\Downloads\files\tests\CExportTests.fs(37,27): error FS0039: The value or constructor 'fromCBodyData' is not defined. [c:\Users\tmdru\Downloads\files\tests\Tests.fsproj]
c:\Users\tmdru\Downloads\files\tests\CExportTests.fs(43,67): error FS0039: The type 'RigidBody' does not define the field, constructor or member 'IsStatic'. [c:\Users\tmdru\Downloads\files\tests\Tests.fsproj]
c:\Users\tmdru\Downloads\files\tests\CExportTests.fs(46,27): error FS0039: The type 'CBodyData' is not defined. [c:\Users\tmdru\Downloads\files\tests\Tests.fsproj]
c:\Users\tmdru\Downloads\files\tests\CExportTests.fs(48,13): error FS0039: The namespace or module 'CBodyData' is not defined. [c:\Users\tmdru\Downloads\files\tests\Tests.fsproj]
c:\Users\tmdru\Downloads\files\tests\CExportTests.fs(49,13): error FS0039: The namespace or module 'CBodyData' is not defined. [c:\Users\tmdru\Downloads\files\tests\Tests.fsproj]
c:\Users\tmdru\Downloads\files\tests\CExportTests.fs(50,13): error FS0039: The namespace or module 'CBodyData' is not defined. [c:\Users\tmdru\Downloads\files\tests\Tests.fsproj]
c:\Users\tmdru\Downloads\files\tests\CExportTests.fs(51,13): error FS0039: The namespace or module 'CBodyData' is not defined. [c:\Users\tmdru\Downloads\files\tests\Tests.fsproj]
c:\Users\tmdru\Downloads\files\tests\CExportTests.fs(52,13): error FS0039: The namespace or module 'CBodyData' is not defined. [c:\Users\tmdru\Downloads\files\tests\Tests.fsproj]
c:\Users\tmdru\Downloads\files\tests\CExportTests.fs(53,13): error FS0039: The namespace or module 'CBodyData' is not defined. [c:\Users\tmdru\Downloads\files\tests\Tests.fsproj]
c:\Users\tmdru\Downloads\files\tests\CExportTests.fs(54,13): error FS0039: The namespace or module 'CBodyData' is not defined. [c:\Users\tmdru\Downloads\files\tests\Tests.fsproj]
c:\Users\tmdru\Downloads\files\tests\CExportTests.fs(55,13): error FS0039: The namespace or module 'CBodyData' is not defined. [c:\Users\tmdru\Downloads\files\tests\Tests.fsproj]
c:\Users\tmdru\Downloads\files\tests\CExportTests.fs(56,13): error FS0039: The namespace or module 'CBodyData' is not defined. [c:\Users\tmdru\Downloads\files\tests\Tests.fsproj]
c:\Users\tmdru\Downloads\files\tests\CExportTests.fs(57,13): error FS0039: The namespace or module 'CBodyData' is not defined. [c:\Users\tmdru\Downloads\files\tests\Tests.fsproj]
c:\Users\tmdru\Downloads\files\tests\CExportTests.fs(72,28): error FS0039: The type 'CBodyData' is not defined. [c:\Users\tmdru\Downloads\files\tests\Tests.fsproj]
c:\Users\tmdru\Downloads\files\tests\CExportTests.fs(72,28): error FS0039: The type 'CBodyData' is not defined. [c:\Users\tmdru\Downloads\files\tests\Tests.fsproj]
c:\Users\tmdru\Downloads\files\tests\CExportTests.fs(74,17): error FS0039: The namespace or module 'CBodyData' is not defined. [c:\Users\tmdru\Downloads\files\tests\Tests.fsproj]
c:\Users\tmdru\Downloads\files\tests\CExportTests.fs(75,17): error FS0039: The namespace or module 'CBodyData' is not defined. [c:\Users\tmdru\Downloads\files\tests\Tests.fsproj]
c:\Users\tmdru\Downloads\files\tests\CExportTests.fs(76,17): error FS0039: The namespace or module 'CBodyData' is not defined. [c:\Users\tmdru\Downloads\files\tests\Tests.fsproj]
c:\Users\tmdru\Downloads\files\tests\CExportTests.fs(77,17): error FS0039: The namespace or module 'CBodyData' is not defined. [c:\Users\tmdru\Downloads\files\tests\Tests.fsproj]
c:\Users\tmdru\Downloads\files\tests\CExportTests.fs(78,17): error FS0039: The namespace or module 'CBodyData' is not defined. [c:\Users\tmdru\Downloads\files\tests\Tests.fsproj]
c:\Users\tmdru\Downloads\files\tests\CExportTests.fs(79,17): error FS0039: The namespace or module 'CBodyData' is not defined. [c:\Users\tmdru\Downloads\files\tests\Tests.fsproj]
c:\Users\tmdru\Downloads\files\tests\CExportTests.fs(80,17): error FS0039: The namespace or module 'CBodyData' is not defined. [c:\Users\tmdru\Downloads\files\tests\Tests.fsproj]
c:\Users\tmdru\Downloads\files\tests\CExportTests.fs(81,17): error FS0039: The namespace or module 'CBodyData' is not defined. [c:\Users\tmdru\Downloads\files\tests\Tests.fsproj]
c:\Users\tmdru\Downloads\files\tests\CExportTests.fs(82,17): error FS0039: The namespace or module 'CBodyData' is not defined. [c:\Users\tmdru\Downloads\files\tests\Tests.fsproj]
c:\Users\tmdru\Downloads\files\tests\CExportTests.fs(83,17): error FS0039: The namespace or module 'CBodyData' is not defined. [c:\Users\tmdru\Downloads\files\tests\Tests.fsproj]
c:\Users\tmdru\Downloads\files\tests\CExportTests.fs(106,26): error FS0039: The value or constructor 'physics_add_body' is not defined. Maybe you want one of the following:   physicsCost   physicsWorld   PhysicsWorld   PhysicsWorldBuilder [c:\Users\tmdru\Downloads\files\tests\Tests.fsproj]
c:\Users\tmdru\Downloads\files\tests\CExportTests.fs(108,13): error FS0039: The value or constructor 'physics_step' is not defined. Maybe you want one of the following:   PhysicsState   physicsCost   toPhysicsState   physicsWorld   PhysicsWorld [c:\Users\tmdru\Downloads\files\tests\Tests.fsproj]
c:\Users\tmdru\Downloads\files\tests\CExportTests.fs(109,13): error FS0039: The value or constructor 'physics_shutdown' is not defined. Maybe you want one of the following:   physicsCost   PhysicsState   physicsWorld   PhysicsWorld   PhysicsWorldBuilder [c:\Users\tmdru\Downloads\files\tests\Tests.fsproj]
c:\Users\tmdru\Downloads\files\tests\CExportTests.fs(115,26): error FS0039: The value or constructor 'physics_add_body' is not defined. Maybe you want one of the following:   physicsCost   physicsWorld   PhysicsWorld   PhysicsWorldBuilder [c:\Users\tmdru\Downloads\files\tests\Tests.fsproj]
c:\Users\tmdru\Downloads\files\tests\CExportTests.fs(116,55): error FS0039: The type 'CBodyData' is not defined. [c:\Users\tmdru\Downloads\files\tests\Tests.fsproj]
c:\Users\tmdru\Downloads\files\tests\CExportTests.fs(117,13): error FS0039: The value or constructor 'physics_get_body' is not defined. Maybe you want one of the following:   physicsCost   PhysicsState   physicsWorld   PhysicsWorld [c:\Users\tmdru\Downloads\files\tests\Tests.fsproj]
c:\Users\tmdru\Downloads\files\tests\CExportTests.fs(124,26): error FS0039: The value or constructor 'physics_add_body' is not defined. Maybe you want one of the following:   physicsCost   physicsWorld   PhysicsWorld   PhysicsWorldBuilder [c:\Users\tmdru\Downloads\files\tests\Tests.fsproj]
c:\Users\tmdru\Downloads\files\tests\CExportTests.fs(132,26): error FS0039: The value or constructor 'physics_add_body' is not defined. Maybe you want one of the following:   physicsCost   physicsWorld   PhysicsWorld   PhysicsWorldBuilder [c:\Users\tmdru\Downloads\files\tests\Tests.fsproj]
c:\Users\tmdru\Downloads\files\tests\CExportTests.fs(133,57): error FS0039: The type 'CBodyData' is not defined. [c:\Users\tmdru\Downloads\files\tests\Tests.fsproj]
c:\Users\tmdru\Downloads\files\tests\CExportTests.fs(134,13): error FS0039: The value or constructor 'physics_get_body' is not defined. Maybe you want one of the following:   physicsCost   PhysicsState   physicsWorld   PhysicsWorld [c:\Users\tmdru\Downloads\files\tests\Tests.fsproj]
c:\Users\tmdru\Downloads\files\tests\CExportTests.fs(143,71): error FS0039: The value or constructor 'physics_add_body' is not defined. Maybe you want one of the following:   physicsCost   physicsWorld   PhysicsWorld   PhysicsWorldBuilder [c:\Users\tmdru\Downloads\files\tests\Tests.fsproj]
c:\Users\tmdru\Downloads\files\tests\CExportTests.fs(144,71): error FS0039: The value or constructor 'physics_add_body' is not defined. Maybe you want one of the following:   physicsCost   physicsWorld   PhysicsWorld   PhysicsWorldBuilder [c:\Users\tmdru\Downloads\files\tests\Tests.fsproj]
c:\Users\tmdru\Downloads\files\tests\CExportTests.fs(145,71): error FS0039: The value or constructor 'physics_add_body' is not defined. Maybe you want one of the following:   physicsCost   physicsWorld   PhysicsWorld   PhysicsWorldBuilder [c:\Users\tmdru\Downloads\files\tests\Tests.fsproj]
c:\Users\tmdru\Downloads\files\tests\CExportTests.fs(152,22): error FS0039: The value or constructor 'physics_init' is not defined. Maybe you want one of the following:   physicsCost   PhysicsState   physicsWorld   PhysicsWorld [c:\Users\tmdru\Downloads\files\tests\Tests.fsproj]
c:\Users\tmdru\Downloads\files\tests\CExportTests.fs(154,9): error FS0039: The value or constructor 'physics_shutdown' is not defined. Maybe you want one of the following:   physicsCost   PhysicsState   physicsWorld   PhysicsWorld   PhysicsWorldBuilder [c:\Users\tmdru\Downloads\files\tests\Tests.fsproj]
c:\Users\tmdru\Downloads\files\tests\CExportTests.fs(159,13): error FS0039: The value or constructor 'physics_shutdown' is not defined. Maybe you want one of the following:   physicsCost   PhysicsState   physicsWorld   PhysicsWorld   PhysicsWorldBuilder [c:\Users\tmdru\Downloads\files\tests\Tests.fsproj]
c:\Users\tmdru\Downloads\files\tests\CExportTests.fs(161,26): error FS0039: The value or constructor 'physics_add_body' is not defined. Maybe you want one of the following:   physicsCost   physicsWorld   PhysicsWorld   PhysicsWorldBuilder [c:\Users\tmdru\Downloads\files\tests\Tests.fsproj]
c:\Users\tmdru\Downloads\files\tests\CExportTests.fs(178,86): error FS0039: The value or constructor 'physics_add_body' is not defined. Maybe you want one of the following:   physicsCost   physicsWorld   PhysicsWorld   PhysicsWorldBuilder [c:\Users\tmdru\Downloads\files\tests\Tests.fsproj]
c:\Users\tmdru\Downloads\files\tests\ConstraintsTests.fs(15,10): error FS0039: The namespace or module 'ProceduralGeneration' is not defined. [c:\Users\tmdru\Downloads\files\tests\Tests.fsproj]
c:\Users\tmdru\Downloads\files\tests\ConstraintsTests.fs(16,10): error FS0039: The namespace or module 'Terrain' is not defined. [c:\Users\tmdru\Downloads\files\tests\Tests.fsproj]
c:\Users\tmdru\Downloads\files\tests\ConstraintsTests.fs(17,10): error FS0039: The namespace or module 'Physics' is not defined. [c:\Users\tmdru\Downloads\files\tests\Tests.fsproj]
c:\Users\tmdru\Downloads\files\tests\ConstraintsTests.fs(99,22): error FS0039: The value, namespace, type or module 'EnvironmentConstraints' is not defined. [c:\Users\tmdru\Downloads\files\tests\Tests.fsproj]
c:\Users\tmdru\Downloads\files\tests\ConstraintsTests.fs(100,22): error FS0039: The value, namespace, type or module 'EnvironmentConstraints' is not defined. [c:\Users\tmdru\Downloads\files\tests\Tests.fsproj]
c:\Users\tmdru\Downloads\files\tests\ConstraintsTests.fs(108,18): error FS0039: The value, namespace, type or module 'EnvironmentConstraints' is not defined. [c:\Users\tmdru\Downloads\files\tests\Tests.fsproj]
c:\Users\tmdru\Downloads\files\tests\ConstraintsTests.fs(108,58): error FS0039: The value, namespace, type or module 'EnvironmentConstraints' is not defined. [c:\Users\tmdru\Downloads\files\tests\Tests.fsproj]
c:\Users\tmdru\Downloads\files\tests\ConstraintsTests.fs(114,27): error FS0039: The value, namespace, type or module 'EnvironmentConstraints' is not defined. [c:\Users\tmdru\Downloads\files\tests\Tests.fsproj]
c:\Users\tmdru\Downloads\files\tests\PhysicsTests.fs(16,10): error FS0039: The namespace or module 'Physics' is not defined. [c:\Users\tmdru\Downloads\files\tests\Tests.fsproj]
c:\Users\tmdru\Downloads\files\tests\PhysicsTests.fs(47,15): error FS0039: The namespace or module 'Physics' is not defined. [c:\Users\tmdru\Downloads\files\tests\Tests.fsproj]
c:\Users\tmdru\Downloads\files\tests\PhysicsTests.fs(47,120): error FS0039: The record label 'Acceleration' is not defined. [c:\Users\tmdru\Downloads\files\tests\Tests.fsproj]
c:\Users\tmdru\Downloads\files\tests\PhysicsTests.fs(47,77): error FS0193: Type constraint mismatch. The type     'System.Numerics.Vector3'    is not compatible with type    'TestInfrastructure.Core.Vector3' [c:\Users\tmdru\Downloads\files\tests\Tests.fsproj]
c:\Users\tmdru\Downloads\files\tests\PhysicsTests.fs(47,13): error FS0764: No assignment given for field 'Position' of type 'TestInfrastructure.Core.RigidBody' [c:\Users\tmdru\Downloads\files\tests\Tests.fsproj]
c:\Users\tmdru\Downloads\files\tests\PhysicsTests.fs(48,15): error FS0039: The namespace or module 'Physics' is not defined. [c:\Users\tmdru\Downloads\files\tests\Tests.fsproj]
c:\Users\tmdru\Downloads\files\tests\PhysicsTests.fs(48,121): error FS1129: The record type 'RigidBody' does not contain a label 'Acceleration'. [c:\Users\tmdru\Downloads\files\tests\Tests.fsproj]
c:\Users\tmdru\Downloads\files\tests\PhysicsTests.fs(48,77): error FS0193: Type constraint mismatch. The type     'System.Numerics.Vector3'    is not compatible with type    'TestInfrastructure.Core.Vector3' [c:\Users\tmdru\Downloads\files\tests\Tests.fsproj]
c:\Users\tmdru\Downloads\files\tests\PhysicsTests.fs(48,13): error FS0764: No assignment given for field 'Position' of type 'TestInfrastructure.Core.RigidBody' [c:\Users\tmdru\Downloads\files\tests\Tests.fsproj]
c:\Users\tmdru\Downloads\files\tests\PhysicsTests.fs(51,24): error FS0039: The namespace or module 'Physics' is not defined. [c:\Users\tmdru\Downloads\files\tests\Tests.fsproj]
c:\Users\tmdru\Downloads\files\tests\PhysicsTests.fs(51,49): error FS0039: The record label 'Properties' is not defined. [c:\Users\tmdru\Downloads\files\tests\Tests.fsproj]
c:\Users\tmdru\Downloads\files\tests\PhysicsTests.fs(51,69): error FS0039: The record label 'Positions' is not defined. [c:\Users\tmdru\Downloads\files\tests\Tests.fsproj]
c:\Users\tmdru\Downloads\files\tests\PhysicsTests.fs(51,123): error FS0039: The namespace or module 'Physics' is not defined. [c:\Users\tmdru\Downloads\files\tests\Tests.fsproj]
c:\Users\tmdru\Downloads\files\tests\PhysicsTests.fs(51,47): error FS0764: No assignment given for field 'Bodies' of type 'TestInfrastructure.Core.PhysicsState' [c:\Users\tmdru\Downloads\files\tests\Tests.fsproj]
c:\Users\tmdru\Downloads\files\tests\SpatialHashTests.fs(85,64): error FS0001: Type mismatch. Expecting a    'TestInfrastructure.Core.Vector3 Microsoft.FSharp.Core.array'    but given a    'System.Numerics.Vector3 Microsoft.FSharp.Core.array'    The type 'TestInfrastructure.Core.Vector3' does not match the type 'System.Numerics.Vector3' [c:\Users\tmdru\Downloads\files\tests\Tests.fsproj]
c:\Users\tmdru\Downloads\files\tests\PhysicsQueriesTests.fs(11,10): error FS0039: The namespace or module 'Physics' is not defined. Maybe you want one of the following:   PhysicsTests [c:\Users\tmdru\Downloads\files\tests\Tests.fsproj]
c:\Users\tmdru\Downloads\files\tests\PhysicsQueriesTests.fs(17,56): error FS0001: This expression was expected to have type    'float32'    but here has type    'float' [c:\Users\tmdru\Downloads\files\tests\Tests.fsproj]
c:\Users\tmdru\Downloads\files\tests\PhysicsQueriesTests.fs(31,36): error FS0001: This expression was expected to have type    'float32'    but here has type    'float' [c:\Users\tmdru\Downloads\files\tests\Tests.fsproj]
c:\Users\tmdru\Downloads\files\tests\PhysicsQueriesTests.fs(31,41): error FS0001: This expression was expected to have type    'float32'    but here has type    'float' [c:\Users\tmdru\Downloads\files\tests\Tests.fsproj]
c:\Users\tmdru\Downloads\files\tests\PhysicsQueriesTests.fs(31,41): error FS0001: This expression was expected to have type    'float32'    but here has type    'float' [c:\Users\tmdru\Downloads\files\tests\Tests.fsproj]
c:\Users\tmdru\Downloads\files\tests\PhysicsQueriesTests.fs(31,61): error FS0001: This expression was expected to have type    'float32'    but here has type    'float' [c:\Users\tmdru\Downloads\files\tests\Tests.fsproj]
c:\Users\tmdru\Downloads\files\tests\PhysicsQueriesTests.fs(32,32): error FS0001: This expression was expected to have type    'TestInfrastructure.Core.Vector3'    but here has type    'System.Numerics.Vector3' [c:\Users\tmdru\Downloads\files\tests\Tests.fsproj]
c:\Users\tmdru\Downloads\files\tests\PhysicsQueriesTests.fs(70,9): error FS3214: Method or object constructor 'Length' is not static [c:\Users\tmdru\Downloads\files\tests\Tests.fsproj]
c:\Users\tmdru\Downloads\files\tests\PhysicsQueriesTests.fs(70,47): error FS0001: None of the types 'bool, Lazy<'a>' support the operator '==>' [c:\Users\tmdru\Downloads\files\tests\Tests.fsproj]
c:\Users\tmdru\Downloads\files\tests\PhysicsQueriesTests.fs(70,43): error FS0043: None of the types 'bool, Lazy<'a>' support the operator '==>' [c:\Users\tmdru\Downloads\files\tests\Tests.fsproj]
c:\Users\tmdru\Downloads\files\tests\PhysicsServiceTests.fs(13,10): error FS0039: The namespace or module 'Physics' is not defined. Maybe you want one of the following:   PhysicsTests   PhysicsQueriesTests [c:\Users\tmdru\Downloads\files\tests\Tests.fsproj]
c:\Users\tmdru\Downloads\files\tests\PhysicsServiceTests.fs(19,26): error FS0072: Lookup on object of indeterminate type based on information prior to this program point. A type annotation may be needed prior to this program point to constrain the type of the object. This may allow the lookup to be resolved. [c:\Users\tmdru\Downloads\files\tests\Tests.fsproj]
c:\Users\tmdru\Downloads\files\tests\PhysicsServiceTests.fs(22,13): error FS0072: Lookup on object of indeterminate type based on information prior to this program point. A type annotation may be needed prior to this program point to constrain the type of the object. This may allow the lookup to be resolved. [c:\Users\tmdru\Downloads\files\tests\Tests.fsproj]
c:\Users\tmdru\Downloads\files\tests\PhysicsServiceTests.fs(28,26): error FS0072: Lookup on object of indeterminate type based on information prior to this program point. A type annotation may be needed prior to this program point to constrain the type of the object. This may allow the lookup to be resolved. [c:\Users\tmdru\Downloads\files\tests\Tests.fsproj]
c:\Users\tmdru\Downloads\files\tests\PhysicsServiceTests.fs(34,32): error FS0072: Lookup on object of indeterminate type based on information prior to this program point. A type annotation may be needed prior to this program point to constrain the type of the object. This may allow the lookup to be resolved. [c:\Users\tmdru\Downloads\files\tests\Tests.fsproj]
c:\Users\tmdru\Downloads\files\tests\PhysicsServiceTests.fs(35,33): error FS0072: Lookup on object of indeterminate type based on information prior to this program point. A type annotation may be needed prior to this program point to constrain the type of the object. This may allow the lookup to be resolved. [c:\Users\tmdru\Downloads\files\tests\Tests.fsproj]
c:\Users\tmdru\Downloads\files\tests\PhysicsServiceTests.fs(43,26): error FS0072: Lookup on object of indeterminate type based on information prior to this program point. A type annotation may be needed prior to this program point to constrain the type of the object. This may allow the lookup to be resolved. [c:\Users\tmdru\Downloads\files\tests\Tests.fsproj]
c:\Users\tmdru\Downloads\files\tests\PhysicsServiceTests.fs(47,42): error FS0193: Type constraint mismatch. The type     'System.Numerics.Vector3'    is not compatible with type    'TestInfrastructure.Core.Vector3' [c:\Users\tmdru\Downloads\files\tests\Tests.fsproj]
c:\Users\tmdru\Downloads\files\tests\PhysicsServiceTests.fs(53,26): error FS0072: Lookup on object of indeterminate type based on information prior to this program point. A type annotation may be needed prior to this program point to constrain the type of the object. This may allow the lookup to be resolved. [c:\Users\tmdru\Downloads\files\tests\Tests.fsproj]
c:\Users\tmdru\Downloads\files\tests\PhysicsServiceTests.fs(54,13): error FS0072: Lookup on object of indeterminate type based on information prior to this program point. A type annotation may be needed prior to this program point to constrain the type of the object. This may allow the lookup to be resolved. [c:\Users\tmdru\Downloads\files\tests\Tests.fsproj]
c:\Users\tmdru\Downloads\files\tests\PhysicsServiceTests.fs(58,42): error FS0193: Type constraint mismatch. The type     'System.Numerics.Vector3'    is not compatible with type    'TestInfrastructure.Core.Vector3' [c:\Users\tmdru\Downloads\files\tests\Tests.fsproj]
c:\Users\tmdru\Downloads\files\tests\PhysicsServiceTests.fs(65,26): error FS0072: Lookup on object of indeterminate type based on information prior to this program point. A type annotation may be needed prior to this program point to constrain the type of the object. This may allow the lookup to be resolved. [c:\Users\tmdru\Downloads\files\tests\Tests.fsproj]
c:\Users\tmdru\Downloads\files\tests\PhysicsServiceTests.fs(67,13): error FS0072: Lookup on object of indeterminate type based on information prior to this program point. A type annotation may be needed prior to this program point to constrain the type of the object. This may allow the lookup to be resolved. [c:\Users\tmdru\Downloads\files\tests\Tests.fsproj]
c:\Users\tmdru\Downloads\files\tests\PhysicsServiceTests.fs(76,13): error FS0072: Lookup on object of indeterminate type based on information prior to this program point. A type annotation may be needed prior to this program point to constrain the type of the object. This may allow the lookup to be resolved. [c:\Users\tmdru\Downloads\files\tests\Tests.fsproj]
c:\Users\tmdru\Downloads\files\tests\PhysicsServiceTests.fs(77,13): error FS0072: Lookup on object of indeterminate type based on information prior to this program point. A type annotation may be needed prior to this program point to constrain the type of the object. This may allow the lookup to be resolved. [c:\Users\tmdru\Downloads\files\tests\Tests.fsproj]
c:\Users\tmdru\Downloads\files\tests\PhysicsServiceTests.fs(84,26): error FS0072: Lookup on object of indeterminate type based on information prior to this program point. A type annotation may be needed prior to this program point to constrain the type of the object. This may allow the lookup to be resolved. [c:\Users\tmdru\Downloads\files\tests\Tests.fsproj]
c:\Users\tmdru\Downloads\files\tests\PhysicsServiceTests.fs(91,13): error FS0072: Lookup on object of indeterminate type based on information prior to this program point. A type annotation may be needed prior to this program point to constrain the type of the object. This may allow the lookup to be resolved. [c:\Users\tmdru\Downloads\files\tests\Tests.fsproj]
c:\Users\tmdru\Downloads\files\tests\PhysicsServiceTests.fs(92,13): error FS0072: Lookup on object of indeterminate type based on information prior to this program point. A type annotation may be needed prior to this program point to constrain the type of the object. This may allow the lookup to be resolved. [c:\Users\tmdru\Downloads\files\tests\Tests.fsproj]
c:\Users\tmdru\Downloads\files\tests\PhysicsServiceTests.fs(95,17): error FS0072: Lookup on object of indeterminate type based on information prior to this program point. A type annotation may be needed prior to this program point to constrain the type of the object. This may allow the lookup to be resolved. [c:\Users\tmdru\Downloads\files\tests\Tests.fsproj]
c:\Users\tmdru\Downloads\files\tests\PhysicsServiceTests.fs(95,42): error FS0072: Lookup on object of indeterminate type based on information prior to this program point. A type annotation may be needed prior to this program point to constrain the type of the object. This may allow the lookup to be resolved. [c:\Users\tmdru\Downloads\files\tests\Tests.fsproj]
c:\Users\tmdru\Downloads\files\tests\PhysicsServiceTests.fs(100,13): error FS0072: Lookup on object of indeterminate type based on information prior to this program point. A type annotation may be needed prior to this program point to constrain the type of the object. This may allow the lookup to be resolved. [c:\Users\tmdru\Downloads\files\tests\Tests.fsproj]
c:\Users\tmdru\Downloads\files\tests\PhysicsServiceTests.fs(102,13): error FS0072: Lookup on object of indeterminate type based on information prior to this program point. A type annotation may be needed prior to this program point to constrain the type of the object. This may allow the lookup to be resolved. [c:\Users\tmdru\Downloads\files\tests\Tests.fsproj]
c:\Users\tmdru\Downloads\files\tests\PhysicsServiceTests.fs(103,45): error FS0072: Lookup on object of indeterminate type based on information prior to this program point. A type annotation may be needed prior to this program point to constrain the type of the object. This may allow the lookup to be resolved. [c:\Users\tmdru\Downloads\files\tests\Tests.fsproj]
c:\Users\tmdru\Downloads\files\tests\PhysicsServiceTests.fs(103,68): error FS0072: Lookup on object of indeterminate type based on information prior to this program point. A type annotation may be needed prior to this program point to constrain the type of the object. This may allow the lookup to be resolved. [c:\Users\tmdru\Downloads\files\tests\Tests.fsproj]
c:\Users\tmdru\Downloads\files\tests\PhysicsServiceTests.fs(110,45): error FS0072: Lookup on object of indeterminate type based on information prior to this program point. A type annotation may be needed prior to this program point to constrain the type of the object. This may allow the lookup to be resolved. [c:\Users\tmdru\Downloads\files\tests\Tests.fsproj]
c:\Users\tmdru\Downloads\files\tests\SyncThreadSafetyTests.fs(15,10): error FS0039: The namespace or module 'Physics' is not defined. Maybe you want one of the following:   PhysicsTests   PhysicsQueriesTests   PhysicsServiceTests [c:\Users\tmdru\Downloads\files\tests\Tests.fsproj]
c:\Users\tmdru\Downloads\files\tests\SyncThreadSafetyTests.fs(19,22): error FS0039: The value or constructor 'TripleBuffer' is not defined. [c:\Users\tmdru\Downloads\files\tests\Tests.fsproj]
c:\Users\tmdru\Downloads\files\tests\SyncThreadSafetyTests.fs(23,37): error FS0072: Lookup on object of indeterminate type based on information prior to this program point. A type annotation may be needed prior to this program point to constrain the type of the object. This may allow the lookup to be resolved. [c:\Users\tmdru\Downloads\files\tests\Tests.fsproj]
c:\Users\tmdru\Downloads\files\tests\SyncThreadSafetyTests.fs(23,57): error FS0072: Lookup on object of indeterminate type based on information prior to this program point. A type annotation may be needed prior to this program point to constrain the type of the object. This may allow the lookup to be resolved. [c:\Users\tmdru\Downloads\files\tests\Tests.fsproj]
c:\Users\tmdru\Downloads\files\tests\SyncThreadSafetyTests.fs(26,24): error FS0193: Type constraint mismatch. The type     'TimeSpan'    is not compatible with type    'TimeSpan option' [c:\Users\tmdru\Downloads\files\tests\Tests.fsproj]
c:\Users\tmdru\Downloads\files\tests\SyncThreadSafetyTests.fs(33,21): error FS0039: The value or constructor 'PhysicsCommandQueue' is not defined. Maybe you want one of the following:   physicsCost   PhysicsState [c:\Users\tmdru\Downloads\files\tests\Tests.fsproj]
c:\Users\tmdru\Downloads\files\tests\SyncThreadSafetyTests.fs(37,72): error FS0039: The type 'AsyncReplyChannel<_>' does not define the field, constructor or member 'CreateWithTimeout'. [c:\Users\tmdru\Downloads\files\tests\Tests.fsproj]
c:\Users\tmdru\Downloads\files\tests\SyncThreadSafetyTests.fs(38,21): error FS0072: Lookup on object of indeterminate type based on information prior to this program point. A type annotation may be needed prior to this program point to constrain the type of the object. This may allow the lookup to be resolved. [c:\Users\tmdru\Downloads\files\tests\Tests.fsproj]
c:\Users\tmdru\Downloads\files\tests\SyncThreadSafetyTests.fs(42,25): error FS0072: Lookup on object of indeterminate type based on information prior to this program point. A type annotation may be needed prior to this program point to constrain the type of the object. This may allow the lookup to be resolved. [c:\Users\tmdru\Downloads\files\tests\Tests.fsproj]
c:\Users\tmdru\Downloads\files\tests\SyncThreadSafetyTests.fs(46,27): error FS0039: The type 'ThreadSafePhysicsManager' is not defined. Maybe you want one of the following:   ThreadSafetySpec   ThreadExceptionEventArgs   ThreadStartException   ThreadStateException [c:\Users\tmdru\Downloads\files\tests\Tests.fsproj]
c:\Users\tmdru\Downloads\files\tests\SyncThreadSafetyTests.fs(47,9): error FS0072: Lookup on object of indeterminate type based on information prior to this program point. A type annotation may be needed prior to this program point to constrain the type of the object. This may allow the lookup to be resolved. [c:\Users\tmdru\Downloads\files\tests\Tests.fsproj]
c:\Users\tmdru\Downloads\files\tests\SyncThreadSafetyTests.fs(48,21): error FS0072: Lookup on object of indeterminate type based on information prior to this program point. A type annotation may be needed prior to this program point to constrain the type of the object. This may allow the lookup to be resolved. [c:\Users\tmdru\Downloads\files\tests\Tests.fsproj]
c:\Users\tmdru\Downloads\files\tests\SyncThreadSafetyTests.fs(50,13): error FS0072: Lookup on object of indeterminate type based on information prior to this program point. A type annotation may be needed prior to this program point to constrain the type of the object. This may allow the lookup to be resolved. [c:\Users\tmdru\Downloads\files\tests\Tests.fsproj]
c:\Users\tmdru\Downloads\files\tests\SyncThreadSafetyTests.fs(51,13): error FS0072: Lookup on object of indeterminate type based on information prior to this program point. A type annotation may be needed prior to this program point to constrain the type of the object. This may allow the lookup to be resolved. [c:\Users\tmdru\Downloads\files\tests\Tests.fsproj]
c:\Users\tmdru\Downloads\files\tests\SyncThreadSafetyTests.fs(55,21): error FS0039: The value or constructor 'PhysicsCommandQueue' is not defined. Maybe you want one of the following:   physicsCost   PhysicsState [c:\Users\tmdru\Downloads\files\tests\Tests.fsproj]
c:\Users\tmdru\Downloads\files\tests\SyncThreadSafetyTests.fs(56,21): error FS0072: Lookup on object of indeterminate type based on information prior to this program point. A type annotation may be needed prior to this program point to constrain the type of the object. This may allow the lookup to be resolved. [c:\Users\tmdru\Downloads\files\tests\Tests.fsproj]
c:\Users\tmdru\Downloads\files\tests\SyncThreadSafetyTests.fs(58,18): error FS0072: Lookup on object of indeterminate type based on information prior to this program point. A type annotation may be needed prior to this program point to constrain the type of the object. This may allow the lookup to be resolved. [c:\Users\tmdru\Downloads\files\tests\Tests.fsproj]
c:\Users\tmdru\Downloads\files\tests\SyncThreadSafetyTests.fs(77,23): error FS0039: The value or constructor 'SnapshotManager' is not defined. [c:\Users\tmdru\Downloads\files\tests\Tests.fsproj]
c:\Users\tmdru\Downloads\files\tests\SyncThreadSafetyTests.fs(78,85): error FS0800: Invalid use of a type name [c:\Users\tmdru\Downloads\files\tests\Tests.fsproj]
c:\Users\tmdru\Downloads\files\tests\SyncThreadSafetyTests.fs(79,9): error FS0072: Lookup on object of indeterminate type based on information prior to this program point. A type annotation may be needed prior to this program point to constrain the type of the object. This may allow the lookup to be resolved. [c:\Users\tmdru\Downloads\files\tests\Tests.fsproj]
c:\Users\tmdru\Downloads\files\tests\SyncThreadSafetyTests.fs(85,23): error FS0039: The value or constructor 'ThreadSafePhysicsManager' is not defined. Maybe you want one of the following:   ThreadSafetySpec   ThreadExceptionEventArgs   ThreadStartException   ThreadStateException   ThreadStartException [c:\Users\tmdru\Downloads\files\tests\Tests.fsproj]
c:\Users\tmdru\Downloads\files\tests\SyncThreadSafetyTests.fs(86,22): error FS0072: Lookup on object of indeterminate type based on information prior to this program point. A type annotation may be needed prior to this program point to constrain the type of the object. This may allow the lookup to be resolved. [c:\Users\tmdru\Downloads\files\tests\Tests.fsproj]
c:\Users\tmdru\Downloads\files\tests\SyncThreadSafetyTests.fs(91,23): error FS0039: The value or constructor 'ThreadSafePhysicsManager' is not defined. Maybe you want one of the following:   ThreadSafetySpec   ThreadExceptionEventArgs   ThreadStartException   ThreadStateException   ThreadStartException [c:\Users\tmdru\Downloads\files\tests\Tests.fsproj]
c:\Users\tmdru\Downloads\files\tests\SyncThreadSafetyTests.fs(92,9): error FS0072: Lookup on object of indeterminate type based on information prior to this program point. A type annotation may be needed prior to this program point to constrain the type of the object. This may allow the lookup to be resolved. [c:\Users\tmdru\Downloads\files\tests\Tests.fsproj]
c:\Users\tmdru\Downloads\files\tests\SyncThreadSafetyTests.fs(93,9): error FS0072: Lookup on object of indeterminate type based on information prior to this program point. A type annotation may be needed prior to this program point to constrain the type of the object. This may allow the lookup to be resolved. [c:\Users\tmdru\Downloads\files\tests\Tests.fsproj]
c:\Users\tmdru\Downloads\files\tests\SyncThreadSafetyTests.fs(94,48): error FS0072: Lookup on object of indeterminate type based on information prior to this program point. A type annotation may be needed prior to this program point to constrain the type of the object. This may allow the lookup to be resolved. [c:\Users\tmdru\Downloads\files\tests\Tests.fsproj]
c:\Users\tmdru\Downloads\files\tests\SyncThreadSafetyTests.fs(95,9): error FS0072: Lookup on object of indeterminate type based on information prior to this program point. A type annotation may be needed prior to this program point to constrain the type of the object. This may allow the lookup to be resolved. [c:\Users\tmdru\Downloads\files\tests\Tests.fsproj]
c:\Users\tmdru\Downloads\files\tests\SyncThreadSafetyTests.fs(111,23): error FS0039: The value or constructor 'ThreadSafePhysicsManager' is not defined. Maybe you want one of the following:   ThreadSafetySpec   ThreadExceptionEventArgs   ThreadStartException   ThreadStateException   ThreadStartException [c:\Users\tmdru\Downloads\files\tests\Tests.fsproj]
c:\Users\tmdru\Downloads\files\tests\SyncThreadSafetyTests.fs(112,9): error FS0072: Lookup on object of indeterminate type based on information prior to this program point. A type annotation may be needed prior to this program point to constrain the type of the object. This may allow the lookup to be resolved. [c:\Users\tmdru\Downloads\files\tests\Tests.fsproj]
c:\Users\tmdru\Downloads\files\tests\SyncThreadSafetyTests.fs(113,9): error FS0072: Lookup on object of indeterminate type based on information prior to this program point. A type annotation may be needed prior to this program point to constrain the type of the object. This may allow the lookup to be resolved. [c:\Users\tmdru\Downloads\files\tests\Tests.fsproj]
c:\Users\tmdru\Downloads\files\tests\SyncThreadSafetyTests.fs(120,22): error FS0039: The value or constructor 'TripleBuffer' is not defined. [c:\Users\tmdru\Downloads\files\tests\Tests.fsproj]
c:\Users\tmdru\Downloads\files\tests\SyncThreadSafetyTests.fs(122,41): error FS0072: Lookup on object of indeterminate type based on information prior to this program point. A type annotation may be needed prior to this program point to constrain the type of the object. This may allow the lookup to be resolved. [c:\Users\tmdru\Downloads\files\tests\Tests.fsproj]
c:\Users\tmdru\Downloads\files\tests\SyncThreadSafetyTests.fs(122,58): error FS0072: Lookup on object of indeterminate type based on information prior to this program point. A type annotation may be needed prior to this program point to constrain the type of the object. This may allow the lookup to be resolved. [c:\Users\tmdru\Downloads\files\tests\Tests.fsproj]
c:\Users\tmdru\Downloads\files\tests\ThreadSafeRandomTests.fs(56,44): error FS0001: None of the types 'bool, Lazy<'a>' support the operator '==>' [c:\Users\tmdru\Downloads\files\tests\Tests.fsproj]
c:\Users\tmdru\Downloads\files\tests\UnitsOfMeasureTests.fs(173,21): error FS0001: None of the types 'bool, Lazy<'a>' support the operator '==>' [c:\Users\tmdru\Downloads\files\tests\Tests.fsproj]
c:\Users\tmdru\Downloads\files\tests\UnitsOfMeasureTests.fs(173,17): error FS0043: None of the types 'bool, Lazy<'a>' support the operator '==>' [c:\Users\tmdru\Downloads\files\tests\Tests.fsproj]
c:\Users\tmdru\Downloads\files\tests\UnitsOfMeasureTests.fs(181,30): error FS0001: The type 'PositiveInt' does not support a conversion to the type 'float' [c:\Users\tmdru\Downloads\files\tests\Tests.fsproj]
c:\Users\tmdru\Downloads\files\tests\UnitsOfMeasureTests.fs(182,26): error FS0001: The type 'PositiveInt' does not support a conversion to the type 'float' [c:\Users\tmdru\Downloads\files\tests\Tests.fsproj]
c:\Users\tmdru\Downloads\files\tests\UnitsOfMeasureTests.fs(184,33): error FS0001: The type 'PositiveInt' does not support a conversion to the type 'float' [c:\Users\tmdru\Downloads\files\tests\Tests.fsproj]
c:\Users\tmdru\Downloads\files\tests\UnitsOfMeasureTests.fs(184,43): error FS0001: The type 'PositiveInt' does not support a conversion to the type 'float' [c:\Users\tmdru\Downloads\files\tests\Tests.fsproj]
c:\Users\tmdru\Downloads\files\tests\UnitsOfMeasureTests.fs(188,27): error FS0001: The type 'PositiveInt' does not support a conversion to the type 'float' [c:\Users\tmdru\Downloads\files\tests\Tests.fsproj]
c:\Users\tmdru\Downloads\files\tests\UnitsOfMeasureTests.fs(189,30): error FS0001: The type 'PositiveInt' does not support a conversion to the type 'float' [c:\Users\tmdru\Downloads\files\tests\Tests.fsproj]
c:\Users\tmdru\Downloads\files\tests\UnitsOfMeasureTests.fs(191,31): error FS0001: The type 'PositiveInt' does not support a conversion to the type 'float' [c:\Users\tmdru\Downloads\files\tests\Tests.fsproj]
c:\Users\tmdru\Downloads\files\tests\UnitsOfMeasureTests.fs(191,41): error FS0001: The type 'PositiveInt' does not support a conversion to the type 'float' [c:\Users\tmdru\Downloads\files\tests\Tests.fsproj]
c:\Users\tmdru\Downloads\files\tests\GPUIntegrationTests.fs(13,14): error FS0039: The namespace 'Wrappers' is not defined. [c:\Users\tmdru\Downloads\files\tests\Tests.fsproj]
c:\Users\tmdru\Downloads\files\tests\GPUIntegrationTests.fs(14,14): error FS0039: The namespace 'GPUCollision' is not defined. [c:\Users\tmdru\Downloads\files\tests\Tests.fsproj]
c:\Users\tmdru\Downloads\files\tests\GPUIntegrationTests.fs(18,17): error FS0039: The value, namespace, type or module 'Wrappers' is not defined. [c:\Users\tmdru\Downloads\files\tests\Tests.fsproj]
c:\Users\tmdru\Downloads\files\tests\GPUIntegrationTests.fs(23,27): error FS0039: The value, namespace, type or module 'Wrappers' is not defined. [c:\Users\tmdru\Downloads\files\tests\Tests.fsproj]
c:\Users\tmdru\Downloads\files\tests\GPUIntegrationTests.fs(28,25): error FS0039: The value, namespace, type or module 'Wrappers' is not defined. [c:\Users\tmdru\Downloads\files\tests\Tests.fsproj]
c:\Users\tmdru\Downloads\files\tests\GPUIntegrationTests.fs(33,9): error FS0039: The value, namespace, type or module 'Wrappers' is not defined. [c:\Users\tmdru\Downloads\files\tests\Tests.fsproj]
c:\Users\tmdru\Downloads\files\tests\GPUIntegrationTests.fs(34,25): error FS0039: The value, namespace, type or module 'Wrappers' is not defined. [c:\Users\tmdru\Downloads\files\tests\Tests.fsproj]
c:\Users\tmdru\Downloads\files\tests\GPUIntegrationTests.fs(39,9): error FS0039: The value, namespace, type or module 'Wrappers' is not defined. [c:\Users\tmdru\Downloads\files\tests\Tests.fsproj]
c:\Users\tmdru\Downloads\files\tests\GPUIntegrationTests.fs(40,25): error FS0039: The value, namespace, type or module 'Wrappers' is not defined. [c:\Users\tmdru\Downloads\files\tests\Tests.fsproj]
c:\Users\tmdru\Downloads\files\tests\GPUIntegrationTests.fs(45,9): error FS0039: The value, namespace, type or module 'Wrappers' is not defined. [c:\Users\tmdru\Downloads\files\tests\Tests.fsproj]
c:\Users\tmdru\Downloads\files\tests\GPUIntegrationTests.fs(46,25): error FS0039: The value, namespace, type or module 'Wrappers' is not defined. [c:\Users\tmdru\Downloads\files\tests\Tests.fsproj]
c:\Users\tmdru\Downloads\files\tests\GPUIntegrationTests.fs(51,9): error FS0039: The value, namespace, type or module 'Wrappers' is not defined. [c:\Users\tmdru\Downloads\files\tests\Tests.fsproj]
c:\Users\tmdru\Downloads\files\tests\GPUIntegrationTests.fs(52,9): error FS0039: The value, namespace, type or module 'Wrappers' is not defined. [c:\Users\tmdru\Downloads\files\tests\Tests.fsproj]
c:\Users\tmdru\Downloads\files\tests\GPUIntegrationTests.fs(56,33): error FS0039: The value, namespace, type or module 'Wrappers' is not defined. [c:\Users\tmdru\Downloads\files\tests\Tests.fsproj]
c:\Users\tmdru\Downloads\files\tests\GPUIntegrationTests.fs(68,21): error FS0039: The value, namespace, type or module 'Wrappers' is not defined. [c:\Users\tmdru\Downloads\files\tests\Tests.fsproj]
c:\Users\tmdru\Downloads\files\tests\GPUIntegrationTests.fs(69,25): error FS0039: The value, namespace, type or module 'Wrappers' is not defined. [c:\Users\tmdru\Downloads\files\tests\Tests.fsproj]
c:\Users\tmdru\Downloads\files\tests\GPUIntegrationTests.fs(70,21): error FS0039: The value, namespace, type or module 'Wrappers' is not defined. [c:\Users\tmdru\Downloads\files\tests\Tests.fsproj]
c:\Users\tmdru\Downloads\files\tests\GPUIntegrationTests.fs(77,20): error FS0039: The value, namespace, type or module 'Marshaling' is not defined. [c:\Users\tmdru\Downloads\files\tests\Tests.fsproj]
c:\Users\tmdru\Downloads\files\tests\GPUIntegrationTests.fs(79,25): error FS0072: Lookup on object of indeterminate type based on information prior to this program point. A type annotation may be needed prior to this program point to constrain the type of the object. This may allow the lookup to be resolved. [c:\Users\tmdru\Downloads\files\tests\Tests.fsproj]
c:\Users\tmdru\Downloads\files\tests\GPUIntegrationTests.fs(84,20): error FS0039: The value, namespace, type or module 'Marshaling' is not defined. [c:\Users\tmdru\Downloads\files\tests\Tests.fsproj]
c:\Users\tmdru\Downloads\files\tests\GPUIntegrationTests.fs(85,28): error FS0039: The value, namespace, type or module 'Marshaling' is not defined. [c:\Users\tmdru\Downloads\files\tests\Tests.fsproj]
c:\Users\tmdru\Downloads\files\tests\GPUIntegrationTests.fs(87,38): error FS0072: Lookup on object of indeterminate type based on information prior to this program point. A type annotation may be needed prior to this program point to constrain the type of the object. This may allow the lookup to be resolved. [c:\Users\tmdru\Downloads\files\tests\Tests.fsproj]
c:\Users\tmdru\Downloads\files\tests\GPUIntegrationTests.fs(89,53): error FS0752: The operator 'expr.[idx]' has been used on an object of indeterminate type based on information prior to this program point. Consider adding further type constraints [c:\Users\tmdru\Downloads\files\tests\Tests.fsproj]
c:\Users\tmdru\Downloads\files\tests\GPUIntegrationTests.fs(90,53): error FS0752: The operator 'expr.[idx]' has been used on an object of indeterminate type based on information prior to this program point. Consider adding further type constraints [c:\Users\tmdru\Downloads\files\tests\Tests.fsproj]
c:\Users\tmdru\Downloads\files\tests\GPUIntegrationTests.fs(91,53): error FS0752: The operator 'expr.[idx]' has been used on an object of indeterminate type based on information prior to this program point. Consider adding further type constraints [c:\Users\tmdru\Downloads\files\tests\Tests.fsproj]
c:\Users\tmdru\Downloads\files\tests\GPUIntegrationTests.fs(97,20): error FS0039: The value, namespace, type or module 'Marshaling' is not defined. [c:\Users\tmdru\Downloads\files\tests\Tests.fsproj]
c:\Users\tmdru\Downloads\files\tests\GPUIntegrationTests.fs(99,25): error FS0072: Lookup on object of indeterminate type based on information prior to this program point. A type annotation may be needed prior to this program point to constrain the type of the object. This may allow the lookup to be resolved. [c:\Users\tmdru\Downloads\files\tests\Tests.fsproj]
c:\Users\tmdru\Downloads\files\tests\GPUIntegrationTests.fs(106,15): error FS0039: The value, namespace, type or module 'Marshaling' is not defined. [c:\Users\tmdru\Downloads\files\tests\Tests.fsproj]
c:\Users\tmdru\Downloads\files\tests\GPUIntegrationTests.fs(107,38): error FS0072: Lookup on object of indeterminate type based on information prior to this program point. A type annotation may be needed prior to this program point to constrain the type of the object. This may allow the lookup to be resolved. [c:\Users\tmdru\Downloads\files\tests\Tests.fsproj]
c:\Users\tmdru\Downloads\files\tests\GPUIntegrationTests.fs(110,15): error FS0039: The value, namespace, type or module 'Marshaling' is not defined. [c:\Users\tmdru\Downloads\files\tests\Tests.fsproj]
c:\Users\tmdru\Downloads\files\tests\GPUIntegrationTests.fs(122,15): error FS0039: The value or constructor 'detect' is not defined. Maybe you want one of the following:   detectComplexity   detectChangepoints [c:\Users\tmdru\Downloads\files\tests\Tests.fsproj]
c:\Users\tmdru\Downloads\files\tests\GPUIntegrationTests.fs(134,15): error FS0039: The value or constructor 'detect' is not defined. Maybe you want one of the following:   detectComplexity   detectChangepoints [c:\Users\tmdru\Downloads\files\tests\Tests.fsproj]
c:\Users\tmdru\Downloads\files\tests\GPUIntegrationTests.fs(135,18): error FS0039: The pattern discriminator 'InvalidArgument' is not defined. [c:\Users\tmdru\Downloads\files\tests\Tests.fsproj]
c:\Users\tmdru\Downloads\files\tests\GPUIntegrationTests.fs(138,15): error FS0039: The value or constructor 'detect' is not defined. Maybe you want one of the following:   detectComplexity   detectChangepoints [c:\Users\tmdru\Downloads\files\tests\Tests.fsproj]
c:\Users\tmdru\Downloads\files\tests\GPUIntegrationTests.fs(139,18): error FS0039: The pattern discriminator 'InvalidArgument' is not defined. [c:\Users\tmdru\Downloads\files\tests\Tests.fsproj]
c:\Users\tmdru\Downloads\files\tests\GPUIntegrationTests.fs(150,15): error FS0039: The value or constructor 'detect' is not defined. Maybe you want one of the following:   detectComplexity   detectChangepoints [c:\Users\tmdru\Downloads\files\tests\Tests.fsproj]
c:\Users\tmdru\Downloads\files\tests\GPUIntegrationTests.fs(151,18): error FS0039: The pattern discriminator 'InvalidArgument' is not defined. [c:\Users\tmdru\Downloads\files\tests\Tests.fsproj]
c:\Users\tmdru\Downloads\files\tests\GPUIntegrationTests.fs(164,15): error FS0039: The value, namespace, type or module 'GPUTempering' is not defined. [c:\Users\tmdru\Downloads\files\tests\Tests.fsproj]
c:\Users\tmdru\Downloads\files\tests\GPUIntegrationTests.fs(165,18): error FS0039: The pattern discriminator 'InvalidArgument' is not defined. [c:\Users\tmdru\Downloads\files\tests\Tests.fsproj]
c:\Users\tmdru\Downloads\files\tests\GPUIntegrationTests.fs(168,15): error FS0039: The value, namespace, type or module 'GPUTempering' is not defined. [c:\Users\tmdru\Downloads\files\tests\Tests.fsproj]
c:\Users\tmdru\Downloads\files\tests\GPUIntegrationTests.fs(169,18): error FS0039: The pattern discriminator 'InvalidArgument' is not defined. [c:\Users\tmdru\Downloads\files\tests\Tests.fsproj]
c:\Users\tmdru\Downloads\files\tests\GPUIntegrationTests.fs(182,15): error FS0039: The value, namespace, type or module 'GPUTempering' is not defined. [c:\Users\tmdru\Downloads\files\tests\Tests.fsproj]
c:\Users\tmdru\Downloads\files\tests\GPUIntegrationTests.fs(183,18): error FS0039: The pattern discriminator 'InvalidArgument' is not defined. [c:\Users\tmdru\Downloads\files\tests\Tests.fsproj]
c:\Users\tmdru\Downloads\files\tests\GPUIntegrationTests.fs(196,15): error FS0039: The value, namespace, type or module 'GPUTempering' is not defined. [c:\Users\tmdru\Downloads\files\tests\Tests.fsproj]
c:\Users\tmdru\Downloads\files\tests\GPUIntegrationTests.fs(197,18): error FS0039: The pattern discriminator 'InvalidArgument' is not defined. [c:\Users\tmdru\Downloads\files\tests\Tests.fsproj]
c:\Users\tmdru\Downloads\files\tests\GPUIntegrationTests.fs(210,15): error FS0039: The value, namespace, type or module 'GPUTempering' is not defined. [c:\Users\tmdru\Downloads\files\tests\Tests.fsproj]
c:\Users\tmdru\Downloads\files\tests\GPUIntegrationTests.fs(211,18): error FS0039: The pattern discriminator 'InvalidArgument' is not defined. [c:\Users\tmdru\Downloads\files\tests\Tests.fsproj]
c:\Users\tmdru\Downloads\files\tests\GPUIntegrationTests.fs(224,15): error FS0039: The value, namespace, type or module 'GPUTempering' is not defined. [c:\Users\tmdru\Downloads\files\tests\Tests.fsproj]
c:\Users\tmdru\Downloads\files\tests\GPUIntegrationTests.fs(225,18): error FS0039: The pattern discriminator 'InvalidArgument' is not defined. [c:\Users\tmdru\Downloads\files\tests\Tests.fsproj]
c:\Users\tmdru\Downloads\files\tests\GPUIntegrationTests.fs(230,26): error FS0039: The value, namespace, type or module 'Dispatch' is not defined. [c:\Users\tmdru\Downloads\files\tests\Tests.fsproj]
c:\Users\tmdru\Downloads\files\tests\GPUIntegrationTests.fs(232,21): error FS0072: Lookup on object of indeterminate type based on information prior to this program point. A type annotation may be needed prior to this program point to constrain the type of the object. This may allow the lookup to be resolved. [c:\Users\tmdru\Downloads\files\tests\Tests.fsproj]
c:\Users\tmdru\Downloads\files\tests\GPUIntegrationTests.fs(233,21): error FS0072: Lookup on object of indeterminate type based on information prior to this program point. A type annotation may be needed prior to this program point to constrain the type of the object. This may allow the lookup to be resolved. [c:\Users\tmdru\Downloads\files\tests\Tests.fsproj]
c:\Users\tmdru\Downloads\files\tests\GPUIntegrationTests.fs(238,23): error FS0039: The namespace or module 'Dispatch' is not defined. [c:\Users\tmdru\Downloads\files\tests\Tests.fsproj]
c:\Users\tmdru\Downloads\files\tests\GPUIntegrationTests.fs(239,13): error FS0039: The record label 'NodeCount' is not defined. [c:\Users\tmdru\Downloads\files\tests\Tests.fsproj]
c:\Users\tmdru\Downloads\files\tests\GPUIntegrationTests.fs(240,13): error FS0039: The record label 'EdgeCount' is not defined. [c:\Users\tmdru\Downloads\files\tests\Tests.fsproj]
c:\Users\tmdru\Downloads\files\tests\GPUIntegrationTests.fs(238,53): error FS0764: No assignment given for field 'Mean' of type 'TestInfrastructure.Performance.TimingResult' [c:\Users\tmdru\Downloads\files\tests\Tests.fsproj]
c:\Users\tmdru\Downloads\files\tests\GPUIntegrationTests.fs(244,9): error FS0039: The value, namespace, type or module 'Dispatch' is not defined. [c:\Users\tmdru\Downloads\files\tests\Tests.fsproj]
c:\Users\tmdru\Downloads\files\tests\GPUIntegrationTests.fs(245,23): error FS0039: The value, namespace, type or module 'Dispatch' is not defined. [c:\Users\tmdru\Downloads\files\tests\Tests.fsproj]
c:\Users\tmdru\Downloads\files\tests\GPUIntegrationTests.fs(247,21): error FS0072: Lookup on object of indeterminate type based on information prior to this program point. A type annotation may be needed prior to this program point to constrain the type of the object. This may allow the lookup to be resolved. [c:\Users\tmdru\Downloads\files\tests\Tests.fsproj]
c:\Users\tmdru\Downloads\files\tests\GPUIntegrationTests.fs(253,26): error FS0039: The value, namespace, type or module 'Dispatch' is not defined. [c:\Users\tmdru\Downloads\files\tests\Tests.fsproj]
c:\Users\tmdru\Downloads\files\tests\GPUIntegrationTests.fs(255,21): error FS0039: The value, namespace, type or module 'Dispatch' is not defined. [c:\Users\tmdru\Downloads\files\tests\Tests.fsproj]
c:\Users\tmdru\Downloads\files\tests\GPUIntegrationTests.fs(256,21): error FS0039: The value, namespace, type or module 'Dispatch' is not defined. [c:\Users\tmdru\Downloads\files\tests\Tests.fsproj]
c:\Users\tmdru\Downloads\files\tests\GPUIntegrationTests.fs(273,22): error FS0039: The value, namespace, type or module 'Dispatch' is not defined. [c:\Users\tmdru\Downloads\files\tests\Tests.fsproj]
c:\Users\tmdru\Downloads\files\tests\GPUIntegrationTests.fs(275,25): error FS0072: Lookup on object of indeterminate type based on information prior to this program point. A type annotation may be needed prior to this program point to constrain the type of the object. This may allow the lookup to be resolved. [c:\Users\tmdru\Downloads\files\tests\Tests.fsproj]
c:\Users\tmdru\Downloads\files\tests\GPUIntegrationTests.fs(279,33): error FS0039: The value, namespace, type or module 'Wrappers' is not defined. [c:\Users\tmdru\Downloads\files\tests\Tests.fsproj]
    6 Warning(s)
    399 Error(s)

Time Elapsed 00:00:08.87
