
========== BUILD_GPU_COMPUTE ==========
  Determining projects to restore...
  All projects are up-to-date for restore.
  GPU.Compute -> C:\Users\tmdru\Downloads\files\src\bin\GPU.Compute\Debug\net8.0\GPU.Compute.dll

Build succeeded.
    0 Warning(s)
    0 Error(s)

Time Elapsed 00:00:01.07
========== BUILD_SERVER ==========
  Determining projects to restore...
  All projects are up-to-date for restore.
  GPU.Compute -> C:\Users\tmdru\Downloads\files\src\bin\GPU.Compute\Debug\net8.0\GPU.Compute.dll
  Server -> C:\Users\tmdru\Downloads\files\src\bin\Server\Debug\net8.0\Server.dll

Build succeeded.
    0 Warning(s)
    0 Error(s)

Time Elapsed 00:00:01.28
========== BUILD_CLI ==========
  Determining projects to restore...
  All projects are up-to-date for restore.
  CLI -> C:\Users\tmdru\Downloads\files\src\bin\CLI\Debug\net8.0\CLI.dll

Build succeeded.
    0 Warning(s)
    0 Error(s)

Time Elapsed 00:00:00.86
========== BUILD_TESTS ==========
  Determining projects to restore...
  All projects are up-to-date for restore.
  GPU.Compute -> C:\Users\tmdru\Downloads\files\src\bin\GPU.Compute\Debug\net8.0\GPU.Compute.dll
  Server -> C:\Users\tmdru\Downloads\files\src\bin\Server\Debug\net8.0\Server.dll
C:\Users\tmdru\Downloads\files\tests\unknown(1,1): warning FS3551: The source file 'Random.fs' (at position 16/33) already appeared in the compilation list (at position 6/33). Please verify that it is included only once in the project file. [C:\Users\tmdru\Downloads\files\tests\Tests.fsproj]
C:\Users\tmdru\Downloads\files\tests\AlgebraicLaws.fs(55,40): warning FS0064: This construct causes code to be less generic than indicated by the type annotations. The type variable 'B has been constrained to be type ''A'. [C:\Users\tmdru\Downloads\files\tests\Tests.fsproj]
C:\Users\tmdru\Downloads\files\tests\AlgebraicLaws.fs(55,62): warning FS0064: This construct causes code to be less generic than indicated by the type annotations. The type variable 'C has been constrained to be type ''A'. [C:\Users\tmdru\Downloads\files\tests\Tests.fsproj]
C:\Users\tmdru\Downloads\files\tests\AlgebraicLaws.fs(68,41): warning FS0064: This construct causes code to be less generic than indicated by the type annotations. The type variable 'B has been constrained to be type ''A'. [C:\Users\tmdru\Downloads\files\tests\Tests.fsproj]
C:\Users\tmdru\Downloads\files\tests\Assertions.fs(128,40): warning FS0064: This construct causes code to be less generic than indicated by the type annotations. The type variable 'T has been constrained to be type 'unit'. [C:\Users\tmdru\Downloads\files\tests\Tests.fsproj]
C:\Users\tmdru\Downloads\files\tests\Assertions.fs(432,31): warning FS0064: This construct causes code to be less generic than indicated by the type annotations. The type variable 'Stats has been constrained to be type '{| ActiveBodies: int; BodyCount: int; FrameCount: int64; TotalTime: float<s> |}'. [C:\Users\tmdru\Downloads\files\tests\Tests.fsproj]
C:\Users\tmdru\Downloads\files\tests\AdaptiveConfigTests.fs(57,28): error FS0039: The value, constructor, namespace or type 'Arb' is not defined. Maybe you want one of the following:   ArbMap [C:\Users\tmdru\Downloads\files\tests\Tests.fsproj]
C:\Users\tmdru\Downloads\files\tests\AdaptiveConfigTests.fs(70,30): error FS0039: The value, constructor, namespace or type 'Arb' is not defined. Maybe you want one of the following:   ArbMap [C:\Users\tmdru\Downloads\files\tests\Tests.fsproj]
C:\Users\tmdru\Downloads\files\tests\AdaptiveConfigTests.fs(77,25): error FS0039: The value, constructor, namespace or type 'Arb' is not defined. Maybe you want one of the following:   ArbMap [C:\Users\tmdru\Downloads\files\tests\Tests.fsproj]
C:\Users\tmdru\Downloads\files\tests\CacheTests.fs(92,45): error FS0039: The value, constructor, namespace or type 'generate' is not defined. [C:\Users\tmdru\Downloads\files\tests\Tests.fsproj]
C:\Users\tmdru\Downloads\files\tests\SpatialHashTests.fs(28,36): error FS0039: The type 'Vector3' does not define the field, constructor or member 'zero'. Maybe you want one of the following:   Zero [C:\Users\tmdru\Downloads\files\tests\Tests.fsproj]
C:\Users\tmdru\Downloads\files\tests\SpatialHashTests.fs(28,44): error FS0039: The record label 'X' is not defined. [C:\Users\tmdru\Downloads\files\tests\Tests.fsproj]
C:\Users\tmdru\Downloads\files\tests\SpatialHashTests.fs(28,54): error FS0039: The record label 'Y' is not defined. [C:\Users\tmdru\Downloads\files\tests\Tests.fsproj]
C:\Users\tmdru\Downloads\files\tests\SpatialHashTests.fs(28,64): error FS0039: The record label 'Z' is not defined. [C:\Users\tmdru\Downloads\files\tests\Tests.fsproj]
C:\Users\tmdru\Downloads\files\tests\SpatialHashTests.fs(77,36): error FS0039: The type 'Vector3' does not define the field, constructor or member 'zero'. Maybe you want one of the following:   Zero [C:\Users\tmdru\Downloads\files\tests\Tests.fsproj]
C:\Users\tmdru\Downloads\files\tests\SpatialHashTests.fs(77,44): error FS0039: The record label 'X' is not defined. [C:\Users\tmdru\Downloads\files\tests\Tests.fsproj]
C:\Users\tmdru\Downloads\files\tests\SpatialHashTests.fs(77,55): error FS0039: The record label 'Y' is not defined. [C:\Users\tmdru\Downloads\files\tests\Tests.fsproj]
C:\Users\tmdru\Downloads\files\tests\SpatialHashTests.fs(77,65): error FS0039: The record label 'Z' is not defined. [C:\Users\tmdru\Downloads\files\tests\Tests.fsproj]
C:\Users\tmdru\Downloads\files\tests\SpatialHashTests.fs(78,38): error FS0039: The type 'Vector3' does not define the field, constructor or member 'zero'. Maybe you want one of the following:   Zero [C:\Users\tmdru\Downloads\files\tests\Tests.fsproj]
C:\Users\tmdru\Downloads\files\tests\SpatialHashTests.fs(78,46): error FS0039: The record label 'X' is not defined. [C:\Users\tmdru\Downloads\files\tests\Tests.fsproj]
C:\Users\tmdru\Downloads\files\tests\SpatialHashTests.fs(78,56): error FS0039: The record label 'Y' is not defined. [C:\Users\tmdru\Downloads\files\tests\Tests.fsproj]
C:\Users\tmdru\Downloads\files\tests\SpatialHashTests.fs(78,66): error FS0039: The record label 'Z' is not defined. [C:\Users\tmdru\Downloads\files\tests\Tests.fsproj]
C:\Users\tmdru\Downloads\files\tests\SpatialHashTests.fs(84,64): error FS0001: Type mismatch. Expecting a    'TestInfrastructure.Core.Vector3 array'    but given a    'Vector3 array'    The type 'TestInfrastructure.Core.Vector3' does not match the type 'Vector3' [C:\Users\tmdru\Downloads\files\tests\Tests.fsproj]
C:\Users\tmdru\Downloads\files\tests\PhysicsQueriesTests.fs(9,18): error FS0039: The namespace 'Prop' is not defined. [C:\Users\tmdru\Downloads\files\tests\Tests.fsproj]
C:\Users\tmdru\Downloads\files\tests\PhysicsQueriesTests.fs(72,40): error FS0001: None of the types 'bool, Lazy<'a>' support the operator '==>' [C:\Users\tmdru\Downloads\files\tests\Tests.fsproj]
C:\Users\tmdru\Downloads\files\tests\PhysicsQueriesTests.fs(72,36): error FS0043: None of the types 'bool, Lazy<'a>' support the operator '==>' [C:\Users\tmdru\Downloads\files\tests\Tests.fsproj]
C:\Users\tmdru\Downloads\files\tests\PhysicsServiceTests.fs(22,13): warning FS0020: The result of this expression has type 'bool' and is implicitly ignored. Consider using 'ignore' to discard this value explicitly, e.g. 'expr |> ignore', or 'let' to bind the result to a name, e.g. 'let result = expr'. [C:\Users\tmdru\Downloads\files\tests\Tests.fsproj]
C:\Users\tmdru\Downloads\files\tests\SyncThreadSafetyTests.fs(89,23): warning FS0760: It is recommended that objects supporting the IDisposable interface are created using the syntax 'new Type(args)', rather than 'Type(args)' or 'Type' as a function value representing the constructor, to indicate that resources may be owned by the generated value [C:\Users\tmdru\Downloads\files\tests\Tests.fsproj]
C:\Users\tmdru\Downloads\files\tests\SyncThreadSafetyTests.fs(95,23): warning FS0760: It is recommended that objects supporting the IDisposable interface are created using the syntax 'new Type(args)', rather than 'Type(args)' or 'Type' as a function value representing the constructor, to indicate that resources may be owned by the generated value [C:\Users\tmdru\Downloads\files\tests\Tests.fsproj]
C:\Users\tmdru\Downloads\files\tests\SyncThreadSafetyTests.fs(115,23): warning FS0760: It is recommended that objects supporting the IDisposable interface are created using the syntax 'new Type(args)', rather than 'Type(args)' or 'Type' as a function value representing the constructor, to indicate that resources may be owned by the generated value [C:\Users\tmdru\Downloads\files\tests\Tests.fsproj]
C:\Users\tmdru\Downloads\files\tests\ThreadSafeRandomTests.fs(11,18): error FS0039: The namespace 'Prop' is not defined. [C:\Users\tmdru\Downloads\files\tests\Tests.fsproj]
C:\Users\tmdru\Downloads\files\tests\ThreadSafeRandomTests.fs(58,22): error FS0001: This expression was expected to have type    'bool'    but here has type    'Property' [C:\Users\tmdru\Downloads\files\tests\Tests.fsproj]
C:\Users\tmdru\Downloads\files\tests\ThreadSafeRandomTests.fs(58,22): error FS0001: This expression was expected to have type    'bool'    but here has type    'Property' [C:\Users\tmdru\Downloads\files\tests\Tests.fsproj]

Build FAILED.

C:\Users\tmdru\Downloads\files\tests\unknown(1,1): warning FS3551: The source file 'Random.fs' (at position 16/33) already appeared in the compilation list (at position 6/33). Please verify that it is included only once in the project file. [C:\Users\tmdru\Downloads\files\tests\Tests.fsproj]
C:\Users\tmdru\Downloads\files\tests\AlgebraicLaws.fs(55,40): warning FS0064: This construct causes code to be less generic than indicated by the type annotations. The type variable 'B has been constrained to be type ''A'. [C:\Users\tmdru\Downloads\files\tests\Tests.fsproj]
C:\Users\tmdru\Downloads\files\tests\AlgebraicLaws.fs(55,62): warning FS0064: This construct causes code to be less generic than indicated by the type annotations. The type variable 'C has been constrained to be type ''A'. [C:\Users\tmdru\Downloads\files\tests\Tests.fsproj]
C:\Users\tmdru\Downloads\files\tests\AlgebraicLaws.fs(68,41): warning FS0064: This construct causes code to be less generic than indicated by the type annotations. The type variable 'B has been constrained to be type ''A'. [C:\Users\tmdru\Downloads\files\tests\Tests.fsproj]
C:\Users\tmdru\Downloads\files\tests\Assertions.fs(128,40): warning FS0064: This construct causes code to be less generic than indicated by the type annotations. The type variable 'T has been constrained to be type 'unit'. [C:\Users\tmdru\Downloads\files\tests\Tests.fsproj]
C:\Users\tmdru\Downloads\files\tests\Assertions.fs(432,31): warning FS0064: This construct causes code to be less generic than indicated by the type annotations. The type variable 'Stats has been constrained to be type '{| ActiveBodies: int; BodyCount: int; FrameCount: int64; TotalTime: float<s> |}'. [C:\Users\tmdru\Downloads\files\tests\Tests.fsproj]
C:\Users\tmdru\Downloads\files\tests\PhysicsServiceTests.fs(22,13): warning FS0020: The result of this expression has type 'bool' and is implicitly ignored. Consider using 'ignore' to discard this value explicitly, e.g. 'expr |> ignore', or 'let' to bind the result to a name, e.g. 'let result = expr'. [C:\Users\tmdru\Downloads\files\tests\Tests.fsproj]
C:\Users\tmdru\Downloads\files\tests\SyncThreadSafetyTests.fs(89,23): warning FS0760: It is recommended that objects supporting the IDisposable interface are created using the syntax 'new Type(args)', rather than 'Type(args)' or 'Type' as a function value representing the constructor, to indicate that resources may be owned by the generated value [C:\Users\tmdru\Downloads\files\tests\Tests.fsproj]
C:\Users\tmdru\Downloads\files\tests\SyncThreadSafetyTests.fs(95,23): warning FS0760: It is recommended that objects supporting the IDisposable interface are created using the syntax 'new Type(args)', rather than 'Type(args)' or 'Type' as a function value representing the constructor, to indicate that resources may be owned by the generated value [C:\Users\tmdru\Downloads\files\tests\Tests.fsproj]
C:\Users\tmdru\Downloads\files\tests\SyncThreadSafetyTests.fs(115,23): warning FS0760: It is recommended that objects supporting the IDisposable interface are created using the syntax 'new Type(args)', rather than 'Type(args)' or 'Type' as a function value representing the constructor, to indicate that resources may be owned by the generated value [C:\Users\tmdru\Downloads\files\tests\Tests.fsproj]
C:\Users\tmdru\Downloads\files\tests\AdaptiveConfigTests.fs(57,28): error FS0039: The value, constructor, namespace or type 'Arb' is not defined. Maybe you want one of the following:   ArbMap [C:\Users\tmdru\Downloads\files\tests\Tests.fsproj]
C:\Users\tmdru\Downloads\files\tests\AdaptiveConfigTests.fs(70,30): error FS0039: The value, constructor, namespace or type 'Arb' is not defined. Maybe you want one of the following:   ArbMap [C:\Users\tmdru\Downloads\files\tests\Tests.fsproj]
C:\Users\tmdru\Downloads\files\tests\AdaptiveConfigTests.fs(77,25): error FS0039: The value, constructor, namespace or type 'Arb' is not defined. Maybe you want one of the following:   ArbMap [C:\Users\tmdru\Downloads\files\tests\Tests.fsproj]
C:\Users\tmdru\Downloads\files\tests\CacheTests.fs(92,45): error FS0039: The value, constructor, namespace or type 'generate' is not defined. [C:\Users\tmdru\Downloads\files\tests\Tests.fsproj]
C:\Users\tmdru\Downloads\files\tests\SpatialHashTests.fs(28,36): error FS0039: The type 'Vector3' does not define the field, constructor or member 'zero'. Maybe you want one of the following:   Zero [C:\Users\tmdru\Downloads\files\tests\Tests.fsproj]
C:\Users\tmdru\Downloads\files\tests\SpatialHashTests.fs(28,44): error FS0039: The record label 'X' is not defined. [C:\Users\tmdru\Downloads\files\tests\Tests.fsproj]
C:\Users\tmdru\Downloads\files\tests\SpatialHashTests.fs(28,54): error FS0039: The record label 'Y' is not defined. [C:\Users\tmdru\Downloads\files\tests\Tests.fsproj]
C:\Users\tmdru\Downloads\files\tests\SpatialHashTests.fs(28,64): error FS0039: The record label 'Z' is not defined. [C:\Users\tmdru\Downloads\files\tests\Tests.fsproj]
C:\Users\tmdru\Downloads\files\tests\SpatialHashTests.fs(77,36): error FS0039: The type 'Vector3' does not define the field, constructor or member 'zero'. Maybe you want one of the following:   Zero [C:\Users\tmdru\Downloads\files\tests\Tests.fsproj]
C:\Users\tmdru\Downloads\files\tests\SpatialHashTests.fs(77,44): error FS0039: The record label 'X' is not defined. [C:\Users\tmdru\Downloads\files\tests\Tests.fsproj]
C:\Users\tmdru\Downloads\files\tests\SpatialHashTests.fs(77,55): error FS0039: The record label 'Y' is not defined. [C:\Users\tmdru\Downloads\files\tests\Tests.fsproj]
C:\Users\tmdru\Downloads\files\tests\SpatialHashTests.fs(77,65): error FS0039: The record label 'Z' is not defined. [C:\Users\tmdru\Downloads\files\tests\Tests.fsproj]
C:\Users\tmdru\Downloads\files\tests\SpatialHashTests.fs(78,38): error FS0039: The type 'Vector3' does not define the field, constructor or member 'zero'. Maybe you want one of the following:   Zero [C:\Users\tmdru\Downloads\files\tests\Tests.fsproj]
C:\Users\tmdru\Downloads\files\tests\SpatialHashTests.fs(78,46): error FS0039: The record label 'X' is not defined. [C:\Users\tmdru\Downloads\files\tests\Tests.fsproj]
C:\Users\tmdru\Downloads\files\tests\SpatialHashTests.fs(78,56): error FS0039: The record label 'Y' is not defined. [C:\Users\tmdru\Downloads\files\tests\Tests.fsproj]
C:\Users\tmdru\Downloads\files\tests\SpatialHashTests.fs(78,66): error FS0039: The record label 'Z' is not defined. [C:\Users\tmdru\Downloads\files\tests\Tests.fsproj]
C:\Users\tmdru\Downloads\files\tests\SpatialHashTests.fs(84,64): error FS0001: Type mismatch. Expecting a    'TestInfrastructure.Core.Vector3 array'    but given a    'Vector3 array'    The type 'TestInfrastructure.Core.Vector3' does not match the type 'Vector3' [C:\Users\tmdru\Downloads\files\tests\Tests.fsproj]
C:\Users\tmdru\Downloads\files\tests\PhysicsQueriesTests.fs(9,18): error FS0039: The namespace 'Prop' is not defined. [C:\Users\tmdru\Downloads\files\tests\Tests.fsproj]
C:\Users\tmdru\Downloads\files\tests\PhysicsQueriesTests.fs(72,40): error FS0001: None of the types 'bool, Lazy<'a>' support the operator '==>' [C:\Users\tmdru\Downloads\files\tests\Tests.fsproj]
C:\Users\tmdru\Downloads\files\tests\PhysicsQueriesTests.fs(72,36): error FS0043: None of the types 'bool, Lazy<'a>' support the operator '==>' [C:\Users\tmdru\Downloads\files\tests\Tests.fsproj]
C:\Users\tmdru\Downloads\files\tests\ThreadSafeRandomTests.fs(11,18): error FS0039: The namespace 'Prop' is not defined. [C:\Users\tmdru\Downloads\files\tests\Tests.fsproj]
C:\Users\tmdru\Downloads\files\tests\ThreadSafeRandomTests.fs(58,22): error FS0001: This expression was expected to have type    'bool'    but here has type    'Property' [C:\Users\tmdru\Downloads\files\tests\Tests.fsproj]
C:\Users\tmdru\Downloads\files\tests\ThreadSafeRandomTests.fs(58,22): error FS0001: This expression was expected to have type    'bool'    but here has type    'Property' [C:\Users\tmdru\Downloads\files\tests\Tests.fsproj]
    10 Warning(s)
    23 Error(s)

Time Elapsed 00:00:09.99